[3.126s] Invoking command in '/home/usuario/Robotica/ros2_ws/src/webots_ros2/webots_ros2_mavic': AMENT_PREFIX_PATH=/home/usuario/Robotica/install/webots_ros2_driver:/home/usuario/Robotica/install/webots_ros2_msgs:/home/usuario/Robotica/install/webots_ros2_importer:${AMENT_PREFIX_PATH} CMAKE_PREFIX_PATH=/home/usuario/Robotica/install/webots_ros2_driver:/home/usuario/Robotica/install/webots_ros2_msgs:${CMAKE_PREFIX_PATH} DEBUGINFOD_URLS=https://debuginfod.ubuntu.com LD_LIBRARY_PATH=/home/usuario/Robotica/install/webots_ros2_driver/lib:/home/usuario/Robotica/install/webots_ros2_msgs/lib:${LD_LIBRARY_PATH} PYTHONPATH=/home/usuario/Robotica/build/webots_ros2_mavic/prefix_override:/usr/lib/python3/dist-packages/colcon_core/task/python/colcon_distutils_commands:/home/usuario/Robotica/install/webots_ros2_mavic/lib/python3.12/site-packages:/home/usuario/Robotica/install/webots_ros2_driver/lib/python3.12/site-packages:/home/usuario/Robotica/install/webots_ros2_msgs/lib/python3.12/site-packages:/home/usuario/Robotica/install/webots_ros2_importer/lib/python3.12/site-packages:${PYTHONPATH} /usr/bin/python3 -W ignore:setup.py install is deprecated -W ignore:easy_install command is deprecated setup.py egg_info --egg-base ../../../../build/webots_ros2_mavic build --build-base /home/usuario/Robotica/build/webots_ros2_mavic/build install --record /home/usuario/Robotica/build/webots_ros2_mavic/install.log --single-version-externally-managed install_data
[3.859s] running egg_info
[4.005s] writing ../../../../build/webots_ros2_mavic/webots_ros2_mavic.egg-info/PKG-INFO
[4.013s] writing dependency_links to ../../../../build/webots_ros2_mavic/webots_ros2_mavic.egg-info/dependency_links.txt
[4.015s] writing entry points to ../../../../build/webots_ros2_mavic/webots_ros2_mavic.egg-info/entry_points.txt
[4.024s] writing requirements to ../../../../build/webots_ros2_mavic/webots_ros2_mavic.egg-info/requires.txt
[4.025s] writing top-level names to ../../../../build/webots_ros2_mavic/webots_ros2_mavic.egg-info/top_level.txt
[4.155s] reading manifest file '../../../../build/webots_ros2_mavic/webots_ros2_mavic.egg-info/SOURCES.txt'
[4.157s] writing manifest file '../../../../build/webots_ros2_mavic/webots_ros2_mavic.egg-info/SOURCES.txt'
[4.158s] running build
[4.158s] running build_py
[4.158s] running install
[4.224s] running install_lib
[4.277s] running install_data
[4.279s] running install_egg_info
[4.346s] removing '/home/usuario/Robotica/install/webots_ros2_mavic/lib/python3.12/site-packages/webots_ros2_mavic-2025.0.1-py3.12.egg-info' (and everything under it)
[4.346s] Copying ../../../../build/webots_ros2_mavic/webots_ros2_mavic.egg-info to /home/usuario/Robotica/install/webots_ros2_mavic/lib/python3.12/site-packages/webots_ros2_mavic-2025.0.1-py3.12.egg-info
[4.346s] running install_scripts
[4.734s] writing list of installed files to '/home/usuario/Robotica/build/webots_ros2_mavic/install.log'
[4.939s] Invoked command in '/home/usuario/Robotica/ros2_ws/src/webots_ros2/webots_ros2_mavic' returned '0': AMENT_PREFIX_PATH=/home/usuario/Robotica/install/webots_ros2_driver:/home/usuario/Robotica/install/webots_ros2_msgs:/home/usuario/Robotica/install/webots_ros2_importer:${AMENT_PREFIX_PATH} CMAKE_PREFIX_PATH=/home/usuario/Robotica/install/webots_ros2_driver:/home/usuario/Robotica/install/webots_ros2_msgs:${CMAKE_PREFIX_PATH} DEBUGINFOD_URLS=https://debuginfod.ubuntu.com LD_LIBRARY_PATH=/home/usuario/Robotica/install/webots_ros2_driver/lib:/home/usuario/Robotica/install/webots_ros2_msgs/lib:${LD_LIBRARY_PATH} PYTHONPATH=/home/usuario/Robotica/build/webots_ros2_mavic/prefix_override:/usr/lib/python3/dist-packages/colcon_core/task/python/colcon_distutils_commands:/home/usuario/Robotica/install/webots_ros2_mavic/lib/python3.12/site-packages:/home/usuario/Robotica/install/webots_ros2_driver/lib/python3.12/site-packages:/home/usuario/Robotica/install/webots_ros2_msgs/lib/python3.12/site-packages:/home/usuario/Robotica/install/webots_ros2_importer/lib/python3.12/site-packages:${PYTHONPATH} /usr/bin/python3 -W ignore:setup.py install is deprecated -W ignore:easy_install command is deprecated setup.py egg_info --egg-base ../../../../build/webots_ros2_mavic build --build-base /home/usuario/Robotica/build/webots_ros2_mavic/build install --record /home/usuario/Robotica/build/webots_ros2_mavic/install.log --single-version-externally-managed install_data
