[3.040s] Invoking command in '/home/usuario/Robotica/ros2_ws/src/webots_ros2/webots_ros2_mavic': AMENT_PREFIX_PATH=/home/usuario/Robotica/install/webots_ros2_driver:/home/usuario/Robotica/install/webots_ros2_msgs:/home/usuario/Robotica/install/webots_ros2_importer:${AMENT_PREFIX_PATH} CMAKE_PREFIX_PATH=/home/usuario/Robotica/install/webots_ros2_driver:/home/usuario/Robotica/install/webots_ros2_msgs:${CMAKE_PREFIX_PATH} DEBUGINFOD_URLS=https://debuginfod.ubuntu.com LD_LIBRARY_PATH=/home/usuario/Robotica/install/webots_ros2_driver/lib:/home/usuario/Robotica/install/webots_ros2_msgs/lib:${LD_LIBRARY_PATH} PYTHONPATH=/home/usuario/Robotica/build/webots_ros2_mavic/prefix_override:/usr/lib/python3/dist-packages/colcon_core/task/python/colcon_distutils_commands:/home/usuario/Robotica/install/webots_ros2_mavic/lib/python3.12/site-packages:/home/usuario/Robotica/install/webots_ros2_driver/lib/python3.12/site-packages:/home/usuario/Robotica/install/webots_ros2_msgs/lib/python3.12/site-packages:/home/usuario/Robotica/install/webots_ros2_importer/lib/python3.12/site-packages:${PYTHONPATH} /usr/bin/python3 -W ignore:setup.py install is deprecated -W ignore:easy_install command is deprecated setup.py egg_info --egg-base ../../../../build/webots_ros2_mavic build --build-base /home/usuario/Robotica/build/webots_ros2_mavic/build install --record /home/usuario/Robotica/build/webots_ros2_mavic/install.log --single-version-externally-managed install_data
[3.536s] running egg_info
[3.671s] writing ../../../../build/webots_ros2_mavic/webots_ros2_mavic.egg-info/PKG-INFO
[3.671s] writing dependency_links to ../../../../build/webots_ros2_mavic/webots_ros2_mavic.egg-info/dependency_links.txt
[3.719s] writing entry points to ../../../../build/webots_ros2_mavic/webots_ros2_mavic.egg-info/entry_points.txt
[3.736s] writing requirements to ../../../../build/webots_ros2_mavic/webots_ros2_mavic.egg-info/requires.txt
[3.737s] writing top-level names to ../../../../build/webots_ros2_mavic/webots_ros2_mavic.egg-info/top_level.txt
[3.904s] reading manifest file '../../../../build/webots_ros2_mavic/webots_ros2_mavic.egg-info/SOURCES.txt'
[3.904s] writing manifest file '../../../../build/webots_ros2_mavic/webots_ros2_mavic.egg-info/SOURCES.txt'
[3.904s] running build
[3.905s] running build_py
[3.906s] running install
[3.914s] running install_lib
[4.008s] running install_data
[4.008s] running install_egg_info
[4.043s] removing '/home/usuario/Robotica/install/webots_ros2_mavic/lib/python3.12/site-packages/webots_ros2_mavic-2025.0.1-py3.12.egg-info' (and everything under it)
[4.043s] Copying ../../../../build/webots_ros2_mavic/webots_ros2_mavic.egg-info to /home/usuario/Robotica/install/webots_ros2_mavic/lib/python3.12/site-packages/webots_ros2_mavic-2025.0.1-py3.12.egg-info
[4.046s] running install_scripts
[4.924s] writing list of installed files to '/home/usuario/Robotica/build/webots_ros2_mavic/install.log'
[4.964s] Invoked command in '/home/usuario/Robotica/ros2_ws/src/webots_ros2/webots_ros2_mavic' returned '0': AMENT_PREFIX_PATH=/home/usuario/Robotica/install/webots_ros2_driver:/home/usuario/Robotica/install/webots_ros2_msgs:/home/usuario/Robotica/install/webots_ros2_importer:${AMENT_PREFIX_PATH} CMAKE_PREFIX_PATH=/home/usuario/Robotica/install/webots_ros2_driver:/home/usuario/Robotica/install/webots_ros2_msgs:${CMAKE_PREFIX_PATH} DEBUGINFOD_URLS=https://debuginfod.ubuntu.com LD_LIBRARY_PATH=/home/usuario/Robotica/install/webots_ros2_driver/lib:/home/usuario/Robotica/install/webots_ros2_msgs/lib:${LD_LIBRARY_PATH} PYTHONPATH=/home/usuario/Robotica/build/webots_ros2_mavic/prefix_override:/usr/lib/python3/dist-packages/colcon_core/task/python/colcon_distutils_commands:/home/usuario/Robotica/install/webots_ros2_mavic/lib/python3.12/site-packages:/home/usuario/Robotica/install/webots_ros2_driver/lib/python3.12/site-packages:/home/usuario/Robotica/install/webots_ros2_msgs/lib/python3.12/site-packages:/home/usuario/Robotica/install/webots_ros2_importer/lib/python3.12/site-packages:${PYTHONPATH} /usr/bin/python3 -W ignore:setup.py install is deprecated -W ignore:easy_install command is deprecated setup.py egg_info --egg-base ../../../../build/webots_ros2_mavic build --build-base /home/usuario/Robotica/build/webots_ros2_mavic/build install --record /home/usuario/Robotica/build/webots_ros2_mavic/install.log --single-version-externally-managed install_data
