[0.163s] Invoking command in '/home/usuario/Robotica/ros2_ws/build/webots_ros2_control': AMENT_PREFIX_PATH=/home/usuario/Robotica/ros2_ws/install/webots_ros2_driver:/home/usuario/Robotica/ros2_ws/install/webots_ros2_msgs:/home/usuario/Robotica/ros2_ws/install/webots_ros2_importer:${AMENT_PREFIX_PATH} CMAKE_PREFIX_PATH=/home/usuario/Robotica/ros2_ws/install/webots_ros2_driver:/home/usuario/Robotica/ros2_ws/install/webots_ros2_msgs:/opt/ros/jazzy/opt/sdformat_vendor:/opt/ros/jazzy/opt/gz_math_vendor:/opt/ros/jazzy/opt/gz_utils_vendor:/opt/ros/jazzy/opt/gz_tools_vendor:/opt/ros/jazzy/opt/gz_cmake_vendor:/opt/ros/jazzy DEBUGINFOD_URLS=https://debuginfod.ubuntu.com LD_LIBRARY_PATH=/home/usuario/Robotica/ros2_ws/install/webots_ros2_driver/lib:/home/usuario/Robotica/ros2_ws/install/webots_ros2_msgs/lib:${LD_LIBRARY_PATH} PYTHONPATH=/home/usuario/Robotica/ros2_ws/install/webots_ros2_driver/lib/python3.12/site-packages:/home/usuario/Robotica/ros2_ws/install/webots_ros2_msgs/lib/python3.12/site-packages:/home/usuario/Robotica/ros2_ws/build/webots_ros2_importer:/home/usuario/Robotica/ros2_ws/install/webots_ros2_importer/lib/python3.12/site-packages:${PYTHONPATH} /usr/bin/cmake --build /home/usuario/Robotica/ros2_ws/build/webots_ros2_control -- -j10 -l10
[0.374s] [ 50%] [32m[1mLinking CXX shared library libwebots_ros2_control.so[0m
[0.376s] [ 50%] [32m[1mLinking CXX shared library libwebots_ros2_control_system.so[0m
[1.441s] [ 75%] Built target webots_ros2_control_system
[1.494s] [100%] Built target webots_ros2_control
[1.513s] Invoked command in '/home/usuario/Robotica/ros2_ws/build/webots_ros2_control' returned '0': AMENT_PREFIX_PATH=/home/usuario/Robotica/ros2_ws/install/webots_ros2_driver:/home/usuario/Robotica/ros2_ws/install/webots_ros2_msgs:/home/usuario/Robotica/ros2_ws/install/webots_ros2_importer:${AMENT_PREFIX_PATH} CMAKE_PREFIX_PATH=/home/usuario/Robotica/ros2_ws/install/webots_ros2_driver:/home/usuario/Robotica/ros2_ws/install/webots_ros2_msgs:/opt/ros/jazzy/opt/sdformat_vendor:/opt/ros/jazzy/opt/gz_math_vendor:/opt/ros/jazzy/opt/gz_utils_vendor:/opt/ros/jazzy/opt/gz_tools_vendor:/opt/ros/jazzy/opt/gz_cmake_vendor:/opt/ros/jazzy DEBUGINFOD_URLS=https://debuginfod.ubuntu.com LD_LIBRARY_PATH=/home/usuario/Robotica/ros2_ws/install/webots_ros2_driver/lib:/home/usuario/Robotica/ros2_ws/install/webots_ros2_msgs/lib:${LD_LIBRARY_PATH} PYTHONPATH=/home/usuario/Robotica/ros2_ws/install/webots_ros2_driver/lib/python3.12/site-packages:/home/usuario/Robotica/ros2_ws/install/webots_ros2_msgs/lib/python3.12/site-packages:/home/usuario/Robotica/ros2_ws/build/webots_ros2_importer:/home/usuario/Robotica/ros2_ws/install/webots_ros2_importer/lib/python3.12/site-packages:${PYTHONPATH} /usr/bin/cmake --build /home/usuario/Robotica/ros2_ws/build/webots_ros2_control -- -j10 -l10
[1.518s] Invoking command in '/home/usuario/Robotica/ros2_ws/build/webots_ros2_control': AMENT_PREFIX_PATH=/home/usuario/Robotica/ros2_ws/install/webots_ros2_driver:/home/usuario/Robotica/ros2_ws/install/webots_ros2_msgs:/home/usuario/Robotica/ros2_ws/install/webots_ros2_importer:${AMENT_PREFIX_PATH} CMAKE_PREFIX_PATH=/home/usuario/Robotica/ros2_ws/install/webots_ros2_driver:/home/usuario/Robotica/ros2_ws/install/webots_ros2_msgs:/opt/ros/jazzy/opt/sdformat_vendor:/opt/ros/jazzy/opt/gz_math_vendor:/opt/ros/jazzy/opt/gz_utils_vendor:/opt/ros/jazzy/opt/gz_tools_vendor:/opt/ros/jazzy/opt/gz_cmake_vendor:/opt/ros/jazzy DEBUGINFOD_URLS=https://debuginfod.ubuntu.com LD_LIBRARY_PATH=/home/usuario/Robotica/ros2_ws/install/webots_ros2_driver/lib:/home/usuario/Robotica/ros2_ws/install/webots_ros2_msgs/lib:${LD_LIBRARY_PATH} PYTHONPATH=/home/usuario/Robotica/ros2_ws/install/webots_ros2_driver/lib/python3.12/site-packages:/home/usuario/Robotica/ros2_ws/install/webots_ros2_msgs/lib/python3.12/site-packages:/home/usuario/Robotica/ros2_ws/build/webots_ros2_importer:/home/usuario/Robotica/ros2_ws/install/webots_ros2_importer/lib/python3.12/site-packages:${PYTHONPATH} /usr/bin/cmake --install /home/usuario/Robotica/ros2_ws/build/webots_ros2_control
[1.532s] -- Install configuration: ""
[1.534s] -- Execute custom install script
[1.537s] -- Up-to-date symlink: /home/usuario/Robotica/ros2_ws/install/webots_ros2_control/share/webots_ros2_control//webots_ros2_control.xml
[1.538s] -- Up-to-date symlink: /home/usuario/Robotica/ros2_ws/install/webots_ros2_control/share/webots_ros2_control//webots_ros2_control_system.xml
[1.541s] -- Up-to-date symlink: /home/usuario/Robotica/ros2_ws/install/webots_ros2_control/lib/libwebots_ros2_control.so
[1.543s] -- Up-to-date symlink: /home/usuario/Robotica/ros2_ws/install/webots_ros2_control/lib/libwebots_ros2_control_system.so
[1.545s] -- Up-to-date symlink: /home/usuario/Robotica/ros2_ws/install/webots_ros2_control/include/webots_ros2_control/Ros2Control.hpp
[1.547s] -- Up-to-date symlink: /home/usuario/Robotica/ros2_ws/install/webots_ros2_control/include/webots_ros2_control/Ros2ControlSystem.hpp
[1.549s] -- Up-to-date symlink: /home/usuario/Robotica/ros2_ws/install/webots_ros2_control/include/webots_ros2_control/Ros2ControlSystemInterface.hpp
[1.550s] -- Up-to-date symlink: /home/usuario/Robotica/ros2_ws/install/webots_ros2_control/share/webots_ros2_control/environment/library_path.sh
[1.551s] -- Up-to-date symlink: /home/usuario/Robotica/ros2_ws/install/webots_ros2_control/share/webots_ros2_control/environment/library_path.dsv
[1.557s] -- Up-to-date symlink: /home/usuario/Robotica/ros2_ws/install/webots_ros2_control/share/ament_index/resource_index/package_run_dependencies/webots_ros2_control
[1.557s] -- Up-to-date symlink: /home/usuario/Robotica/ros2_ws/install/webots_ros2_control/share/ament_index/resource_index/parent_prefix_path/webots_ros2_control
[1.558s] -- Up-to-date symlink: /home/usuario/Robotica/ros2_ws/install/webots_ros2_control/share/webots_ros2_control/environment/ament_prefix_path.sh
[1.559s] -- Up-to-date symlink: /home/usuario/Robotica/ros2_ws/install/webots_ros2_control/share/webots_ros2_control/environment/ament_prefix_path.dsv
[1.560s] -- Up-to-date symlink: /home/usuario/Robotica/ros2_ws/install/webots_ros2_control/share/webots_ros2_control/environment/path.sh
[1.562s] -- Up-to-date symlink: /home/usuario/Robotica/ros2_ws/install/webots_ros2_control/share/webots_ros2_control/environment/path.dsv
[1.562s] -- Up-to-date symlink: /home/usuario/Robotica/ros2_ws/install/webots_ros2_control/share/webots_ros2_control/local_setup.bash
[1.563s] -- Up-to-date symlink: /home/usuario/Robotica/ros2_ws/install/webots_ros2_control/share/webots_ros2_control/local_setup.sh
[1.564s] -- Up-to-date symlink: /home/usuario/Robotica/ros2_ws/install/webots_ros2_control/share/webots_ros2_control/local_setup.zsh
[1.566s] -- Up-to-date symlink: /home/usuario/Robotica/ros2_ws/install/webots_ros2_control/share/webots_ros2_control/local_setup.dsv
[1.567s] -- Symlinking: /home/usuario/Robotica/ros2_ws/install/webots_ros2_control/share/webots_ros2_control/package.dsv
[1.581s] -- Up-to-date symlink: /home/usuario/Robotica/ros2_ws/install/webots_ros2_control/share/ament_index/resource_index/packages/webots_ros2_control
[1.583s] -- Up-to-date symlink: /home/usuario/Robotica/ros2_ws/install/webots_ros2_control/share/ament_index/resource_index/webots_ros2_driver__pluginlib__plugin/webots_ros2_control
[1.585s] -- Up-to-date symlink: /home/usuario/Robotica/ros2_ws/install/webots_ros2_control/share/ament_index/resource_index/webots_ros2_control__pluginlib__plugin/webots_ros2_control
[1.586s] -- Up-to-date symlink: /home/usuario/Robotica/ros2_ws/install/webots_ros2_control/share/webots_ros2_control/cmake/ament_cmake_export_include_directories-extras.cmake
[1.587s] -- Up-to-date symlink: /home/usuario/Robotica/ros2_ws/install/webots_ros2_control/share/webots_ros2_control/cmake/ament_cmake_export_dependencies-extras.cmake
[1.590s] -- Up-to-date symlink: /home/usuario/Robotica/ros2_ws/install/webots_ros2_control/share/webots_ros2_control/cmake/ament_cmake_export_libraries-extras.cmake
[1.591s] -- Up-to-date symlink: /home/usuario/Robotica/ros2_ws/install/webots_ros2_control/share/webots_ros2_control/cmake/webots_ros2_controlConfig.cmake
[1.592s] -- Up-to-date symlink: /home/usuario/Robotica/ros2_ws/install/webots_ros2_control/share/webots_ros2_control/cmake/webots_ros2_controlConfig-version.cmake
[1.593s] -- Up-to-date symlink: /home/usuario/Robotica/ros2_ws/install/webots_ros2_control/share/webots_ros2_control/package.xml
[1.597s] Invoked command in '/home/usuario/Robotica/ros2_ws/build/webots_ros2_control' returned '0': AMENT_PREFIX_PATH=/home/usuario/Robotica/ros2_ws/install/webots_ros2_driver:/home/usuario/Robotica/ros2_ws/install/webots_ros2_msgs:/home/usuario/Robotica/ros2_ws/install/webots_ros2_importer:${AMENT_PREFIX_PATH} CMAKE_PREFIX_PATH=/home/usuario/Robotica/ros2_ws/install/webots_ros2_driver:/home/usuario/Robotica/ros2_ws/install/webots_ros2_msgs:/opt/ros/jazzy/opt/sdformat_vendor:/opt/ros/jazzy/opt/gz_math_vendor:/opt/ros/jazzy/opt/gz_utils_vendor:/opt/ros/jazzy/opt/gz_tools_vendor:/opt/ros/jazzy/opt/gz_cmake_vendor:/opt/ros/jazzy DEBUGINFOD_URLS=https://debuginfod.ubuntu.com LD_LIBRARY_PATH=/home/usuario/Robotica/ros2_ws/install/webots_ros2_driver/lib:/home/usuario/Robotica/ros2_ws/install/webots_ros2_msgs/lib:${LD_LIBRARY_PATH} PYTHONPATH=/home/usuario/Robotica/ros2_ws/install/webots_ros2_driver/lib/python3.12/site-packages:/home/usuario/Robotica/ros2_ws/install/webots_ros2_msgs/lib/python3.12/site-packages:/home/usuario/Robotica/ros2_ws/build/webots_ros2_importer:/home/usuario/Robotica/ros2_ws/install/webots_ros2_importer/lib/python3.12/site-packages:${PYTHONPATH} /usr/bin/cmake --install /home/usuario/Robotica/ros2_ws/build/webots_ros2_control
