[3.415s] Invoking command in '/home/usuario/Robotica/ros2_ws/src/webots_ros2/webots_ros2_universal_robot': AMENT_PREFIX_PATH=/home/usuario/Robotica/install/webots_ros2_control:/home/usuario/Robotica/install/webots_ros2_driver:/home/usuario/Robotica/install/webots_ros2_msgs:/home/usuario/Robotica/install/webots_ros2_importer:${AMENT_PREFIX_PATH} CMAKE_PREFIX_PATH=/home/usuario/Robotica/install/webots_ros2_control:/home/usuario/Robotica/install/webots_ros2_driver:/home/usuario/Robotica/install/webots_ros2_msgs:${CMAKE_PREFIX_PATH} DEBUGINFOD_URLS=https://debuginfod.ubuntu.com LD_LIBRARY_PATH=/home/usuario/Robotica/install/webots_ros2_control/lib:/home/usuario/Robotica/install/webots_ros2_driver/lib:/home/usuario/Robotica/install/webots_ros2_msgs/lib:${LD_LIBRARY_PATH} PYTHONPATH=/home/usuario/Robotica/build/webots_ros2_universal_robot/prefix_override:/usr/lib/python3/dist-packages/colcon_core/task/python/colcon_distutils_commands:/home/usuario/Robotica/install/webots_ros2_universal_robot/lib/python3.12/site-packages:/home/usuario/Robotica/install/webots_ros2_driver/lib/python3.12/site-packages:/home/usuario/Robotica/install/webots_ros2_msgs/lib/python3.12/site-packages:/home/usuario/Robotica/install/webots_ros2_importer/lib/python3.12/site-packages:${PYTHONPATH} /usr/bin/python3 -W ignore:setup.py install is deprecated -W ignore:easy_install command is deprecated setup.py egg_info --egg-base ../../../../build/webots_ros2_universal_robot build --build-base /home/usuario/Robotica/build/webots_ros2_universal_robot/build install --record /home/usuario/Robotica/build/webots_ros2_universal_robot/install.log --single-version-externally-managed install_data
[3.956s] running egg_info
[3.984s] writing ../../../../build/webots_ros2_universal_robot/webots_ros2_universal_robot.egg-info/PKG-INFO
[3.984s] writing dependency_links to ../../../../build/webots_ros2_universal_robot/webots_ros2_universal_robot.egg-info/dependency_links.txt
[3.986s] writing entry points to ../../../../build/webots_ros2_universal_robot/webots_ros2_universal_robot.egg-info/entry_points.txt
[3.986s] writing requirements to ../../../../build/webots_ros2_universal_robot/webots_ros2_universal_robot.egg-info/requires.txt
[3.987s] writing top-level names to ../../../../build/webots_ros2_universal_robot/webots_ros2_universal_robot.egg-info/top_level.txt
[4.046s] reading manifest file '../../../../build/webots_ros2_universal_robot/webots_ros2_universal_robot.egg-info/SOURCES.txt'
[4.046s] writing manifest file '../../../../build/webots_ros2_universal_robot/webots_ros2_universal_robot.egg-info/SOURCES.txt'
[4.050s] running build
[4.050s] running build_py
[4.050s] running install
[4.059s] running install_lib
[4.083s] running install_data
[4.086s] running install_egg_info
[4.110s] removing '/home/usuario/Robotica/install/webots_ros2_universal_robot/lib/python3.12/site-packages/webots_ros2_universal_robot-2025.0.1-py3.12.egg-info' (and everything under it)
[4.110s] Copying ../../../../build/webots_ros2_universal_robot/webots_ros2_universal_robot.egg-info to /home/usuario/Robotica/install/webots_ros2_universal_robot/lib/python3.12/site-packages/webots_ros2_universal_robot-2025.0.1-py3.12.egg-info
[4.111s] running install_scripts
[4.348s] Installing abb_controller script to /home/usuario/Robotica/install/webots_ros2_universal_robot/lib/webots_ros2_universal_robot
[4.348s] Installing ur5e_controller script to /home/usuario/Robotica/install/webots_ros2_universal_robot/lib/webots_ros2_universal_robot
[4.359s] writing list of installed files to '/home/usuario/Robotica/build/webots_ros2_universal_robot/install.log'
[4.394s] Invoked command in '/home/usuario/Robotica/ros2_ws/src/webots_ros2/webots_ros2_universal_robot' returned '0': AMENT_PREFIX_PATH=/home/usuario/Robotica/install/webots_ros2_control:/home/usuario/Robotica/install/webots_ros2_driver:/home/usuario/Robotica/install/webots_ros2_msgs:/home/usuario/Robotica/install/webots_ros2_importer:${AMENT_PREFIX_PATH} CMAKE_PREFIX_PATH=/home/usuario/Robotica/install/webots_ros2_control:/home/usuario/Robotica/install/webots_ros2_driver:/home/usuario/Robotica/install/webots_ros2_msgs:${CMAKE_PREFIX_PATH} DEBUGINFOD_URLS=https://debuginfod.ubuntu.com LD_LIBRARY_PATH=/home/usuario/Robotica/install/webots_ros2_control/lib:/home/usuario/Robotica/install/webots_ros2_driver/lib:/home/usuario/Robotica/install/webots_ros2_msgs/lib:${LD_LIBRARY_PATH} PYTHONPATH=/home/usuario/Robotica/build/webots_ros2_universal_robot/prefix_override:/usr/lib/python3/dist-packages/colcon_core/task/python/colcon_distutils_commands:/home/usuario/Robotica/install/webots_ros2_universal_robot/lib/python3.12/site-packages:/home/usuario/Robotica/install/webots_ros2_driver/lib/python3.12/site-packages:/home/usuario/Robotica/install/webots_ros2_msgs/lib/python3.12/site-packages:/home/usuario/Robotica/install/webots_ros2_importer/lib/python3.12/site-packages:${PYTHONPATH} /usr/bin/python3 -W ignore:setup.py install is deprecated -W ignore:easy_install command is deprecated setup.py egg_info --egg-base ../../../../build/webots_ros2_universal_robot build --build-base /home/usuario/Robotica/build/webots_ros2_universal_robot/build install --record /home/usuario/Robotica/build/webots_ros2_universal_robot/install.log --single-version-externally-managed install_data
