/usr/lib/python3/dist-packages/setuptools/dist.py:744: SetuptoolsDeprecationWarning: Invalid dash-separated options
!!

        ********************************************************************************
        Usage of dash-separated 'script-dir' will not be supported in future
        versions. Please use the underscore name 'script_dir' instead.

        This deprecation is overdue, please update your project and remove deprecated
        calls to avoid build errors in the future.

        See https://setuptools.pypa.io/en/latest/userguide/declarative_config.html for details.
        ********************************************************************************

!!
  opt = self.warn_dash_deprecation(opt, section)
running egg_info
writing ../../../build/car_pkg/car_pkg.egg-info/PKG-INFO
writing dependency_links to ../../../build/car_pkg/car_pkg.egg-info/dependency_links.txt
deleting ../../../build/car_pkg/car_pkg.egg-info/entry_points.txt
writing requirements to ../../../build/car_pkg/car_pkg.egg-info/requires.txt
writing top-level names to ../../../build/car_pkg/car_pkg.egg-info/top_level.txt
reading manifest file '../../../build/car_pkg/car_pkg.egg-info/SOURCES.txt'
writing manifest file '../../../build/car_pkg/car_pkg.egg-info/SOURCES.txt'
running build
running build_py
running install
running install_lib
running install_data
copying launch/car_launch.py -> /home/usuario/Robotica/install/car_pkg/share/car_pkg/launch
copying resource/car.urdf -> /home/usuario/Robotica/install/car_pkg/share/car_pkg/resource
running install_egg_info
removing '/home/usuario/Robotica/install/car_pkg/lib/python3.12/site-packages/car_pkg-0.0.0-py3.12.egg-info' (and everything under it)
Copying ../../../build/car_pkg/car_pkg.egg-info to /home/usuario/Robotica/install/car_pkg/lib/python3.12/site-packages/car_pkg-0.0.0-py3.12.egg-info
running install_scripts
writing list of installed files to '/home/usuario/Robotica/build/car_pkg/install.log'
