[10.137s] Invoking command in '/home/usuario/Robotica/ros2_ws/build/car_pkg': AMENT_PREFIX_PATH=/home/usuario/Robotica/ros2_ws/install/webots_ros2:/home/usuario/Robotica/ros2_ws/install/webots_ros2_tests:/home/usuario/Robotica/ros2_ws/install/webots_ros2_universal_robot:/home/usuario/Robotica/ros2_ws/install/webots_ros2_turtlebot:/home/usuario/Robotica/ros2_ws/install/webots_ros2_tiago:/home/usuario/Robotica/ros2_ws/install/webots_ros2_husarion:/home/usuario/Robotica/ros2_ws/install/webots_ros2_epuck:/home/usuario/Robotica/ros2_ws/install/webots_ros2_tesla:/home/usuario/Robotica/ros2_ws/install/webots_ros2_mavic:/home/usuario/Robotica/ros2_ws/install/webots_ros2_crazyflie:/home/usuario/Robotica/ros2_ws/install/webots_ros2_control:/home/usuario/Robotica/ros2_ws/install/webots_ros2_driver:/home/usuario/Robotica/ros2_ws/install/webots_ros2_msgs:/home/usuario/Robotica/ros2_ws/install/webots_ros2_importer:${AMENT_PREFIX_PATH} CMAKE_PREFIX_PATH=/home/usuario/Robotica/ros2_ws/install/webots_ros2_control:/home/usuario/Robotica/ros2_ws/install/webots_ros2_driver:/home/usuario/Robotica/ros2_ws/install/webots_ros2_msgs:${CMAKE_PREFIX_PATH} DEBUGINFOD_URLS=https://debuginfod.ubuntu.com LD_LIBRARY_PATH=/home/usuario/Robotica/ros2_ws/install/webots_ros2_control/lib:/home/usuario/Robotica/ros2_ws/install/webots_ros2_driver/lib:/home/usuario/Robotica/ros2_ws/install/webots_ros2_msgs/lib:${LD_LIBRARY_PATH} PYTHONPATH=/home/usuario/Robotica/ros2_ws/build/car_pkg/prefix_override:/usr/lib/python3/dist-packages/colcon_core/task/python/colcon_distutils_commands:/home/usuario/Robotica/ros2_ws/install/car_pkg/lib/python3.12/site-packages:/home/usuario/Robotica/ros2_ws/build/webots_ros2:/home/usuario/Robotica/ros2_ws/install/webots_ros2/lib/python3.12/site-packages:/home/usuario/Robotica/ros2_ws/build/webots_ros2_tests:/home/usuario/Robotica/ros2_ws/install/webots_ros2_tests/lib/python3.12/site-packages:/home/usuario/Robotica/ros2_ws/build/webots_ros2_universal_robot:/home/usuario/Robotica/ros2_ws/install/webots_ros2_universal_robot/lib/python3.12/site-packages:/home/usuario/Robotica/ros2_ws/build/webots_ros2_turtlebot:/home/usuario/Robotica/ros2_ws/install/webots_ros2_turtlebot/lib/python3.12/site-packages:/home/usuario/Robotica/ros2_ws/build/webots_ros2_tiago:/home/usuario/Robotica/ros2_ws/install/webots_ros2_tiago/lib/python3.12/site-packages:/home/usuario/Robotica/ros2_ws/build/webots_ros2_husarion:/home/usuario/Robotica/ros2_ws/install/webots_ros2_husarion/lib/python3.12/site-packages:/home/usuario/Robotica/ros2_ws/build/webots_ros2_epuck:/home/usuario/Robotica/ros2_ws/install/webots_ros2_epuck/lib/python3.12/site-packages:/home/usuario/Robotica/ros2_ws/build/webots_ros2_tesla:/home/usuario/Robotica/ros2_ws/install/webots_ros2_tesla/lib/python3.12/site-packages:/home/usuario/Robotica/ros2_ws/build/webots_ros2_mavic:/home/usuario/Robotica/ros2_ws/install/webots_ros2_mavic/lib/python3.12/site-packages:/home/usuario/Robotica/ros2_ws/build/webots_ros2_crazyflie:/home/usuario/Robotica/ros2_ws/install/webots_ros2_crazyflie/lib/python3.12/site-packages:/home/usuario/Robotica/ros2_ws/install/webots_ros2_driver/lib/python3.12/site-packages:/home/usuario/Robotica/ros2_ws/install/webots_ros2_msgs/lib/python3.12/site-packages:/home/usuario/Robotica/ros2_ws/build/webots_ros2_importer:/home/usuario/Robotica/ros2_ws/install/webots_ros2_importer/lib/python3.12/site-packages:${PYTHONPATH} /usr/bin/python3 -W ignore:setup.py install is deprecated -W ignore:easy_install command is deprecated setup.py develop --editable --build-directory /home/usuario/Robotica/ros2_ws/build/car_pkg/build --no-deps symlink_data
[11.269s] /usr/lib/python3/dist-packages/setuptools/dist.py:744: SetuptoolsDeprecationWarning: Invalid dash-separated options
[11.270s] !!
[11.270s] 
[11.270s]         ********************************************************************************
[11.271s]         Usage of dash-separated 'script-dir' will not be supported in future
[11.271s]         versions. Please use the underscore name 'script_dir' instead.
[11.271s] 
[11.271s]         This deprecation is overdue, please update your project and remove deprecated
[11.271s]         calls to avoid build errors in the future.
[11.272s] 
[11.272s]         See https://setuptools.pypa.io/en/latest/userguide/declarative_config.html for details.
[11.272s]         ********************************************************************************
[11.272s] 
[11.273s] !!
[11.273s]   opt = self.warn_dash_deprecation(opt, section)
[12.371s] running develop
[13.610s] running egg_info
[13.611s] creating car_pkg.egg-info
[13.701s] writing car_pkg.egg-info/PKG-INFO
[13.702s] writing dependency_links to car_pkg.egg-info/dependency_links.txt
[13.710s] writing entry points to car_pkg.egg-info/entry_points.txt
[13.710s] writing requirements to car_pkg.egg-info/requires.txt
[13.713s] writing top-level names to car_pkg.egg-info/top_level.txt
[13.719s] writing manifest file 'car_pkg.egg-info/SOURCES.txt'
[13.901s] reading manifest file 'car_pkg.egg-info/SOURCES.txt'
[13.907s] writing manifest file 'car_pkg.egg-info/SOURCES.txt'
[13.994s] running build_ext
[13.995s] Creating /home/usuario/Robotica/ros2_ws/install/car_pkg/lib/python3.12/site-packages/car-pkg.egg-link (link to .)
[14.001s] 
[14.001s] Installed /home/usuario/Robotica/ros2_ws/build/car_pkg
[14.002s] running symlink_data
[14.003s] creating /home/usuario/Robotica/ros2_ws/install/car_pkg/share/ament_index
[14.007s] creating /home/usuario/Robotica/ros2_ws/install/car_pkg/share/ament_index/resource_index
[14.007s] creating /home/usuario/Robotica/ros2_ws/install/car_pkg/share/ament_index/resource_index/packages
[14.010s] symbolically linking /home/usuario/Robotica/ros2_ws/build/car_pkg/resource/car_pkg -> /home/usuario/Robotica/ros2_ws/install/car_pkg/share/ament_index/resource_index/packages
[14.010s] symbolically linking /home/usuario/Robotica/ros2_ws/build/car_pkg/package.xml -> /home/usuario/Robotica/ros2_ws/install/car_pkg/share/car_pkg
[14.011s] creating /home/usuario/Robotica/ros2_ws/install/car_pkg/share/car_pkg/launch
[14.013s] symbolically linking /home/usuario/Robotica/ros2_ws/build/car_pkg/launch/car_launch.py -> /home/usuario/Robotica/ros2_ws/install/car_pkg/share/car_pkg/launch
[14.014s] creating /home/usuario/Robotica/ros2_ws/install/car_pkg/share/car_pkg/world
[14.014s] symbolically linking /home/usuario/Robotica/ros2_ws/build/car_pkg/world/city_traffic.wbt -> /home/usuario/Robotica/ros2_ws/install/car_pkg/share/car_pkg/world
[14.015s] creating /home/usuario/Robotica/ros2_ws/install/car_pkg/share/car_pkg/world/city_traffic_net
[14.015s] symbolically linking /home/usuario/Robotica/ros2_ws/build/car_pkg/world/city_traffic_net/sumo.trip.xml -> /home/usuario/Robotica/ros2_ws/install/car_pkg/share/car_pkg/world/city_traffic_net
[14.019s] symbolically linking /home/usuario/Robotica/ros2_ws/build/car_pkg/world/city_traffic_net/sumo.rou.alt.xml -> /home/usuario/Robotica/ros2_ws/install/car_pkg/share/car_pkg/world/city_traffic_net
[14.020s] symbolically linking /home/usuario/Robotica/ros2_ws/build/car_pkg/world/city_traffic_net/sumo.rou.xml -> /home/usuario/Robotica/ros2_ws/install/car_pkg/share/car_pkg/world/city_traffic_net
[14.020s] symbolically linking /home/usuario/Robotica/ros2_ws/build/car_pkg/world/city_traffic_net/sumo.net.xml -> /home/usuario/Robotica/ros2_ws/install/car_pkg/share/car_pkg/world/city_traffic_net
[14.021s] symbolically linking /home/usuario/Robotica/ros2_ws/build/car_pkg/world/city_traffic_net/sumo.sumocfg -> /home/usuario/Robotica/ros2_ws/install/car_pkg/share/car_pkg/world/city_traffic_net
[14.021s] creating /home/usuario/Robotica/ros2_ws/install/car_pkg/share/car_pkg/signs
[14.023s] symbolically linking /home/usuario/Robotica/ros2_ws/build/car_pkg/signs/yield.png -> /home/usuario/Robotica/ros2_ws/install/car_pkg/share/car_pkg/signs
[14.023s] symbolically linking /home/usuario/Robotica/ros2_ws/build/car_pkg/signs/stop.png -> /home/usuario/Robotica/ros2_ws/install/car_pkg/share/car_pkg/signs
[14.024s] symbolically linking /home/usuario/Robotica/ros2_ws/build/car_pkg/signs/speed_limit.png -> /home/usuario/Robotica/ros2_ws/install/car_pkg/share/car_pkg/signs
[14.026s] creating /home/usuario/Robotica/ros2_ws/install/car_pkg/share/car_pkg/resource
[14.027s] symbolically linking /home/usuario/Robotica/ros2_ws/build/car_pkg/resource/car.urdf -> /home/usuario/Robotica/ros2_ws/install/car_pkg/share/car_pkg/resource
[14.225s] Invoked command in '/home/usuario/Robotica/ros2_ws/build/car_pkg' returned '0': AMENT_PREFIX_PATH=/home/usuario/Robotica/ros2_ws/install/webots_ros2:/home/usuario/Robotica/ros2_ws/install/webots_ros2_tests:/home/usuario/Robotica/ros2_ws/install/webots_ros2_universal_robot:/home/usuario/Robotica/ros2_ws/install/webots_ros2_turtlebot:/home/usuario/Robotica/ros2_ws/install/webots_ros2_tiago:/home/usuario/Robotica/ros2_ws/install/webots_ros2_husarion:/home/usuario/Robotica/ros2_ws/install/webots_ros2_epuck:/home/usuario/Robotica/ros2_ws/install/webots_ros2_tesla:/home/usuario/Robotica/ros2_ws/install/webots_ros2_mavic:/home/usuario/Robotica/ros2_ws/install/webots_ros2_crazyflie:/home/usuario/Robotica/ros2_ws/install/webots_ros2_control:/home/usuario/Robotica/ros2_ws/install/webots_ros2_driver:/home/usuario/Robotica/ros2_ws/install/webots_ros2_msgs:/home/usuario/Robotica/ros2_ws/install/webots_ros2_importer:${AMENT_PREFIX_PATH} CMAKE_PREFIX_PATH=/home/usuario/Robotica/ros2_ws/install/webots_ros2_control:/home/usuario/Robotica/ros2_ws/install/webots_ros2_driver:/home/usuario/Robotica/ros2_ws/install/webots_ros2_msgs:${CMAKE_PREFIX_PATH} DEBUGINFOD_URLS=https://debuginfod.ubuntu.com LD_LIBRARY_PATH=/home/usuario/Robotica/ros2_ws/install/webots_ros2_control/lib:/home/usuario/Robotica/ros2_ws/install/webots_ros2_driver/lib:/home/usuario/Robotica/ros2_ws/install/webots_ros2_msgs/lib:${LD_LIBRARY_PATH} PYTHONPATH=/home/usuario/Robotica/ros2_ws/build/car_pkg/prefix_override:/usr/lib/python3/dist-packages/colcon_core/task/python/colcon_distutils_commands:/home/usuario/Robotica/ros2_ws/install/car_pkg/lib/python3.12/site-packages:/home/usuario/Robotica/ros2_ws/build/webots_ros2:/home/usuario/Robotica/ros2_ws/install/webots_ros2/lib/python3.12/site-packages:/home/usuario/Robotica/ros2_ws/build/webots_ros2_tests:/home/usuario/Robotica/ros2_ws/install/webots_ros2_tests/lib/python3.12/site-packages:/home/usuario/Robotica/ros2_ws/build/webots_ros2_universal_robot:/home/usuario/Robotica/ros2_ws/install/webots_ros2_universal_robot/lib/python3.12/site-packages:/home/usuario/Robotica/ros2_ws/build/webots_ros2_turtlebot:/home/usuario/Robotica/ros2_ws/install/webots_ros2_turtlebot/lib/python3.12/site-packages:/home/usuario/Robotica/ros2_ws/build/webots_ros2_tiago:/home/usuario/Robotica/ros2_ws/install/webots_ros2_tiago/lib/python3.12/site-packages:/home/usuario/Robotica/ros2_ws/build/webots_ros2_husarion:/home/usuario/Robotica/ros2_ws/install/webots_ros2_husarion/lib/python3.12/site-packages:/home/usuario/Robotica/ros2_ws/build/webots_ros2_epuck:/home/usuario/Robotica/ros2_ws/install/webots_ros2_epuck/lib/python3.12/site-packages:/home/usuario/Robotica/ros2_ws/build/webots_ros2_tesla:/home/usuario/Robotica/ros2_ws/install/webots_ros2_tesla/lib/python3.12/site-packages:/home/usuario/Robotica/ros2_ws/build/webots_ros2_mavic:/home/usuario/Robotica/ros2_ws/install/webots_ros2_mavic/lib/python3.12/site-packages:/home/usuario/Robotica/ros2_ws/build/webots_ros2_crazyflie:/home/usuario/Robotica/ros2_ws/install/webots_ros2_crazyflie/lib/python3.12/site-packages:/home/usuario/Robotica/ros2_ws/install/webots_ros2_driver/lib/python3.12/site-packages:/home/usuario/Robotica/ros2_ws/install/webots_ros2_msgs/lib/python3.12/site-packages:/home/usuario/Robotica/ros2_ws/build/webots_ros2_importer:/home/usuario/Robotica/ros2_ws/install/webots_ros2_importer/lib/python3.12/site-packages:${PYTHONPATH} /usr/bin/python3 -W ignore:setup.py install is deprecated -W ignore:easy_install command is deprecated setup.py develop --editable --build-directory /home/usuario/Robotica/ros2_ws/build/car_pkg/build --no-deps symlink_data
