[3.102s] Invoking command in '/home/usuario/Robotica/ros2_ws/src/webots_ros2/webots_ros2_tesla': AMENT_PREFIX_PATH=/home/usuario/Robotica/install/webots_ros2_driver:/home/usuario/Robotica/install/webots_ros2_msgs:/home/usuario/Robotica/install/webots_ros2_importer:${AMENT_PREFIX_PATH} CMAKE_PREFIX_PATH=/home/usuario/Robotica/install/webots_ros2_driver:/home/usuario/Robotica/install/webots_ros2_msgs:${CMAKE_PREFIX_PATH} DEBUGINFOD_URLS=https://debuginfod.ubuntu.com LD_LIBRARY_PATH=/home/usuario/Robotica/install/webots_ros2_driver/lib:/home/usuario/Robotica/install/webots_ros2_msgs/lib:${LD_LIBRARY_PATH} PYTHONPATH=/home/usuario/Robotica/build/webots_ros2_tesla/prefix_override:/usr/lib/python3/dist-packages/colcon_core/task/python/colcon_distutils_commands:/home/usuario/Robotica/install/webots_ros2_tesla/lib/python3.12/site-packages:/home/usuario/Robotica/install/webots_ros2_driver/lib/python3.12/site-packages:/home/usuario/Robotica/install/webots_ros2_msgs/lib/python3.12/site-packages:/home/usuario/Robotica/install/webots_ros2_importer/lib/python3.12/site-packages:${PYTHONPATH} /usr/bin/python3 -W ignore:setup.py install is deprecated -W ignore:easy_install command is deprecated setup.py egg_info --egg-base ../../../../build/webots_ros2_tesla build --build-base /home/usuario/Robotica/build/webots_ros2_tesla/build install --record /home/usuario/Robotica/build/webots_ros2_tesla/install.log --single-version-externally-managed install_data
[4.008s] running egg_info
[4.099s] writing ../../../../build/webots_ros2_tesla/webots_ros2_tesla.egg-info/PKG-INFO
[4.099s] writing dependency_links to ../../../../build/webots_ros2_tesla/webots_ros2_tesla.egg-info/dependency_links.txt
[4.099s] writing entry points to ../../../../build/webots_ros2_tesla/webots_ros2_tesla.egg-info/entry_points.txt
[4.099s] writing requirements to ../../../../build/webots_ros2_tesla/webots_ros2_tesla.egg-info/requires.txt
[4.099s] writing top-level names to ../../../../build/webots_ros2_tesla/webots_ros2_tesla.egg-info/top_level.txt
[4.215s] reading manifest file '../../../../build/webots_ros2_tesla/webots_ros2_tesla.egg-info/SOURCES.txt'
[4.216s] writing manifest file '../../../../build/webots_ros2_tesla/webots_ros2_tesla.egg-info/SOURCES.txt'
[4.216s] running build
[4.216s] running build_py
[4.216s] running install
[4.242s] running install_lib
[4.308s] running install_data
[4.310s] running install_egg_info
[4.330s] removing '/home/usuario/Robotica/install/webots_ros2_tesla/lib/python3.12/site-packages/webots_ros2_tesla-2025.0.1-py3.12.egg-info' (and everything under it)
[4.331s] Copying ../../../../build/webots_ros2_tesla/webots_ros2_tesla.egg-info to /home/usuario/Robotica/install/webots_ros2_tesla/lib/python3.12/site-packages/webots_ros2_tesla-2025.0.1-py3.12.egg-info
[4.331s] running install_scripts
[4.719s] Installing lane_follower script to /home/usuario/Robotica/install/webots_ros2_tesla/lib/webots_ros2_tesla
[4.739s] writing list of installed files to '/home/usuario/Robotica/build/webots_ros2_tesla/install.log'
[4.855s] Invoked command in '/home/usuario/Robotica/ros2_ws/src/webots_ros2/webots_ros2_tesla' returned '0': AMENT_PREFIX_PATH=/home/usuario/Robotica/install/webots_ros2_driver:/home/usuario/Robotica/install/webots_ros2_msgs:/home/usuario/Robotica/install/webots_ros2_importer:${AMENT_PREFIX_PATH} CMAKE_PREFIX_PATH=/home/usuario/Robotica/install/webots_ros2_driver:/home/usuario/Robotica/install/webots_ros2_msgs:${CMAKE_PREFIX_PATH} DEBUGINFOD_URLS=https://debuginfod.ubuntu.com LD_LIBRARY_PATH=/home/usuario/Robotica/install/webots_ros2_driver/lib:/home/usuario/Robotica/install/webots_ros2_msgs/lib:${LD_LIBRARY_PATH} PYTHONPATH=/home/usuario/Robotica/build/webots_ros2_tesla/prefix_override:/usr/lib/python3/dist-packages/colcon_core/task/python/colcon_distutils_commands:/home/usuario/Robotica/install/webots_ros2_tesla/lib/python3.12/site-packages:/home/usuario/Robotica/install/webots_ros2_driver/lib/python3.12/site-packages:/home/usuario/Robotica/install/webots_ros2_msgs/lib/python3.12/site-packages:/home/usuario/Robotica/install/webots_ros2_importer/lib/python3.12/site-packages:${PYTHONPATH} /usr/bin/python3 -W ignore:setup.py install is deprecated -W ignore:easy_install command is deprecated setup.py egg_info --egg-base ../../../../build/webots_ros2_tesla build --build-base /home/usuario/Robotica/build/webots_ros2_tesla/build install --record /home/usuario/Robotica/build/webots_ros2_tesla/install.log --single-version-externally-managed install_data
