[0.082s] Invoking command in '/home/usuario/Robotica/build/webots_ros2_driver': AMENT_PREFIX_PATH=/home/usuario/Robotica/install/webots_ros2_msgs:/home/usuario/Robotica/install/webots_ros2_importer:${AMENT_PREFIX_PATH} CMAKE_PREFIX_PATH=/home/usuario/Robotica/install/webots_ros2_msgs:/opt/ros/jazzy/opt/sdformat_vendor:/opt/ros/jazzy/opt/gz_math_vendor:/opt/ros/jazzy/opt/gz_utils_vendor:/opt/ros/jazzy/opt/gz_tools_vendor:/opt/ros/jazzy/opt/gz_cmake_vendor:/opt/ros/jazzy DEBUGINFOD_URLS=https://debuginfod.ubuntu.com LD_LIBRARY_PATH=/home/usuario/Robotica/install/webots_ros2_msgs/lib:${LD_LIBRARY_PATH} PYTHONPATH=/home/usuario/Robotica/install/webots_ros2_msgs/lib/python3.12/site-packages:/home/usuario/Robotica/install/webots_ros2_importer/lib/python3.12/site-packages:${PYTHONPATH} /usr/bin/cmake --build /home/usuario/Robotica/build/webots_ros2_driver -- -j10 -l10
[0.287s] [  0%] Built target ament_cmake_python_copy_vehicle
[0.287s] [  0%] Built target ament_cmake_python_copy_controller
[0.305s] [  0%] Built target ament_cmake_python_copy_webots_ros2_driver
[0.698s] running egg_info
[0.707s] running egg_info
[0.726s] writing controller.egg-info/PKG-INFO
[0.743s] writing dependency_links to controller.egg-info/dependency_links.txt
[0.750s] writing top-level names to controller.egg-info/top_level.txt
[0.750s] writing webots_ros2_driver.egg-info/PKG-INFO
[0.750s] writing dependency_links to webots_ros2_driver.egg-info/dependency_links.txt
[0.756s] writing top-level names to webots_ros2_driver.egg-info/top_level.txt
[0.770s] running egg_info
[0.792s] writing vehicle.egg-info/PKG-INFO
[0.794s] writing dependency_links to vehicle.egg-info/dependency_links.txt
[0.794s] writing top-level names to vehicle.egg-info/top_level.txt
[0.824s] reading manifest file 'webots_ros2_driver.egg-info/SOURCES.txt'
[0.824s] writing manifest file 'webots_ros2_driver.egg-info/SOURCES.txt'
[0.828s] reading manifest file 'controller.egg-info/SOURCES.txt'
[0.829s] writing manifest file 'controller.egg-info/SOURCES.txt'
[0.892s] reading manifest file 'vehicle.egg-info/SOURCES.txt'
[0.893s] writing manifest file 'vehicle.egg-info/SOURCES.txt'
[0.899s] [  0%] Built target ament_cmake_python_build_webots_ros2_driver_egg
[0.903s] [  0%] Built target ament_cmake_python_build_controller_egg
[0.995s] [  0%] Built target ament_cmake_python_build_vehicle_egg
[1.628s] [  0%] Built target compile-lib-controller
[1.829s] [  0%] Built target compile-generic-window
[2.676s] [  0%] Built target compile-lib-vehicle
[2.773s] [ 14%] Built target webots_ros2_driver_imu
[2.777s] [ 29%] Built target webots_ros2_driver_rgbd
[2.791s] [100%] Built target driver
[2.840s] Invoked command in '/home/usuario/Robotica/build/webots_ros2_driver' returned '0': AMENT_PREFIX_PATH=/home/usuario/Robotica/install/webots_ros2_msgs:/home/usuario/Robotica/install/webots_ros2_importer:${AMENT_PREFIX_PATH} CMAKE_PREFIX_PATH=/home/usuario/Robotica/install/webots_ros2_msgs:/opt/ros/jazzy/opt/sdformat_vendor:/opt/ros/jazzy/opt/gz_math_vendor:/opt/ros/jazzy/opt/gz_utils_vendor:/opt/ros/jazzy/opt/gz_tools_vendor:/opt/ros/jazzy/opt/gz_cmake_vendor:/opt/ros/jazzy DEBUGINFOD_URLS=https://debuginfod.ubuntu.com LD_LIBRARY_PATH=/home/usuario/Robotica/install/webots_ros2_msgs/lib:${LD_LIBRARY_PATH} PYTHONPATH=/home/usuario/Robotica/install/webots_ros2_msgs/lib/python3.12/site-packages:/home/usuario/Robotica/install/webots_ros2_importer/lib/python3.12/site-packages:${PYTHONPATH} /usr/bin/cmake --build /home/usuario/Robotica/build/webots_ros2_driver -- -j10 -l10
[2.842s] Invoking command in '/home/usuario/Robotica/build/webots_ros2_driver': AMENT_PREFIX_PATH=/home/usuario/Robotica/install/webots_ros2_msgs:/home/usuario/Robotica/install/webots_ros2_importer:${AMENT_PREFIX_PATH} CMAKE_PREFIX_PATH=/home/usuario/Robotica/install/webots_ros2_msgs:/opt/ros/jazzy/opt/sdformat_vendor:/opt/ros/jazzy/opt/gz_math_vendor:/opt/ros/jazzy/opt/gz_utils_vendor:/opt/ros/jazzy/opt/gz_tools_vendor:/opt/ros/jazzy/opt/gz_cmake_vendor:/opt/ros/jazzy DEBUGINFOD_URLS=https://debuginfod.ubuntu.com LD_LIBRARY_PATH=/home/usuario/Robotica/install/webots_ros2_msgs/lib:${LD_LIBRARY_PATH} PYTHONPATH=/home/usuario/Robotica/install/webots_ros2_msgs/lib/python3.12/site-packages:/home/usuario/Robotica/install/webots_ros2_importer/lib/python3.12/site-packages:${PYTHONPATH} /usr/bin/cmake --install /home/usuario/Robotica/build/webots_ros2_driver
[2.855s] -- Install configuration: ""
[2.855s] -- Up-to-date: /home/usuario/Robotica/install/webots_ros2_driver/share/webots_ros2_driver/environment/pythonpath.sh
[2.856s] -- Up-to-date: /home/usuario/Robotica/install/webots_ros2_driver/share/webots_ros2_driver/environment/pythonpath.dsv
[2.857s] -- Up-to-date: /home/usuario/Robotica/install/webots_ros2_driver/lib/python3.12/site-packages/controller-2025.0.1-py3.12.egg-info
[2.857s] -- Installing: /home/usuario/Robotica/install/webots_ros2_driver/lib/python3.12/site-packages/controller-2025.0.1-py3.12.egg-info/dependency_links.txt
[2.858s] -- Installing: /home/usuario/Robotica/install/webots_ros2_driver/lib/python3.12/site-packages/controller-2025.0.1-py3.12.egg-info/PKG-INFO
[2.858s] -- Installing: /home/usuario/Robotica/install/webots_ros2_driver/lib/python3.12/site-packages/controller-2025.0.1-py3.12.egg-info/SOURCES.txt
[2.858s] -- Installing: /home/usuario/Robotica/install/webots_ros2_driver/lib/python3.12/site-packages/controller-2025.0.1-py3.12.egg-info/top_level.txt
[2.858s] -- Up-to-date: /home/usuario/Robotica/install/webots_ros2_driver/lib/python3.12/site-packages/controller
[2.858s] -- Up-to-date: /home/usuario/Robotica/install/webots_ros2_driver/lib/python3.12/site-packages/controller/joystick.py
[2.859s] -- Up-to-date: /home/usuario/Robotica/install/webots_ros2_driver/lib/python3.12/site-packages/controller/range_finder.py
[2.859s] -- Up-to-date: /home/usuario/Robotica/install/webots_ros2_driver/lib/python3.12/site-packages/controller/touch_sensor.py
[2.859s] -- Up-to-date: /home/usuario/Robotica/install/webots_ros2_driver/lib/python3.12/site-packages/controller/lidar.py
[2.859s] -- Up-to-date: /home/usuario/Robotica/install/webots_ros2_driver/lib/python3.12/site-packages/controller/accelerometer.py
[2.859s] -- Up-to-date: /home/usuario/Robotica/install/webots_ros2_driver/lib/python3.12/site-packages/controller/camera.py
[2.859s] -- Up-to-date: /home/usuario/Robotica/install/webots_ros2_driver/lib/python3.12/site-packages/controller/wb.py
[2.859s] -- Up-to-date: /home/usuario/Robotica/install/webots_ros2_driver/lib/python3.12/site-packages/controller/light_sensor.py
[2.860s] -- Up-to-date: /home/usuario/Robotica/install/webots_ros2_driver/lib/python3.12/site-packages/controller/compass.py
[2.860s] -- Up-to-date: /home/usuario/Robotica/install/webots_ros2_driver/lib/python3.12/site-packages/controller/mouse.py
[2.860s] -- Up-to-date: /home/usuario/Robotica/install/webots_ros2_driver/lib/python3.12/site-packages/controller/brake.py
[2.860s] -- Up-to-date: /home/usuario/Robotica/install/webots_ros2_driver/lib/python3.12/site-packages/controller/keyboard.py
[2.860s] -- Up-to-date: /home/usuario/Robotica/install/webots_ros2_driver/lib/python3.12/site-packages/controller/constants.py
[2.860s] -- Up-to-date: /home/usuario/Robotica/install/webots_ros2_driver/lib/python3.12/site-packages/controller/supervisor.py
[2.860s] -- Up-to-date: /home/usuario/Robotica/install/webots_ros2_driver/lib/python3.12/site-packages/controller/connector.py
[2.860s] -- Up-to-date: /home/usuario/Robotica/install/webots_ros2_driver/lib/python3.12/site-packages/controller/node.py
[2.861s] -- Up-to-date: /home/usuario/Robotica/install/webots_ros2_driver/lib/python3.12/site-packages/controller/gps.py
[2.861s] -- Up-to-date: /home/usuario/Robotica/install/webots_ros2_driver/lib/python3.12/site-packages/controller/proto.py
[2.861s] -- Up-to-date: /home/usuario/Robotica/install/webots_ros2_driver/lib/python3.12/site-packages/controller/robot.py
[2.861s] -- Up-to-date: /home/usuario/Robotica/install/webots_ros2_driver/lib/python3.12/site-packages/controller/receiver.py
[2.861s] -- Up-to-date: /home/usuario/Robotica/install/webots_ros2_driver/lib/python3.12/site-packages/controller/radar_target.py
[2.861s] -- Up-to-date: /home/usuario/Robotica/install/webots_ros2_driver/lib/python3.12/site-packages/controller/inertial_unit.py
[2.861s] -- Up-to-date: /home/usuario/Robotica/install/webots_ros2_driver/lib/python3.12/site-packages/controller/__init__.py
[2.861s] -- Up-to-date: /home/usuario/Robotica/install/webots_ros2_driver/lib/python3.12/site-packages/controller/vacuum_gripper.py
[2.861s] -- Up-to-date: /home/usuario/Robotica/install/webots_ros2_driver/lib/python3.12/site-packages/controller/emitter.py
[2.861s] -- Up-to-date: /home/usuario/Robotica/install/webots_ros2_driver/lib/python3.12/site-packages/controller/device.py
[2.861s] -- Up-to-date: /home/usuario/Robotica/install/webots_ros2_driver/lib/python3.12/site-packages/controller/distance_sensor.py
[2.861s] -- Up-to-date: /home/usuario/Robotica/install/webots_ros2_driver/lib/python3.12/site-packages/controller/led.py
[2.861s] -- Up-to-date: /home/usuario/Robotica/install/webots_ros2_driver/lib/python3.12/site-packages/controller/altimeter.py
[2.861s] -- Up-to-date: /home/usuario/Robotica/install/webots_ros2_driver/lib/python3.12/site-packages/controller/motor.py
[2.861s] -- Up-to-date: /home/usuario/Robotica/install/webots_ros2_driver/lib/python3.12/site-packages/controller/skin.py
[2.861s] -- Up-to-date: /home/usuario/Robotica/install/webots_ros2_driver/lib/python3.12/site-packages/controller/pen.py
[2.861s] -- Up-to-date: /home/usuario/Robotica/install/webots_ros2_driver/lib/python3.12/site-packages/controller/lidar_point.py
[2.862s] -- Up-to-date: /home/usuario/Robotica/install/webots_ros2_driver/lib/python3.12/site-packages/controller/radar.py
[2.862s] -- Up-to-date: /home/usuario/Robotica/install/webots_ros2_driver/lib/python3.12/site-packages/controller/gyro.py
[2.862s] -- Up-to-date: /home/usuario/Robotica/install/webots_ros2_driver/lib/python3.12/site-packages/controller/position_sensor.py
[2.862s] -- Up-to-date: /home/usuario/Robotica/install/webots_ros2_driver/lib/python3.12/site-packages/controller/sensor.py
[2.862s] -- Up-to-date: /home/usuario/Robotica/install/webots_ros2_driver/lib/python3.12/site-packages/controller/display.py
[2.862s] -- Up-to-date: /home/usuario/Robotica/install/webots_ros2_driver/lib/python3.12/site-packages/controller/motion.py
[2.862s] -- Up-to-date: /home/usuario/Robotica/install/webots_ros2_driver/lib/python3.12/site-packages/controller/field.py
[2.862s] -- Up-to-date: /home/usuario/Robotica/install/webots_ros2_driver/lib/python3.12/site-packages/controller/speaker.py
[2.862s] -- Up-to-date: /home/usuario/Robotica/install/webots_ros2_driver/lib/python3.12/site-packages/controller/ansi_codes.py
[2.897s] Listing '/home/usuario/Robotica/install/webots_ros2_driver/lib/python3.12/site-packages/controller'...
[2.916s] -- Up-to-date: /home/usuario/Robotica/install/webots_ros2_driver/lib/python3.12/site-packages/vehicle-2025.0.1-py3.12.egg-info
[2.916s] -- Installing: /home/usuario/Robotica/install/webots_ros2_driver/lib/python3.12/site-packages/vehicle-2025.0.1-py3.12.egg-info/dependency_links.txt
[2.916s] -- Installing: /home/usuario/Robotica/install/webots_ros2_driver/lib/python3.12/site-packages/vehicle-2025.0.1-py3.12.egg-info/PKG-INFO
[2.916s] -- Installing: /home/usuario/Robotica/install/webots_ros2_driver/lib/python3.12/site-packages/vehicle-2025.0.1-py3.12.egg-info/SOURCES.txt
[2.916s] -- Installing: /home/usuario/Robotica/install/webots_ros2_driver/lib/python3.12/site-packages/vehicle-2025.0.1-py3.12.egg-info/top_level.txt
[2.916s] -- Up-to-date: /home/usuario/Robotica/install/webots_ros2_driver/lib/python3.12/site-packages/vehicle
[2.916s] -- Up-to-date: /home/usuario/Robotica/install/webots_ros2_driver/lib/python3.12/site-packages/vehicle/__init__.py
[2.916s] -- Up-to-date: /home/usuario/Robotica/install/webots_ros2_driver/lib/python3.12/site-packages/vehicle/driver.py
[2.916s] -- Up-to-date: /home/usuario/Robotica/install/webots_ros2_driver/lib/python3.12/site-packages/vehicle/car.py
[2.954s] Listing '/home/usuario/Robotica/install/webots_ros2_driver/lib/python3.12/site-packages/vehicle'...
[2.960s] -- Up-to-date: /home/usuario/Robotica/install/webots_ros2_driver/lib/python3.12/site-packages/webots_ros2_driver-2025.0.1-py3.12.egg-info
[2.960s] -- Installing: /home/usuario/Robotica/install/webots_ros2_driver/lib/python3.12/site-packages/webots_ros2_driver-2025.0.1-py3.12.egg-info/dependency_links.txt
[2.960s] -- Installing: /home/usuario/Robotica/install/webots_ros2_driver/lib/python3.12/site-packages/webots_ros2_driver-2025.0.1-py3.12.egg-info/PKG-INFO
[2.962s] -- Installing: /home/usuario/Robotica/install/webots_ros2_driver/lib/python3.12/site-packages/webots_ros2_driver-2025.0.1-py3.12.egg-info/SOURCES.txt
[2.962s] -- Installing: /home/usuario/Robotica/install/webots_ros2_driver/lib/python3.12/site-packages/webots_ros2_driver-2025.0.1-py3.12.egg-info/top_level.txt
[2.962s] -- Up-to-date: /home/usuario/Robotica/install/webots_ros2_driver/lib/python3.12/site-packages/webots_ros2_driver
[2.962s] -- Up-to-date: /home/usuario/Robotica/install/webots_ros2_driver/lib/python3.12/site-packages/webots_ros2_driver/ros2_supervisor.py
[2.962s] -- Up-to-date: /home/usuario/Robotica/install/webots_ros2_driver/lib/python3.12/site-packages/webots_ros2_driver/utils.py
[2.962s] -- Up-to-date: /home/usuario/Robotica/install/webots_ros2_driver/lib/python3.12/site-packages/webots_ros2_driver/webots_controller.py
[2.962s] -- Up-to-date: /home/usuario/Robotica/install/webots_ros2_driver/lib/python3.12/site-packages/webots_ros2_driver/wait_for_controller_connection.py
[2.962s] -- Up-to-date: /home/usuario/Robotica/install/webots_ros2_driver/lib/python3.12/site-packages/webots_ros2_driver/__init__.py
[2.962s] -- Up-to-date: /home/usuario/Robotica/install/webots_ros2_driver/lib/python3.12/site-packages/webots_ros2_driver/urdf_spawner.py
[2.963s] -- Up-to-date: /home/usuario/Robotica/install/webots_ros2_driver/lib/python3.12/site-packages/webots_ros2_driver/webots_launcher.py
[3.012s] Listing '/home/usuario/Robotica/install/webots_ros2_driver/lib/python3.12/site-packages/webots_ros2_driver'...
[3.022s] -- Up-to-date: /home/usuario/Robotica/install/webots_ros2_driver/include
[3.022s] -- Up-to-date: /home/usuario/Robotica/install/webots_ros2_driver/include/webots_ros2_driver
[3.022s] -- Up-to-date: /home/usuario/Robotica/install/webots_ros2_driver/include/webots_ros2_driver/PluginInterface.hpp
[3.022s] -- Up-to-date: /home/usuario/Robotica/install/webots_ros2_driver/include/webots_ros2_driver/PythonPlugin.hpp
[3.022s] -- Up-to-date: /home/usuario/Robotica/install/webots_ros2_driver/include/webots_ros2_driver/WebotsNode.hpp
[3.022s] -- Up-to-date: /home/usuario/Robotica/install/webots_ros2_driver/include/webots_ros2_driver/utils
[3.022s] -- Up-to-date: /home/usuario/Robotica/install/webots_ros2_driver/include/webots_ros2_driver/utils/Utils.hpp
[3.022s] -- Up-to-date: /home/usuario/Robotica/install/webots_ros2_driver/include/webots_ros2_driver/utils/Math.hpp
[3.022s] -- Up-to-date: /home/usuario/Robotica/install/webots_ros2_driver/include/webots_ros2_driver/plugins
[3.022s] -- Up-to-date: /home/usuario/Robotica/install/webots_ros2_driver/include/webots_ros2_driver/plugins/dynamic
[3.023s] -- Up-to-date: /home/usuario/Robotica/install/webots_ros2_driver/include/webots_ros2_driver/plugins/dynamic/Ros2RGBD.hpp
[3.023s] -- Up-to-date: /home/usuario/Robotica/install/webots_ros2_driver/include/webots_ros2_driver/plugins/dynamic/Ros2IMU.hpp
[3.023s] -- Up-to-date: /home/usuario/Robotica/install/webots_ros2_driver/include/webots_ros2_driver/plugins/Ros2SensorPlugin.hpp
[3.023s] -- Up-to-date: /home/usuario/Robotica/install/webots_ros2_driver/include/webots_ros2_driver/plugins/static
[3.023s] -- Up-to-date: /home/usuario/Robotica/install/webots_ros2_driver/include/webots_ros2_driver/plugins/static/Ros2VacuumGripper.hpp
[3.023s] -- Up-to-date: /home/usuario/Robotica/install/webots_ros2_driver/include/webots_ros2_driver/plugins/static/Ros2Receiver.hpp
[3.023s] -- Up-to-date: /home/usuario/Robotica/install/webots_ros2_driver/include/webots_ros2_driver/plugins/static/Ros2Camera.hpp
[3.023s] -- Up-to-date: /home/usuario/Robotica/install/webots_ros2_driver/include/webots_ros2_driver/plugins/static/Ros2Emitter.hpp
[3.023s] -- Up-to-date: /home/usuario/Robotica/install/webots_ros2_driver/include/webots_ros2_driver/plugins/static/Ros2Lidar.hpp
[3.023s] -- Up-to-date: /home/usuario/Robotica/install/webots_ros2_driver/include/webots_ros2_driver/plugins/static/Ros2DistanceSensor.hpp
[3.023s] -- Up-to-date: /home/usuario/Robotica/install/webots_ros2_driver/include/webots_ros2_driver/plugins/static/Ros2LED.hpp
[3.024s] -- Up-to-date: /home/usuario/Robotica/install/webots_ros2_driver/include/webots_ros2_driver/plugins/static/Ros2Pen.hpp
[3.024s] -- Up-to-date: /home/usuario/Robotica/install/webots_ros2_driver/include/webots_ros2_driver/plugins/static/Ros2LightSensor.hpp
[3.024s] -- Up-to-date: /home/usuario/Robotica/install/webots_ros2_driver/include/webots_ros2_driver/plugins/static/Ros2Compass.hpp
[3.024s] -- Up-to-date: /home/usuario/Robotica/install/webots_ros2_driver/include/webots_ros2_driver/plugins/static/Ros2RangeFinder.hpp
[3.024s] -- Up-to-date: /home/usuario/Robotica/install/webots_ros2_driver/include/webots_ros2_driver/plugins/static/Ros2GPS.hpp
[3.024s] -- Up-to-date: /home/usuario/Robotica/install/webots_ros2_driver/lib/webots_ros2_driver/driver
[3.024s] -- Up-to-date: /home/usuario/Robotica/install/webots_ros2_driver/lib/libwebots_ros2_driver_imu.so
[3.024s] -- Up-to-date: /home/usuario/Robotica/install/webots_ros2_driver/lib/libwebots_ros2_driver_rgbd.so
[3.024s] -- Up-to-date: /home/usuario/Robotica/install/webots_ros2_driver/include/webots/c
[3.024s] -- Up-to-date: /home/usuario/Robotica/install/webots_ros2_driver/include/webots/c/webots
[3.024s] -- Up-to-date: /home/usuario/Robotica/install/webots_ros2_driver/include/webots/c/webots/motor.h
[3.024s] -- Up-to-date: /home/usuario/Robotica/install/webots_ros2_driver/include/webots/c/webots/mouse.h
[3.024s] -- Up-to-date: /home/usuario/Robotica/install/webots_ros2_driver/include/webots/c/webots/range_finder.h
[3.024s] -- Up-to-date: /home/usuario/Robotica/install/webots_ros2_driver/include/webots/c/webots/nodes.h
[3.024s] -- Up-to-date: /home/usuario/Robotica/install/webots_ros2_driver/include/webots/c/webots/vehicle
[3.024s] -- Up-to-date: /home/usuario/Robotica/install/webots_ros2_driver/include/webots/c/webots/vehicle/car.h
[3.024s] -- Up-to-date: /home/usuario/Robotica/install/webots_ros2_driver/include/webots/c/webots/vehicle/driver.h
[3.024s] -- Up-to-date: /home/usuario/Robotica/install/webots_ros2_driver/include/webots/c/webots/lidar.h
[3.024s] -- Up-to-date: /home/usuario/Robotica/install/webots_ros2_driver/include/webots/c/webots/device.h
[3.024s] -- Up-to-date: /home/usuario/Robotica/install/webots_ros2_driver/include/webots/c/webots/distance_sensor.h
[3.025s] -- Up-to-date: /home/usuario/Robotica/install/webots_ros2_driver/include/webots/c/webots/connector.h
[3.025s] -- Up-to-date: /home/usuario/Robotica/install/webots_ros2_driver/include/webots/c/webots/light_sensor.h
[3.025s] -- Up-to-date: /home/usuario/Robotica/install/webots_ros2_driver/include/webots/c/webots/speaker.h
[3.025s] -- Up-to-date: /home/usuario/Robotica/install/webots_ros2_driver/include/webots/c/webots/vacuum_gripper.h
[3.025s] -- Up-to-date: /home/usuario/Robotica/install/webots_ros2_driver/include/webots/c/webots/display.h
[3.025s] -- Up-to-date: /home/usuario/Robotica/install/webots_ros2_driver/include/webots/c/webots/accelerometer.h
[3.025s] -- Up-to-date: /home/usuario/Robotica/install/webots_ros2_driver/include/webots/c/webots/pen.h
[3.025s] -- Up-to-date: /home/usuario/Robotica/install/webots_ros2_driver/include/webots/c/webots/robot.h
[3.025s] -- Up-to-date: /home/usuario/Robotica/install/webots_ros2_driver/include/webots/c/webots/types.h
[3.025s] -- Up-to-date: /home/usuario/Robotica/install/webots_ros2_driver/include/webots/c/webots/radar_target.h
[3.025s] -- Up-to-date: /home/usuario/Robotica/install/webots_ros2_driver/include/webots/c/webots/radar.h
[3.025s] -- Up-to-date: /home/usuario/Robotica/install/webots_ros2_driver/include/webots/c/webots/emitter.h
[3.025s] -- Up-to-date: /home/usuario/Robotica/install/webots_ros2_driver/include/webots/c/webots/camera.h
[3.025s] -- Up-to-date: /home/usuario/Robotica/install/webots_ros2_driver/include/webots/c/webots/led.h
[3.025s] -- Up-to-date: /home/usuario/Robotica/install/webots_ros2_driver/include/webots/c/webots/remote_control.h
[3.025s] -- Up-to-date: /home/usuario/Robotica/install/webots_ros2_driver/include/webots/c/webots/lidar_point.h
[3.025s] -- Up-to-date: /home/usuario/Robotica/install/webots_ros2_driver/include/webots/c/webots/microphone.h
[3.025s] -- Up-to-date: /home/usuario/Robotica/install/webots_ros2_driver/include/webots/c/webots/skin.h
[3.025s] -- Up-to-date: /home/usuario/Robotica/install/webots_ros2_driver/include/webots/c/webots/camera_recognition_object.h
[3.025s] -- Up-to-date: /home/usuario/Robotica/install/webots_ros2_driver/include/webots/c/webots/brake.h
[3.025s] -- Up-to-date: /home/usuario/Robotica/install/webots_ros2_driver/include/webots/c/webots/utils
[3.025s] -- Up-to-date: /home/usuario/Robotica/install/webots_ros2_driver/include/webots/c/webots/utils/system.h
[3.026s] -- Up-to-date: /home/usuario/Robotica/install/webots_ros2_driver/include/webots/c/webots/utils/motion.h
[3.026s] -- Up-to-date: /home/usuario/Robotica/install/webots_ros2_driver/include/webots/c/webots/utils/string.h
[3.026s] -- Up-to-date: /home/usuario/Robotica/install/webots_ros2_driver/include/webots/c/webots/utils/ansi_codes.h
[3.026s] -- Up-to-date: /home/usuario/Robotica/install/webots_ros2_driver/include/webots/c/webots/receiver.h
[3.026s] -- Up-to-date: /home/usuario/Robotica/install/webots_ros2_driver/include/webots/c/webots/position_sensor.h
[3.026s] -- Up-to-date: /home/usuario/Robotica/install/webots_ros2_driver/include/webots/c/webots/contact_point.h
[3.026s] -- Up-to-date: /home/usuario/Robotica/install/webots_ros2_driver/include/webots/c/webots/mouse_state.h
[3.026s] -- Up-to-date: /home/usuario/Robotica/install/webots_ros2_driver/include/webots/c/webots/altimeter.h
[3.026s] -- Up-to-date: /home/usuario/Robotica/install/webots_ros2_driver/include/webots/c/webots/console.h
[3.026s] -- Up-to-date: /home/usuario/Robotica/install/webots_ros2_driver/include/webots/c/webots/plugins
[3.026s] -- Up-to-date: /home/usuario/Robotica/install/webots_ros2_driver/include/webots/c/webots/plugins/robot_window
[3.026s] -- Up-to-date: /home/usuario/Robotica/install/webots_ros2_driver/include/webots/c/webots/plugins/robot_window/default.h
[3.026s] -- Up-to-date: /home/usuario/Robotica/install/webots_ros2_driver/include/webots/c/webots/plugins/robot_window/generic_robot_window
[3.026s] -- Up-to-date: /home/usuario/Robotica/install/webots_ros2_driver/include/webots/c/webots/plugins/robot_window/generic_robot_window/generic.h
[3.026s] -- Up-to-date: /home/usuario/Robotica/install/webots_ros2_driver/include/webots/c/webots/plugins/robot_window/robot_window.h
[3.026s] -- Up-to-date: /home/usuario/Robotica/install/webots_ros2_driver/include/webots/c/webots/plugins/robot_window/robot_wwi.h
[3.026s] -- Up-to-date: /home/usuario/Robotica/install/webots_ros2_driver/include/webots/c/webots/joystick.h
[3.026s] -- Up-to-date: /home/usuario/Robotica/install/webots_ros2_driver/include/webots/c/webots/gyro.h
[3.026s] -- Up-to-date: /home/usuario/Robotica/install/webots_ros2_driver/include/webots/c/webots/compass.h
[3.026s] -- Up-to-date: /home/usuario/Robotica/install/webots_ros2_driver/include/webots/c/webots/touch_sensor.h
[3.027s] -- Up-to-date: /home/usuario/Robotica/install/webots_ros2_driver/include/webots/c/webots/gps.h
[3.027s] -- Up-to-date: /home/usuario/Robotica/install/webots_ros2_driver/include/webots/c/webots/radio.h
[3.027s] -- Up-to-date: /home/usuario/Robotica/install/webots_ros2_driver/include/webots/c/webots/keyboard.h
[3.027s] -- Up-to-date: /home/usuario/Robotica/install/webots_ros2_driver/include/webots/c/webots/supervisor.h
[3.027s] -- Up-to-date: /home/usuario/Robotica/install/webots_ros2_driver/include/webots/c/webots/inertial_unit.h
[3.027s] -- Up-to-date: /home/usuario/Robotica/install/webots_ros2_driver/include/webots/cpp
[3.027s] -- Up-to-date: /home/usuario/Robotica/install/webots_ros2_driver/include/webots/cpp/webots
[3.027s] -- Up-to-date: /home/usuario/Robotica/install/webots_ros2_driver/include/webots/cpp/webots/Joystick.hpp
[3.027s] -- Up-to-date: /home/usuario/Robotica/install/webots_ros2_driver/include/webots/cpp/webots/vehicle
[3.028s] -- Up-to-date: /home/usuario/Robotica/install/webots_ros2_driver/include/webots/cpp/webots/vehicle/Car.hpp
[3.028s] -- Up-to-date: /home/usuario/Robotica/install/webots_ros2_driver/include/webots/cpp/webots/vehicle/Driver.hpp
[3.028s] -- Up-to-date: /home/usuario/Robotica/install/webots_ros2_driver/include/webots/cpp/webots/Lidar.hpp
[3.028s] -- Up-to-date: /home/usuario/Robotica/install/webots_ros2_driver/include/webots/cpp/webots/PositionSensor.hpp
[3.028s] -- Up-to-date: /home/usuario/Robotica/install/webots_ros2_driver/include/webots/cpp/webots/Device.hpp
[3.028s] -- Up-to-date: /home/usuario/Robotica/install/webots_ros2_driver/include/webots/cpp/webots/Speaker.hpp
[3.030s] -- Up-to-date: /home/usuario/Robotica/install/webots_ros2_driver/include/webots/cpp/webots/Robot.hpp
[3.030s] -- Up-to-date: /home/usuario/Robotica/install/webots_ros2_driver/include/webots/cpp/webots/Accelerometer.hpp
[3.030s] -- Up-to-date: /home/usuario/Robotica/install/webots_ros2_driver/include/webots/cpp/webots/Keyboard.hpp
[3.030s] -- Up-to-date: /home/usuario/Robotica/install/webots_ros2_driver/include/webots/cpp/webots/VacuumGripper.hpp
[3.030s] -- Up-to-date: /home/usuario/Robotica/install/webots_ros2_driver/include/webots/cpp/webots/LED.hpp
[3.030s] -- Up-to-date: /home/usuario/Robotica/install/webots_ros2_driver/include/webots/cpp/webots/InertialUnit.hpp
[3.030s] -- Up-to-date: /home/usuario/Robotica/install/webots_ros2_driver/include/webots/cpp/webots/Mouse.hpp
[3.030s] -- Up-to-date: /home/usuario/Robotica/install/webots_ros2_driver/include/webots/cpp/webots/LightSensor.hpp
[3.030s] -- Up-to-date: /home/usuario/Robotica/install/webots_ros2_driver/include/webots/cpp/webots/Node.hpp
[3.030s] -- Up-to-date: /home/usuario/Robotica/install/webots_ros2_driver/include/webots/cpp/webots/TouchSensor.hpp
[3.030s] -- Up-to-date: /home/usuario/Robotica/install/webots_ros2_driver/include/webots/cpp/webots/GPS.hpp
[3.030s] -- Up-to-date: /home/usuario/Robotica/install/webots_ros2_driver/include/webots/cpp/webots/Motor.hpp
[3.031s] -- Up-to-date: /home/usuario/Robotica/install/webots_ros2_driver/include/webots/cpp/webots/Supervisor.hpp
[3.031s] -- Up-to-date: /home/usuario/Robotica/install/webots_ros2_driver/include/webots/cpp/webots/Skin.hpp
[3.031s] -- Up-to-date: /home/usuario/Robotica/install/webots_ros2_driver/include/webots/cpp/webots/Compass.hpp
[3.032s] -- Up-to-date: /home/usuario/Robotica/install/webots_ros2_driver/include/webots/cpp/webots/Radar.hpp
[3.033s] -- Up-to-date: /home/usuario/Robotica/install/webots_ros2_driver/include/webots/cpp/webots/ImageRef.hpp
[3.033s] -- Up-to-date: /home/usuario/Robotica/install/webots_ros2_driver/include/webots/cpp/webots/Display.hpp
[3.034s] -- Up-to-date: /home/usuario/Robotica/install/webots_ros2_driver/include/webots/cpp/webots/Gyro.hpp
[3.034s] -- Up-to-date: /home/usuario/Robotica/install/webots_ros2_driver/include/webots/cpp/webots/Emitter.hpp
[3.034s] -- Up-to-date: /home/usuario/Robotica/install/webots_ros2_driver/include/webots/cpp/webots/Field.hpp
[3.034s] -- Up-to-date: /home/usuario/Robotica/install/webots_ros2_driver/include/webots/cpp/webots/utils
[3.034s] -- Up-to-date: /home/usuario/Robotica/install/webots_ros2_driver/include/webots/cpp/webots/utils/AnsiCodes.hpp
[3.034s] -- Up-to-date: /home/usuario/Robotica/install/webots_ros2_driver/include/webots/cpp/webots/utils/Motion.hpp
[3.034s] -- Up-to-date: /home/usuario/Robotica/install/webots_ros2_driver/include/webots/cpp/webots/Brake.hpp
[3.035s] -- Up-to-date: /home/usuario/Robotica/install/webots_ros2_driver/include/webots/cpp/webots/Proto.hpp
[3.035s] -- Up-to-date: /home/usuario/Robotica/install/webots_ros2_driver/include/webots/cpp/webots/Camera.hpp
[3.035s] -- Up-to-date: /home/usuario/Robotica/install/webots_ros2_driver/include/webots/cpp/webots/Altimeter.hpp
[3.035s] -- Up-to-date: /home/usuario/Robotica/install/webots_ros2_driver/include/webots/cpp/webots/DistanceSensor.hpp
[3.035s] -- Up-to-date: /home/usuario/Robotica/install/webots_ros2_driver/include/webots/cpp/webots/Pen.hpp
[3.036s] -- Up-to-date: /home/usuario/Robotica/install/webots_ros2_driver/include/webots/cpp/webots/RangeFinder.hpp
[3.036s] -- Up-to-date: /home/usuario/Robotica/install/webots_ros2_driver/include/webots/cpp/webots/Receiver.hpp
[3.036s] -- Up-to-date: /home/usuario/Robotica/install/webots_ros2_driver/include/webots/cpp/webots/Connector.hpp
[3.036s] -- Up-to-date: /home/usuario/Robotica/install/webots_ros2_driver/lib/controller
[3.037s] -- Installing: /home/usuario/Robotica/install/webots_ros2_driver/lib/controller/libCppCar.so
[3.038s] -- Installing: /home/usuario/Robotica/install/webots_ros2_driver/lib/controller/libcar.so
[3.039s] -- Installing: /home/usuario/Robotica/install/webots_ros2_driver/lib/controller/libdriver.so
[3.039s] -- Up-to-date: /home/usuario/Robotica/install/webots_ros2_driver/lib/controller/libController.so
[3.040s] -- Installing: /home/usuario/Robotica/install/webots_ros2_driver/lib/controller/libCppDriver.so
[3.040s] -- Installing: /home/usuario/Robotica/install/webots_ros2_driver/lib/controller/libgeneric_robot_window.so
[3.040s] -- Up-to-date: /home/usuario/Robotica/install/webots_ros2_driver/lib/controller/.gitignore
[3.040s] -- Up-to-date: /home/usuario/Robotica/install/webots_ros2_driver/lib/controller/libCppController.so
[3.040s] -- Up-to-date: /home/usuario/Robotica/install/webots_ros2_driver/share/webots_ros2_driver/webots_ros2_imu.xml
[3.040s] -- Up-to-date: /home/usuario/Robotica/install/webots_ros2_driver/share/webots_ros2_driver/webots_ros2_rgbd.xml
[3.040s] -- Up-to-date: /home/usuario/Robotica/install/webots_ros2_driver/lib/webots_ros2_driver/ros2_supervisor.py
[3.041s] -- Up-to-date: /home/usuario/Robotica/install/webots_ros2_driver/share/webots_ros2_driver/scripts
[3.041s] -- Up-to-date: /home/usuario/Robotica/install/webots_ros2_driver/share/webots_ros2_driver/scripts/webots_tcp_client.py
[3.041s] -- Up-to-date: /home/usuario/Robotica/install/webots_ros2_driver/share/webots_ros2_driver/scripts/webots-controller
[3.041s] -- Up-to-date: /home/usuario/Robotica/install/webots_ros2_driver/share/webots_ros2_driver/environment/library_path.sh
[3.041s] -- Up-to-date: /home/usuario/Robotica/install/webots_ros2_driver/share/webots_ros2_driver/environment/library_path.dsv
[3.042s] -- Up-to-date: /home/usuario/Robotica/install/webots_ros2_driver/share/ament_index/resource_index/package_run_dependencies/webots_ros2_driver
[3.042s] -- Up-to-date: /home/usuario/Robotica/install/webots_ros2_driver/share/ament_index/resource_index/parent_prefix_path/webots_ros2_driver
[3.042s] -- Up-to-date: /home/usuario/Robotica/install/webots_ros2_driver/share/webots_ros2_driver/environment/ament_prefix_path.sh
[3.042s] -- Up-to-date: /home/usuario/Robotica/install/webots_ros2_driver/share/webots_ros2_driver/environment/ament_prefix_path.dsv
[3.042s] -- Up-to-date: /home/usuario/Robotica/install/webots_ros2_driver/share/webots_ros2_driver/environment/path.sh
[3.042s] -- Up-to-date: /home/usuario/Robotica/install/webots_ros2_driver/share/webots_ros2_driver/environment/path.dsv
[3.043s] -- Up-to-date: /home/usuario/Robotica/install/webots_ros2_driver/share/webots_ros2_driver/local_setup.bash
[3.043s] -- Up-to-date: /home/usuario/Robotica/install/webots_ros2_driver/share/webots_ros2_driver/local_setup.sh
[3.043s] -- Up-to-date: /home/usuario/Robotica/install/webots_ros2_driver/share/webots_ros2_driver/local_setup.zsh
[3.043s] -- Up-to-date: /home/usuario/Robotica/install/webots_ros2_driver/share/webots_ros2_driver/local_setup.dsv
[3.043s] -- Installing: /home/usuario/Robotica/install/webots_ros2_driver/share/webots_ros2_driver/package.dsv
[3.044s] -- Up-to-date: /home/usuario/Robotica/install/webots_ros2_driver/share/ament_index/resource_index/packages/webots_ros2_driver
[3.044s] -- Up-to-date: /home/usuario/Robotica/install/webots_ros2_driver/share/ament_index/resource_index/webots_ros2_driver__pluginlib__plugin/webots_ros2_driver
[3.044s] -- Up-to-date: /home/usuario/Robotica/install/webots_ros2_driver/share/webots_ros2_driver/cmake/ament_cmake_export_include_directories-extras.cmake
[3.045s] -- Up-to-date: /home/usuario/Robotica/install/webots_ros2_driver/share/webots_ros2_driver/cmake/ament_cmake_export_dependencies-extras.cmake
[3.045s] -- Up-to-date: /home/usuario/Robotica/install/webots_ros2_driver/share/webots_ros2_driver/cmake/ament_cmake_export_libraries-extras.cmake
[3.045s] -- Up-to-date: /home/usuario/Robotica/install/webots_ros2_driver/share/webots_ros2_driver/cmake/webots_ros2_driverConfig.cmake
[3.045s] -- Up-to-date: /home/usuario/Robotica/install/webots_ros2_driver/share/webots_ros2_driver/cmake/webots_ros2_driverConfig-version.cmake
[3.046s] -- Up-to-date: /home/usuario/Robotica/install/webots_ros2_driver/share/webots_ros2_driver/package.xml
[3.046s] Invoked command in '/home/usuario/Robotica/build/webots_ros2_driver' returned '0': AMENT_PREFIX_PATH=/home/usuario/Robotica/install/webots_ros2_msgs:/home/usuario/Robotica/install/webots_ros2_importer:${AMENT_PREFIX_PATH} CMAKE_PREFIX_PATH=/home/usuario/Robotica/install/webots_ros2_msgs:/opt/ros/jazzy/opt/sdformat_vendor:/opt/ros/jazzy/opt/gz_math_vendor:/opt/ros/jazzy/opt/gz_utils_vendor:/opt/ros/jazzy/opt/gz_tools_vendor:/opt/ros/jazzy/opt/gz_cmake_vendor:/opt/ros/jazzy DEBUGINFOD_URLS=https://debuginfod.ubuntu.com LD_LIBRARY_PATH=/home/usuario/Robotica/install/webots_ros2_msgs/lib:${LD_LIBRARY_PATH} PYTHONPATH=/home/usuario/Robotica/install/webots_ros2_msgs/lib/python3.12/site-packages:/home/usuario/Robotica/install/webots_ros2_importer/lib/python3.12/site-packages:${PYTHONPATH} /usr/bin/cmake --install /home/usuario/Robotica/build/webots_ros2_driver
