[0.165s] Invoking command in '/home/usuario/Robotica/ros2_ws/build/webots_ros2_control': AMENT_PREFIX_PATH=/home/usuario/Robotica/ros2_ws/install/webots_ros2_driver:/home/usuario/Robotica/ros2_ws/install/webots_ros2_msgs:/home/usuario/Robotica/ros2_ws/install/webots_ros2_importer:${AMENT_PREFIX_PATH} CMAKE_PREFIX_PATH=/home/usuario/Robotica/ros2_ws/install/webots_ros2_driver:/home/usuario/Robotica/ros2_ws/install/webots_ros2_msgs:/opt/ros/jazzy/opt/sdformat_vendor:/opt/ros/jazzy/opt/gz_math_vendor:/opt/ros/jazzy/opt/gz_utils_vendor:/opt/ros/jazzy/opt/gz_tools_vendor:/opt/ros/jazzy/opt/gz_cmake_vendor:/opt/ros/jazzy DEBUGINFOD_URLS=https://debuginfod.ubuntu.com LD_LIBRARY_PATH=/home/usuario/Robotica/ros2_ws/install/webots_ros2_driver/lib:/home/usuario/Robotica/ros2_ws/install/webots_ros2_msgs/lib:${LD_LIBRARY_PATH} PYTHONPATH=/home/usuario/Robotica/ros2_ws/install/webots_ros2_driver/lib/python3.12/site-packages:/home/usuario/Robotica/ros2_ws/install/webots_ros2_msgs/lib/python3.12/site-packages:/home/usuario/Robotica/ros2_ws/build/webots_ros2_importer:/home/usuario/Robotica/ros2_ws/install/webots_ros2_importer/lib/python3.12/site-packages:${PYTHONPATH} /usr/bin/cmake --build /home/usuario/Robotica/ros2_ws/build/webots_ros2_control -- -j10 -l10
[0.270s] [ 25%] [32m[1mLinking CXX shared library libwebots_ros2_control_system.so[0m
[0.271s] [ 50%] [32m[1mLinking CXX shared library libwebots_ros2_control.so[0m
[0.610s] [ 75%] Built target webots_ros2_control_system
[0.705s] [100%] Built target webots_ros2_control
[0.919s] Invoked command in '/home/usuario/Robotica/ros2_ws/build/webots_ros2_control' returned '0': AMENT_PREFIX_PATH=/home/usuario/Robotica/ros2_ws/install/webots_ros2_driver:/home/usuario/Robotica/ros2_ws/install/webots_ros2_msgs:/home/usuario/Robotica/ros2_ws/install/webots_ros2_importer:${AMENT_PREFIX_PATH} CMAKE_PREFIX_PATH=/home/usuario/Robotica/ros2_ws/install/webots_ros2_driver:/home/usuario/Robotica/ros2_ws/install/webots_ros2_msgs:/opt/ros/jazzy/opt/sdformat_vendor:/opt/ros/jazzy/opt/gz_math_vendor:/opt/ros/jazzy/opt/gz_utils_vendor:/opt/ros/jazzy/opt/gz_tools_vendor:/opt/ros/jazzy/opt/gz_cmake_vendor:/opt/ros/jazzy DEBUGINFOD_URLS=https://debuginfod.ubuntu.com LD_LIBRARY_PATH=/home/usuario/Robotica/ros2_ws/install/webots_ros2_driver/lib:/home/usuario/Robotica/ros2_ws/install/webots_ros2_msgs/lib:${LD_LIBRARY_PATH} PYTHONPATH=/home/usuario/Robotica/ros2_ws/install/webots_ros2_driver/lib/python3.12/site-packages:/home/usuario/Robotica/ros2_ws/install/webots_ros2_msgs/lib/python3.12/site-packages:/home/usuario/Robotica/ros2_ws/build/webots_ros2_importer:/home/usuario/Robotica/ros2_ws/install/webots_ros2_importer/lib/python3.12/site-packages:${PYTHONPATH} /usr/bin/cmake --build /home/usuario/Robotica/ros2_ws/build/webots_ros2_control -- -j10 -l10
[0.919s] Invoking command in '/home/usuario/Robotica/ros2_ws/build/webots_ros2_control': AMENT_PREFIX_PATH=/home/usuario/Robotica/ros2_ws/install/webots_ros2_driver:/home/usuario/Robotica/ros2_ws/install/webots_ros2_msgs:/home/usuario/Robotica/ros2_ws/install/webots_ros2_importer:${AMENT_PREFIX_PATH} CMAKE_PREFIX_PATH=/home/usuario/Robotica/ros2_ws/install/webots_ros2_driver:/home/usuario/Robotica/ros2_ws/install/webots_ros2_msgs:/opt/ros/jazzy/opt/sdformat_vendor:/opt/ros/jazzy/opt/gz_math_vendor:/opt/ros/jazzy/opt/gz_utils_vendor:/opt/ros/jazzy/opt/gz_tools_vendor:/opt/ros/jazzy/opt/gz_cmake_vendor:/opt/ros/jazzy DEBUGINFOD_URLS=https://debuginfod.ubuntu.com LD_LIBRARY_PATH=/home/usuario/Robotica/ros2_ws/install/webots_ros2_driver/lib:/home/usuario/Robotica/ros2_ws/install/webots_ros2_msgs/lib:${LD_LIBRARY_PATH} PYTHONPATH=/home/usuario/Robotica/ros2_ws/install/webots_ros2_driver/lib/python3.12/site-packages:/home/usuario/Robotica/ros2_ws/install/webots_ros2_msgs/lib/python3.12/site-packages:/home/usuario/Robotica/ros2_ws/build/webots_ros2_importer:/home/usuario/Robotica/ros2_ws/install/webots_ros2_importer/lib/python3.12/site-packages:${PYTHONPATH} /usr/bin/cmake --install /home/usuario/Robotica/ros2_ws/build/webots_ros2_control
[0.932s] -- Install configuration: ""
[0.933s] -- Execute custom install script
[0.934s] -- Up-to-date symlink: /home/usuario/Robotica/ros2_ws/install/webots_ros2_control/share/webots_ros2_control//webots_ros2_control.xml
[0.935s] -- Up-to-date symlink: /home/usuario/Robotica/ros2_ws/install/webots_ros2_control/share/webots_ros2_control//webots_ros2_control_system.xml
[0.935s] -- Up-to-date symlink: /home/usuario/Robotica/ros2_ws/install/webots_ros2_control/lib/libwebots_ros2_control.so
[0.936s] -- Up-to-date symlink: /home/usuario/Robotica/ros2_ws/install/webots_ros2_control/lib/libwebots_ros2_control_system.so
[0.936s] -- Up-to-date symlink: /home/usuario/Robotica/ros2_ws/install/webots_ros2_control/include/webots_ros2_control/Ros2Control.hpp
[0.936s] -- Up-to-date symlink: /home/usuario/Robotica/ros2_ws/install/webots_ros2_control/include/webots_ros2_control/Ros2ControlSystem.hpp
[0.937s] -- Up-to-date symlink: /home/usuario/Robotica/ros2_ws/install/webots_ros2_control/include/webots_ros2_control/Ros2ControlSystemInterface.hpp
[0.938s] -- Up-to-date symlink: /home/usuario/Robotica/ros2_ws/install/webots_ros2_control/share/webots_ros2_control/environment/library_path.sh
[0.938s] -- Up-to-date symlink: /home/usuario/Robotica/ros2_ws/install/webots_ros2_control/share/webots_ros2_control/environment/library_path.dsv
[0.938s] -- Up-to-date symlink: /home/usuario/Robotica/ros2_ws/install/webots_ros2_control/share/ament_index/resource_index/package_run_dependencies/webots_ros2_control
[0.940s] -- Up-to-date symlink: /home/usuario/Robotica/ros2_ws/install/webots_ros2_control/share/ament_index/resource_index/parent_prefix_path/webots_ros2_control
[0.941s] -- Up-to-date symlink: /home/usuario/Robotica/ros2_ws/install/webots_ros2_control/share/webots_ros2_control/environment/ament_prefix_path.sh
[0.941s] -- Up-to-date symlink: /home/usuario/Robotica/ros2_ws/install/webots_ros2_control/share/webots_ros2_control/environment/ament_prefix_path.dsv
[0.941s] -- Up-to-date symlink: /home/usuario/Robotica/ros2_ws/install/webots_ros2_control/share/webots_ros2_control/environment/path.sh
[0.941s] -- Up-to-date symlink: /home/usuario/Robotica/ros2_ws/install/webots_ros2_control/share/webots_ros2_control/environment/path.dsv
[0.941s] -- Up-to-date symlink: /home/usuario/Robotica/ros2_ws/install/webots_ros2_control/share/webots_ros2_control/local_setup.bash
[0.942s] -- Up-to-date symlink: /home/usuario/Robotica/ros2_ws/install/webots_ros2_control/share/webots_ros2_control/local_setup.sh
[0.942s] -- Up-to-date symlink: /home/usuario/Robotica/ros2_ws/install/webots_ros2_control/share/webots_ros2_control/local_setup.zsh
[0.943s] -- Up-to-date symlink: /home/usuario/Robotica/ros2_ws/install/webots_ros2_control/share/webots_ros2_control/local_setup.dsv
[0.943s] -- Symlinking: /home/usuario/Robotica/ros2_ws/install/webots_ros2_control/share/webots_ros2_control/package.dsv
[0.955s] -- Up-to-date symlink: /home/usuario/Robotica/ros2_ws/install/webots_ros2_control/share/ament_index/resource_index/packages/webots_ros2_control
[0.955s] -- Up-to-date symlink: /home/usuario/Robotica/ros2_ws/install/webots_ros2_control/share/ament_index/resource_index/webots_ros2_driver__pluginlib__plugin/webots_ros2_control
[0.955s] -- Up-to-date symlink: /home/usuario/Robotica/ros2_ws/install/webots_ros2_control/share/ament_index/resource_index/webots_ros2_control__pluginlib__plugin/webots_ros2_control
[0.955s] -- Up-to-date symlink: /home/usuario/Robotica/ros2_ws/install/webots_ros2_control/share/webots_ros2_control/cmake/ament_cmake_export_include_directories-extras.cmake
[0.955s] -- Up-to-date symlink: /home/usuario/Robotica/ros2_ws/install/webots_ros2_control/share/webots_ros2_control/cmake/ament_cmake_export_dependencies-extras.cmake
[0.955s] -- Up-to-date symlink: /home/usuario/Robotica/ros2_ws/install/webots_ros2_control/share/webots_ros2_control/cmake/ament_cmake_export_libraries-extras.cmake
[0.956s] -- Up-to-date symlink: /home/usuario/Robotica/ros2_ws/install/webots_ros2_control/share/webots_ros2_control/cmake/webots_ros2_controlConfig.cmake
[0.956s] -- Up-to-date symlink: /home/usuario/Robotica/ros2_ws/install/webots_ros2_control/share/webots_ros2_control/cmake/webots_ros2_controlConfig-version.cmake
[0.956s] -- Up-to-date symlink: /home/usuario/Robotica/ros2_ws/install/webots_ros2_control/share/webots_ros2_control/package.xml
[0.959s] Invoked command in '/home/usuario/Robotica/ros2_ws/build/webots_ros2_control' returned '0': AMENT_PREFIX_PATH=/home/usuario/Robotica/ros2_ws/install/webots_ros2_driver:/home/usuario/Robotica/ros2_ws/install/webots_ros2_msgs:/home/usuario/Robotica/ros2_ws/install/webots_ros2_importer:${AMENT_PREFIX_PATH} CMAKE_PREFIX_PATH=/home/usuario/Robotica/ros2_ws/install/webots_ros2_driver:/home/usuario/Robotica/ros2_ws/install/webots_ros2_msgs:/opt/ros/jazzy/opt/sdformat_vendor:/opt/ros/jazzy/opt/gz_math_vendor:/opt/ros/jazzy/opt/gz_utils_vendor:/opt/ros/jazzy/opt/gz_tools_vendor:/opt/ros/jazzy/opt/gz_cmake_vendor:/opt/ros/jazzy DEBUGINFOD_URLS=https://debuginfod.ubuntu.com LD_LIBRARY_PATH=/home/usuario/Robotica/ros2_ws/install/webots_ros2_driver/lib:/home/usuario/Robotica/ros2_ws/install/webots_ros2_msgs/lib:${LD_LIBRARY_PATH} PYTHONPATH=/home/usuario/Robotica/ros2_ws/install/webots_ros2_driver/lib/python3.12/site-packages:/home/usuario/Robotica/ros2_ws/install/webots_ros2_msgs/lib/python3.12/site-packages:/home/usuario/Robotica/ros2_ws/build/webots_ros2_importer:/home/usuario/Robotica/ros2_ws/install/webots_ros2_importer/lib/python3.12/site-packages:${PYTHONPATH} /usr/bin/cmake --install /home/usuario/Robotica/ros2_ws/build/webots_ros2_control
