[3.095s] Invoking command in '/home/usuario/Robotica/ros2_ws/src/webots_ros2/webots_ros2_crazyflie': AMENT_PREFIX_PATH=/home/usuario/Robotica/install/webots_ros2_driver:/home/usuario/Robotica/install/webots_ros2_msgs:/home/usuario/Robotica/install/webots_ros2_importer:${AMENT_PREFIX_PATH} CMAKE_PREFIX_PATH=/home/usuario/Robotica/install/webots_ros2_driver:/home/usuario/Robotica/install/webots_ros2_msgs:${CMAKE_PREFIX_PATH} DEBUGINFOD_URLS=https://debuginfod.ubuntu.com LD_LIBRARY_PATH=/home/usuario/Robotica/install/webots_ros2_driver/lib:/home/usuario/Robotica/install/webots_ros2_msgs/lib:${LD_LIBRARY_PATH} PYTHONPATH=/home/usuario/Robotica/build/webots_ros2_crazyflie/prefix_override:/usr/lib/python3/dist-packages/colcon_core/task/python/colcon_distutils_commands:/home/usuario/Robotica/install/webots_ros2_crazyflie/lib/python3.12/site-packages:/home/usuario/Robotica/install/webots_ros2_driver/lib/python3.12/site-packages:/home/usuario/Robotica/install/webots_ros2_msgs/lib/python3.12/site-packages:/home/usuario/Robotica/install/webots_ros2_importer/lib/python3.12/site-packages:${PYTHONPATH} /usr/bin/python3 -W ignore:setup.py install is deprecated -W ignore:easy_install command is deprecated setup.py egg_info --egg-base ../../../../build/webots_ros2_crazyflie build --build-base /home/usuario/Robotica/build/webots_ros2_crazyflie/build install --record /home/usuario/Robotica/build/webots_ros2_crazyflie/install.log --single-version-externally-managed install_data
[3.672s] running egg_info
[3.723s] writing ../../../../build/webots_ros2_crazyflie/webots_ros2_crazyflie.egg-info/PKG-INFO
[3.727s] writing dependency_links to ../../../../build/webots_ros2_crazyflie/webots_ros2_crazyflie.egg-info/dependency_links.txt
[3.735s] writing entry points to ../../../../build/webots_ros2_crazyflie/webots_ros2_crazyflie.egg-info/entry_points.txt
[3.737s] writing requirements to ../../../../build/webots_ros2_crazyflie/webots_ros2_crazyflie.egg-info/requires.txt
[3.769s] writing top-level names to ../../../../build/webots_ros2_crazyflie/webots_ros2_crazyflie.egg-info/top_level.txt
[3.877s] reading manifest file '../../../../build/webots_ros2_crazyflie/webots_ros2_crazyflie.egg-info/SOURCES.txt'
[3.879s] writing manifest file '../../../../build/webots_ros2_crazyflie/webots_ros2_crazyflie.egg-info/SOURCES.txt'
[3.879s] running build
[3.879s] running build_py
[3.879s] running install
[3.893s] running install_lib
[3.953s] running install_data
[3.953s] running install_egg_info
[3.979s] removing '/home/usuario/Robotica/install/webots_ros2_crazyflie/lib/python3.12/site-packages/webots_ros2_crazyflie-2025.0.1-py3.12.egg-info' (and everything under it)
[3.985s] Copying ../../../../build/webots_ros2_crazyflie/webots_ros2_crazyflie.egg-info to /home/usuario/Robotica/install/webots_ros2_crazyflie/lib/python3.12/site-packages/webots_ros2_crazyflie-2025.0.1-py3.12.egg-info
[3.985s] running install_scripts
[4.223s] Installing crazyflie_driver script to /home/usuario/Robotica/install/webots_ros2_crazyflie/lib/webots_ros2_crazyflie
[4.225s] writing list of installed files to '/home/usuario/Robotica/build/webots_ros2_crazyflie/install.log'
[4.285s] Invoked command in '/home/usuario/Robotica/ros2_ws/src/webots_ros2/webots_ros2_crazyflie' returned '0': AMENT_PREFIX_PATH=/home/usuario/Robotica/install/webots_ros2_driver:/home/usuario/Robotica/install/webots_ros2_msgs:/home/usuario/Robotica/install/webots_ros2_importer:${AMENT_PREFIX_PATH} CMAKE_PREFIX_PATH=/home/usuario/Robotica/install/webots_ros2_driver:/home/usuario/Robotica/install/webots_ros2_msgs:${CMAKE_PREFIX_PATH} DEBUGINFOD_URLS=https://debuginfod.ubuntu.com LD_LIBRARY_PATH=/home/usuario/Robotica/install/webots_ros2_driver/lib:/home/usuario/Robotica/install/webots_ros2_msgs/lib:${LD_LIBRARY_PATH} PYTHONPATH=/home/usuario/Robotica/build/webots_ros2_crazyflie/prefix_override:/usr/lib/python3/dist-packages/colcon_core/task/python/colcon_distutils_commands:/home/usuario/Robotica/install/webots_ros2_crazyflie/lib/python3.12/site-packages:/home/usuario/Robotica/install/webots_ros2_driver/lib/python3.12/site-packages:/home/usuario/Robotica/install/webots_ros2_msgs/lib/python3.12/site-packages:/home/usuario/Robotica/install/webots_ros2_importer/lib/python3.12/site-packages:${PYTHONPATH} /usr/bin/python3 -W ignore:setup.py install is deprecated -W ignore:easy_install command is deprecated setup.py egg_info --egg-base ../../../../build/webots_ros2_crazyflie build --build-base /home/usuario/Robotica/build/webots_ros2_crazyflie/build install --record /home/usuario/Robotica/build/webots_ros2_crazyflie/install.log --single-version-externally-managed install_data
