[3.790s] Invoking command in '/home/usuario/Robotica/ros2_ws/src/webots_ros2/webots_ros2_epuck': AMENT_PREFIX_PATH=/home/usuario/Robotica/install/webots_ros2_control:/home/usuario/Robotica/install/webots_ros2_driver:/home/usuario/Robotica/install/webots_ros2_msgs:/home/usuario/Robotica/install/webots_ros2_importer:${AMENT_PREFIX_PATH} CMAKE_PREFIX_PATH=/home/usuario/Robotica/install/webots_ros2_control:/home/usuario/Robotica/install/webots_ros2_driver:/home/usuario/Robotica/install/webots_ros2_msgs:${CMAKE_PREFIX_PATH} DEBUGINFOD_URLS=https://debuginfod.ubuntu.com LD_LIBRARY_PATH=/home/usuario/Robotica/install/webots_ros2_control/lib:/home/usuario/Robotica/install/webots_ros2_driver/lib:/home/usuario/Robotica/install/webots_ros2_msgs/lib:${LD_LIBRARY_PATH} PYTHONPATH=/home/usuario/Robotica/build/webots_ros2_epuck/prefix_override:/usr/lib/python3/dist-packages/colcon_core/task/python/colcon_distutils_commands:/home/usuario/Robotica/install/webots_ros2_epuck/lib/python3.12/site-packages:/home/usuario/Robotica/install/webots_ros2_driver/lib/python3.12/site-packages:/home/usuario/Robotica/install/webots_ros2_msgs/lib/python3.12/site-packages:/home/usuario/Robotica/install/webots_ros2_importer/lib/python3.12/site-packages:${PYTHONPATH} /usr/bin/python3 -W ignore:setup.py install is deprecated -W ignore:easy_install command is deprecated setup.py egg_info --egg-base ../../../../build/webots_ros2_epuck build --build-base /home/usuario/Robotica/build/webots_ros2_epuck/build install --record /home/usuario/Robotica/build/webots_ros2_epuck/install.log --single-version-externally-managed install_data
[4.274s] running egg_info
[4.316s] writing ../../../../build/webots_ros2_epuck/webots_ros2_epuck.egg-info/PKG-INFO
[4.318s] writing dependency_links to ../../../../build/webots_ros2_epuck/webots_ros2_epuck.egg-info/dependency_links.txt
[4.320s] writing entry points to ../../../../build/webots_ros2_epuck/webots_ros2_epuck.egg-info/entry_points.txt
[4.321s] writing requirements to ../../../../build/webots_ros2_epuck/webots_ros2_epuck.egg-info/requires.txt
[4.322s] writing top-level names to ../../../../build/webots_ros2_epuck/webots_ros2_epuck.egg-info/top_level.txt
[4.376s] reading manifest file '../../../../build/webots_ros2_epuck/webots_ros2_epuck.egg-info/SOURCES.txt'
[4.378s] writing manifest file '../../../../build/webots_ros2_epuck/webots_ros2_epuck.egg-info/SOURCES.txt'
[4.379s] running build
[4.379s] running build_py
[4.380s] running install
[4.391s] running install_lib
[4.419s] running install_data
[4.420s] running install_egg_info
[4.447s] removing '/home/usuario/Robotica/install/webots_ros2_epuck/lib/python3.12/site-packages/webots_ros2_epuck-2025.0.1-py3.12.egg-info' (and everything under it)
[4.447s] Copying ../../../../build/webots_ros2_epuck/webots_ros2_epuck.egg-info to /home/usuario/Robotica/install/webots_ros2_epuck/lib/python3.12/site-packages/webots_ros2_epuck-2025.0.1-py3.12.egg-info
[4.449s] running install_scripts
[4.636s] Installing drive_calibrator script to /home/usuario/Robotica/install/webots_ros2_epuck/lib/webots_ros2_epuck
[4.636s] Installing epuck_node script to /home/usuario/Robotica/install/webots_ros2_epuck/lib/webots_ros2_epuck
[4.636s] Installing simple_mapper script to /home/usuario/Robotica/install/webots_ros2_epuck/lib/webots_ros2_epuck
[4.636s] writing list of installed files to '/home/usuario/Robotica/build/webots_ros2_epuck/install.log'
[4.751s] Invoked command in '/home/usuario/Robotica/ros2_ws/src/webots_ros2/webots_ros2_epuck' returned '0': AMENT_PREFIX_PATH=/home/usuario/Robotica/install/webots_ros2_control:/home/usuario/Robotica/install/webots_ros2_driver:/home/usuario/Robotica/install/webots_ros2_msgs:/home/usuario/Robotica/install/webots_ros2_importer:${AMENT_PREFIX_PATH} CMAKE_PREFIX_PATH=/home/usuario/Robotica/install/webots_ros2_control:/home/usuario/Robotica/install/webots_ros2_driver:/home/usuario/Robotica/install/webots_ros2_msgs:${CMAKE_PREFIX_PATH} DEBUGINFOD_URLS=https://debuginfod.ubuntu.com LD_LIBRARY_PATH=/home/usuario/Robotica/install/webots_ros2_control/lib:/home/usuario/Robotica/install/webots_ros2_driver/lib:/home/usuario/Robotica/install/webots_ros2_msgs/lib:${LD_LIBRARY_PATH} PYTHONPATH=/home/usuario/Robotica/build/webots_ros2_epuck/prefix_override:/usr/lib/python3/dist-packages/colcon_core/task/python/colcon_distutils_commands:/home/usuario/Robotica/install/webots_ros2_epuck/lib/python3.12/site-packages:/home/usuario/Robotica/install/webots_ros2_driver/lib/python3.12/site-packages:/home/usuario/Robotica/install/webots_ros2_msgs/lib/python3.12/site-packages:/home/usuario/Robotica/install/webots_ros2_importer/lib/python3.12/site-packages:${PYTHONPATH} /usr/bin/python3 -W ignore:setup.py install is deprecated -W ignore:easy_install command is deprecated setup.py egg_info --egg-base ../../../../build/webots_ros2_epuck build --build-base /home/usuario/Robotica/build/webots_ros2_epuck/build install --record /home/usuario/Robotica/build/webots_ros2_epuck/install.log --single-version-externally-managed install_data
