[0.211s] Invoking command in '/home/usuario/Robotica/ros2_ws/build/webots_ros2_control': AMENT_PREFIX_PATH=/home/usuario/Robotica/ros2_ws/install/webots_ros2_driver:/home/usuario/Robotica/ros2_ws/install/webots_ros2_msgs:/home/usuario/Robotica/ros2_ws/install/webots_ros2_importer:${AMENT_PREFIX_PATH} CMAKE_PREFIX_PATH=/home/usuario/Robotica/ros2_ws/install/webots_ros2_driver:/home/usuario/Robotica/ros2_ws/install/webots_ros2_msgs:/opt/ros/jazzy/opt/sdformat_vendor:/opt/ros/jazzy/opt/gz_math_vendor:/opt/ros/jazzy/opt/gz_utils_vendor:/opt/ros/jazzy/opt/gz_tools_vendor:/opt/ros/jazzy/opt/gz_cmake_vendor:/opt/ros/jazzy DEBUGINFOD_URLS=https://debuginfod.ubuntu.com LD_LIBRARY_PATH=/home/usuario/Robotica/ros2_ws/install/webots_ros2_driver/lib:/home/usuario/Robotica/ros2_ws/install/webots_ros2_msgs/lib:${LD_LIBRARY_PATH} PYTHONPATH=/home/usuario/Robotica/ros2_ws/install/webots_ros2_driver/lib/python3.12/site-packages:/home/usuario/Robotica/ros2_ws/install/webots_ros2_msgs/lib/python3.12/site-packages:/home/usuario/Robotica/ros2_ws/build/webots_ros2_importer:/home/usuario/Robotica/ros2_ws/install/webots_ros2_importer/lib/python3.12/site-packages:${PYTHONPATH} /usr/bin/cmake --build /home/usuario/Robotica/ros2_ws/build/webots_ros2_control -- -j10 -l10
[0.418s] [ 50%] [32m[1mLinking CXX shared library libwebots_ros2_control_system.so[0m
[0.418s] [ 50%] [32m[1mLinking CXX shared library libwebots_ros2_control.so[0m
[1.564s] [ 75%] Built target webots_ros2_control_system
[1.643s] [100%] Built target webots_ros2_control
[1.744s] Invoked command in '/home/usuario/Robotica/ros2_ws/build/webots_ros2_control' returned '0': AMENT_PREFIX_PATH=/home/usuario/Robotica/ros2_ws/install/webots_ros2_driver:/home/usuario/Robotica/ros2_ws/install/webots_ros2_msgs:/home/usuario/Robotica/ros2_ws/install/webots_ros2_importer:${AMENT_PREFIX_PATH} CMAKE_PREFIX_PATH=/home/usuario/Robotica/ros2_ws/install/webots_ros2_driver:/home/usuario/Robotica/ros2_ws/install/webots_ros2_msgs:/opt/ros/jazzy/opt/sdformat_vendor:/opt/ros/jazzy/opt/gz_math_vendor:/opt/ros/jazzy/opt/gz_utils_vendor:/opt/ros/jazzy/opt/gz_tools_vendor:/opt/ros/jazzy/opt/gz_cmake_vendor:/opt/ros/jazzy DEBUGINFOD_URLS=https://debuginfod.ubuntu.com LD_LIBRARY_PATH=/home/usuario/Robotica/ros2_ws/install/webots_ros2_driver/lib:/home/usuario/Robotica/ros2_ws/install/webots_ros2_msgs/lib:${LD_LIBRARY_PATH} PYTHONPATH=/home/usuario/Robotica/ros2_ws/install/webots_ros2_driver/lib/python3.12/site-packages:/home/usuario/Robotica/ros2_ws/install/webots_ros2_msgs/lib/python3.12/site-packages:/home/usuario/Robotica/ros2_ws/build/webots_ros2_importer:/home/usuario/Robotica/ros2_ws/install/webots_ros2_importer/lib/python3.12/site-packages:${PYTHONPATH} /usr/bin/cmake --build /home/usuario/Robotica/ros2_ws/build/webots_ros2_control -- -j10 -l10
[1.767s] Invoking command in '/home/usuario/Robotica/ros2_ws/build/webots_ros2_control': AMENT_PREFIX_PATH=/home/usuario/Robotica/ros2_ws/install/webots_ros2_driver:/home/usuario/Robotica/ros2_ws/install/webots_ros2_msgs:/home/usuario/Robotica/ros2_ws/install/webots_ros2_importer:${AMENT_PREFIX_PATH} CMAKE_PREFIX_PATH=/home/usuario/Robotica/ros2_ws/install/webots_ros2_driver:/home/usuario/Robotica/ros2_ws/install/webots_ros2_msgs:/opt/ros/jazzy/opt/sdformat_vendor:/opt/ros/jazzy/opt/gz_math_vendor:/opt/ros/jazzy/opt/gz_utils_vendor:/opt/ros/jazzy/opt/gz_tools_vendor:/opt/ros/jazzy/opt/gz_cmake_vendor:/opt/ros/jazzy DEBUGINFOD_URLS=https://debuginfod.ubuntu.com LD_LIBRARY_PATH=/home/usuario/Robotica/ros2_ws/install/webots_ros2_driver/lib:/home/usuario/Robotica/ros2_ws/install/webots_ros2_msgs/lib:${LD_LIBRARY_PATH} PYTHONPATH=/home/usuario/Robotica/ros2_ws/install/webots_ros2_driver/lib/python3.12/site-packages:/home/usuario/Robotica/ros2_ws/install/webots_ros2_msgs/lib/python3.12/site-packages:/home/usuario/Robotica/ros2_ws/build/webots_ros2_importer:/home/usuario/Robotica/ros2_ws/install/webots_ros2_importer/lib/python3.12/site-packages:${PYTHONPATH} /usr/bin/cmake --install /home/usuario/Robotica/ros2_ws/build/webots_ros2_control
[1.780s] -- Install configuration: ""
[1.781s] -- Execute custom install script
[1.784s] -- Up-to-date symlink: /home/usuario/Robotica/ros2_ws/install/webots_ros2_control/share/webots_ros2_control//webots_ros2_control.xml
[1.785s] -- Up-to-date symlink: /home/usuario/Robotica/ros2_ws/install/webots_ros2_control/share/webots_ros2_control//webots_ros2_control_system.xml
[1.788s] -- Up-to-date symlink: /home/usuario/Robotica/ros2_ws/install/webots_ros2_control/lib/libwebots_ros2_control.so
[1.788s] -- Up-to-date symlink: /home/usuario/Robotica/ros2_ws/install/webots_ros2_control/lib/libwebots_ros2_control_system.so
[1.791s] -- Up-to-date symlink: /home/usuario/Robotica/ros2_ws/install/webots_ros2_control/include/webots_ros2_control/Ros2Control.hpp
[1.792s] -- Up-to-date symlink: /home/usuario/Robotica/ros2_ws/install/webots_ros2_control/include/webots_ros2_control/Ros2ControlSystem.hpp
[1.792s] -- Up-to-date symlink: /home/usuario/Robotica/ros2_ws/install/webots_ros2_control/include/webots_ros2_control/Ros2ControlSystemInterface.hpp
[1.794s] -- Up-to-date symlink: /home/usuario/Robotica/ros2_ws/install/webots_ros2_control/share/webots_ros2_control/environment/library_path.sh
[1.795s] -- Up-to-date symlink: /home/usuario/Robotica/ros2_ws/install/webots_ros2_control/share/webots_ros2_control/environment/library_path.dsv
[1.797s] -- Up-to-date symlink: /home/usuario/Robotica/ros2_ws/install/webots_ros2_control/share/ament_index/resource_index/package_run_dependencies/webots_ros2_control
[1.798s] -- Up-to-date symlink: /home/usuario/Robotica/ros2_ws/install/webots_ros2_control/share/ament_index/resource_index/parent_prefix_path/webots_ros2_control
[1.799s] -- Up-to-date symlink: /home/usuario/Robotica/ros2_ws/install/webots_ros2_control/share/webots_ros2_control/environment/ament_prefix_path.sh
[1.800s] -- Up-to-date symlink: /home/usuario/Robotica/ros2_ws/install/webots_ros2_control/share/webots_ros2_control/environment/ament_prefix_path.dsv
[1.801s] -- Up-to-date symlink: /home/usuario/Robotica/ros2_ws/install/webots_ros2_control/share/webots_ros2_control/environment/path.sh
[1.802s] -- Up-to-date symlink: /home/usuario/Robotica/ros2_ws/install/webots_ros2_control/share/webots_ros2_control/environment/path.dsv
[1.802s] -- Up-to-date symlink: /home/usuario/Robotica/ros2_ws/install/webots_ros2_control/share/webots_ros2_control/local_setup.bash
[1.803s] -- Up-to-date symlink: /home/usuario/Robotica/ros2_ws/install/webots_ros2_control/share/webots_ros2_control/local_setup.sh
[1.804s] -- Up-to-date symlink: /home/usuario/Robotica/ros2_ws/install/webots_ros2_control/share/webots_ros2_control/local_setup.zsh
[1.805s] -- Up-to-date symlink: /home/usuario/Robotica/ros2_ws/install/webots_ros2_control/share/webots_ros2_control/local_setup.dsv
[1.805s] -- Symlinking: /home/usuario/Robotica/ros2_ws/install/webots_ros2_control/share/webots_ros2_control/package.dsv
[1.822s] -- Up-to-date symlink: /home/usuario/Robotica/ros2_ws/install/webots_ros2_control/share/ament_index/resource_index/packages/webots_ros2_control
[1.824s] -- Up-to-date symlink: /home/usuario/Robotica/ros2_ws/install/webots_ros2_control/share/ament_index/resource_index/webots_ros2_driver__pluginlib__plugin/webots_ros2_control
[1.825s] -- Up-to-date symlink: /home/usuario/Robotica/ros2_ws/install/webots_ros2_control/share/ament_index/resource_index/webots_ros2_control__pluginlib__plugin/webots_ros2_control
[1.827s] -- Up-to-date symlink: /home/usuario/Robotica/ros2_ws/install/webots_ros2_control/share/webots_ros2_control/cmake/ament_cmake_export_include_directories-extras.cmake
[1.828s] -- Up-to-date symlink: /home/usuario/Robotica/ros2_ws/install/webots_ros2_control/share/webots_ros2_control/cmake/ament_cmake_export_dependencies-extras.cmake
[1.829s] -- Up-to-date symlink: /home/usuario/Robotica/ros2_ws/install/webots_ros2_control/share/webots_ros2_control/cmake/ament_cmake_export_libraries-extras.cmake
[1.831s] -- Up-to-date symlink: /home/usuario/Robotica/ros2_ws/install/webots_ros2_control/share/webots_ros2_control/cmake/webots_ros2_controlConfig.cmake
[1.832s] -- Up-to-date symlink: /home/usuario/Robotica/ros2_ws/install/webots_ros2_control/share/webots_ros2_control/cmake/webots_ros2_controlConfig-version.cmake
[1.833s] -- Up-to-date symlink: /home/usuario/Robotica/ros2_ws/install/webots_ros2_control/share/webots_ros2_control/package.xml
[1.836s] Invoked command in '/home/usuario/Robotica/ros2_ws/build/webots_ros2_control' returned '0': AMENT_PREFIX_PATH=/home/usuario/Robotica/ros2_ws/install/webots_ros2_driver:/home/usuario/Robotica/ros2_ws/install/webots_ros2_msgs:/home/usuario/Robotica/ros2_ws/install/webots_ros2_importer:${AMENT_PREFIX_PATH} CMAKE_PREFIX_PATH=/home/usuario/Robotica/ros2_ws/install/webots_ros2_driver:/home/usuario/Robotica/ros2_ws/install/webots_ros2_msgs:/opt/ros/jazzy/opt/sdformat_vendor:/opt/ros/jazzy/opt/gz_math_vendor:/opt/ros/jazzy/opt/gz_utils_vendor:/opt/ros/jazzy/opt/gz_tools_vendor:/opt/ros/jazzy/opt/gz_cmake_vendor:/opt/ros/jazzy DEBUGINFOD_URLS=https://debuginfod.ubuntu.com LD_LIBRARY_PATH=/home/usuario/Robotica/ros2_ws/install/webots_ros2_driver/lib:/home/usuario/Robotica/ros2_ws/install/webots_ros2_msgs/lib:${LD_LIBRARY_PATH} PYTHONPATH=/home/usuario/Robotica/ros2_ws/install/webots_ros2_driver/lib/python3.12/site-packages:/home/usuario/Robotica/ros2_ws/install/webots_ros2_msgs/lib/python3.12/site-packages:/home/usuario/Robotica/ros2_ws/build/webots_ros2_importer:/home/usuario/Robotica/ros2_ws/install/webots_ros2_importer/lib/python3.12/site-packages:${PYTHONPATH} /usr/bin/cmake --install /home/usuario/Robotica/ros2_ws/build/webots_ros2_control
