[0.350s] Invoking command in '/home/usuario/Robotica/build/webots_ros2_msgs': CMAKE_PREFIX_PATH=${CMAKE_PREFIX_PATH}:/opt/ros/jazzy DEBUGINFOD_URLS=https://debuginfod.ubuntu.com /usr/bin/cmake --build /home/usuario/Robotica/build/webots_ros2_msgs -- -j10 -l10
[0.444s] [  1%] Built target webots_ros2_msgs__rosidl_generator_type_description
[0.452s] [  1%] Built target ament_cmake_python_copy_webots_ros2_msgs
[0.502s] [  1%] Built target webots_ros2_msgs__cpp
[0.532s] [ 27%] Built target webots_ros2_msgs__rosidl_generator_c
[0.711s] [ 36%] Built target webots_ros2_msgs__rosidl_typesupport_cpp
[0.782s] [ 46%] Built target webots_ros2_msgs__rosidl_typesupport_c
[0.782s] [ 55%] Built target webots_ros2_msgs__rosidl_typesupport_introspection_cpp
[0.782s] [ 65%] Built target webots_ros2_msgs__rosidl_typesupport_fastrtps_c
[0.826s] [ 85%] Built target webots_ros2_msgs__rosidl_typesupport_introspection_c
[0.828s] [ 85%] Built target webots_ros2_msgs__rosidl_typesupport_fastrtps_cpp
[0.942s] [ 85%] Built target webots_ros2_msgs
[1.035s] [ 86%] Built target webots_ros2_msgs__py
[1.078s] running egg_info
[1.078s] [ 95%] Built target webots_ros2_msgs__rosidl_generator_py
[1.097s] writing webots_ros2_msgs.egg-info/PKG-INFO
[1.097s] writing dependency_links to webots_ros2_msgs.egg-info/dependency_links.txt
[1.097s] writing top-level names to webots_ros2_msgs.egg-info/top_level.txt
[1.222s] [ 97%] Built target webots_ros2_msgs_s__rosidl_typesupport_introspection_c
[1.250s] [ 99%] Built target webots_ros2_msgs_s__rosidl_typesupport_c
[1.265s] [100%] Built target webots_ros2_msgs_s__rosidl_typesupport_fastrtps_c
[1.317s] reading manifest file 'webots_ros2_msgs.egg-info/SOURCES.txt'
[1.317s] writing manifest file 'webots_ros2_msgs.egg-info/SOURCES.txt'
[1.354s] [100%] Built target ament_cmake_python_build_webots_ros2_msgs_egg
[1.569s] Invoked command in '/home/usuario/Robotica/build/webots_ros2_msgs' returned '0': CMAKE_PREFIX_PATH=${CMAKE_PREFIX_PATH}:/opt/ros/jazzy DEBUGINFOD_URLS=https://debuginfod.ubuntu.com /usr/bin/cmake --build /home/usuario/Robotica/build/webots_ros2_msgs -- -j10 -l10
[1.588s] Invoking command in '/home/usuario/Robotica/build/webots_ros2_msgs': CMAKE_PREFIX_PATH=${CMAKE_PREFIX_PATH}:/opt/ros/jazzy DEBUGINFOD_URLS=https://debuginfod.ubuntu.com /usr/bin/cmake --install /home/usuario/Robotica/build/webots_ros2_msgs
[1.600s] -- Install configuration: ""
[1.600s] -- Up-to-date: /home/usuario/Robotica/install/webots_ros2_msgs/share/ament_index/resource_index/rosidl_interfaces/webots_ros2_msgs
[1.600s] -- Up-to-date: /home/usuario/Robotica/install/webots_ros2_msgs/share/webots_ros2_msgs/msg/BoolStamped.json
[1.600s] -- Up-to-date: /home/usuario/Robotica/install/webots_ros2_msgs/share/webots_ros2_msgs/msg/FloatStamped.json
[1.600s] -- Up-to-date: /home/usuario/Robotica/install/webots_ros2_msgs/share/webots_ros2_msgs/msg/StringStamped.json
[1.600s] -- Up-to-date: /home/usuario/Robotica/install/webots_ros2_msgs/share/webots_ros2_msgs/msg/CameraRecognitionObject.json
[1.600s] -- Up-to-date: /home/usuario/Robotica/install/webots_ros2_msgs/share/webots_ros2_msgs/msg/CameraRecognitionObjects.json
[1.600s] -- Up-to-date: /home/usuario/Robotica/install/webots_ros2_msgs/share/webots_ros2_msgs/msg/UrdfRobot.json
[1.600s] -- Up-to-date: /home/usuario/Robotica/install/webots_ros2_msgs/share/webots_ros2_msgs/msg/PenInkProperties.json
[1.600s] -- Up-to-date: /home/usuario/Robotica/install/webots_ros2_msgs/share/webots_ros2_msgs/srv/EmitterSendString.json
[1.600s] -- Up-to-date: /home/usuario/Robotica/install/webots_ros2_msgs/share/webots_ros2_msgs/srv/GetBool.json
[1.600s] -- Up-to-date: /home/usuario/Robotica/install/webots_ros2_msgs/share/webots_ros2_msgs/srv/SetString.json
[1.601s] -- Up-to-date: /home/usuario/Robotica/install/webots_ros2_msgs/share/webots_ros2_msgs/srv/SpawnNodeFromString.json
[1.601s] -- Up-to-date: /home/usuario/Robotica/install/webots_ros2_msgs/share/webots_ros2_msgs/srv/SpawnUrdfRobot.json
[1.601s] -- Up-to-date: /home/usuario/Robotica/install/webots_ros2_msgs/include/webots_ros2_msgs/webots_ros2_msgs
[1.601s] -- Up-to-date: /home/usuario/Robotica/install/webots_ros2_msgs/include/webots_ros2_msgs/webots_ros2_msgs/srv
[1.601s] -- Up-to-date: /home/usuario/Robotica/install/webots_ros2_msgs/include/webots_ros2_msgs/webots_ros2_msgs/srv/detail
[1.601s] -- Up-to-date: /home/usuario/Robotica/install/webots_ros2_msgs/include/webots_ros2_msgs/webots_ros2_msgs/srv/detail/emitter_send_string__functions.c
[1.601s] -- Installing: /home/usuario/Robotica/install/webots_ros2_msgs/include/webots_ros2_msgs/webots_ros2_msgs/srv/detail/emitter_send_string__type_support.c
[1.601s] -- Installing: /home/usuario/Robotica/install/webots_ros2_msgs/include/webots_ros2_msgs/webots_ros2_msgs/srv/detail/get_bool__type_support.c
[1.601s] -- Up-to-date: /home/usuario/Robotica/install/webots_ros2_msgs/include/webots_ros2_msgs/webots_ros2_msgs/srv/detail/get_bool__functions.c
[1.601s] -- Up-to-date: /home/usuario/Robotica/install/webots_ros2_msgs/include/webots_ros2_msgs/webots_ros2_msgs/srv/detail/spawn_urdf_robot__functions.c
[1.601s] -- Up-to-date: /home/usuario/Robotica/install/webots_ros2_msgs/include/webots_ros2_msgs/webots_ros2_msgs/srv/detail/emitter_send_string__functions.h
[1.601s] -- Up-to-date: /home/usuario/Robotica/install/webots_ros2_msgs/include/webots_ros2_msgs/webots_ros2_msgs/srv/detail/spawn_node_from_string__struct.h
[1.601s] -- Up-to-date: /home/usuario/Robotica/install/webots_ros2_msgs/include/webots_ros2_msgs/webots_ros2_msgs/srv/detail/spawn_node_from_string__functions.h
[1.601s] -- Up-to-date: /home/usuario/Robotica/install/webots_ros2_msgs/include/webots_ros2_msgs/webots_ros2_msgs/srv/detail/set_string__functions.h
[1.601s] -- Up-to-date: /home/usuario/Robotica/install/webots_ros2_msgs/include/webots_ros2_msgs/webots_ros2_msgs/srv/detail/set_string__description.c
[1.602s] -- Up-to-date: /home/usuario/Robotica/install/webots_ros2_msgs/include/webots_ros2_msgs/webots_ros2_msgs/srv/detail/set_string__functions.c
[1.602s] -- Up-to-date: /home/usuario/Robotica/install/webots_ros2_msgs/include/webots_ros2_msgs/webots_ros2_msgs/srv/detail/get_bool__description.c
[1.602s] -- Up-to-date: /home/usuario/Robotica/install/webots_ros2_msgs/include/webots_ros2_msgs/webots_ros2_msgs/srv/detail/get_bool__struct.h
[1.602s] -- Installing: /home/usuario/Robotica/install/webots_ros2_msgs/include/webots_ros2_msgs/webots_ros2_msgs/srv/detail/spawn_urdf_robot__type_support.c
[1.602s] -- Up-to-date: /home/usuario/Robotica/install/webots_ros2_msgs/include/webots_ros2_msgs/webots_ros2_msgs/srv/detail/emitter_send_string__type_support.h
[1.603s] -- Up-to-date: /home/usuario/Robotica/install/webots_ros2_msgs/include/webots_ros2_msgs/webots_ros2_msgs/srv/detail/spawn_urdf_robot__functions.h
[1.603s] -- Installing: /home/usuario/Robotica/install/webots_ros2_msgs/include/webots_ros2_msgs/webots_ros2_msgs/srv/detail/spawn_node_from_string__type_support.c
[1.603s] -- Installing: /home/usuario/Robotica/install/webots_ros2_msgs/include/webots_ros2_msgs/webots_ros2_msgs/srv/detail/set_string__type_support.c
[1.603s] -- Up-to-date: /home/usuario/Robotica/install/webots_ros2_msgs/include/webots_ros2_msgs/webots_ros2_msgs/srv/detail/get_bool__functions.h
[1.603s] -- Up-to-date: /home/usuario/Robotica/install/webots_ros2_msgs/include/webots_ros2_msgs/webots_ros2_msgs/srv/detail/emitter_send_string__description.c
[1.603s] -- Up-to-date: /home/usuario/Robotica/install/webots_ros2_msgs/include/webots_ros2_msgs/webots_ros2_msgs/srv/detail/spawn_urdf_robot__struct.h
[1.603s] -- Up-to-date: /home/usuario/Robotica/install/webots_ros2_msgs/include/webots_ros2_msgs/webots_ros2_msgs/srv/detail/set_string__struct.h
[1.603s] -- Up-to-date: /home/usuario/Robotica/install/webots_ros2_msgs/include/webots_ros2_msgs/webots_ros2_msgs/srv/detail/spawn_node_from_string__type_support.h
[1.603s] -- Up-to-date: /home/usuario/Robotica/install/webots_ros2_msgs/include/webots_ros2_msgs/webots_ros2_msgs/srv/detail/spawn_urdf_robot__type_support.h
[1.603s] -- Up-to-date: /home/usuario/Robotica/install/webots_ros2_msgs/include/webots_ros2_msgs/webots_ros2_msgs/srv/detail/spawn_node_from_string__description.c
[1.603s] -- Up-to-date: /home/usuario/Robotica/install/webots_ros2_msgs/include/webots_ros2_msgs/webots_ros2_msgs/srv/detail/set_string__type_support.h
[1.603s] -- Up-to-date: /home/usuario/Robotica/install/webots_ros2_msgs/include/webots_ros2_msgs/webots_ros2_msgs/srv/detail/emitter_send_string__struct.h
[1.603s] -- Up-to-date: /home/usuario/Robotica/install/webots_ros2_msgs/include/webots_ros2_msgs/webots_ros2_msgs/srv/detail/spawn_node_from_string__functions.c
[1.603s] -- Up-to-date: /home/usuario/Robotica/install/webots_ros2_msgs/include/webots_ros2_msgs/webots_ros2_msgs/srv/detail/get_bool__type_support.h
[1.603s] -- Up-to-date: /home/usuario/Robotica/install/webots_ros2_msgs/include/webots_ros2_msgs/webots_ros2_msgs/srv/detail/spawn_urdf_robot__description.c
[1.603s] -- Up-to-date: /home/usuario/Robotica/install/webots_ros2_msgs/include/webots_ros2_msgs/webots_ros2_msgs/srv/spawn_node_from_string.h
[1.603s] -- Up-to-date: /home/usuario/Robotica/install/webots_ros2_msgs/include/webots_ros2_msgs/webots_ros2_msgs/srv/get_bool.h
[1.603s] -- Up-to-date: /home/usuario/Robotica/install/webots_ros2_msgs/include/webots_ros2_msgs/webots_ros2_msgs/srv/spawn_urdf_robot.h
[1.603s] -- Up-to-date: /home/usuario/Robotica/install/webots_ros2_msgs/include/webots_ros2_msgs/webots_ros2_msgs/srv/set_string.h
[1.603s] -- Up-to-date: /home/usuario/Robotica/install/webots_ros2_msgs/include/webots_ros2_msgs/webots_ros2_msgs/srv/emitter_send_string.h
[1.603s] -- Up-to-date: /home/usuario/Robotica/install/webots_ros2_msgs/include/webots_ros2_msgs/webots_ros2_msgs/msg
[1.603s] -- Up-to-date: /home/usuario/Robotica/install/webots_ros2_msgs/include/webots_ros2_msgs/webots_ros2_msgs/msg/pen_ink_properties.h
[1.603s] -- Up-to-date: /home/usuario/Robotica/install/webots_ros2_msgs/include/webots_ros2_msgs/webots_ros2_msgs/msg/rosidl_generator_c__visibility_control.h
[1.604s] -- Up-to-date: /home/usuario/Robotica/install/webots_ros2_msgs/include/webots_ros2_msgs/webots_ros2_msgs/msg/detail
[1.604s] -- Up-to-date: /home/usuario/Robotica/install/webots_ros2_msgs/include/webots_ros2_msgs/webots_ros2_msgs/msg/detail/pen_ink_properties__type_support.h
[1.604s] -- Up-to-date: /home/usuario/Robotica/install/webots_ros2_msgs/include/webots_ros2_msgs/webots_ros2_msgs/msg/detail/camera_recognition_object__struct.h
[1.604s] -- Installing: /home/usuario/Robotica/install/webots_ros2_msgs/include/webots_ros2_msgs/webots_ros2_msgs/msg/detail/pen_ink_properties__type_support.c
[1.604s] -- Up-to-date: /home/usuario/Robotica/install/webots_ros2_msgs/include/webots_ros2_msgs/webots_ros2_msgs/msg/detail/float_stamped__functions.c
[1.604s] -- Up-to-date: /home/usuario/Robotica/install/webots_ros2_msgs/include/webots_ros2_msgs/webots_ros2_msgs/msg/detail/pen_ink_properties__functions.c
[1.604s] -- Up-to-date: /home/usuario/Robotica/install/webots_ros2_msgs/include/webots_ros2_msgs/webots_ros2_msgs/msg/detail/string_stamped__struct.h
[1.604s] -- Up-to-date: /home/usuario/Robotica/install/webots_ros2_msgs/include/webots_ros2_msgs/webots_ros2_msgs/msg/detail/urdf_robot__functions.c
[1.604s] -- Up-to-date: /home/usuario/Robotica/install/webots_ros2_msgs/include/webots_ros2_msgs/webots_ros2_msgs/msg/detail/urdf_robot__functions.h
[1.604s] -- Up-to-date: /home/usuario/Robotica/install/webots_ros2_msgs/include/webots_ros2_msgs/webots_ros2_msgs/msg/detail/bool_stamped__struct.h
[1.604s] -- Up-to-date: /home/usuario/Robotica/install/webots_ros2_msgs/include/webots_ros2_msgs/webots_ros2_msgs/msg/detail/string_stamped__functions.c
[1.604s] -- Up-to-date: /home/usuario/Robotica/install/webots_ros2_msgs/include/webots_ros2_msgs/webots_ros2_msgs/msg/detail/string_stamped__type_support.h
[1.604s] -- Up-to-date: /home/usuario/Robotica/install/webots_ros2_msgs/include/webots_ros2_msgs/webots_ros2_msgs/msg/detail/float_stamped__struct.h
[1.604s] -- Up-to-date: /home/usuario/Robotica/install/webots_ros2_msgs/include/webots_ros2_msgs/webots_ros2_msgs/msg/detail/camera_recognition_objects__functions.h
[1.604s] -- Up-to-date: /home/usuario/Robotica/install/webots_ros2_msgs/include/webots_ros2_msgs/webots_ros2_msgs/msg/detail/camera_recognition_objects__functions.c
[1.604s] -- Up-to-date: /home/usuario/Robotica/install/webots_ros2_msgs/include/webots_ros2_msgs/webots_ros2_msgs/msg/detail/float_stamped__functions.h
[1.604s] -- Up-to-date: /home/usuario/Robotica/install/webots_ros2_msgs/include/webots_ros2_msgs/webots_ros2_msgs/msg/detail/camera_recognition_object__description.c
[1.604s] -- Installing: /home/usuario/Robotica/install/webots_ros2_msgs/include/webots_ros2_msgs/webots_ros2_msgs/msg/detail/urdf_robot__type_support.c
[1.604s] -- Up-to-date: /home/usuario/Robotica/install/webots_ros2_msgs/include/webots_ros2_msgs/webots_ros2_msgs/msg/detail/camera_recognition_objects__type_support.h
[1.605s] -- Up-to-date: /home/usuario/Robotica/install/webots_ros2_msgs/include/webots_ros2_msgs/webots_ros2_msgs/msg/detail/string_stamped__description.c
[1.606s] -- Up-to-date: /home/usuario/Robotica/install/webots_ros2_msgs/include/webots_ros2_msgs/webots_ros2_msgs/msg/detail/pen_ink_properties__description.c
[1.606s] -- Installing: /home/usuario/Robotica/install/webots_ros2_msgs/include/webots_ros2_msgs/webots_ros2_msgs/msg/detail/string_stamped__type_support.c
[1.607s] -- Up-to-date: /home/usuario/Robotica/install/webots_ros2_msgs/include/webots_ros2_msgs/webots_ros2_msgs/msg/detail/float_stamped__description.c
[1.607s] -- Up-to-date: /home/usuario/Robotica/install/webots_ros2_msgs/include/webots_ros2_msgs/webots_ros2_msgs/msg/detail/camera_recognition_objects__struct.h
[1.607s] -- Up-to-date: /home/usuario/Robotica/install/webots_ros2_msgs/include/webots_ros2_msgs/webots_ros2_msgs/msg/detail/string_stamped__functions.h
[1.607s] -- Installing: /home/usuario/Robotica/install/webots_ros2_msgs/include/webots_ros2_msgs/webots_ros2_msgs/msg/detail/camera_recognition_objects__type_support.c
[1.607s] -- Installing: /home/usuario/Robotica/install/webots_ros2_msgs/include/webots_ros2_msgs/webots_ros2_msgs/msg/detail/camera_recognition_object__type_support.c
[1.607s] -- Installing: /home/usuario/Robotica/install/webots_ros2_msgs/include/webots_ros2_msgs/webots_ros2_msgs/msg/detail/float_stamped__type_support.c
[1.607s] -- Up-to-date: /home/usuario/Robotica/install/webots_ros2_msgs/include/webots_ros2_msgs/webots_ros2_msgs/msg/detail/float_stamped__type_support.h
[1.607s] -- Up-to-date: /home/usuario/Robotica/install/webots_ros2_msgs/include/webots_ros2_msgs/webots_ros2_msgs/msg/detail/pen_ink_properties__struct.h
[1.608s] -- Up-to-date: /home/usuario/Robotica/install/webots_ros2_msgs/include/webots_ros2_msgs/webots_ros2_msgs/msg/detail/bool_stamped__type_support.h
[1.608s] -- Up-to-date: /home/usuario/Robotica/install/webots_ros2_msgs/include/webots_ros2_msgs/webots_ros2_msgs/msg/detail/urdf_robot__description.c
[1.608s] -- Up-to-date: /home/usuario/Robotica/install/webots_ros2_msgs/include/webots_ros2_msgs/webots_ros2_msgs/msg/detail/camera_recognition_object__functions.h
[1.608s] -- Up-to-date: /home/usuario/Robotica/install/webots_ros2_msgs/include/webots_ros2_msgs/webots_ros2_msgs/msg/detail/pen_ink_properties__functions.h
[1.608s] -- Up-to-date: /home/usuario/Robotica/install/webots_ros2_msgs/include/webots_ros2_msgs/webots_ros2_msgs/msg/detail/bool_stamped__functions.c
[1.608s] -- Up-to-date: /home/usuario/Robotica/install/webots_ros2_msgs/include/webots_ros2_msgs/webots_ros2_msgs/msg/detail/bool_stamped__description.c
[1.608s] -- Up-to-date: /home/usuario/Robotica/install/webots_ros2_msgs/include/webots_ros2_msgs/webots_ros2_msgs/msg/detail/camera_recognition_object__functions.c
[1.608s] -- Up-to-date: /home/usuario/Robotica/install/webots_ros2_msgs/include/webots_ros2_msgs/webots_ros2_msgs/msg/detail/camera_recognition_objects__description.c
[1.608s] -- Up-to-date: /home/usuario/Robotica/install/webots_ros2_msgs/include/webots_ros2_msgs/webots_ros2_msgs/msg/detail/urdf_robot__struct.h
[1.608s] -- Up-to-date: /home/usuario/Robotica/install/webots_ros2_msgs/include/webots_ros2_msgs/webots_ros2_msgs/msg/detail/urdf_robot__type_support.h
[1.608s] -- Installing: /home/usuario/Robotica/install/webots_ros2_msgs/include/webots_ros2_msgs/webots_ros2_msgs/msg/detail/bool_stamped__type_support.c
[1.609s] -- Up-to-date: /home/usuario/Robotica/install/webots_ros2_msgs/include/webots_ros2_msgs/webots_ros2_msgs/msg/detail/camera_recognition_object__type_support.h
[1.609s] -- Up-to-date: /home/usuario/Robotica/install/webots_ros2_msgs/include/webots_ros2_msgs/webots_ros2_msgs/msg/detail/bool_stamped__functions.h
[1.609s] -- Up-to-date: /home/usuario/Robotica/install/webots_ros2_msgs/include/webots_ros2_msgs/webots_ros2_msgs/msg/camera_recognition_object.h
[1.609s] -- Up-to-date: /home/usuario/Robotica/install/webots_ros2_msgs/include/webots_ros2_msgs/webots_ros2_msgs/msg/bool_stamped.h
[1.609s] -- Up-to-date: /home/usuario/Robotica/install/webots_ros2_msgs/include/webots_ros2_msgs/webots_ros2_msgs/msg/float_stamped.h
[1.609s] -- Up-to-date: /home/usuario/Robotica/install/webots_ros2_msgs/include/webots_ros2_msgs/webots_ros2_msgs/msg/string_stamped.h
[1.609s] -- Up-to-date: /home/usuario/Robotica/install/webots_ros2_msgs/include/webots_ros2_msgs/webots_ros2_msgs/msg/camera_recognition_objects.h
[1.609s] -- Up-to-date: /home/usuario/Robotica/install/webots_ros2_msgs/include/webots_ros2_msgs/webots_ros2_msgs/msg/urdf_robot.h
[1.609s] -- Up-to-date: /home/usuario/Robotica/install/webots_ros2_msgs/share/webots_ros2_msgs/environment/library_path.sh
[1.609s] -- Up-to-date: /home/usuario/Robotica/install/webots_ros2_msgs/share/webots_ros2_msgs/environment/library_path.dsv
[1.609s] -- Up-to-date: /home/usuario/Robotica/install/webots_ros2_msgs/lib/libwebots_ros2_msgs__rosidl_generator_c.so
[1.609s] -- Up-to-date: /home/usuario/Robotica/install/webots_ros2_msgs/include/webots_ros2_msgs/webots_ros2_msgs
[1.610s] -- Up-to-date: /home/usuario/Robotica/install/webots_ros2_msgs/include/webots_ros2_msgs/webots_ros2_msgs/srv
[1.610s] -- Up-to-date: /home/usuario/Robotica/install/webots_ros2_msgs/include/webots_ros2_msgs/webots_ros2_msgs/srv/detail
[1.610s] -- Up-to-date: /home/usuario/Robotica/install/webots_ros2_msgs/include/webots_ros2_msgs/webots_ros2_msgs/srv/detail/get_bool__rosidl_typesupport_fastrtps_c.h
[1.610s] -- Up-to-date: /home/usuario/Robotica/install/webots_ros2_msgs/include/webots_ros2_msgs/webots_ros2_msgs/srv/detail/set_string__rosidl_typesupport_fastrtps_c.h
[1.610s] -- Up-to-date: /home/usuario/Robotica/install/webots_ros2_msgs/include/webots_ros2_msgs/webots_ros2_msgs/srv/detail/emitter_send_string__rosidl_typesupport_fastrtps_c.h
[1.610s] -- Up-to-date: /home/usuario/Robotica/install/webots_ros2_msgs/include/webots_ros2_msgs/webots_ros2_msgs/srv/detail/spawn_urdf_robot__rosidl_typesupport_fastrtps_c.h
[1.610s] -- Up-to-date: /home/usuario/Robotica/install/webots_ros2_msgs/include/webots_ros2_msgs/webots_ros2_msgs/srv/detail/spawn_node_from_string__rosidl_typesupport_fastrtps_c.h
[1.610s] -- Up-to-date: /home/usuario/Robotica/install/webots_ros2_msgs/include/webots_ros2_msgs/webots_ros2_msgs/msg
[1.610s] -- Up-to-date: /home/usuario/Robotica/install/webots_ros2_msgs/include/webots_ros2_msgs/webots_ros2_msgs/msg/rosidl_typesupport_fastrtps_c__visibility_control.h
[1.611s] -- Up-to-date: /home/usuario/Robotica/install/webots_ros2_msgs/include/webots_ros2_msgs/webots_ros2_msgs/msg/detail
[1.611s] -- Up-to-date: /home/usuario/Robotica/install/webots_ros2_msgs/include/webots_ros2_msgs/webots_ros2_msgs/msg/detail/float_stamped__rosidl_typesupport_fastrtps_c.h
[1.611s] -- Up-to-date: /home/usuario/Robotica/install/webots_ros2_msgs/include/webots_ros2_msgs/webots_ros2_msgs/msg/detail/camera_recognition_object__rosidl_typesupport_fastrtps_c.h
[1.611s] -- Up-to-date: /home/usuario/Robotica/install/webots_ros2_msgs/include/webots_ros2_msgs/webots_ros2_msgs/msg/detail/bool_stamped__rosidl_typesupport_fastrtps_c.h
[1.611s] -- Up-to-date: /home/usuario/Robotica/install/webots_ros2_msgs/include/webots_ros2_msgs/webots_ros2_msgs/msg/detail/string_stamped__rosidl_typesupport_fastrtps_c.h
[1.611s] -- Up-to-date: /home/usuario/Robotica/install/webots_ros2_msgs/include/webots_ros2_msgs/webots_ros2_msgs/msg/detail/camera_recognition_objects__rosidl_typesupport_fastrtps_c.h
[1.611s] -- Up-to-date: /home/usuario/Robotica/install/webots_ros2_msgs/include/webots_ros2_msgs/webots_ros2_msgs/msg/detail/pen_ink_properties__rosidl_typesupport_fastrtps_c.h
[1.611s] -- Up-to-date: /home/usuario/Robotica/install/webots_ros2_msgs/include/webots_ros2_msgs/webots_ros2_msgs/msg/detail/urdf_robot__rosidl_typesupport_fastrtps_c.h
[1.611s] -- Up-to-date: /home/usuario/Robotica/install/webots_ros2_msgs/lib/libwebots_ros2_msgs__rosidl_typesupport_fastrtps_c.so
[1.611s] -- Up-to-date: /home/usuario/Robotica/install/webots_ros2_msgs/include/webots_ros2_msgs/webots_ros2_msgs
[1.612s] -- Up-to-date: /home/usuario/Robotica/install/webots_ros2_msgs/include/webots_ros2_msgs/webots_ros2_msgs/srv
[1.612s] -- Up-to-date: /home/usuario/Robotica/install/webots_ros2_msgs/include/webots_ros2_msgs/webots_ros2_msgs/srv/spawn_node_from_string.hpp
[1.612s] -- Up-to-date: /home/usuario/Robotica/install/webots_ros2_msgs/include/webots_ros2_msgs/webots_ros2_msgs/srv/detail
[1.612s] -- Up-to-date: /home/usuario/Robotica/install/webots_ros2_msgs/include/webots_ros2_msgs/webots_ros2_msgs/srv/detail/emitter_send_string__traits.hpp
[1.612s] -- Up-to-date: /home/usuario/Robotica/install/webots_ros2_msgs/include/webots_ros2_msgs/webots_ros2_msgs/srv/detail/spawn_node_from_string__builder.hpp
[1.612s] -- Up-to-date: /home/usuario/Robotica/install/webots_ros2_msgs/include/webots_ros2_msgs/webots_ros2_msgs/srv/detail/spawn_node_from_string__type_support.hpp
[1.612s] -- Up-to-date: /home/usuario/Robotica/install/webots_ros2_msgs/include/webots_ros2_msgs/webots_ros2_msgs/srv/detail/emitter_send_string__struct.hpp
[1.612s] -- Up-to-date: /home/usuario/Robotica/install/webots_ros2_msgs/include/webots_ros2_msgs/webots_ros2_msgs/srv/detail/set_string__struct.hpp
[1.612s] -- Up-to-date: /home/usuario/Robotica/install/webots_ros2_msgs/include/webots_ros2_msgs/webots_ros2_msgs/srv/detail/spawn_urdf_robot__builder.hpp
[1.612s] -- Up-to-date: /home/usuario/Robotica/install/webots_ros2_msgs/include/webots_ros2_msgs/webots_ros2_msgs/srv/detail/emitter_send_string__type_support.hpp
[1.612s] -- Up-to-date: /home/usuario/Robotica/install/webots_ros2_msgs/include/webots_ros2_msgs/webots_ros2_msgs/srv/detail/spawn_urdf_robot__struct.hpp
[1.613s] -- Up-to-date: /home/usuario/Robotica/install/webots_ros2_msgs/include/webots_ros2_msgs/webots_ros2_msgs/srv/detail/get_bool__builder.hpp
[1.613s] -- Up-to-date: /home/usuario/Robotica/install/webots_ros2_msgs/include/webots_ros2_msgs/webots_ros2_msgs/srv/detail/set_string__traits.hpp
[1.613s] -- Up-to-date: /home/usuario/Robotica/install/webots_ros2_msgs/include/webots_ros2_msgs/webots_ros2_msgs/srv/detail/get_bool__struct.hpp
[1.613s] -- Up-to-date: /home/usuario/Robotica/install/webots_ros2_msgs/include/webots_ros2_msgs/webots_ros2_msgs/srv/detail/spawn_urdf_robot__type_support.hpp
[1.613s] -- Up-to-date: /home/usuario/Robotica/install/webots_ros2_msgs/include/webots_ros2_msgs/webots_ros2_msgs/srv/detail/spawn_urdf_robot__traits.hpp
[1.613s] -- Up-to-date: /home/usuario/Robotica/install/webots_ros2_msgs/include/webots_ros2_msgs/webots_ros2_msgs/srv/detail/get_bool__traits.hpp
[1.613s] -- Up-to-date: /home/usuario/Robotica/install/webots_ros2_msgs/include/webots_ros2_msgs/webots_ros2_msgs/srv/detail/emitter_send_string__builder.hpp
[1.615s] -- Up-to-date: /home/usuario/Robotica/install/webots_ros2_msgs/include/webots_ros2_msgs/webots_ros2_msgs/srv/detail/spawn_node_from_string__struct.hpp
[1.615s] -- Up-to-date: /home/usuario/Robotica/install/webots_ros2_msgs/include/webots_ros2_msgs/webots_ros2_msgs/srv/detail/get_bool__type_support.hpp
[1.616s] -- Up-to-date: /home/usuario/Robotica/install/webots_ros2_msgs/include/webots_ros2_msgs/webots_ros2_msgs/srv/detail/set_string__builder.hpp
[1.616s] -- Up-to-date: /home/usuario/Robotica/install/webots_ros2_msgs/include/webots_ros2_msgs/webots_ros2_msgs/srv/detail/set_string__type_support.hpp
[1.616s] -- Up-to-date: /home/usuario/Robotica/install/webots_ros2_msgs/include/webots_ros2_msgs/webots_ros2_msgs/srv/detail/spawn_node_from_string__traits.hpp
[1.616s] -- Up-to-date: /home/usuario/Robotica/install/webots_ros2_msgs/include/webots_ros2_msgs/webots_ros2_msgs/srv/spawn_urdf_robot.hpp
[1.616s] -- Up-to-date: /home/usuario/Robotica/install/webots_ros2_msgs/include/webots_ros2_msgs/webots_ros2_msgs/srv/emitter_send_string.hpp
[1.616s] -- Up-to-date: /home/usuario/Robotica/install/webots_ros2_msgs/include/webots_ros2_msgs/webots_ros2_msgs/srv/get_bool.hpp
[1.616s] -- Up-to-date: /home/usuario/Robotica/install/webots_ros2_msgs/include/webots_ros2_msgs/webots_ros2_msgs/srv/set_string.hpp
[1.616s] -- Up-to-date: /home/usuario/Robotica/install/webots_ros2_msgs/include/webots_ros2_msgs/webots_ros2_msgs/msg
[1.616s] -- Up-to-date: /home/usuario/Robotica/install/webots_ros2_msgs/include/webots_ros2_msgs/webots_ros2_msgs/msg/string_stamped.hpp
[1.616s] -- Up-to-date: /home/usuario/Robotica/install/webots_ros2_msgs/include/webots_ros2_msgs/webots_ros2_msgs/msg/rosidl_generator_cpp__visibility_control.hpp
[1.616s] -- Up-to-date: /home/usuario/Robotica/install/webots_ros2_msgs/include/webots_ros2_msgs/webots_ros2_msgs/msg/camera_recognition_objects.hpp
[1.616s] -- Up-to-date: /home/usuario/Robotica/install/webots_ros2_msgs/include/webots_ros2_msgs/webots_ros2_msgs/msg/detail
[1.616s] -- Up-to-date: /home/usuario/Robotica/install/webots_ros2_msgs/include/webots_ros2_msgs/webots_ros2_msgs/msg/detail/string_stamped__builder.hpp
[1.616s] -- Up-to-date: /home/usuario/Robotica/install/webots_ros2_msgs/include/webots_ros2_msgs/webots_ros2_msgs/msg/detail/camera_recognition_objects__type_support.hpp
[1.617s] -- Up-to-date: /home/usuario/Robotica/install/webots_ros2_msgs/include/webots_ros2_msgs/webots_ros2_msgs/msg/detail/camera_recognition_objects__builder.hpp
[1.617s] -- Up-to-date: /home/usuario/Robotica/install/webots_ros2_msgs/include/webots_ros2_msgs/webots_ros2_msgs/msg/detail/pen_ink_properties__builder.hpp
[1.617s] -- Up-to-date: /home/usuario/Robotica/install/webots_ros2_msgs/include/webots_ros2_msgs/webots_ros2_msgs/msg/detail/pen_ink_properties__struct.hpp
[1.617s] -- Up-to-date: /home/usuario/Robotica/install/webots_ros2_msgs/include/webots_ros2_msgs/webots_ros2_msgs/msg/detail/string_stamped__traits.hpp
[1.617s] -- Up-to-date: /home/usuario/Robotica/install/webots_ros2_msgs/include/webots_ros2_msgs/webots_ros2_msgs/msg/detail/urdf_robot__struct.hpp
[1.618s] -- Up-to-date: /home/usuario/Robotica/install/webots_ros2_msgs/include/webots_ros2_msgs/webots_ros2_msgs/msg/detail/string_stamped__type_support.hpp
[1.618s] -- Up-to-date: /home/usuario/Robotica/install/webots_ros2_msgs/include/webots_ros2_msgs/webots_ros2_msgs/msg/detail/camera_recognition_objects__traits.hpp
[1.618s] -- Up-to-date: /home/usuario/Robotica/install/webots_ros2_msgs/include/webots_ros2_msgs/webots_ros2_msgs/msg/detail/urdf_robot__builder.hpp
[1.618s] -- Up-to-date: /home/usuario/Robotica/install/webots_ros2_msgs/include/webots_ros2_msgs/webots_ros2_msgs/msg/detail/bool_stamped__builder.hpp
[1.618s] -- Up-to-date: /home/usuario/Robotica/install/webots_ros2_msgs/include/webots_ros2_msgs/webots_ros2_msgs/msg/detail/float_stamped__traits.hpp
[1.618s] -- Up-to-date: /home/usuario/Robotica/install/webots_ros2_msgs/include/webots_ros2_msgs/webots_ros2_msgs/msg/detail/string_stamped__struct.hpp
[1.618s] -- Up-to-date: /home/usuario/Robotica/install/webots_ros2_msgs/include/webots_ros2_msgs/webots_ros2_msgs/msg/detail/float_stamped__builder.hpp
[1.618s] -- Up-to-date: /home/usuario/Robotica/install/webots_ros2_msgs/include/webots_ros2_msgs/webots_ros2_msgs/msg/detail/camera_recognition_object__struct.hpp
[1.618s] -- Up-to-date: /home/usuario/Robotica/install/webots_ros2_msgs/include/webots_ros2_msgs/webots_ros2_msgs/msg/detail/bool_stamped__struct.hpp
[1.618s] -- Up-to-date: /home/usuario/Robotica/install/webots_ros2_msgs/include/webots_ros2_msgs/webots_ros2_msgs/msg/detail/pen_ink_properties__traits.hpp
[1.619s] -- Up-to-date: /home/usuario/Robotica/install/webots_ros2_msgs/include/webots_ros2_msgs/webots_ros2_msgs/msg/detail/float_stamped__type_support.hpp
[1.619s] -- Up-to-date: /home/usuario/Robotica/install/webots_ros2_msgs/include/webots_ros2_msgs/webots_ros2_msgs/msg/detail/camera_recognition_object__traits.hpp
[1.619s] -- Up-to-date: /home/usuario/Robotica/install/webots_ros2_msgs/include/webots_ros2_msgs/webots_ros2_msgs/msg/detail/camera_recognition_objects__struct.hpp
[1.619s] -- Up-to-date: /home/usuario/Robotica/install/webots_ros2_msgs/include/webots_ros2_msgs/webots_ros2_msgs/msg/detail/camera_recognition_object__builder.hpp
[1.619s] -- Up-to-date: /home/usuario/Robotica/install/webots_ros2_msgs/include/webots_ros2_msgs/webots_ros2_msgs/msg/detail/pen_ink_properties__type_support.hpp
[1.619s] -- Up-to-date: /home/usuario/Robotica/install/webots_ros2_msgs/include/webots_ros2_msgs/webots_ros2_msgs/msg/detail/bool_stamped__traits.hpp
[1.619s] -- Up-to-date: /home/usuario/Robotica/install/webots_ros2_msgs/include/webots_ros2_msgs/webots_ros2_msgs/msg/detail/camera_recognition_object__type_support.hpp
[1.619s] -- Up-to-date: /home/usuario/Robotica/install/webots_ros2_msgs/include/webots_ros2_msgs/webots_ros2_msgs/msg/detail/bool_stamped__type_support.hpp
[1.619s] -- Up-to-date: /home/usuario/Robotica/install/webots_ros2_msgs/include/webots_ros2_msgs/webots_ros2_msgs/msg/detail/urdf_robot__type_support.hpp
[1.619s] -- Up-to-date: /home/usuario/Robotica/install/webots_ros2_msgs/include/webots_ros2_msgs/webots_ros2_msgs/msg/detail/urdf_robot__traits.hpp
[1.619s] -- Up-to-date: /home/usuario/Robotica/install/webots_ros2_msgs/include/webots_ros2_msgs/webots_ros2_msgs/msg/detail/float_stamped__struct.hpp
[1.619s] -- Up-to-date: /home/usuario/Robotica/install/webots_ros2_msgs/include/webots_ros2_msgs/webots_ros2_msgs/msg/urdf_robot.hpp
[1.619s] -- Up-to-date: /home/usuario/Robotica/install/webots_ros2_msgs/include/webots_ros2_msgs/webots_ros2_msgs/msg/float_stamped.hpp
[1.619s] -- Up-to-date: /home/usuario/Robotica/install/webots_ros2_msgs/include/webots_ros2_msgs/webots_ros2_msgs/msg/camera_recognition_object.hpp
[1.619s] -- Up-to-date: /home/usuario/Robotica/install/webots_ros2_msgs/include/webots_ros2_msgs/webots_ros2_msgs/msg/pen_ink_properties.hpp
[1.619s] -- Up-to-date: /home/usuario/Robotica/install/webots_ros2_msgs/include/webots_ros2_msgs/webots_ros2_msgs/msg/bool_stamped.hpp
[1.619s] -- Up-to-date: /home/usuario/Robotica/install/webots_ros2_msgs/include/webots_ros2_msgs/webots_ros2_msgs
[1.619s] -- Up-to-date: /home/usuario/Robotica/install/webots_ros2_msgs/include/webots_ros2_msgs/webots_ros2_msgs/srv
[1.619s] -- Up-to-date: /home/usuario/Robotica/install/webots_ros2_msgs/include/webots_ros2_msgs/webots_ros2_msgs/srv/detail
[1.620s] -- Up-to-date: /home/usuario/Robotica/install/webots_ros2_msgs/include/webots_ros2_msgs/webots_ros2_msgs/srv/detail/set_string__rosidl_typesupport_fastrtps_cpp.hpp
[1.620s] -- Up-to-date: /home/usuario/Robotica/install/webots_ros2_msgs/include/webots_ros2_msgs/webots_ros2_msgs/srv/detail/dds_fastrtps
[1.620s] -- Up-to-date: /home/usuario/Robotica/install/webots_ros2_msgs/include/webots_ros2_msgs/webots_ros2_msgs/srv/detail/get_bool__rosidl_typesupport_fastrtps_cpp.hpp
[1.620s] -- Up-to-date: /home/usuario/Robotica/install/webots_ros2_msgs/include/webots_ros2_msgs/webots_ros2_msgs/srv/detail/emitter_send_string__rosidl_typesupport_fastrtps_cpp.hpp
[1.620s] -- Up-to-date: /home/usuario/Robotica/install/webots_ros2_msgs/include/webots_ros2_msgs/webots_ros2_msgs/srv/detail/spawn_urdf_robot__rosidl_typesupport_fastrtps_cpp.hpp
[1.620s] -- Up-to-date: /home/usuario/Robotica/install/webots_ros2_msgs/include/webots_ros2_msgs/webots_ros2_msgs/srv/detail/spawn_node_from_string__rosidl_typesupport_fastrtps_cpp.hpp
[1.620s] -- Up-to-date: /home/usuario/Robotica/install/webots_ros2_msgs/include/webots_ros2_msgs/webots_ros2_msgs/msg
[1.620s] -- Up-to-date: /home/usuario/Robotica/install/webots_ros2_msgs/include/webots_ros2_msgs/webots_ros2_msgs/msg/detail
[1.620s] -- Up-to-date: /home/usuario/Robotica/install/webots_ros2_msgs/include/webots_ros2_msgs/webots_ros2_msgs/msg/detail/pen_ink_properties__rosidl_typesupport_fastrtps_cpp.hpp
[1.620s] -- Up-to-date: /home/usuario/Robotica/install/webots_ros2_msgs/include/webots_ros2_msgs/webots_ros2_msgs/msg/detail/float_stamped__rosidl_typesupport_fastrtps_cpp.hpp
[1.620s] -- Up-to-date: /home/usuario/Robotica/install/webots_ros2_msgs/include/webots_ros2_msgs/webots_ros2_msgs/msg/detail/string_stamped__rosidl_typesupport_fastrtps_cpp.hpp
[1.620s] -- Up-to-date: /home/usuario/Robotica/install/webots_ros2_msgs/include/webots_ros2_msgs/webots_ros2_msgs/msg/detail/camera_recognition_object__rosidl_typesupport_fastrtps_cpp.hpp
[1.620s] -- Up-to-date: /home/usuario/Robotica/install/webots_ros2_msgs/include/webots_ros2_msgs/webots_ros2_msgs/msg/detail/dds_fastrtps
[1.620s] -- Up-to-date: /home/usuario/Robotica/install/webots_ros2_msgs/include/webots_ros2_msgs/webots_ros2_msgs/msg/detail/camera_recognition_objects__rosidl_typesupport_fastrtps_cpp.hpp
[1.620s] -- Up-to-date: /home/usuario/Robotica/install/webots_ros2_msgs/include/webots_ros2_msgs/webots_ros2_msgs/msg/detail/urdf_robot__rosidl_typesupport_fastrtps_cpp.hpp
[1.620s] -- Up-to-date: /home/usuario/Robotica/install/webots_ros2_msgs/include/webots_ros2_msgs/webots_ros2_msgs/msg/detail/bool_stamped__rosidl_typesupport_fastrtps_cpp.hpp
[1.620s] -- Up-to-date: /home/usuario/Robotica/install/webots_ros2_msgs/include/webots_ros2_msgs/webots_ros2_msgs/msg/rosidl_typesupport_fastrtps_cpp__visibility_control.h
[1.620s] -- Up-to-date: /home/usuario/Robotica/install/webots_ros2_msgs/lib/libwebots_ros2_msgs__rosidl_typesupport_fastrtps_cpp.so
[1.620s] -- Up-to-date: /home/usuario/Robotica/install/webots_ros2_msgs/include/webots_ros2_msgs/webots_ros2_msgs
[1.620s] -- Up-to-date: /home/usuario/Robotica/install/webots_ros2_msgs/include/webots_ros2_msgs/webots_ros2_msgs/srv
[1.620s] -- Up-to-date: /home/usuario/Robotica/install/webots_ros2_msgs/include/webots_ros2_msgs/webots_ros2_msgs/srv/detail
[1.620s] -- Up-to-date: /home/usuario/Robotica/install/webots_ros2_msgs/include/webots_ros2_msgs/webots_ros2_msgs/srv/detail/spawn_urdf_robot__rosidl_typesupport_introspection_c.h
[1.621s] -- Installing: /home/usuario/Robotica/install/webots_ros2_msgs/include/webots_ros2_msgs/webots_ros2_msgs/srv/detail/emitter_send_string__type_support.c
[1.621s] -- Installing: /home/usuario/Robotica/install/webots_ros2_msgs/include/webots_ros2_msgs/webots_ros2_msgs/srv/detail/get_bool__type_support.c
[1.621s] -- Up-to-date: /home/usuario/Robotica/install/webots_ros2_msgs/include/webots_ros2_msgs/webots_ros2_msgs/srv/detail/emitter_send_string__rosidl_typesupport_introspection_c.h
[1.621s] -- Up-to-date: /home/usuario/Robotica/install/webots_ros2_msgs/include/webots_ros2_msgs/webots_ros2_msgs/srv/detail/get_bool__rosidl_typesupport_introspection_c.h
[1.621s] -- Installing: /home/usuario/Robotica/install/webots_ros2_msgs/include/webots_ros2_msgs/webots_ros2_msgs/srv/detail/spawn_urdf_robot__type_support.c
[1.621s] -- Installing: /home/usuario/Robotica/install/webots_ros2_msgs/include/webots_ros2_msgs/webots_ros2_msgs/srv/detail/spawn_node_from_string__type_support.c
[1.621s] -- Installing: /home/usuario/Robotica/install/webots_ros2_msgs/include/webots_ros2_msgs/webots_ros2_msgs/srv/detail/set_string__type_support.c
[1.621s] -- Up-to-date: /home/usuario/Robotica/install/webots_ros2_msgs/include/webots_ros2_msgs/webots_ros2_msgs/srv/detail/spawn_node_from_string__rosidl_typesupport_introspection_c.h
[1.621s] -- Up-to-date: /home/usuario/Robotica/install/webots_ros2_msgs/include/webots_ros2_msgs/webots_ros2_msgs/srv/detail/set_string__rosidl_typesupport_introspection_c.h
[1.621s] -- Up-to-date: /home/usuario/Robotica/install/webots_ros2_msgs/include/webots_ros2_msgs/webots_ros2_msgs/msg
[1.621s] -- Up-to-date: /home/usuario/Robotica/install/webots_ros2_msgs/include/webots_ros2_msgs/webots_ros2_msgs/msg/detail
[1.621s] -- Installing: /home/usuario/Robotica/install/webots_ros2_msgs/include/webots_ros2_msgs/webots_ros2_msgs/msg/detail/pen_ink_properties__type_support.c
[1.621s] -- Up-to-date: /home/usuario/Robotica/install/webots_ros2_msgs/include/webots_ros2_msgs/webots_ros2_msgs/msg/detail/urdf_robot__rosidl_typesupport_introspection_c.h
[1.621s] -- Up-to-date: /home/usuario/Robotica/install/webots_ros2_msgs/include/webots_ros2_msgs/webots_ros2_msgs/msg/detail/pen_ink_properties__rosidl_typesupport_introspection_c.h
[1.621s] -- Up-to-date: /home/usuario/Robotica/install/webots_ros2_msgs/include/webots_ros2_msgs/webots_ros2_msgs/msg/detail/camera_recognition_object__rosidl_typesupport_introspection_c.h
[1.621s] -- Up-to-date: /home/usuario/Robotica/install/webots_ros2_msgs/include/webots_ros2_msgs/webots_ros2_msgs/msg/detail/bool_stamped__rosidl_typesupport_introspection_c.h
[1.621s] -- Installing: /home/usuario/Robotica/install/webots_ros2_msgs/include/webots_ros2_msgs/webots_ros2_msgs/msg/detail/urdf_robot__type_support.c
[1.621s] -- Installing: /home/usuario/Robotica/install/webots_ros2_msgs/include/webots_ros2_msgs/webots_ros2_msgs/msg/detail/string_stamped__type_support.c
[1.621s] -- Installing: /home/usuario/Robotica/install/webots_ros2_msgs/include/webots_ros2_msgs/webots_ros2_msgs/msg/detail/camera_recognition_objects__type_support.c
[1.622s] -- Installing: /home/usuario/Robotica/install/webots_ros2_msgs/include/webots_ros2_msgs/webots_ros2_msgs/msg/detail/camera_recognition_object__type_support.c
[1.622s] -- Installing: /home/usuario/Robotica/install/webots_ros2_msgs/include/webots_ros2_msgs/webots_ros2_msgs/msg/detail/float_stamped__type_support.c
[1.622s] -- Up-to-date: /home/usuario/Robotica/install/webots_ros2_msgs/include/webots_ros2_msgs/webots_ros2_msgs/msg/detail/string_stamped__rosidl_typesupport_introspection_c.h
[1.622s] -- Up-to-date: /home/usuario/Robotica/install/webots_ros2_msgs/include/webots_ros2_msgs/webots_ros2_msgs/msg/detail/camera_recognition_objects__rosidl_typesupport_introspection_c.h
[1.622s] -- Installing: /home/usuario/Robotica/install/webots_ros2_msgs/include/webots_ros2_msgs/webots_ros2_msgs/msg/detail/bool_stamped__type_support.c
[1.622s] -- Up-to-date: /home/usuario/Robotica/install/webots_ros2_msgs/include/webots_ros2_msgs/webots_ros2_msgs/msg/detail/float_stamped__rosidl_typesupport_introspection_c.h
[1.622s] -- Up-to-date: /home/usuario/Robotica/install/webots_ros2_msgs/include/webots_ros2_msgs/webots_ros2_msgs/msg/rosidl_typesupport_introspection_c__visibility_control.h
[1.622s] -- Up-to-date: /home/usuario/Robotica/install/webots_ros2_msgs/lib/libwebots_ros2_msgs__rosidl_typesupport_introspection_c.so
[1.622s] -- Up-to-date: /home/usuario/Robotica/install/webots_ros2_msgs/lib/libwebots_ros2_msgs__rosidl_typesupport_c.so
[1.622s] -- Up-to-date: /home/usuario/Robotica/install/webots_ros2_msgs/include/webots_ros2_msgs/webots_ros2_msgs
[1.622s] -- Up-to-date: /home/usuario/Robotica/install/webots_ros2_msgs/include/webots_ros2_msgs/webots_ros2_msgs/srv
[1.622s] -- Up-to-date: /home/usuario/Robotica/install/webots_ros2_msgs/include/webots_ros2_msgs/webots_ros2_msgs/srv/detail
[1.622s] -- Up-to-date: /home/usuario/Robotica/install/webots_ros2_msgs/include/webots_ros2_msgs/webots_ros2_msgs/srv/detail/set_string__type_support.cpp
[1.622s] -- Up-to-date: /home/usuario/Robotica/install/webots_ros2_msgs/include/webots_ros2_msgs/webots_ros2_msgs/srv/detail/set_string__rosidl_typesupport_introspection_cpp.hpp
[1.622s] -- Up-to-date: /home/usuario/Robotica/install/webots_ros2_msgs/include/webots_ros2_msgs/webots_ros2_msgs/srv/detail/emitter_send_string__type_support.cpp
[1.622s] -- Up-to-date: /home/usuario/Robotica/install/webots_ros2_msgs/include/webots_ros2_msgs/webots_ros2_msgs/srv/detail/spawn_urdf_robot__type_support.cpp
[1.622s] -- Up-to-date: /home/usuario/Robotica/install/webots_ros2_msgs/include/webots_ros2_msgs/webots_ros2_msgs/srv/detail/emitter_send_string__rosidl_typesupport_introspection_cpp.hpp
[1.622s] -- Up-to-date: /home/usuario/Robotica/install/webots_ros2_msgs/include/webots_ros2_msgs/webots_ros2_msgs/srv/detail/get_bool__type_support.cpp
[1.622s] -- Up-to-date: /home/usuario/Robotica/install/webots_ros2_msgs/include/webots_ros2_msgs/webots_ros2_msgs/srv/detail/get_bool__rosidl_typesupport_introspection_cpp.hpp
[1.622s] -- Up-to-date: /home/usuario/Robotica/install/webots_ros2_msgs/include/webots_ros2_msgs/webots_ros2_msgs/srv/detail/spawn_node_from_string__type_support.cpp
[1.622s] -- Up-to-date: /home/usuario/Robotica/install/webots_ros2_msgs/include/webots_ros2_msgs/webots_ros2_msgs/srv/detail/spawn_node_from_string__rosidl_typesupport_introspection_cpp.hpp
[1.622s] -- Up-to-date: /home/usuario/Robotica/install/webots_ros2_msgs/include/webots_ros2_msgs/webots_ros2_msgs/srv/detail/spawn_urdf_robot__rosidl_typesupport_introspection_cpp.hpp
[1.622s] -- Up-to-date: /home/usuario/Robotica/install/webots_ros2_msgs/include/webots_ros2_msgs/webots_ros2_msgs/msg
[1.623s] -- Up-to-date: /home/usuario/Robotica/install/webots_ros2_msgs/include/webots_ros2_msgs/webots_ros2_msgs/msg/detail
[1.623s] -- Up-to-date: /home/usuario/Robotica/install/webots_ros2_msgs/include/webots_ros2_msgs/webots_ros2_msgs/msg/detail/camera_recognition_objects__type_support.cpp
[1.623s] -- Up-to-date: /home/usuario/Robotica/install/webots_ros2_msgs/include/webots_ros2_msgs/webots_ros2_msgs/msg/detail/string_stamped__type_support.cpp
[1.623s] -- Up-to-date: /home/usuario/Robotica/install/webots_ros2_msgs/include/webots_ros2_msgs/webots_ros2_msgs/msg/detail/pen_ink_properties__type_support.cpp
[1.623s] -- Up-to-date: /home/usuario/Robotica/install/webots_ros2_msgs/include/webots_ros2_msgs/webots_ros2_msgs/msg/detail/string_stamped__rosidl_typesupport_introspection_cpp.hpp
[1.623s] -- Up-to-date: /home/usuario/Robotica/install/webots_ros2_msgs/include/webots_ros2_msgs/webots_ros2_msgs/msg/detail/camera_recognition_object__type_support.cpp
[1.623s] -- Up-to-date: /home/usuario/Robotica/install/webots_ros2_msgs/include/webots_ros2_msgs/webots_ros2_msgs/msg/detail/float_stamped__type_support.cpp
[1.623s] -- Up-to-date: /home/usuario/Robotica/install/webots_ros2_msgs/include/webots_ros2_msgs/webots_ros2_msgs/msg/detail/urdf_robot__type_support.cpp
[1.623s] -- Up-to-date: /home/usuario/Robotica/install/webots_ros2_msgs/include/webots_ros2_msgs/webots_ros2_msgs/msg/detail/camera_recognition_object__rosidl_typesupport_introspection_cpp.hpp
[1.623s] -- Up-to-date: /home/usuario/Robotica/install/webots_ros2_msgs/include/webots_ros2_msgs/webots_ros2_msgs/msg/detail/float_stamped__rosidl_typesupport_introspection_cpp.hpp
[1.623s] -- Up-to-date: /home/usuario/Robotica/install/webots_ros2_msgs/include/webots_ros2_msgs/webots_ros2_msgs/msg/detail/bool_stamped__type_support.cpp
[1.623s] -- Up-to-date: /home/usuario/Robotica/install/webots_ros2_msgs/include/webots_ros2_msgs/webots_ros2_msgs/msg/detail/camera_recognition_objects__rosidl_typesupport_introspection_cpp.hpp
[1.623s] -- Up-to-date: /home/usuario/Robotica/install/webots_ros2_msgs/include/webots_ros2_msgs/webots_ros2_msgs/msg/detail/pen_ink_properties__rosidl_typesupport_introspection_cpp.hpp
[1.623s] -- Up-to-date: /home/usuario/Robotica/install/webots_ros2_msgs/include/webots_ros2_msgs/webots_ros2_msgs/msg/detail/urdf_robot__rosidl_typesupport_introspection_cpp.hpp
[1.623s] -- Up-to-date: /home/usuario/Robotica/install/webots_ros2_msgs/include/webots_ros2_msgs/webots_ros2_msgs/msg/detail/bool_stamped__rosidl_typesupport_introspection_cpp.hpp
[1.623s] -- Up-to-date: /home/usuario/Robotica/install/webots_ros2_msgs/lib/libwebots_ros2_msgs__rosidl_typesupport_introspection_cpp.so
[1.623s] -- Up-to-date: /home/usuario/Robotica/install/webots_ros2_msgs/lib/libwebots_ros2_msgs__rosidl_typesupport_cpp.so
[1.623s] -- Up-to-date: /home/usuario/Robotica/install/webots_ros2_msgs/share/webots_ros2_msgs/environment/pythonpath.sh
[1.623s] -- Up-to-date: /home/usuario/Robotica/install/webots_ros2_msgs/share/webots_ros2_msgs/environment/pythonpath.dsv
[1.623s] -- Up-to-date: /home/usuario/Robotica/install/webots_ros2_msgs/lib/python3.12/site-packages/webots_ros2_msgs-2025.0.1-py3.12.egg-info
[1.623s] -- Installing: /home/usuario/Robotica/install/webots_ros2_msgs/lib/python3.12/site-packages/webots_ros2_msgs-2025.0.1-py3.12.egg-info/dependency_links.txt
[1.624s] -- Installing: /home/usuario/Robotica/install/webots_ros2_msgs/lib/python3.12/site-packages/webots_ros2_msgs-2025.0.1-py3.12.egg-info/PKG-INFO
[1.624s] -- Installing: /home/usuario/Robotica/install/webots_ros2_msgs/lib/python3.12/site-packages/webots_ros2_msgs-2025.0.1-py3.12.egg-info/SOURCES.txt
[1.624s] -- Installing: /home/usuario/Robotica/install/webots_ros2_msgs/lib/python3.12/site-packages/webots_ros2_msgs-2025.0.1-py3.12.egg-info/top_level.txt
[1.624s] -- Up-to-date: /home/usuario/Robotica/install/webots_ros2_msgs/lib/python3.12/site-packages/webots_ros2_msgs
[1.624s] -- Up-to-date: /home/usuario/Robotica/install/webots_ros2_msgs/lib/python3.12/site-packages/webots_ros2_msgs/srv
[1.624s] -- Up-to-date: /home/usuario/Robotica/install/webots_ros2_msgs/lib/python3.12/site-packages/webots_ros2_msgs/srv/_emitter_send_string_s.c
[1.624s] -- Up-to-date: /home/usuario/Robotica/install/webots_ros2_msgs/lib/python3.12/site-packages/webots_ros2_msgs/srv/_emitter_send_string.py
[1.624s] -- Up-to-date: /home/usuario/Robotica/install/webots_ros2_msgs/lib/python3.12/site-packages/webots_ros2_msgs/srv/_get_bool_s.c
[1.624s] -- Up-to-date: /home/usuario/Robotica/install/webots_ros2_msgs/lib/python3.12/site-packages/webots_ros2_msgs/srv/_set_string.py
[1.624s] -- Up-to-date: /home/usuario/Robotica/install/webots_ros2_msgs/lib/python3.12/site-packages/webots_ros2_msgs/srv/_get_bool.py
[1.624s] -- Up-to-date: /home/usuario/Robotica/install/webots_ros2_msgs/lib/python3.12/site-packages/webots_ros2_msgs/srv/_set_string_s.c
[1.624s] -- Up-to-date: /home/usuario/Robotica/install/webots_ros2_msgs/lib/python3.12/site-packages/webots_ros2_msgs/srv/__init__.py
[1.624s] -- Up-to-date: /home/usuario/Robotica/install/webots_ros2_msgs/lib/python3.12/site-packages/webots_ros2_msgs/srv/_spawn_urdf_robot.py
[1.624s] -- Up-to-date: /home/usuario/Robotica/install/webots_ros2_msgs/lib/python3.12/site-packages/webots_ros2_msgs/srv/_spawn_urdf_robot_s.c
[1.624s] -- Up-to-date: /home/usuario/Robotica/install/webots_ros2_msgs/lib/python3.12/site-packages/webots_ros2_msgs/srv/_spawn_node_from_string.py
[1.624s] -- Up-to-date: /home/usuario/Robotica/install/webots_ros2_msgs/lib/python3.12/site-packages/webots_ros2_msgs/srv/_spawn_node_from_string_s.c
[1.624s] -- Up-to-date: /home/usuario/Robotica/install/webots_ros2_msgs/lib/python3.12/site-packages/webots_ros2_msgs/_webots_ros2_msgs_s.ep.rosidl_typesupport_fastrtps_c.c
[1.624s] -- Up-to-date: /home/usuario/Robotica/install/webots_ros2_msgs/lib/python3.12/site-packages/webots_ros2_msgs/_webots_ros2_msgs_s.ep.rosidl_typesupport_introspection_c.c
[1.624s] -- Up-to-date: /home/usuario/Robotica/install/webots_ros2_msgs/lib/python3.12/site-packages/webots_ros2_msgs/msg
[1.624s] -- Up-to-date: /home/usuario/Robotica/install/webots_ros2_msgs/lib/python3.12/site-packages/webots_ros2_msgs/msg/_string_stamped_s.c
[1.625s] -- Up-to-date: /home/usuario/Robotica/install/webots_ros2_msgs/lib/python3.12/site-packages/webots_ros2_msgs/msg/_urdf_robot.py
[1.625s] -- Up-to-date: /home/usuario/Robotica/install/webots_ros2_msgs/lib/python3.12/site-packages/webots_ros2_msgs/msg/_bool_stamped_s.c
[1.625s] -- Up-to-date: /home/usuario/Robotica/install/webots_ros2_msgs/lib/python3.12/site-packages/webots_ros2_msgs/msg/_urdf_robot_s.c
[1.625s] -- Up-to-date: /home/usuario/Robotica/install/webots_ros2_msgs/lib/python3.12/site-packages/webots_ros2_msgs/msg/_string_stamped.py
[1.625s] -- Up-to-date: /home/usuario/Robotica/install/webots_ros2_msgs/lib/python3.12/site-packages/webots_ros2_msgs/msg/_camera_recognition_object.py
[1.625s] -- Up-to-date: /home/usuario/Robotica/install/webots_ros2_msgs/lib/python3.12/site-packages/webots_ros2_msgs/msg/__init__.py
[1.625s] -- Up-to-date: /home/usuario/Robotica/install/webots_ros2_msgs/lib/python3.12/site-packages/webots_ros2_msgs/msg/_bool_stamped.py
[1.625s] -- Up-to-date: /home/usuario/Robotica/install/webots_ros2_msgs/lib/python3.12/site-packages/webots_ros2_msgs/msg/_pen_ink_properties.py
[1.625s] -- Up-to-date: /home/usuario/Robotica/install/webots_ros2_msgs/lib/python3.12/site-packages/webots_ros2_msgs/msg/_camera_recognition_objects.py
[1.625s] -- Up-to-date: /home/usuario/Robotica/install/webots_ros2_msgs/lib/python3.12/site-packages/webots_ros2_msgs/msg/_pen_ink_properties_s.c
[1.625s] -- Up-to-date: /home/usuario/Robotica/install/webots_ros2_msgs/lib/python3.12/site-packages/webots_ros2_msgs/msg/_camera_recognition_object_s.c
[1.625s] -- Up-to-date: /home/usuario/Robotica/install/webots_ros2_msgs/lib/python3.12/site-packages/webots_ros2_msgs/msg/_float_stamped_s.c
[1.625s] -- Up-to-date: /home/usuario/Robotica/install/webots_ros2_msgs/lib/python3.12/site-packages/webots_ros2_msgs/msg/_float_stamped.py
[1.625s] -- Up-to-date: /home/usuario/Robotica/install/webots_ros2_msgs/lib/python3.12/site-packages/webots_ros2_msgs/msg/_camera_recognition_objects_s.c
[1.625s] -- Up-to-date: /home/usuario/Robotica/install/webots_ros2_msgs/lib/python3.12/site-packages/webots_ros2_msgs/webots_ros2_msgs_s__rosidl_typesupport_c.so
[1.625s] -- Up-to-date: /home/usuario/Robotica/install/webots_ros2_msgs/lib/python3.12/site-packages/webots_ros2_msgs/__init__.py
[1.625s] -- Up-to-date: /home/usuario/Robotica/install/webots_ros2_msgs/lib/python3.12/site-packages/webots_ros2_msgs/webots_ros2_msgs_s__rosidl_typesupport_introspection_c.so
[1.625s] -- Up-to-date: /home/usuario/Robotica/install/webots_ros2_msgs/lib/python3.12/site-packages/webots_ros2_msgs/_webots_ros2_msgs_s.ep.rosidl_typesupport_c.c
[1.625s] -- Up-to-date: /home/usuario/Robotica/install/webots_ros2_msgs/lib/python3.12/site-packages/webots_ros2_msgs/webots_ros2_msgs_s__rosidl_typesupport_fastrtps_c.so
[1.651s] Listing '/home/usuario/Robotica/install/webots_ros2_msgs/lib/python3.12/site-packages/webots_ros2_msgs'...
[1.651s] Listing '/home/usuario/Robotica/install/webots_ros2_msgs/lib/python3.12/site-packages/webots_ros2_msgs/msg'...
[1.651s] Listing '/home/usuario/Robotica/install/webots_ros2_msgs/lib/python3.12/site-packages/webots_ros2_msgs/srv'...
[1.659s] -- Up-to-date: /home/usuario/Robotica/install/webots_ros2_msgs/lib/python3.12/site-packages/webots_ros2_msgs/webots_ros2_msgs_s__rosidl_typesupport_fastrtps_c.so
[1.660s] -- Up-to-date: /home/usuario/Robotica/install/webots_ros2_msgs/lib/python3.12/site-packages/webots_ros2_msgs/webots_ros2_msgs_s__rosidl_typesupport_introspection_c.so
[1.660s] -- Up-to-date: /home/usuario/Robotica/install/webots_ros2_msgs/lib/python3.12/site-packages/webots_ros2_msgs/webots_ros2_msgs_s__rosidl_typesupport_c.so
[1.660s] -- Up-to-date: /home/usuario/Robotica/install/webots_ros2_msgs/lib/libwebots_ros2_msgs__rosidl_generator_py.so
[1.661s] -- Up-to-date: /home/usuario/Robotica/install/webots_ros2_msgs/share/webots_ros2_msgs/msg/BoolStamped.idl
[1.661s] -- Up-to-date: /home/usuario/Robotica/install/webots_ros2_msgs/share/webots_ros2_msgs/msg/FloatStamped.idl
[1.661s] -- Up-to-date: /home/usuario/Robotica/install/webots_ros2_msgs/share/webots_ros2_msgs/msg/StringStamped.idl
[1.662s] -- Up-to-date: /home/usuario/Robotica/install/webots_ros2_msgs/share/webots_ros2_msgs/msg/CameraRecognitionObject.idl
[1.662s] -- Up-to-date: /home/usuario/Robotica/install/webots_ros2_msgs/share/webots_ros2_msgs/msg/CameraRecognitionObjects.idl
[1.662s] -- Up-to-date: /home/usuario/Robotica/install/webots_ros2_msgs/share/webots_ros2_msgs/msg/UrdfRobot.idl
[1.662s] -- Up-to-date: /home/usuario/Robotica/install/webots_ros2_msgs/share/webots_ros2_msgs/msg/PenInkProperties.idl
[1.662s] -- Up-to-date: /home/usuario/Robotica/install/webots_ros2_msgs/share/webots_ros2_msgs/srv/EmitterSendString.idl
[1.662s] -- Up-to-date: /home/usuario/Robotica/install/webots_ros2_msgs/share/webots_ros2_msgs/srv/GetBool.idl
[1.662s] -- Up-to-date: /home/usuario/Robotica/install/webots_ros2_msgs/share/webots_ros2_msgs/srv/SetString.idl
[1.663s] -- Up-to-date: /home/usuario/Robotica/install/webots_ros2_msgs/share/webots_ros2_msgs/srv/SpawnNodeFromString.idl
[1.663s] -- Up-to-date: /home/usuario/Robotica/install/webots_ros2_msgs/share/webots_ros2_msgs/srv/SpawnUrdfRobot.idl
[1.663s] -- Up-to-date: /home/usuario/Robotica/install/webots_ros2_msgs/share/webots_ros2_msgs/msg/BoolStamped.msg
[1.663s] -- Up-to-date: /home/usuario/Robotica/install/webots_ros2_msgs/share/webots_ros2_msgs/msg/FloatStamped.msg
[1.663s] -- Up-to-date: /home/usuario/Robotica/install/webots_ros2_msgs/share/webots_ros2_msgs/msg/StringStamped.msg
[1.663s] -- Up-to-date: /home/usuario/Robotica/install/webots_ros2_msgs/share/webots_ros2_msgs/msg/CameraRecognitionObject.msg
[1.663s] -- Up-to-date: /home/usuario/Robotica/install/webots_ros2_msgs/share/webots_ros2_msgs/msg/CameraRecognitionObjects.msg
[1.664s] -- Up-to-date: /home/usuario/Robotica/install/webots_ros2_msgs/share/webots_ros2_msgs/msg/UrdfRobot.msg
[1.664s] -- Up-to-date: /home/usuario/Robotica/install/webots_ros2_msgs/share/webots_ros2_msgs/msg/PenInkProperties.msg
[1.664s] -- Up-to-date: /home/usuario/Robotica/install/webots_ros2_msgs/share/webots_ros2_msgs/srv/EmitterSendString.srv
[1.665s] -- Up-to-date: /home/usuario/Robotica/install/webots_ros2_msgs/share/webots_ros2_msgs/srv/GetBool.srv
[1.665s] -- Up-to-date: /home/usuario/Robotica/install/webots_ros2_msgs/share/webots_ros2_msgs/srv/SetString.srv
[1.665s] -- Up-to-date: /home/usuario/Robotica/install/webots_ros2_msgs/share/webots_ros2_msgs/srv/SpawnNodeFromString.srv
[1.665s] -- Up-to-date: /home/usuario/Robotica/install/webots_ros2_msgs/share/webots_ros2_msgs/srv/SpawnUrdfRobot.srv
[1.665s] -- Up-to-date: /home/usuario/Robotica/install/webots_ros2_msgs/share/ament_index/resource_index/package_run_dependencies/webots_ros2_msgs
[1.665s] -- Up-to-date: /home/usuario/Robotica/install/webots_ros2_msgs/share/ament_index/resource_index/parent_prefix_path/webots_ros2_msgs
[1.665s] -- Up-to-date: /home/usuario/Robotica/install/webots_ros2_msgs/share/webots_ros2_msgs/environment/ament_prefix_path.sh
[1.666s] -- Up-to-date: /home/usuario/Robotica/install/webots_ros2_msgs/share/webots_ros2_msgs/environment/ament_prefix_path.dsv
[1.666s] -- Up-to-date: /home/usuario/Robotica/install/webots_ros2_msgs/share/webots_ros2_msgs/environment/path.sh
[1.666s] -- Up-to-date: /home/usuario/Robotica/install/webots_ros2_msgs/share/webots_ros2_msgs/environment/path.dsv
[1.666s] -- Up-to-date: /home/usuario/Robotica/install/webots_ros2_msgs/share/webots_ros2_msgs/local_setup.bash
[1.666s] -- Up-to-date: /home/usuario/Robotica/install/webots_ros2_msgs/share/webots_ros2_msgs/local_setup.sh
[1.666s] -- Up-to-date: /home/usuario/Robotica/install/webots_ros2_msgs/share/webots_ros2_msgs/local_setup.zsh
[1.667s] -- Up-to-date: /home/usuario/Robotica/install/webots_ros2_msgs/share/webots_ros2_msgs/local_setup.dsv
[1.667s] -- Installing: /home/usuario/Robotica/install/webots_ros2_msgs/share/webots_ros2_msgs/package.dsv
[1.667s] -- Up-to-date: /home/usuario/Robotica/install/webots_ros2_msgs/share/ament_index/resource_index/packages/webots_ros2_msgs
[1.667s] -- Up-to-date: /home/usuario/Robotica/install/webots_ros2_msgs/share/webots_ros2_msgs/cmake/export_webots_ros2_msgs__rosidl_generator_cExport.cmake
[1.668s] -- Up-to-date: /home/usuario/Robotica/install/webots_ros2_msgs/share/webots_ros2_msgs/cmake/export_webots_ros2_msgs__rosidl_generator_cExport-noconfig.cmake
[1.668s] -- Up-to-date: /home/usuario/Robotica/install/webots_ros2_msgs/share/webots_ros2_msgs/cmake/export_webots_ros2_msgs__rosidl_typesupport_fastrtps_cExport.cmake
[1.668s] -- Up-to-date: /home/usuario/Robotica/install/webots_ros2_msgs/share/webots_ros2_msgs/cmake/export_webots_ros2_msgs__rosidl_typesupport_fastrtps_cExport-noconfig.cmake
[1.668s] -- Up-to-date: /home/usuario/Robotica/install/webots_ros2_msgs/share/webots_ros2_msgs/cmake/export_webots_ros2_msgs__rosidl_generator_cppExport.cmake
[1.669s] -- Up-to-date: /home/usuario/Robotica/install/webots_ros2_msgs/share/webots_ros2_msgs/cmake/export_webots_ros2_msgs__rosidl_typesupport_fastrtps_cppExport.cmake
[1.669s] -- Up-to-date: /home/usuario/Robotica/install/webots_ros2_msgs/share/webots_ros2_msgs/cmake/export_webots_ros2_msgs__rosidl_typesupport_fastrtps_cppExport-noconfig.cmake
[1.670s] -- Up-to-date: /home/usuario/Robotica/install/webots_ros2_msgs/share/webots_ros2_msgs/cmake/webots_ros2_msgs__rosidl_typesupport_introspection_cExport.cmake
[1.670s] -- Up-to-date: /home/usuario/Robotica/install/webots_ros2_msgs/share/webots_ros2_msgs/cmake/webots_ros2_msgs__rosidl_typesupport_introspection_cExport-noconfig.cmake
[1.671s] -- Up-to-date: /home/usuario/Robotica/install/webots_ros2_msgs/share/webots_ros2_msgs/cmake/webots_ros2_msgs__rosidl_typesupport_cExport.cmake
[1.671s] -- Up-to-date: /home/usuario/Robotica/install/webots_ros2_msgs/share/webots_ros2_msgs/cmake/webots_ros2_msgs__rosidl_typesupport_cExport-noconfig.cmake
[1.671s] -- Up-to-date: /home/usuario/Robotica/install/webots_ros2_msgs/share/webots_ros2_msgs/cmake/webots_ros2_msgs__rosidl_typesupport_introspection_cppExport.cmake
[1.672s] -- Up-to-date: /home/usuario/Robotica/install/webots_ros2_msgs/share/webots_ros2_msgs/cmake/webots_ros2_msgs__rosidl_typesupport_introspection_cppExport-noconfig.cmake
[1.672s] -- Up-to-date: /home/usuario/Robotica/install/webots_ros2_msgs/share/webots_ros2_msgs/cmake/webots_ros2_msgs__rosidl_typesupport_cppExport.cmake
[1.672s] -- Up-to-date: /home/usuario/Robotica/install/webots_ros2_msgs/share/webots_ros2_msgs/cmake/webots_ros2_msgs__rosidl_typesupport_cppExport-noconfig.cmake
[1.672s] -- Up-to-date: /home/usuario/Robotica/install/webots_ros2_msgs/share/webots_ros2_msgs/cmake/export_webots_ros2_msgs__rosidl_generator_pyExport.cmake
[1.672s] -- Up-to-date: /home/usuario/Robotica/install/webots_ros2_msgs/share/webots_ros2_msgs/cmake/export_webots_ros2_msgs__rosidl_generator_pyExport-noconfig.cmake
[1.672s] -- Up-to-date: /home/usuario/Robotica/install/webots_ros2_msgs/share/webots_ros2_msgs/cmake/rosidl_cmake-extras.cmake
[1.672s] -- Up-to-date: /home/usuario/Robotica/install/webots_ros2_msgs/share/webots_ros2_msgs/cmake/ament_cmake_export_dependencies-extras.cmake
[1.673s] -- Up-to-date: /home/usuario/Robotica/install/webots_ros2_msgs/share/webots_ros2_msgs/cmake/ament_cmake_export_include_directories-extras.cmake
[1.673s] -- Up-to-date: /home/usuario/Robotica/install/webots_ros2_msgs/share/webots_ros2_msgs/cmake/ament_cmake_export_libraries-extras.cmake
[1.673s] -- Up-to-date: /home/usuario/Robotica/install/webots_ros2_msgs/share/webots_ros2_msgs/cmake/ament_cmake_export_targets-extras.cmake
[1.673s] -- Up-to-date: /home/usuario/Robotica/install/webots_ros2_msgs/share/webots_ros2_msgs/cmake/rosidl_cmake_export_typesupport_targets-extras.cmake
[1.673s] -- Up-to-date: /home/usuario/Robotica/install/webots_ros2_msgs/share/webots_ros2_msgs/cmake/rosidl_cmake_export_typesupport_libraries-extras.cmake
[1.673s] -- Up-to-date: /home/usuario/Robotica/install/webots_ros2_msgs/share/webots_ros2_msgs/cmake/webots_ros2_msgsConfig.cmake
[1.673s] -- Up-to-date: /home/usuario/Robotica/install/webots_ros2_msgs/share/webots_ros2_msgs/cmake/webots_ros2_msgsConfig-version.cmake
[1.674s] -- Up-to-date: /home/usuario/Robotica/install/webots_ros2_msgs/share/webots_ros2_msgs/package.xml
[1.683s] Invoked command in '/home/usuario/Robotica/build/webots_ros2_msgs' returned '0': CMAKE_PREFIX_PATH=${CMAKE_PREFIX_PATH}:/opt/ros/jazzy DEBUGINFOD_URLS=https://debuginfod.ubuntu.com /usr/bin/cmake --install /home/usuario/Robotica/build/webots_ros2_msgs
