[1.539s] Invoking command in '/home/usuario/Robotica/ros2_ws/src/car_pkg': DEBUGINFOD_URLS=https://debuginfod.ubuntu.com PYTHONPATH=/home/usuario/Robotica/build/car_pkg/prefix_override:/usr/lib/python3/dist-packages/colcon_core/task/python/colcon_distutils_commands:/home/usuario/Robotica/install/car_pkg/lib/python3.12/site-packages:${PYTHONPATH} /usr/bin/python3 -W ignore:setup.py install is deprecated -W ignore:easy_install command is deprecated setup.py egg_info --egg-base ../../../build/car_pkg build --build-base /home/usuario/Robotica/build/car_pkg/build install --record /home/usuario/Robotica/build/car_pkg/install.log --install-scripts $base/lib/car_pkg --single-version-externally-managed install_data
[1.693s] /usr/lib/python3/dist-packages/setuptools/dist.py:744: SetuptoolsDeprecationWarning: Invalid dash-separated options
[1.693s] !!
[1.693s] 
[1.693s]         ********************************************************************************
[1.693s]         Usage of dash-separated 'script-dir' will not be supported in future
[1.693s]         versions. Please use the underscore name 'script_dir' instead.
[1.693s] 
[1.693s]         This deprecation is overdue, please update your project and remove deprecated
[1.693s]         calls to avoid build errors in the future.
[1.693s] 
[1.693s]         See https://setuptools.pypa.io/en/latest/userguide/declarative_config.html for details.
[1.693s]         ********************************************************************************
[1.693s] 
[1.693s] !!
[1.693s]   opt = self.warn_dash_deprecation(opt, section)
[1.832s] running egg_info
[1.847s] writing ../../../build/car_pkg/car_pkg.egg-info/PKG-INFO
[1.848s] writing dependency_links to ../../../build/car_pkg/car_pkg.egg-info/dependency_links.txt
[1.848s] writing requirements to ../../../build/car_pkg/car_pkg.egg-info/requires.txt
[1.849s] writing top-level names to ../../../build/car_pkg/car_pkg.egg-info/top_level.txt
[1.890s] reading manifest file '../../../build/car_pkg/car_pkg.egg-info/SOURCES.txt'
[1.892s] writing manifest file '../../../build/car_pkg/car_pkg.egg-info/SOURCES.txt'
[1.892s] running build
[1.892s] running build_py
[1.893s] running install
[1.902s] running install_lib
[1.924s] running install_data
[1.925s] running install_egg_info
[1.944s] removing '/home/usuario/Robotica/install/car_pkg/lib/python3.12/site-packages/car_pkg-0.0.0-py3.12.egg-info' (and everything under it)
[1.944s] Copying ../../../build/car_pkg/car_pkg.egg-info to /home/usuario/Robotica/install/car_pkg/lib/python3.12/site-packages/car_pkg-0.0.0-py3.12.egg-info
[1.946s] running install_scripts
[2.081s] writing list of installed files to '/home/usuario/Robotica/build/car_pkg/install.log'
[2.118s] Invoked command in '/home/usuario/Robotica/ros2_ws/src/car_pkg' returned '0': DEBUGINFOD_URLS=https://debuginfod.ubuntu.com PYTHONPATH=/home/usuario/Robotica/build/car_pkg/prefix_override:/usr/lib/python3/dist-packages/colcon_core/task/python/colcon_distutils_commands:/home/usuario/Robotica/install/car_pkg/lib/python3.12/site-packages:${PYTHONPATH} /usr/bin/python3 -W ignore:setup.py install is deprecated -W ignore:easy_install command is deprecated setup.py egg_info --egg-base ../../../build/car_pkg build --build-base /home/usuario/Robotica/build/car_pkg/build install --record /home/usuario/Robotica/build/car_pkg/install.log --install-scripts $base/lib/car_pkg --single-version-externally-managed install_data
