[0.446s] Invoking command in '/home/usuario/Robotica/ros2_ws/build/webots_ros2_msgs': CMAKE_PREFIX_PATH=${CMAKE_PREFIX_PATH}:/opt/ros/jazzy DEBUGINFOD_URLS=https://debuginfod.ubuntu.com /usr/bin/cmake --build /home/usuario/Robotica/ros2_ws/build/webots_ros2_msgs -- -j10 -l10
[0.831s] [  1%] Built target webots_ros2_msgs__rosidl_generator_type_description
[0.836s] [  1%] Built target ament_cmake_python_symlink_webots_ros2_msgs
[0.893s] [  1%] Built target webots_ros2_msgs__cpp
[0.978s] [ 27%] Built target webots_ros2_msgs__rosidl_generator_c
[1.368s] [ 37%] Built target webots_ros2_msgs__rosidl_typesupport_introspection_c
[1.461s] [ 47%] Built target webots_ros2_msgs__rosidl_typesupport_c
[1.501s] [ 56%] Built target webots_ros2_msgs__rosidl_typesupport_cpp
[1.501s] [ 65%] Built target webots_ros2_msgs__rosidl_typesupport_introspection_cpp
[1.532s] [ 75%] Built target webots_ros2_msgs__rosidl_typesupport_fastrtps_c
[1.549s] [ 85%] Built target webots_ros2_msgs__rosidl_typesupport_fastrtps_cpp
[1.549s] running egg_info
[1.590s] writing webots_ros2_msgs.egg-info/PKG-INFO
[1.590s] writing dependency_links to webots_ros2_msgs.egg-info/dependency_links.txt
[1.591s] writing top-level names to webots_ros2_msgs.egg-info/top_level.txt
[1.612s] [ 85%] Built target webots_ros2_msgs
[1.693s] reading manifest file 'webots_ros2_msgs.egg-info/SOURCES.txt'
[1.693s] [ 86%] Built target webots_ros2_msgs__py
[1.695s] writing manifest file 'webots_ros2_msgs.egg-info/SOURCES.txt'
[1.737s] [ 86%] Built target ament_cmake_python_build_webots_ros2_msgs_egg
[1.805s] [ 95%] Built target webots_ros2_msgs__rosidl_generator_py
[1.938s] [ 97%] Built target webots_ros2_msgs_s__rosidl_typesupport_c
[1.939s] [ 99%] Built target webots_ros2_msgs_s__rosidl_typesupport_introspection_c
[1.956s] [100%] Built target webots_ros2_msgs_s__rosidl_typesupport_fastrtps_c
[1.991s] Invoked command in '/home/usuario/Robotica/ros2_ws/build/webots_ros2_msgs' returned '0': CMAKE_PREFIX_PATH=${CMAKE_PREFIX_PATH}:/opt/ros/jazzy DEBUGINFOD_URLS=https://debuginfod.ubuntu.com /usr/bin/cmake --build /home/usuario/Robotica/ros2_ws/build/webots_ros2_msgs -- -j10 -l10
[2.026s] Invoking command in '/home/usuario/Robotica/ros2_ws/build/webots_ros2_msgs': CMAKE_PREFIX_PATH=${CMAKE_PREFIX_PATH}:/opt/ros/jazzy DEBUGINFOD_URLS=https://debuginfod.ubuntu.com /usr/bin/cmake --install /home/usuario/Robotica/ros2_ws/build/webots_ros2_msgs
[2.059s] -- Install configuration: ""
[2.072s] -- Execute custom install script
[2.088s] -- Up-to-date symlink: /home/usuario/Robotica/ros2_ws/install/webots_ros2_msgs/share/ament_index/resource_index/rosidl_interfaces/webots_ros2_msgs
[2.089s] -- Up-to-date symlink: /home/usuario/Robotica/ros2_ws/install/webots_ros2_msgs/share/webots_ros2_msgs/msg/BoolStamped.json
[2.090s] -- Up-to-date symlink: /home/usuario/Robotica/ros2_ws/install/webots_ros2_msgs/share/webots_ros2_msgs/msg/FloatStamped.json
[2.091s] -- Up-to-date symlink: /home/usuario/Robotica/ros2_ws/install/webots_ros2_msgs/share/webots_ros2_msgs/msg/StringStamped.json
[2.092s] -- Up-to-date symlink: /home/usuario/Robotica/ros2_ws/install/webots_ros2_msgs/share/webots_ros2_msgs/msg/CameraRecognitionObject.json
[2.093s] -- Up-to-date symlink: /home/usuario/Robotica/ros2_ws/install/webots_ros2_msgs/share/webots_ros2_msgs/msg/CameraRecognitionObjects.json
[2.093s] -- Up-to-date symlink: /home/usuario/Robotica/ros2_ws/install/webots_ros2_msgs/share/webots_ros2_msgs/msg/UrdfRobot.json
[2.095s] -- Up-to-date symlink: /home/usuario/Robotica/ros2_ws/install/webots_ros2_msgs/share/webots_ros2_msgs/msg/PenInkProperties.json
[2.095s] -- Up-to-date symlink: /home/usuario/Robotica/ros2_ws/install/webots_ros2_msgs/share/webots_ros2_msgs/srv/EmitterSendString.json
[2.096s] -- Up-to-date symlink: /home/usuario/Robotica/ros2_ws/install/webots_ros2_msgs/share/webots_ros2_msgs/srv/GetBool.json
[2.097s] -- Up-to-date symlink: /home/usuario/Robotica/ros2_ws/install/webots_ros2_msgs/share/webots_ros2_msgs/srv/SetString.json
[2.098s] -- Up-to-date symlink: /home/usuario/Robotica/ros2_ws/install/webots_ros2_msgs/share/webots_ros2_msgs/srv/SpawnNodeFromString.json
[2.099s] -- Up-to-date symlink: /home/usuario/Robotica/ros2_ws/install/webots_ros2_msgs/share/webots_ros2_msgs/srv/SpawnUrdfRobot.json
[2.105s] -- Up-to-date symlink: /home/usuario/Robotica/ros2_ws/install/webots_ros2_msgs/include/webots_ros2_msgs/webots_ros2_msgs/msg/bool_stamped.h
[2.105s] -- Up-to-date symlink: /home/usuario/Robotica/ros2_ws/install/webots_ros2_msgs/include/webots_ros2_msgs/webots_ros2_msgs/msg/camera_recognition_object.h
[2.106s] -- Up-to-date symlink: /home/usuario/Robotica/ros2_ws/install/webots_ros2_msgs/include/webots_ros2_msgs/webots_ros2_msgs/msg/camera_recognition_objects.h
[2.107s] -- Up-to-date symlink: /home/usuario/Robotica/ros2_ws/install/webots_ros2_msgs/include/webots_ros2_msgs/webots_ros2_msgs/msg/detail/bool_stamped__functions.h
[2.108s] -- Up-to-date symlink: /home/usuario/Robotica/ros2_ws/install/webots_ros2_msgs/include/webots_ros2_msgs/webots_ros2_msgs/msg/detail/bool_stamped__struct.h
[2.109s] -- Up-to-date symlink: /home/usuario/Robotica/ros2_ws/install/webots_ros2_msgs/include/webots_ros2_msgs/webots_ros2_msgs/msg/detail/bool_stamped__type_support.h
[2.110s] -- Up-to-date symlink: /home/usuario/Robotica/ros2_ws/install/webots_ros2_msgs/include/webots_ros2_msgs/webots_ros2_msgs/msg/detail/camera_recognition_object__functions.h
[2.111s] -- Up-to-date symlink: /home/usuario/Robotica/ros2_ws/install/webots_ros2_msgs/include/webots_ros2_msgs/webots_ros2_msgs/msg/detail/camera_recognition_object__struct.h
[2.111s] -- Up-to-date symlink: /home/usuario/Robotica/ros2_ws/install/webots_ros2_msgs/include/webots_ros2_msgs/webots_ros2_msgs/msg/detail/camera_recognition_object__type_support.h
[2.112s] -- Up-to-date symlink: /home/usuario/Robotica/ros2_ws/install/webots_ros2_msgs/include/webots_ros2_msgs/webots_ros2_msgs/msg/detail/camera_recognition_objects__functions.h
[2.113s] -- Up-to-date symlink: /home/usuario/Robotica/ros2_ws/install/webots_ros2_msgs/include/webots_ros2_msgs/webots_ros2_msgs/msg/detail/camera_recognition_objects__struct.h
[2.114s] -- Up-to-date symlink: /home/usuario/Robotica/ros2_ws/install/webots_ros2_msgs/include/webots_ros2_msgs/webots_ros2_msgs/msg/detail/camera_recognition_objects__type_support.h
[2.114s] -- Up-to-date symlink: /home/usuario/Robotica/ros2_ws/install/webots_ros2_msgs/include/webots_ros2_msgs/webots_ros2_msgs/msg/detail/float_stamped__functions.h
[2.115s] -- Up-to-date symlink: /home/usuario/Robotica/ros2_ws/install/webots_ros2_msgs/include/webots_ros2_msgs/webots_ros2_msgs/msg/detail/float_stamped__struct.h
[2.116s] -- Up-to-date symlink: /home/usuario/Robotica/ros2_ws/install/webots_ros2_msgs/include/webots_ros2_msgs/webots_ros2_msgs/msg/detail/float_stamped__type_support.h
[2.116s] -- Up-to-date symlink: /home/usuario/Robotica/ros2_ws/install/webots_ros2_msgs/include/webots_ros2_msgs/webots_ros2_msgs/msg/detail/pen_ink_properties__functions.h
[2.117s] -- Up-to-date symlink: /home/usuario/Robotica/ros2_ws/install/webots_ros2_msgs/include/webots_ros2_msgs/webots_ros2_msgs/msg/detail/pen_ink_properties__struct.h
[2.118s] -- Up-to-date symlink: /home/usuario/Robotica/ros2_ws/install/webots_ros2_msgs/include/webots_ros2_msgs/webots_ros2_msgs/msg/detail/pen_ink_properties__type_support.h
[2.119s] -- Up-to-date symlink: /home/usuario/Robotica/ros2_ws/install/webots_ros2_msgs/include/webots_ros2_msgs/webots_ros2_msgs/msg/detail/string_stamped__functions.h
[2.120s] -- Up-to-date symlink: /home/usuario/Robotica/ros2_ws/install/webots_ros2_msgs/include/webots_ros2_msgs/webots_ros2_msgs/msg/detail/string_stamped__struct.h
[2.120s] -- Up-to-date symlink: /home/usuario/Robotica/ros2_ws/install/webots_ros2_msgs/include/webots_ros2_msgs/webots_ros2_msgs/msg/detail/string_stamped__type_support.h
[2.121s] -- Up-to-date symlink: /home/usuario/Robotica/ros2_ws/install/webots_ros2_msgs/include/webots_ros2_msgs/webots_ros2_msgs/msg/detail/urdf_robot__functions.h
[2.122s] -- Up-to-date symlink: /home/usuario/Robotica/ros2_ws/install/webots_ros2_msgs/include/webots_ros2_msgs/webots_ros2_msgs/msg/detail/urdf_robot__struct.h
[2.123s] -- Up-to-date symlink: /home/usuario/Robotica/ros2_ws/install/webots_ros2_msgs/include/webots_ros2_msgs/webots_ros2_msgs/msg/detail/urdf_robot__type_support.h
[2.123s] -- Up-to-date symlink: /home/usuario/Robotica/ros2_ws/install/webots_ros2_msgs/include/webots_ros2_msgs/webots_ros2_msgs/msg/float_stamped.h
[2.124s] -- Up-to-date symlink: /home/usuario/Robotica/ros2_ws/install/webots_ros2_msgs/include/webots_ros2_msgs/webots_ros2_msgs/msg/pen_ink_properties.h
[2.125s] -- Up-to-date symlink: /home/usuario/Robotica/ros2_ws/install/webots_ros2_msgs/include/webots_ros2_msgs/webots_ros2_msgs/msg/rosidl_generator_c__visibility_control.h
[2.125s] -- Up-to-date symlink: /home/usuario/Robotica/ros2_ws/install/webots_ros2_msgs/include/webots_ros2_msgs/webots_ros2_msgs/msg/string_stamped.h
[2.127s] -- Up-to-date symlink: /home/usuario/Robotica/ros2_ws/install/webots_ros2_msgs/include/webots_ros2_msgs/webots_ros2_msgs/msg/urdf_robot.h
[2.129s] -- Up-to-date symlink: /home/usuario/Robotica/ros2_ws/install/webots_ros2_msgs/include/webots_ros2_msgs/webots_ros2_msgs/srv/detail/emitter_send_string__functions.h
[2.130s] -- Up-to-date symlink: /home/usuario/Robotica/ros2_ws/install/webots_ros2_msgs/include/webots_ros2_msgs/webots_ros2_msgs/srv/detail/emitter_send_string__struct.h
[2.130s] -- Up-to-date symlink: /home/usuario/Robotica/ros2_ws/install/webots_ros2_msgs/include/webots_ros2_msgs/webots_ros2_msgs/srv/detail/emitter_send_string__type_support.h
[2.131s] -- Up-to-date symlink: /home/usuario/Robotica/ros2_ws/install/webots_ros2_msgs/include/webots_ros2_msgs/webots_ros2_msgs/srv/detail/get_bool__functions.h
[2.132s] -- Up-to-date symlink: /home/usuario/Robotica/ros2_ws/install/webots_ros2_msgs/include/webots_ros2_msgs/webots_ros2_msgs/srv/detail/get_bool__struct.h
[2.132s] -- Up-to-date symlink: /home/usuario/Robotica/ros2_ws/install/webots_ros2_msgs/include/webots_ros2_msgs/webots_ros2_msgs/srv/detail/get_bool__type_support.h
[2.133s] -- Up-to-date symlink: /home/usuario/Robotica/ros2_ws/install/webots_ros2_msgs/include/webots_ros2_msgs/webots_ros2_msgs/srv/detail/set_string__functions.h
[2.134s] -- Up-to-date symlink: /home/usuario/Robotica/ros2_ws/install/webots_ros2_msgs/include/webots_ros2_msgs/webots_ros2_msgs/srv/detail/set_string__struct.h
[2.135s] -- Up-to-date symlink: /home/usuario/Robotica/ros2_ws/install/webots_ros2_msgs/include/webots_ros2_msgs/webots_ros2_msgs/srv/detail/set_string__type_support.h
[2.135s] -- Up-to-date symlink: /home/usuario/Robotica/ros2_ws/install/webots_ros2_msgs/include/webots_ros2_msgs/webots_ros2_msgs/srv/detail/spawn_node_from_string__functions.h
[2.136s] -- Up-to-date symlink: /home/usuario/Robotica/ros2_ws/install/webots_ros2_msgs/include/webots_ros2_msgs/webots_ros2_msgs/srv/detail/spawn_node_from_string__struct.h
[2.137s] -- Up-to-date symlink: /home/usuario/Robotica/ros2_ws/install/webots_ros2_msgs/include/webots_ros2_msgs/webots_ros2_msgs/srv/detail/spawn_node_from_string__type_support.h
[2.138s] -- Up-to-date symlink: /home/usuario/Robotica/ros2_ws/install/webots_ros2_msgs/include/webots_ros2_msgs/webots_ros2_msgs/srv/detail/spawn_urdf_robot__functions.h
[2.151s] -- Up-to-date symlink: /home/usuario/Robotica/ros2_ws/install/webots_ros2_msgs/include/webots_ros2_msgs/webots_ros2_msgs/srv/detail/spawn_urdf_robot__struct.h
[2.151s] -- Up-to-date symlink: /home/usuario/Robotica/ros2_ws/install/webots_ros2_msgs/include/webots_ros2_msgs/webots_ros2_msgs/srv/detail/spawn_urdf_robot__type_support.h
[2.161s] -- Up-to-date symlink: /home/usuario/Robotica/ros2_ws/install/webots_ros2_msgs/include/webots_ros2_msgs/webots_ros2_msgs/srv/emitter_send_string.h
[2.170s] -- Up-to-date symlink: /home/usuario/Robotica/ros2_ws/install/webots_ros2_msgs/include/webots_ros2_msgs/webots_ros2_msgs/srv/get_bool.h
[2.171s] -- Up-to-date symlink: /home/usuario/Robotica/ros2_ws/install/webots_ros2_msgs/include/webots_ros2_msgs/webots_ros2_msgs/srv/set_string.h
[2.172s] -- Up-to-date symlink: /home/usuario/Robotica/ros2_ws/install/webots_ros2_msgs/include/webots_ros2_msgs/webots_ros2_msgs/srv/spawn_node_from_string.h
[2.173s] -- Up-to-date symlink: /home/usuario/Robotica/ros2_ws/install/webots_ros2_msgs/include/webots_ros2_msgs/webots_ros2_msgs/srv/spawn_urdf_robot.h
[2.174s] -- Up-to-date symlink: /home/usuario/Robotica/ros2_ws/install/webots_ros2_msgs/share/webots_ros2_msgs/environment/library_path.sh
[2.175s] -- Up-to-date symlink: /home/usuario/Robotica/ros2_ws/install/webots_ros2_msgs/share/webots_ros2_msgs/environment/library_path.dsv
[2.177s] -- Up-to-date symlink: /home/usuario/Robotica/ros2_ws/install/webots_ros2_msgs/include/webots_ros2_msgs/webots_ros2_msgs/msg/detail/bool_stamped__rosidl_typesupport_fastrtps_c.h
[2.178s] -- Up-to-date symlink: /home/usuario/Robotica/ros2_ws/install/webots_ros2_msgs/include/webots_ros2_msgs/webots_ros2_msgs/msg/detail/camera_recognition_object__rosidl_typesupport_fastrtps_c.h
[2.179s] -- Up-to-date symlink: /home/usuario/Robotica/ros2_ws/install/webots_ros2_msgs/include/webots_ros2_msgs/webots_ros2_msgs/msg/detail/camera_recognition_objects__rosidl_typesupport_fastrtps_c.h
[2.180s] -- Up-to-date symlink: /home/usuario/Robotica/ros2_ws/install/webots_ros2_msgs/include/webots_ros2_msgs/webots_ros2_msgs/msg/detail/float_stamped__rosidl_typesupport_fastrtps_c.h
[2.181s] -- Up-to-date symlink: /home/usuario/Robotica/ros2_ws/install/webots_ros2_msgs/include/webots_ros2_msgs/webots_ros2_msgs/msg/detail/pen_ink_properties__rosidl_typesupport_fastrtps_c.h
[2.182s] -- Up-to-date symlink: /home/usuario/Robotica/ros2_ws/install/webots_ros2_msgs/include/webots_ros2_msgs/webots_ros2_msgs/msg/detail/string_stamped__rosidl_typesupport_fastrtps_c.h
[2.183s] -- Up-to-date symlink: /home/usuario/Robotica/ros2_ws/install/webots_ros2_msgs/include/webots_ros2_msgs/webots_ros2_msgs/msg/detail/urdf_robot__rosidl_typesupport_fastrtps_c.h
[2.184s] -- Up-to-date symlink: /home/usuario/Robotica/ros2_ws/install/webots_ros2_msgs/include/webots_ros2_msgs/webots_ros2_msgs/msg/rosidl_typesupport_fastrtps_c__visibility_control.h
[2.185s] -- Up-to-date symlink: /home/usuario/Robotica/ros2_ws/install/webots_ros2_msgs/include/webots_ros2_msgs/webots_ros2_msgs/srv/detail/emitter_send_string__rosidl_typesupport_fastrtps_c.h
[2.185s] -- Up-to-date symlink: /home/usuario/Robotica/ros2_ws/install/webots_ros2_msgs/include/webots_ros2_msgs/webots_ros2_msgs/srv/detail/get_bool__rosidl_typesupport_fastrtps_c.h
[2.186s] -- Up-to-date symlink: /home/usuario/Robotica/ros2_ws/install/webots_ros2_msgs/include/webots_ros2_msgs/webots_ros2_msgs/srv/detail/set_string__rosidl_typesupport_fastrtps_c.h
[2.187s] -- Up-to-date symlink: /home/usuario/Robotica/ros2_ws/install/webots_ros2_msgs/include/webots_ros2_msgs/webots_ros2_msgs/srv/detail/spawn_node_from_string__rosidl_typesupport_fastrtps_c.h
[2.188s] -- Up-to-date symlink: /home/usuario/Robotica/ros2_ws/install/webots_ros2_msgs/include/webots_ros2_msgs/webots_ros2_msgs/srv/detail/spawn_urdf_robot__rosidl_typesupport_fastrtps_c.h
[2.190s] -- Up-to-date symlink: /home/usuario/Robotica/ros2_ws/install/webots_ros2_msgs/include/webots_ros2_msgs/webots_ros2_msgs/msg/bool_stamped.hpp
[2.190s] -- Up-to-date symlink: /home/usuario/Robotica/ros2_ws/install/webots_ros2_msgs/include/webots_ros2_msgs/webots_ros2_msgs/msg/camera_recognition_object.hpp
[2.191s] -- Up-to-date symlink: /home/usuario/Robotica/ros2_ws/install/webots_ros2_msgs/include/webots_ros2_msgs/webots_ros2_msgs/msg/camera_recognition_objects.hpp
[2.192s] -- Up-to-date symlink: /home/usuario/Robotica/ros2_ws/install/webots_ros2_msgs/include/webots_ros2_msgs/webots_ros2_msgs/msg/detail/bool_stamped__builder.hpp
[2.193s] -- Up-to-date symlink: /home/usuario/Robotica/ros2_ws/install/webots_ros2_msgs/include/webots_ros2_msgs/webots_ros2_msgs/msg/detail/bool_stamped__struct.hpp
[2.194s] -- Up-to-date symlink: /home/usuario/Robotica/ros2_ws/install/webots_ros2_msgs/include/webots_ros2_msgs/webots_ros2_msgs/msg/detail/bool_stamped__traits.hpp
[2.194s] -- Up-to-date symlink: /home/usuario/Robotica/ros2_ws/install/webots_ros2_msgs/include/webots_ros2_msgs/webots_ros2_msgs/msg/detail/bool_stamped__type_support.hpp
[2.195s] -- Up-to-date symlink: /home/usuario/Robotica/ros2_ws/install/webots_ros2_msgs/include/webots_ros2_msgs/webots_ros2_msgs/msg/detail/camera_recognition_object__builder.hpp
[2.196s] -- Up-to-date symlink: /home/usuario/Robotica/ros2_ws/install/webots_ros2_msgs/include/webots_ros2_msgs/webots_ros2_msgs/msg/detail/camera_recognition_object__struct.hpp
[2.197s] -- Up-to-date symlink: /home/usuario/Robotica/ros2_ws/install/webots_ros2_msgs/include/webots_ros2_msgs/webots_ros2_msgs/msg/detail/camera_recognition_object__traits.hpp
[2.197s] -- Up-to-date symlink: /home/usuario/Robotica/ros2_ws/install/webots_ros2_msgs/include/webots_ros2_msgs/webots_ros2_msgs/msg/detail/camera_recognition_object__type_support.hpp
[2.198s] -- Up-to-date symlink: /home/usuario/Robotica/ros2_ws/install/webots_ros2_msgs/include/webots_ros2_msgs/webots_ros2_msgs/msg/detail/camera_recognition_objects__builder.hpp
[2.200s] -- Up-to-date symlink: /home/usuario/Robotica/ros2_ws/install/webots_ros2_msgs/include/webots_ros2_msgs/webots_ros2_msgs/msg/detail/camera_recognition_objects__struct.hpp
[2.201s] -- Up-to-date symlink: /home/usuario/Robotica/ros2_ws/install/webots_ros2_msgs/include/webots_ros2_msgs/webots_ros2_msgs/msg/detail/camera_recognition_objects__traits.hpp
[2.202s] -- Up-to-date symlink: /home/usuario/Robotica/ros2_ws/install/webots_ros2_msgs/include/webots_ros2_msgs/webots_ros2_msgs/msg/detail/camera_recognition_objects__type_support.hpp
[2.202s] -- Up-to-date symlink: /home/usuario/Robotica/ros2_ws/install/webots_ros2_msgs/include/webots_ros2_msgs/webots_ros2_msgs/msg/detail/float_stamped__builder.hpp
[2.203s] -- Up-to-date symlink: /home/usuario/Robotica/ros2_ws/install/webots_ros2_msgs/include/webots_ros2_msgs/webots_ros2_msgs/msg/detail/float_stamped__struct.hpp
[2.204s] -- Up-to-date symlink: /home/usuario/Robotica/ros2_ws/install/webots_ros2_msgs/include/webots_ros2_msgs/webots_ros2_msgs/msg/detail/float_stamped__traits.hpp
[2.205s] -- Up-to-date symlink: /home/usuario/Robotica/ros2_ws/install/webots_ros2_msgs/include/webots_ros2_msgs/webots_ros2_msgs/msg/detail/float_stamped__type_support.hpp
[2.206s] -- Up-to-date symlink: /home/usuario/Robotica/ros2_ws/install/webots_ros2_msgs/include/webots_ros2_msgs/webots_ros2_msgs/msg/detail/pen_ink_properties__builder.hpp
[2.207s] -- Up-to-date symlink: /home/usuario/Robotica/ros2_ws/install/webots_ros2_msgs/include/webots_ros2_msgs/webots_ros2_msgs/msg/detail/pen_ink_properties__struct.hpp
[2.208s] -- Up-to-date symlink: /home/usuario/Robotica/ros2_ws/install/webots_ros2_msgs/include/webots_ros2_msgs/webots_ros2_msgs/msg/detail/pen_ink_properties__traits.hpp
[2.209s] -- Up-to-date symlink: /home/usuario/Robotica/ros2_ws/install/webots_ros2_msgs/include/webots_ros2_msgs/webots_ros2_msgs/msg/detail/pen_ink_properties__type_support.hpp
[2.211s] -- Up-to-date symlink: /home/usuario/Robotica/ros2_ws/install/webots_ros2_msgs/include/webots_ros2_msgs/webots_ros2_msgs/msg/detail/string_stamped__builder.hpp
[2.212s] -- Up-to-date symlink: /home/usuario/Robotica/ros2_ws/install/webots_ros2_msgs/include/webots_ros2_msgs/webots_ros2_msgs/msg/detail/string_stamped__struct.hpp
[2.213s] -- Up-to-date symlink: /home/usuario/Robotica/ros2_ws/install/webots_ros2_msgs/include/webots_ros2_msgs/webots_ros2_msgs/msg/detail/string_stamped__traits.hpp
[2.213s] -- Up-to-date symlink: /home/usuario/Robotica/ros2_ws/install/webots_ros2_msgs/include/webots_ros2_msgs/webots_ros2_msgs/msg/detail/string_stamped__type_support.hpp
[2.214s] -- Up-to-date symlink: /home/usuario/Robotica/ros2_ws/install/webots_ros2_msgs/include/webots_ros2_msgs/webots_ros2_msgs/msg/detail/urdf_robot__builder.hpp
[2.215s] -- Up-to-date symlink: /home/usuario/Robotica/ros2_ws/install/webots_ros2_msgs/include/webots_ros2_msgs/webots_ros2_msgs/msg/detail/urdf_robot__struct.hpp
[2.215s] -- Up-to-date symlink: /home/usuario/Robotica/ros2_ws/install/webots_ros2_msgs/include/webots_ros2_msgs/webots_ros2_msgs/msg/detail/urdf_robot__traits.hpp
[2.216s] -- Up-to-date symlink: /home/usuario/Robotica/ros2_ws/install/webots_ros2_msgs/include/webots_ros2_msgs/webots_ros2_msgs/msg/detail/urdf_robot__type_support.hpp
[2.217s] -- Up-to-date symlink: /home/usuario/Robotica/ros2_ws/install/webots_ros2_msgs/include/webots_ros2_msgs/webots_ros2_msgs/msg/float_stamped.hpp
[2.217s] -- Up-to-date symlink: /home/usuario/Robotica/ros2_ws/install/webots_ros2_msgs/include/webots_ros2_msgs/webots_ros2_msgs/msg/pen_ink_properties.hpp
[2.218s] -- Up-to-date symlink: /home/usuario/Robotica/ros2_ws/install/webots_ros2_msgs/include/webots_ros2_msgs/webots_ros2_msgs/msg/rosidl_generator_cpp__visibility_control.hpp
[2.219s] -- Up-to-date symlink: /home/usuario/Robotica/ros2_ws/install/webots_ros2_msgs/include/webots_ros2_msgs/webots_ros2_msgs/msg/string_stamped.hpp
[2.220s] -- Up-to-date symlink: /home/usuario/Robotica/ros2_ws/install/webots_ros2_msgs/include/webots_ros2_msgs/webots_ros2_msgs/msg/urdf_robot.hpp
[2.220s] -- Up-to-date symlink: /home/usuario/Robotica/ros2_ws/install/webots_ros2_msgs/include/webots_ros2_msgs/webots_ros2_msgs/srv/detail/emitter_send_string__builder.hpp
[2.221s] -- Up-to-date symlink: /home/usuario/Robotica/ros2_ws/install/webots_ros2_msgs/include/webots_ros2_msgs/webots_ros2_msgs/srv/detail/emitter_send_string__struct.hpp
[2.222s] -- Up-to-date symlink: /home/usuario/Robotica/ros2_ws/install/webots_ros2_msgs/include/webots_ros2_msgs/webots_ros2_msgs/srv/detail/emitter_send_string__traits.hpp
[2.223s] -- Up-to-date symlink: /home/usuario/Robotica/ros2_ws/install/webots_ros2_msgs/include/webots_ros2_msgs/webots_ros2_msgs/srv/detail/emitter_send_string__type_support.hpp
[2.224s] -- Up-to-date symlink: /home/usuario/Robotica/ros2_ws/install/webots_ros2_msgs/include/webots_ros2_msgs/webots_ros2_msgs/srv/detail/get_bool__builder.hpp
[2.225s] -- Up-to-date symlink: /home/usuario/Robotica/ros2_ws/install/webots_ros2_msgs/include/webots_ros2_msgs/webots_ros2_msgs/srv/detail/get_bool__struct.hpp
[2.225s] -- Up-to-date symlink: /home/usuario/Robotica/ros2_ws/install/webots_ros2_msgs/include/webots_ros2_msgs/webots_ros2_msgs/srv/detail/get_bool__traits.hpp
[2.226s] -- Up-to-date symlink: /home/usuario/Robotica/ros2_ws/install/webots_ros2_msgs/include/webots_ros2_msgs/webots_ros2_msgs/srv/detail/get_bool__type_support.hpp
[2.227s] -- Up-to-date symlink: /home/usuario/Robotica/ros2_ws/install/webots_ros2_msgs/include/webots_ros2_msgs/webots_ros2_msgs/srv/detail/set_string__builder.hpp
[2.228s] -- Up-to-date symlink: /home/usuario/Robotica/ros2_ws/install/webots_ros2_msgs/include/webots_ros2_msgs/webots_ros2_msgs/srv/detail/set_string__struct.hpp
[2.228s] -- Up-to-date symlink: /home/usuario/Robotica/ros2_ws/install/webots_ros2_msgs/include/webots_ros2_msgs/webots_ros2_msgs/srv/detail/set_string__traits.hpp
[2.229s] -- Up-to-date symlink: /home/usuario/Robotica/ros2_ws/install/webots_ros2_msgs/include/webots_ros2_msgs/webots_ros2_msgs/srv/detail/set_string__type_support.hpp
[2.230s] -- Up-to-date symlink: /home/usuario/Robotica/ros2_ws/install/webots_ros2_msgs/include/webots_ros2_msgs/webots_ros2_msgs/srv/detail/spawn_node_from_string__builder.hpp
[2.231s] -- Up-to-date symlink: /home/usuario/Robotica/ros2_ws/install/webots_ros2_msgs/include/webots_ros2_msgs/webots_ros2_msgs/srv/detail/spawn_node_from_string__struct.hpp
[2.232s] -- Up-to-date symlink: /home/usuario/Robotica/ros2_ws/install/webots_ros2_msgs/include/webots_ros2_msgs/webots_ros2_msgs/srv/detail/spawn_node_from_string__traits.hpp
[2.233s] -- Up-to-date symlink: /home/usuario/Robotica/ros2_ws/install/webots_ros2_msgs/include/webots_ros2_msgs/webots_ros2_msgs/srv/detail/spawn_node_from_string__type_support.hpp
[2.233s] -- Up-to-date symlink: /home/usuario/Robotica/ros2_ws/install/webots_ros2_msgs/include/webots_ros2_msgs/webots_ros2_msgs/srv/detail/spawn_urdf_robot__builder.hpp
[2.234s] -- Up-to-date symlink: /home/usuario/Robotica/ros2_ws/install/webots_ros2_msgs/include/webots_ros2_msgs/webots_ros2_msgs/srv/detail/spawn_urdf_robot__struct.hpp
[2.234s] -- Up-to-date symlink: /home/usuario/Robotica/ros2_ws/install/webots_ros2_msgs/include/webots_ros2_msgs/webots_ros2_msgs/srv/detail/spawn_urdf_robot__traits.hpp
[2.235s] -- Up-to-date symlink: /home/usuario/Robotica/ros2_ws/install/webots_ros2_msgs/include/webots_ros2_msgs/webots_ros2_msgs/srv/detail/spawn_urdf_robot__type_support.hpp
[2.236s] -- Up-to-date symlink: /home/usuario/Robotica/ros2_ws/install/webots_ros2_msgs/include/webots_ros2_msgs/webots_ros2_msgs/srv/emitter_send_string.hpp
[2.237s] -- Up-to-date symlink: /home/usuario/Robotica/ros2_ws/install/webots_ros2_msgs/include/webots_ros2_msgs/webots_ros2_msgs/srv/get_bool.hpp
[2.238s] -- Up-to-date symlink: /home/usuario/Robotica/ros2_ws/install/webots_ros2_msgs/include/webots_ros2_msgs/webots_ros2_msgs/srv/set_string.hpp
[2.241s] -- Up-to-date symlink: /home/usuario/Robotica/ros2_ws/install/webots_ros2_msgs/include/webots_ros2_msgs/webots_ros2_msgs/srv/spawn_node_from_string.hpp
[2.242s] -- Up-to-date symlink: /home/usuario/Robotica/ros2_ws/install/webots_ros2_msgs/include/webots_ros2_msgs/webots_ros2_msgs/srv/spawn_urdf_robot.hpp
[2.245s] -- Up-to-date symlink: /home/usuario/Robotica/ros2_ws/install/webots_ros2_msgs/include/webots_ros2_msgs/webots_ros2_msgs/msg/detail/bool_stamped__rosidl_typesupport_fastrtps_cpp.hpp
[2.246s] -- Up-to-date symlink: /home/usuario/Robotica/ros2_ws/install/webots_ros2_msgs/include/webots_ros2_msgs/webots_ros2_msgs/msg/detail/camera_recognition_object__rosidl_typesupport_fastrtps_cpp.hpp
[2.246s] -- Up-to-date symlink: /home/usuario/Robotica/ros2_ws/install/webots_ros2_msgs/include/webots_ros2_msgs/webots_ros2_msgs/msg/detail/camera_recognition_objects__rosidl_typesupport_fastrtps_cpp.hpp
[2.247s] -- Up-to-date symlink: /home/usuario/Robotica/ros2_ws/install/webots_ros2_msgs/include/webots_ros2_msgs/webots_ros2_msgs/msg/detail/float_stamped__rosidl_typesupport_fastrtps_cpp.hpp
[2.248s] -- Up-to-date symlink: /home/usuario/Robotica/ros2_ws/install/webots_ros2_msgs/include/webots_ros2_msgs/webots_ros2_msgs/msg/detail/pen_ink_properties__rosidl_typesupport_fastrtps_cpp.hpp
[2.249s] -- Up-to-date symlink: /home/usuario/Robotica/ros2_ws/install/webots_ros2_msgs/include/webots_ros2_msgs/webots_ros2_msgs/msg/detail/string_stamped__rosidl_typesupport_fastrtps_cpp.hpp
[2.250s] -- Up-to-date symlink: /home/usuario/Robotica/ros2_ws/install/webots_ros2_msgs/include/webots_ros2_msgs/webots_ros2_msgs/msg/detail/urdf_robot__rosidl_typesupport_fastrtps_cpp.hpp
[2.251s] -- Up-to-date symlink: /home/usuario/Robotica/ros2_ws/install/webots_ros2_msgs/include/webots_ros2_msgs/webots_ros2_msgs/msg/rosidl_typesupport_fastrtps_cpp__visibility_control.h
[2.252s] -- Up-to-date symlink: /home/usuario/Robotica/ros2_ws/install/webots_ros2_msgs/include/webots_ros2_msgs/webots_ros2_msgs/srv/detail/emitter_send_string__rosidl_typesupport_fastrtps_cpp.hpp
[2.253s] -- Up-to-date symlink: /home/usuario/Robotica/ros2_ws/install/webots_ros2_msgs/include/webots_ros2_msgs/webots_ros2_msgs/srv/detail/get_bool__rosidl_typesupport_fastrtps_cpp.hpp
[2.253s] -- Up-to-date symlink: /home/usuario/Robotica/ros2_ws/install/webots_ros2_msgs/include/webots_ros2_msgs/webots_ros2_msgs/srv/detail/set_string__rosidl_typesupport_fastrtps_cpp.hpp
[2.254s] -- Up-to-date symlink: /home/usuario/Robotica/ros2_ws/install/webots_ros2_msgs/include/webots_ros2_msgs/webots_ros2_msgs/srv/detail/spawn_node_from_string__rosidl_typesupport_fastrtps_cpp.hpp
[2.255s] -- Up-to-date symlink: /home/usuario/Robotica/ros2_ws/install/webots_ros2_msgs/include/webots_ros2_msgs/webots_ros2_msgs/srv/detail/spawn_urdf_robot__rosidl_typesupport_fastrtps_cpp.hpp
[2.256s] -- Up-to-date symlink: /home/usuario/Robotica/ros2_ws/install/webots_ros2_msgs/include/webots_ros2_msgs/webots_ros2_msgs/msg/detail/bool_stamped__rosidl_typesupport_introspection_c.h
[2.257s] -- Up-to-date symlink: /home/usuario/Robotica/ros2_ws/install/webots_ros2_msgs/include/webots_ros2_msgs/webots_ros2_msgs/msg/detail/camera_recognition_object__rosidl_typesupport_introspection_c.h
[2.258s] -- Up-to-date symlink: /home/usuario/Robotica/ros2_ws/install/webots_ros2_msgs/include/webots_ros2_msgs/webots_ros2_msgs/msg/detail/camera_recognition_objects__rosidl_typesupport_introspection_c.h
[2.259s] -- Up-to-date symlink: /home/usuario/Robotica/ros2_ws/install/webots_ros2_msgs/include/webots_ros2_msgs/webots_ros2_msgs/msg/detail/float_stamped__rosidl_typesupport_introspection_c.h
[2.260s] -- Up-to-date symlink: /home/usuario/Robotica/ros2_ws/install/webots_ros2_msgs/include/webots_ros2_msgs/webots_ros2_msgs/msg/detail/pen_ink_properties__rosidl_typesupport_introspection_c.h
[2.261s] -- Up-to-date symlink: /home/usuario/Robotica/ros2_ws/install/webots_ros2_msgs/include/webots_ros2_msgs/webots_ros2_msgs/msg/detail/string_stamped__rosidl_typesupport_introspection_c.h
[2.262s] -- Up-to-date symlink: /home/usuario/Robotica/ros2_ws/install/webots_ros2_msgs/include/webots_ros2_msgs/webots_ros2_msgs/msg/detail/urdf_robot__rosidl_typesupport_introspection_c.h
[2.263s] -- Up-to-date symlink: /home/usuario/Robotica/ros2_ws/install/webots_ros2_msgs/include/webots_ros2_msgs/webots_ros2_msgs/msg/rosidl_typesupport_introspection_c__visibility_control.h
[2.263s] -- Up-to-date symlink: /home/usuario/Robotica/ros2_ws/install/webots_ros2_msgs/include/webots_ros2_msgs/webots_ros2_msgs/srv/detail/emitter_send_string__rosidl_typesupport_introspection_c.h
[2.265s] -- Up-to-date symlink: /home/usuario/Robotica/ros2_ws/install/webots_ros2_msgs/include/webots_ros2_msgs/webots_ros2_msgs/srv/detail/get_bool__rosidl_typesupport_introspection_c.h
[2.266s] -- Up-to-date symlink: /home/usuario/Robotica/ros2_ws/install/webots_ros2_msgs/include/webots_ros2_msgs/webots_ros2_msgs/srv/detail/set_string__rosidl_typesupport_introspection_c.h
[2.267s] -- Up-to-date symlink: /home/usuario/Robotica/ros2_ws/install/webots_ros2_msgs/include/webots_ros2_msgs/webots_ros2_msgs/srv/detail/spawn_node_from_string__rosidl_typesupport_introspection_c.h
[2.267s] -- Up-to-date symlink: /home/usuario/Robotica/ros2_ws/install/webots_ros2_msgs/include/webots_ros2_msgs/webots_ros2_msgs/srv/detail/spawn_urdf_robot__rosidl_typesupport_introspection_c.h
[2.268s] -- Up-to-date symlink: /home/usuario/Robotica/ros2_ws/install/webots_ros2_msgs/include/webots_ros2_msgs/webots_ros2_msgs/msg/detail/bool_stamped__rosidl_typesupport_introspection_cpp.hpp
[2.269s] -- Up-to-date symlink: /home/usuario/Robotica/ros2_ws/install/webots_ros2_msgs/include/webots_ros2_msgs/webots_ros2_msgs/msg/detail/camera_recognition_object__rosidl_typesupport_introspection_cpp.hpp
[2.270s] -- Up-to-date symlink: /home/usuario/Robotica/ros2_ws/install/webots_ros2_msgs/include/webots_ros2_msgs/webots_ros2_msgs/msg/detail/camera_recognition_objects__rosidl_typesupport_introspection_cpp.hpp
[2.271s] -- Up-to-date symlink: /home/usuario/Robotica/ros2_ws/install/webots_ros2_msgs/include/webots_ros2_msgs/webots_ros2_msgs/msg/detail/float_stamped__rosidl_typesupport_introspection_cpp.hpp
[2.271s] -- Up-to-date symlink: /home/usuario/Robotica/ros2_ws/install/webots_ros2_msgs/include/webots_ros2_msgs/webots_ros2_msgs/msg/detail/pen_ink_properties__rosidl_typesupport_introspection_cpp.hpp
[2.272s] -- Up-to-date symlink: /home/usuario/Robotica/ros2_ws/install/webots_ros2_msgs/include/webots_ros2_msgs/webots_ros2_msgs/msg/detail/string_stamped__rosidl_typesupport_introspection_cpp.hpp
[2.273s] -- Up-to-date symlink: /home/usuario/Robotica/ros2_ws/install/webots_ros2_msgs/include/webots_ros2_msgs/webots_ros2_msgs/msg/detail/urdf_robot__rosidl_typesupport_introspection_cpp.hpp
[2.273s] -- Up-to-date symlink: /home/usuario/Robotica/ros2_ws/install/webots_ros2_msgs/include/webots_ros2_msgs/webots_ros2_msgs/srv/detail/emitter_send_string__rosidl_typesupport_introspection_cpp.hpp
[2.274s] -- Up-to-date symlink: /home/usuario/Robotica/ros2_ws/install/webots_ros2_msgs/include/webots_ros2_msgs/webots_ros2_msgs/srv/detail/get_bool__rosidl_typesupport_introspection_cpp.hpp
[2.275s] -- Up-to-date symlink: /home/usuario/Robotica/ros2_ws/install/webots_ros2_msgs/include/webots_ros2_msgs/webots_ros2_msgs/srv/detail/set_string__rosidl_typesupport_introspection_cpp.hpp
[2.276s] -- Up-to-date symlink: /home/usuario/Robotica/ros2_ws/install/webots_ros2_msgs/include/webots_ros2_msgs/webots_ros2_msgs/srv/detail/spawn_node_from_string__rosidl_typesupport_introspection_cpp.hpp
[2.276s] -- Up-to-date symlink: /home/usuario/Robotica/ros2_ws/install/webots_ros2_msgs/include/webots_ros2_msgs/webots_ros2_msgs/srv/detail/spawn_urdf_robot__rosidl_typesupport_introspection_cpp.hpp
[2.277s] -- Up-to-date symlink: /home/usuario/Robotica/ros2_ws/install/webots_ros2_msgs/share/webots_ros2_msgs/environment/pythonpath.sh
[2.278s] -- Up-to-date symlink: /home/usuario/Robotica/ros2_ws/install/webots_ros2_msgs/share/webots_ros2_msgs/environment/pythonpath.dsv
[2.282s] -- Up-to-date symlink: /home/usuario/Robotica/ros2_ws/install/webots_ros2_msgs/lib/python3.12/site-packages/webots_ros2_msgs-2025.0.1-py3.12.egg-info/PKG-INFO
[2.282s] -- Up-to-date symlink: /home/usuario/Robotica/ros2_ws/install/webots_ros2_msgs/lib/python3.12/site-packages/webots_ros2_msgs-2025.0.1-py3.12.egg-info/SOURCES.txt
[2.283s] -- Up-to-date symlink: /home/usuario/Robotica/ros2_ws/install/webots_ros2_msgs/lib/python3.12/site-packages/webots_ros2_msgs-2025.0.1-py3.12.egg-info/dependency_links.txt
[2.284s] -- Up-to-date symlink: /home/usuario/Robotica/ros2_ws/install/webots_ros2_msgs/lib/python3.12/site-packages/webots_ros2_msgs-2025.0.1-py3.12.egg-info/top_level.txt
[2.286s] -- Up-to-date symlink: /home/usuario/Robotica/ros2_ws/install/webots_ros2_msgs/lib/python3.12/site-packages/webots_ros2_msgs/__init__.py
[2.286s] -- Up-to-date symlink: /home/usuario/Robotica/ros2_ws/install/webots_ros2_msgs/lib/python3.12/site-packages/webots_ros2_msgs/_webots_ros2_msgs_s.ep.rosidl_typesupport_c.c
[2.287s] -- Up-to-date symlink: /home/usuario/Robotica/ros2_ws/install/webots_ros2_msgs/lib/python3.12/site-packages/webots_ros2_msgs/_webots_ros2_msgs_s.ep.rosidl_typesupport_fastrtps_c.c
[2.288s] -- Up-to-date symlink: /home/usuario/Robotica/ros2_ws/install/webots_ros2_msgs/lib/python3.12/site-packages/webots_ros2_msgs/_webots_ros2_msgs_s.ep.rosidl_typesupport_introspection_c.c
[2.291s] -- Up-to-date symlink: /home/usuario/Robotica/ros2_ws/install/webots_ros2_msgs/lib/python3.12/site-packages/webots_ros2_msgs/msg/__init__.py
[2.292s] -- Up-to-date symlink: /home/usuario/Robotica/ros2_ws/install/webots_ros2_msgs/lib/python3.12/site-packages/webots_ros2_msgs/msg/_bool_stamped.py
[2.293s] -- Up-to-date symlink: /home/usuario/Robotica/ros2_ws/install/webots_ros2_msgs/lib/python3.12/site-packages/webots_ros2_msgs/msg/_bool_stamped_s.c
[2.295s] -- Up-to-date symlink: /home/usuario/Robotica/ros2_ws/install/webots_ros2_msgs/lib/python3.12/site-packages/webots_ros2_msgs/msg/_camera_recognition_object.py
[2.296s] -- Up-to-date symlink: /home/usuario/Robotica/ros2_ws/install/webots_ros2_msgs/lib/python3.12/site-packages/webots_ros2_msgs/msg/_camera_recognition_object_s.c
[2.296s] -- Up-to-date symlink: /home/usuario/Robotica/ros2_ws/install/webots_ros2_msgs/lib/python3.12/site-packages/webots_ros2_msgs/msg/_camera_recognition_objects.py
[2.297s] -- Up-to-date symlink: /home/usuario/Robotica/ros2_ws/install/webots_ros2_msgs/lib/python3.12/site-packages/webots_ros2_msgs/msg/_camera_recognition_objects_s.c
[2.297s] -- Up-to-date symlink: /home/usuario/Robotica/ros2_ws/install/webots_ros2_msgs/lib/python3.12/site-packages/webots_ros2_msgs/msg/_float_stamped.py
[2.299s] -- Up-to-date symlink: /home/usuario/Robotica/ros2_ws/install/webots_ros2_msgs/lib/python3.12/site-packages/webots_ros2_msgs/msg/_float_stamped_s.c
[2.300s] -- Up-to-date symlink: /home/usuario/Robotica/ros2_ws/install/webots_ros2_msgs/lib/python3.12/site-packages/webots_ros2_msgs/msg/_pen_ink_properties.py
[2.303s] -- Up-to-date symlink: /home/usuario/Robotica/ros2_ws/install/webots_ros2_msgs/lib/python3.12/site-packages/webots_ros2_msgs/msg/_pen_ink_properties_s.c
[2.304s] -- Up-to-date symlink: /home/usuario/Robotica/ros2_ws/install/webots_ros2_msgs/lib/python3.12/site-packages/webots_ros2_msgs/msg/_string_stamped.py
[2.306s] -- Up-to-date symlink: /home/usuario/Robotica/ros2_ws/install/webots_ros2_msgs/lib/python3.12/site-packages/webots_ros2_msgs/msg/_string_stamped_s.c
[2.309s] -- Up-to-date symlink: /home/usuario/Robotica/ros2_ws/install/webots_ros2_msgs/lib/python3.12/site-packages/webots_ros2_msgs/msg/_urdf_robot.py
[2.311s] -- Up-to-date symlink: /home/usuario/Robotica/ros2_ws/install/webots_ros2_msgs/lib/python3.12/site-packages/webots_ros2_msgs/msg/_urdf_robot_s.c
[2.315s] -- Up-to-date symlink: /home/usuario/Robotica/ros2_ws/install/webots_ros2_msgs/lib/python3.12/site-packages/webots_ros2_msgs/srv/__init__.py
[2.315s] -- Up-to-date symlink: /home/usuario/Robotica/ros2_ws/install/webots_ros2_msgs/lib/python3.12/site-packages/webots_ros2_msgs/srv/_emitter_send_string.py
[2.316s] -- Up-to-date symlink: /home/usuario/Robotica/ros2_ws/install/webots_ros2_msgs/lib/python3.12/site-packages/webots_ros2_msgs/srv/_emitter_send_string_s.c
[2.316s] -- Up-to-date symlink: /home/usuario/Robotica/ros2_ws/install/webots_ros2_msgs/lib/python3.12/site-packages/webots_ros2_msgs/srv/_get_bool.py
[2.318s] -- Up-to-date symlink: /home/usuario/Robotica/ros2_ws/install/webots_ros2_msgs/lib/python3.12/site-packages/webots_ros2_msgs/srv/_get_bool_s.c
[2.320s] -- Up-to-date symlink: /home/usuario/Robotica/ros2_ws/install/webots_ros2_msgs/lib/python3.12/site-packages/webots_ros2_msgs/srv/_set_string.py
[2.321s] -- Up-to-date symlink: /home/usuario/Robotica/ros2_ws/install/webots_ros2_msgs/lib/python3.12/site-packages/webots_ros2_msgs/srv/_set_string_s.c
[2.323s] -- Up-to-date symlink: /home/usuario/Robotica/ros2_ws/install/webots_ros2_msgs/lib/python3.12/site-packages/webots_ros2_msgs/srv/_spawn_node_from_string.py
[2.324s] -- Up-to-date symlink: /home/usuario/Robotica/ros2_ws/install/webots_ros2_msgs/lib/python3.12/site-packages/webots_ros2_msgs/srv/_spawn_node_from_string_s.c
[2.324s] -- Up-to-date symlink: /home/usuario/Robotica/ros2_ws/install/webots_ros2_msgs/lib/python3.12/site-packages/webots_ros2_msgs/srv/_spawn_urdf_robot.py
[2.328s] -- Up-to-date symlink: /home/usuario/Robotica/ros2_ws/install/webots_ros2_msgs/lib/python3.12/site-packages/webots_ros2_msgs/srv/_spawn_urdf_robot_s.c
[2.329s] -- Up-to-date symlink: /home/usuario/Robotica/ros2_ws/install/webots_ros2_msgs/lib/python3.12/site-packages/webots_ros2_msgs/webots_ros2_msgs_s__rosidl_typesupport_c.so
[2.331s] -- Up-to-date symlink: /home/usuario/Robotica/ros2_ws/install/webots_ros2_msgs/lib/python3.12/site-packages/webots_ros2_msgs/webots_ros2_msgs_s__rosidl_typesupport_fastrtps_c.so
[2.332s] -- Up-to-date symlink: /home/usuario/Robotica/ros2_ws/install/webots_ros2_msgs/lib/python3.12/site-packages/webots_ros2_msgs/webots_ros2_msgs_s__rosidl_typesupport_introspection_c.so
[2.332s] -- Up-to-date symlink: /home/usuario/Robotica/ros2_ws/install/webots_ros2_msgs/lib/python3.12/site-packages/webots_ros2_msgs/webots_ros2_msgs_s__rosidl_typesupport_fastrtps_c.so
[2.333s] -- Up-to-date symlink: /home/usuario/Robotica/ros2_ws/install/webots_ros2_msgs/lib/python3.12/site-packages/webots_ros2_msgs/webots_ros2_msgs_s__rosidl_typesupport_introspection_c.so
[2.335s] -- Up-to-date symlink: /home/usuario/Robotica/ros2_ws/install/webots_ros2_msgs/lib/python3.12/site-packages/webots_ros2_msgs/webots_ros2_msgs_s__rosidl_typesupport_c.so
[2.336s] -- Up-to-date symlink: /home/usuario/Robotica/ros2_ws/install/webots_ros2_msgs/share/webots_ros2_msgs/msg/BoolStamped.idl
[2.338s] -- Up-to-date symlink: /home/usuario/Robotica/ros2_ws/install/webots_ros2_msgs/share/webots_ros2_msgs/msg/FloatStamped.idl
[2.342s] -- Up-to-date symlink: /home/usuario/Robotica/ros2_ws/install/webots_ros2_msgs/share/webots_ros2_msgs/msg/StringStamped.idl
[2.353s] -- Up-to-date symlink: /home/usuario/Robotica/ros2_ws/install/webots_ros2_msgs/share/webots_ros2_msgs/msg/CameraRecognitionObject.idl
[2.356s] -- Up-to-date symlink: /home/usuario/Robotica/ros2_ws/install/webots_ros2_msgs/share/webots_ros2_msgs/msg/CameraRecognitionObjects.idl
[2.357s] -- Up-to-date symlink: /home/usuario/Robotica/ros2_ws/install/webots_ros2_msgs/share/webots_ros2_msgs/msg/UrdfRobot.idl
[2.360s] -- Up-to-date symlink: /home/usuario/Robotica/ros2_ws/install/webots_ros2_msgs/share/webots_ros2_msgs/msg/PenInkProperties.idl
[2.361s] -- Up-to-date symlink: /home/usuario/Robotica/ros2_ws/install/webots_ros2_msgs/share/webots_ros2_msgs/srv/EmitterSendString.idl
[2.362s] -- Up-to-date symlink: /home/usuario/Robotica/ros2_ws/install/webots_ros2_msgs/share/webots_ros2_msgs/srv/GetBool.idl
[2.364s] -- Up-to-date symlink: /home/usuario/Robotica/ros2_ws/install/webots_ros2_msgs/share/webots_ros2_msgs/srv/SetString.idl
[2.365s] -- Up-to-date symlink: /home/usuario/Robotica/ros2_ws/install/webots_ros2_msgs/share/webots_ros2_msgs/srv/SpawnNodeFromString.idl
[2.367s] -- Up-to-date symlink: /home/usuario/Robotica/ros2_ws/install/webots_ros2_msgs/share/webots_ros2_msgs/srv/SpawnUrdfRobot.idl
[2.369s] -- Up-to-date symlink: /home/usuario/Robotica/ros2_ws/install/webots_ros2_msgs/share/webots_ros2_msgs/msg/BoolStamped.msg
[2.370s] -- Up-to-date symlink: /home/usuario/Robotica/ros2_ws/install/webots_ros2_msgs/share/webots_ros2_msgs/msg/FloatStamped.msg
[2.372s] -- Up-to-date symlink: /home/usuario/Robotica/ros2_ws/install/webots_ros2_msgs/share/webots_ros2_msgs/msg/StringStamped.msg
[2.374s] -- Up-to-date symlink: /home/usuario/Robotica/ros2_ws/install/webots_ros2_msgs/share/webots_ros2_msgs/msg/CameraRecognitionObject.msg
[2.378s] -- Up-to-date symlink: /home/usuario/Robotica/ros2_ws/install/webots_ros2_msgs/share/webots_ros2_msgs/msg/CameraRecognitionObjects.msg
[2.378s] -- Up-to-date symlink: /home/usuario/Robotica/ros2_ws/install/webots_ros2_msgs/share/webots_ros2_msgs/msg/UrdfRobot.msg
[2.378s] -- Up-to-date symlink: /home/usuario/Robotica/ros2_ws/install/webots_ros2_msgs/share/webots_ros2_msgs/msg/PenInkProperties.msg
[2.381s] -- Up-to-date symlink: /home/usuario/Robotica/ros2_ws/install/webots_ros2_msgs/share/webots_ros2_msgs/srv/EmitterSendString.srv
[2.382s] -- Up-to-date symlink: /home/usuario/Robotica/ros2_ws/install/webots_ros2_msgs/share/webots_ros2_msgs/srv/GetBool.srv
[2.383s] -- Up-to-date symlink: /home/usuario/Robotica/ros2_ws/install/webots_ros2_msgs/share/webots_ros2_msgs/srv/SetString.srv
[2.385s] -- Up-to-date symlink: /home/usuario/Robotica/ros2_ws/install/webots_ros2_msgs/share/webots_ros2_msgs/srv/SpawnNodeFromString.srv
[2.385s] -- Up-to-date symlink: /home/usuario/Robotica/ros2_ws/install/webots_ros2_msgs/share/webots_ros2_msgs/srv/SpawnUrdfRobot.srv
[2.388s] -- Up-to-date symlink: /home/usuario/Robotica/ros2_ws/install/webots_ros2_msgs/share/ament_index/resource_index/package_run_dependencies/webots_ros2_msgs
[2.390s] -- Up-to-date symlink: /home/usuario/Robotica/ros2_ws/install/webots_ros2_msgs/share/ament_index/resource_index/parent_prefix_path/webots_ros2_msgs
[2.393s] -- Up-to-date symlink: /home/usuario/Robotica/ros2_ws/install/webots_ros2_msgs/share/webots_ros2_msgs/environment/ament_prefix_path.sh
[2.394s] -- Up-to-date symlink: /home/usuario/Robotica/ros2_ws/install/webots_ros2_msgs/share/webots_ros2_msgs/environment/ament_prefix_path.dsv
[2.396s] -- Up-to-date symlink: /home/usuario/Robotica/ros2_ws/install/webots_ros2_msgs/share/webots_ros2_msgs/environment/path.sh
[2.398s] -- Up-to-date symlink: /home/usuario/Robotica/ros2_ws/install/webots_ros2_msgs/share/webots_ros2_msgs/environment/path.dsv
[2.400s] -- Up-to-date symlink: /home/usuario/Robotica/ros2_ws/install/webots_ros2_msgs/share/webots_ros2_msgs/local_setup.bash
[2.401s] -- Up-to-date symlink: /home/usuario/Robotica/ros2_ws/install/webots_ros2_msgs/share/webots_ros2_msgs/local_setup.sh
[2.404s] -- Up-to-date symlink: /home/usuario/Robotica/ros2_ws/install/webots_ros2_msgs/share/webots_ros2_msgs/local_setup.zsh
[2.405s] -- Up-to-date symlink: /home/usuario/Robotica/ros2_ws/install/webots_ros2_msgs/share/webots_ros2_msgs/local_setup.dsv
[2.407s] -- Symlinking: /home/usuario/Robotica/ros2_ws/install/webots_ros2_msgs/share/webots_ros2_msgs/package.dsv
[2.430s] -- Up-to-date symlink: /home/usuario/Robotica/ros2_ws/install/webots_ros2_msgs/share/ament_index/resource_index/packages/webots_ros2_msgs
[2.434s] -- Up-to-date symlink: /home/usuario/Robotica/ros2_ws/install/webots_ros2_msgs/share/webots_ros2_msgs/cmake/rosidl_cmake-extras.cmake
[2.434s] -- Up-to-date symlink: /home/usuario/Robotica/ros2_ws/install/webots_ros2_msgs/share/webots_ros2_msgs/cmake/ament_cmake_export_dependencies-extras.cmake
[2.439s] -- Up-to-date symlink: /home/usuario/Robotica/ros2_ws/install/webots_ros2_msgs/share/webots_ros2_msgs/cmake/ament_cmake_export_include_directories-extras.cmake
[2.446s] -- Up-to-date symlink: /home/usuario/Robotica/ros2_ws/install/webots_ros2_msgs/share/webots_ros2_msgs/cmake/ament_cmake_export_libraries-extras.cmake
[2.448s] -- Up-to-date symlink: /home/usuario/Robotica/ros2_ws/install/webots_ros2_msgs/share/webots_ros2_msgs/cmake/ament_cmake_export_targets-extras.cmake
[2.451s] -- Up-to-date symlink: /home/usuario/Robotica/ros2_ws/install/webots_ros2_msgs/share/webots_ros2_msgs/cmake/rosidl_cmake_export_typesupport_targets-extras.cmake
[2.454s] -- Up-to-date symlink: /home/usuario/Robotica/ros2_ws/install/webots_ros2_msgs/share/webots_ros2_msgs/cmake/rosidl_cmake_export_typesupport_libraries-extras.cmake
[2.484s] -- Up-to-date symlink: /home/usuario/Robotica/ros2_ws/install/webots_ros2_msgs/share/webots_ros2_msgs/cmake/webots_ros2_msgsConfig.cmake
[2.486s] -- Up-to-date symlink: /home/usuario/Robotica/ros2_ws/install/webots_ros2_msgs/share/webots_ros2_msgs/cmake/webots_ros2_msgsConfig-version.cmake
[2.489s] -- Up-to-date symlink: /home/usuario/Robotica/ros2_ws/install/webots_ros2_msgs/share/webots_ros2_msgs/package.xml
[2.495s] -- Up-to-date: /home/usuario/Robotica/ros2_ws/install/webots_ros2_msgs/lib/libwebots_ros2_msgs__rosidl_generator_c.so
[2.500s] -- Up-to-date: /home/usuario/Robotica/ros2_ws/install/webots_ros2_msgs/lib/libwebots_ros2_msgs__rosidl_typesupport_fastrtps_c.so
[2.502s] -- Up-to-date: /home/usuario/Robotica/ros2_ws/install/webots_ros2_msgs/lib/libwebots_ros2_msgs__rosidl_typesupport_fastrtps_cpp.so
[2.506s] -- Up-to-date: /home/usuario/Robotica/ros2_ws/install/webots_ros2_msgs/lib/libwebots_ros2_msgs__rosidl_typesupport_introspection_c.so
[2.509s] -- Up-to-date: /home/usuario/Robotica/ros2_ws/install/webots_ros2_msgs/lib/libwebots_ros2_msgs__rosidl_typesupport_c.so
[2.513s] -- Up-to-date: /home/usuario/Robotica/ros2_ws/install/webots_ros2_msgs/lib/libwebots_ros2_msgs__rosidl_typesupport_introspection_cpp.so
[2.517s] -- Up-to-date: /home/usuario/Robotica/ros2_ws/install/webots_ros2_msgs/lib/libwebots_ros2_msgs__rosidl_typesupport_cpp.so
[2.611s] Listing '/home/usuario/Robotica/ros2_ws/install/webots_ros2_msgs/lib/python3.12/site-packages/webots_ros2_msgs'...
[2.611s] Listing '/home/usuario/Robotica/ros2_ws/install/webots_ros2_msgs/lib/python3.12/site-packages/webots_ros2_msgs/msg'...
[2.611s] Listing '/home/usuario/Robotica/ros2_ws/install/webots_ros2_msgs/lib/python3.12/site-packages/webots_ros2_msgs/srv'...
[2.624s] -- Up-to-date: /home/usuario/Robotica/ros2_ws/install/webots_ros2_msgs/lib/libwebots_ros2_msgs__rosidl_generator_py.so
[2.627s] -- Up-to-date: /home/usuario/Robotica/ros2_ws/install/webots_ros2_msgs/share/webots_ros2_msgs/cmake/export_webots_ros2_msgs__rosidl_generator_cExport.cmake
[2.628s] -- Up-to-date: /home/usuario/Robotica/ros2_ws/install/webots_ros2_msgs/share/webots_ros2_msgs/cmake/export_webots_ros2_msgs__rosidl_generator_cExport-noconfig.cmake
[2.630s] -- Up-to-date: /home/usuario/Robotica/ros2_ws/install/webots_ros2_msgs/share/webots_ros2_msgs/cmake/export_webots_ros2_msgs__rosidl_typesupport_fastrtps_cExport.cmake
[2.630s] -- Up-to-date: /home/usuario/Robotica/ros2_ws/install/webots_ros2_msgs/share/webots_ros2_msgs/cmake/export_webots_ros2_msgs__rosidl_typesupport_fastrtps_cExport-noconfig.cmake
[2.632s] -- Up-to-date: /home/usuario/Robotica/ros2_ws/install/webots_ros2_msgs/share/webots_ros2_msgs/cmake/export_webots_ros2_msgs__rosidl_generator_cppExport.cmake
[2.634s] -- Up-to-date: /home/usuario/Robotica/ros2_ws/install/webots_ros2_msgs/share/webots_ros2_msgs/cmake/export_webots_ros2_msgs__rosidl_typesupport_fastrtps_cppExport.cmake
[2.634s] -- Up-to-date: /home/usuario/Robotica/ros2_ws/install/webots_ros2_msgs/share/webots_ros2_msgs/cmake/export_webots_ros2_msgs__rosidl_typesupport_fastrtps_cppExport-noconfig.cmake
[2.638s] -- Up-to-date: /home/usuario/Robotica/ros2_ws/install/webots_ros2_msgs/share/webots_ros2_msgs/cmake/webots_ros2_msgs__rosidl_typesupport_introspection_cExport.cmake
[2.638s] -- Up-to-date: /home/usuario/Robotica/ros2_ws/install/webots_ros2_msgs/share/webots_ros2_msgs/cmake/webots_ros2_msgs__rosidl_typesupport_introspection_cExport-noconfig.cmake
[2.639s] -- Up-to-date: /home/usuario/Robotica/ros2_ws/install/webots_ros2_msgs/share/webots_ros2_msgs/cmake/webots_ros2_msgs__rosidl_typesupport_cExport.cmake
[2.639s] -- Up-to-date: /home/usuario/Robotica/ros2_ws/install/webots_ros2_msgs/share/webots_ros2_msgs/cmake/webots_ros2_msgs__rosidl_typesupport_cExport-noconfig.cmake
[2.641s] -- Up-to-date: /home/usuario/Robotica/ros2_ws/install/webots_ros2_msgs/share/webots_ros2_msgs/cmake/webots_ros2_msgs__rosidl_typesupport_introspection_cppExport.cmake
[2.641s] -- Up-to-date: /home/usuario/Robotica/ros2_ws/install/webots_ros2_msgs/share/webots_ros2_msgs/cmake/webots_ros2_msgs__rosidl_typesupport_introspection_cppExport-noconfig.cmake
[2.643s] -- Up-to-date: /home/usuario/Robotica/ros2_ws/install/webots_ros2_msgs/share/webots_ros2_msgs/cmake/webots_ros2_msgs__rosidl_typesupport_cppExport.cmake
[2.643s] -- Up-to-date: /home/usuario/Robotica/ros2_ws/install/webots_ros2_msgs/share/webots_ros2_msgs/cmake/webots_ros2_msgs__rosidl_typesupport_cppExport-noconfig.cmake
[2.655s] -- Up-to-date: /home/usuario/Robotica/ros2_ws/install/webots_ros2_msgs/share/webots_ros2_msgs/cmake/export_webots_ros2_msgs__rosidl_generator_pyExport.cmake
[2.655s] -- Up-to-date: /home/usuario/Robotica/ros2_ws/install/webots_ros2_msgs/share/webots_ros2_msgs/cmake/export_webots_ros2_msgs__rosidl_generator_pyExport-noconfig.cmake
[2.660s] Invoked command in '/home/usuario/Robotica/ros2_ws/build/webots_ros2_msgs' returned '0': CMAKE_PREFIX_PATH=${CMAKE_PREFIX_PATH}:/opt/ros/jazzy DEBUGINFOD_URLS=https://debuginfod.ubuntu.com /usr/bin/cmake --install /home/usuario/Robotica/ros2_ws/build/webots_ros2_msgs
