[0.032s] Invoking command in '/home/usuario/Robotica/ros2_ws/build/webots_ros2_driver': AMENT_PREFIX_PATH=/home/usuario/Robotica/ros2_ws/install/webots_ros2_msgs:/home/usuario/Robotica/ros2_ws/install/webots_ros2_importer:${AMENT_PREFIX_PATH} CMAKE_PREFIX_PATH=/home/usuario/Robotica/ros2_ws/install/webots_ros2_msgs:/opt/ros/jazzy/opt/sdformat_vendor:/opt/ros/jazzy/opt/gz_math_vendor:/opt/ros/jazzy/opt/gz_utils_vendor:/opt/ros/jazzy/opt/gz_tools_vendor:/opt/ros/jazzy/opt/gz_cmake_vendor:/opt/ros/jazzy DEBUGINFOD_URLS=https://debuginfod.ubuntu.com LD_LIBRARY_PATH=/home/usuario/Robotica/ros2_ws/install/webots_ros2_msgs/lib:${LD_LIBRARY_PATH} PYTHONPATH=/home/usuario/Robotica/ros2_ws/install/webots_ros2_msgs/lib/python3.12/site-packages:/home/usuario/Robotica/ros2_ws/build/webots_ros2_importer:/home/usuario/Robotica/ros2_ws/install/webots_ros2_importer/lib/python3.12/site-packages:${PYTHONPATH} /usr/bin/cmake --build /home/usuario/Robotica/ros2_ws/build/webots_ros2_driver -- -j10 -l10
[0.217s] [  0%] Built target ament_cmake_python_symlink_controller
[0.218s] [  0%] Built target ament_cmake_python_symlink_webots_ros2_driver
[0.218s] [  0%] Built target ament_cmake_python_symlink_vehicle
[0.594s] running egg_info
[0.603s] running egg_info
[0.626s] running egg_info
[0.634s] writing vehicle.egg-info/PKG-INFO
[0.636s] writing dependency_links to vehicle.egg-info/dependency_links.txt
[0.636s] writing top-level names to vehicle.egg-info/top_level.txt
[0.638s] writing controller.egg-info/PKG-INFO
[0.638s] writing dependency_links to controller.egg-info/dependency_links.txt
[0.638s] writing top-level names to controller.egg-info/top_level.txt
[0.653s] writing webots_ros2_driver.egg-info/PKG-INFO
[0.653s] writing dependency_links to webots_ros2_driver.egg-info/dependency_links.txt
[0.653s] writing top-level names to webots_ros2_driver.egg-info/top_level.txt
[0.714s] reading manifest file 'controller.egg-info/SOURCES.txt'
[0.714s] reading manifest file 'vehicle.egg-info/SOURCES.txt'
[0.715s] writing manifest file 'controller.egg-info/SOURCES.txt'
[0.718s] writing manifest file 'vehicle.egg-info/SOURCES.txt'
[0.745s] reading manifest file 'webots_ros2_driver.egg-info/SOURCES.txt'
[0.746s] writing manifest file 'webots_ros2_driver.egg-info/SOURCES.txt'
[0.768s] [  0%] Built target ament_cmake_python_build_controller_egg
[0.769s] [  0%] Built target ament_cmake_python_build_vehicle_egg
[0.792s] [  0%] Built target ament_cmake_python_build_webots_ros2_driver_egg
[1.329s] [  0%] Built target compile-lib-controller
[1.486s] [  0%] Built target compile-generic-window
[2.177s] [  0%] Built target compile-lib-vehicle
[2.254s] [ 14%] Built target webots_ros2_driver_imu
[2.258s] [ 29%] Built target webots_ros2_driver_rgbd
[2.288s] [100%] Built target driver
[2.305s] Invoked command in '/home/usuario/Robotica/ros2_ws/build/webots_ros2_driver' returned '0': AMENT_PREFIX_PATH=/home/usuario/Robotica/ros2_ws/install/webots_ros2_msgs:/home/usuario/Robotica/ros2_ws/install/webots_ros2_importer:${AMENT_PREFIX_PATH} CMAKE_PREFIX_PATH=/home/usuario/Robotica/ros2_ws/install/webots_ros2_msgs:/opt/ros/jazzy/opt/sdformat_vendor:/opt/ros/jazzy/opt/gz_math_vendor:/opt/ros/jazzy/opt/gz_utils_vendor:/opt/ros/jazzy/opt/gz_tools_vendor:/opt/ros/jazzy/opt/gz_cmake_vendor:/opt/ros/jazzy DEBUGINFOD_URLS=https://debuginfod.ubuntu.com LD_LIBRARY_PATH=/home/usuario/Robotica/ros2_ws/install/webots_ros2_msgs/lib:${LD_LIBRARY_PATH} PYTHONPATH=/home/usuario/Robotica/ros2_ws/install/webots_ros2_msgs/lib/python3.12/site-packages:/home/usuario/Robotica/ros2_ws/build/webots_ros2_importer:/home/usuario/Robotica/ros2_ws/install/webots_ros2_importer/lib/python3.12/site-packages:${PYTHONPATH} /usr/bin/cmake --build /home/usuario/Robotica/ros2_ws/build/webots_ros2_driver -- -j10 -l10
[2.305s] Invoking command in '/home/usuario/Robotica/ros2_ws/build/webots_ros2_driver': AMENT_PREFIX_PATH=/home/usuario/Robotica/ros2_ws/install/webots_ros2_msgs:/home/usuario/Robotica/ros2_ws/install/webots_ros2_importer:${AMENT_PREFIX_PATH} CMAKE_PREFIX_PATH=/home/usuario/Robotica/ros2_ws/install/webots_ros2_msgs:/opt/ros/jazzy/opt/sdformat_vendor:/opt/ros/jazzy/opt/gz_math_vendor:/opt/ros/jazzy/opt/gz_utils_vendor:/opt/ros/jazzy/opt/gz_tools_vendor:/opt/ros/jazzy/opt/gz_cmake_vendor:/opt/ros/jazzy DEBUGINFOD_URLS=https://debuginfod.ubuntu.com LD_LIBRARY_PATH=/home/usuario/Robotica/ros2_ws/install/webots_ros2_msgs/lib:${LD_LIBRARY_PATH} PYTHONPATH=/home/usuario/Robotica/ros2_ws/install/webots_ros2_msgs/lib/python3.12/site-packages:/home/usuario/Robotica/ros2_ws/build/webots_ros2_importer:/home/usuario/Robotica/ros2_ws/install/webots_ros2_importer/lib/python3.12/site-packages:${PYTHONPATH} /usr/bin/cmake --install /home/usuario/Robotica/ros2_ws/build/webots_ros2_driver
[2.316s] -- Install configuration: ""
[2.317s] -- Execute custom install script
[2.317s] -- Up-to-date symlink: /home/usuario/Robotica/ros2_ws/install/webots_ros2_driver/share/webots_ros2_driver/environment/pythonpath.sh
[2.318s] -- Up-to-date symlink: /home/usuario/Robotica/ros2_ws/install/webots_ros2_driver/share/webots_ros2_driver/environment/pythonpath.dsv
[2.318s] -- Up-to-date symlink: /home/usuario/Robotica/ros2_ws/install/webots_ros2_driver/lib/python3.12/site-packages/controller-2025.0.1-py3.12.egg-info/PKG-INFO
[2.318s] -- Up-to-date symlink: /home/usuario/Robotica/ros2_ws/install/webots_ros2_driver/lib/python3.12/site-packages/controller-2025.0.1-py3.12.egg-info/SOURCES.txt
[2.319s] -- Up-to-date symlink: /home/usuario/Robotica/ros2_ws/install/webots_ros2_driver/lib/python3.12/site-packages/controller-2025.0.1-py3.12.egg-info/dependency_links.txt
[2.319s] -- Up-to-date symlink: /home/usuario/Robotica/ros2_ws/install/webots_ros2_driver/lib/python3.12/site-packages/controller-2025.0.1-py3.12.egg-info/top_level.txt
[2.320s] -- Up-to-date symlink: /home/usuario/Robotica/ros2_ws/install/webots_ros2_driver/lib/python3.12/site-packages/controller/__init__.py
[2.320s] -- Up-to-date symlink: /home/usuario/Robotica/ros2_ws/install/webots_ros2_driver/lib/python3.12/site-packages/controller/accelerometer.py
[2.320s] -- Up-to-date symlink: /home/usuario/Robotica/ros2_ws/install/webots_ros2_driver/lib/python3.12/site-packages/controller/altimeter.py
[2.321s] -- Up-to-date symlink: /home/usuario/Robotica/ros2_ws/install/webots_ros2_driver/lib/python3.12/site-packages/controller/ansi_codes.py
[2.321s] -- Up-to-date symlink: /home/usuario/Robotica/ros2_ws/install/webots_ros2_driver/lib/python3.12/site-packages/controller/brake.py
[2.321s] -- Up-to-date symlink: /home/usuario/Robotica/ros2_ws/install/webots_ros2_driver/lib/python3.12/site-packages/controller/camera.py
[2.321s] -- Up-to-date symlink: /home/usuario/Robotica/ros2_ws/install/webots_ros2_driver/lib/python3.12/site-packages/controller/compass.py
[2.321s] -- Up-to-date symlink: /home/usuario/Robotica/ros2_ws/install/webots_ros2_driver/lib/python3.12/site-packages/controller/connector.py
[2.321s] -- Up-to-date symlink: /home/usuario/Robotica/ros2_ws/install/webots_ros2_driver/lib/python3.12/site-packages/controller/constants.py
[2.321s] -- Up-to-date symlink: /home/usuario/Robotica/ros2_ws/install/webots_ros2_driver/lib/python3.12/site-packages/controller/device.py
[2.321s] -- Up-to-date symlink: /home/usuario/Robotica/ros2_ws/install/webots_ros2_driver/lib/python3.12/site-packages/controller/display.py
[2.322s] -- Up-to-date symlink: /home/usuario/Robotica/ros2_ws/install/webots_ros2_driver/lib/python3.12/site-packages/controller/distance_sensor.py
[2.322s] -- Up-to-date symlink: /home/usuario/Robotica/ros2_ws/install/webots_ros2_driver/lib/python3.12/site-packages/controller/emitter.py
[2.322s] -- Up-to-date symlink: /home/usuario/Robotica/ros2_ws/install/webots_ros2_driver/lib/python3.12/site-packages/controller/field.py
[2.322s] -- Up-to-date symlink: /home/usuario/Robotica/ros2_ws/install/webots_ros2_driver/lib/python3.12/site-packages/controller/gps.py
[2.322s] -- Up-to-date symlink: /home/usuario/Robotica/ros2_ws/install/webots_ros2_driver/lib/python3.12/site-packages/controller/gyro.py
[2.322s] -- Up-to-date symlink: /home/usuario/Robotica/ros2_ws/install/webots_ros2_driver/lib/python3.12/site-packages/controller/inertial_unit.py
[2.322s] -- Up-to-date symlink: /home/usuario/Robotica/ros2_ws/install/webots_ros2_driver/lib/python3.12/site-packages/controller/joystick.py
[2.323s] -- Up-to-date symlink: /home/usuario/Robotica/ros2_ws/install/webots_ros2_driver/lib/python3.12/site-packages/controller/keyboard.py
[2.323s] -- Up-to-date symlink: /home/usuario/Robotica/ros2_ws/install/webots_ros2_driver/lib/python3.12/site-packages/controller/led.py
[2.323s] -- Up-to-date symlink: /home/usuario/Robotica/ros2_ws/install/webots_ros2_driver/lib/python3.12/site-packages/controller/lidar.py
[2.323s] -- Up-to-date symlink: /home/usuario/Robotica/ros2_ws/install/webots_ros2_driver/lib/python3.12/site-packages/controller/lidar_point.py
[2.323s] -- Up-to-date symlink: /home/usuario/Robotica/ros2_ws/install/webots_ros2_driver/lib/python3.12/site-packages/controller/light_sensor.py
[2.323s] -- Up-to-date symlink: /home/usuario/Robotica/ros2_ws/install/webots_ros2_driver/lib/python3.12/site-packages/controller/motion.py
[2.324s] -- Up-to-date symlink: /home/usuario/Robotica/ros2_ws/install/webots_ros2_driver/lib/python3.12/site-packages/controller/motor.py
[2.324s] -- Up-to-date symlink: /home/usuario/Robotica/ros2_ws/install/webots_ros2_driver/lib/python3.12/site-packages/controller/mouse.py
[2.324s] -- Up-to-date symlink: /home/usuario/Robotica/ros2_ws/install/webots_ros2_driver/lib/python3.12/site-packages/controller/node.py
[2.324s] -- Up-to-date symlink: /home/usuario/Robotica/ros2_ws/install/webots_ros2_driver/lib/python3.12/site-packages/controller/pen.py
[2.324s] -- Up-to-date symlink: /home/usuario/Robotica/ros2_ws/install/webots_ros2_driver/lib/python3.12/site-packages/controller/position_sensor.py
[2.324s] -- Up-to-date symlink: /home/usuario/Robotica/ros2_ws/install/webots_ros2_driver/lib/python3.12/site-packages/controller/proto.py
[2.324s] -- Up-to-date symlink: /home/usuario/Robotica/ros2_ws/install/webots_ros2_driver/lib/python3.12/site-packages/controller/radar.py
[2.324s] -- Up-to-date symlink: /home/usuario/Robotica/ros2_ws/install/webots_ros2_driver/lib/python3.12/site-packages/controller/radar_target.py
[2.325s] -- Up-to-date symlink: /home/usuario/Robotica/ros2_ws/install/webots_ros2_driver/lib/python3.12/site-packages/controller/range_finder.py
[2.325s] -- Up-to-date symlink: /home/usuario/Robotica/ros2_ws/install/webots_ros2_driver/lib/python3.12/site-packages/controller/receiver.py
[2.325s] -- Up-to-date symlink: /home/usuario/Robotica/ros2_ws/install/webots_ros2_driver/lib/python3.12/site-packages/controller/robot.py
[2.325s] -- Up-to-date symlink: /home/usuario/Robotica/ros2_ws/install/webots_ros2_driver/lib/python3.12/site-packages/controller/sensor.py
[2.325s] -- Up-to-date symlink: /home/usuario/Robotica/ros2_ws/install/webots_ros2_driver/lib/python3.12/site-packages/controller/skin.py
[2.325s] -- Up-to-date symlink: /home/usuario/Robotica/ros2_ws/install/webots_ros2_driver/lib/python3.12/site-packages/controller/speaker.py
[2.325s] -- Up-to-date symlink: /home/usuario/Robotica/ros2_ws/install/webots_ros2_driver/lib/python3.12/site-packages/controller/supervisor.py
[2.325s] -- Up-to-date symlink: /home/usuario/Robotica/ros2_ws/install/webots_ros2_driver/lib/python3.12/site-packages/controller/touch_sensor.py
[2.325s] -- Up-to-date symlink: /home/usuario/Robotica/ros2_ws/install/webots_ros2_driver/lib/python3.12/site-packages/controller/vacuum_gripper.py
[2.326s] -- Up-to-date symlink: /home/usuario/Robotica/ros2_ws/install/webots_ros2_driver/lib/python3.12/site-packages/controller/wb.py
[2.326s] -- Up-to-date symlink: /home/usuario/Robotica/ros2_ws/install/webots_ros2_driver/lib/python3.12/site-packages/vehicle-2025.0.1-py3.12.egg-info/PKG-INFO
[2.326s] -- Up-to-date symlink: /home/usuario/Robotica/ros2_ws/install/webots_ros2_driver/lib/python3.12/site-packages/vehicle-2025.0.1-py3.12.egg-info/SOURCES.txt
[2.326s] -- Up-to-date symlink: /home/usuario/Robotica/ros2_ws/install/webots_ros2_driver/lib/python3.12/site-packages/vehicle-2025.0.1-py3.12.egg-info/dependency_links.txt
[2.326s] -- Up-to-date symlink: /home/usuario/Robotica/ros2_ws/install/webots_ros2_driver/lib/python3.12/site-packages/vehicle-2025.0.1-py3.12.egg-info/top_level.txt
[2.327s] -- Up-to-date symlink: /home/usuario/Robotica/ros2_ws/install/webots_ros2_driver/lib/python3.12/site-packages/vehicle/__init__.py
[2.327s] -- Up-to-date symlink: /home/usuario/Robotica/ros2_ws/install/webots_ros2_driver/lib/python3.12/site-packages/vehicle/car.py
[2.327s] -- Up-to-date symlink: /home/usuario/Robotica/ros2_ws/install/webots_ros2_driver/lib/python3.12/site-packages/vehicle/driver.py
[2.328s] -- Up-to-date symlink: /home/usuario/Robotica/ros2_ws/install/webots_ros2_driver/lib/python3.12/site-packages/webots_ros2_driver-2025.0.1-py3.12.egg-info/PKG-INFO
[2.328s] -- Up-to-date symlink: /home/usuario/Robotica/ros2_ws/install/webots_ros2_driver/lib/python3.12/site-packages/webots_ros2_driver-2025.0.1-py3.12.egg-info/SOURCES.txt
[2.328s] -- Up-to-date symlink: /home/usuario/Robotica/ros2_ws/install/webots_ros2_driver/lib/python3.12/site-packages/webots_ros2_driver-2025.0.1-py3.12.egg-info/dependency_links.txt
[2.328s] -- Up-to-date symlink: /home/usuario/Robotica/ros2_ws/install/webots_ros2_driver/lib/python3.12/site-packages/webots_ros2_driver-2025.0.1-py3.12.egg-info/top_level.txt
[2.329s] -- Up-to-date symlink: /home/usuario/Robotica/ros2_ws/install/webots_ros2_driver/lib/python3.12/site-packages/webots_ros2_driver/__init__.py
[2.329s] -- Up-to-date symlink: /home/usuario/Robotica/ros2_ws/install/webots_ros2_driver/lib/python3.12/site-packages/webots_ros2_driver/ros2_supervisor.py
[2.329s] -- Up-to-date symlink: /home/usuario/Robotica/ros2_ws/install/webots_ros2_driver/lib/python3.12/site-packages/webots_ros2_driver/urdf_spawner.py
[2.329s] -- Up-to-date symlink: /home/usuario/Robotica/ros2_ws/install/webots_ros2_driver/lib/python3.12/site-packages/webots_ros2_driver/utils.py
[2.329s] -- Up-to-date symlink: /home/usuario/Robotica/ros2_ws/install/webots_ros2_driver/lib/python3.12/site-packages/webots_ros2_driver/wait_for_controller_connection.py
[2.329s] -- Up-to-date symlink: /home/usuario/Robotica/ros2_ws/install/webots_ros2_driver/lib/python3.12/site-packages/webots_ros2_driver/webots_controller.py
[2.330s] -- Up-to-date symlink: /home/usuario/Robotica/ros2_ws/install/webots_ros2_driver/lib/python3.12/site-packages/webots_ros2_driver/webots_launcher.py
[2.331s] -- Up-to-date symlink: /home/usuario/Robotica/ros2_ws/install/webots_ros2_driver/include/webots_ros2_driver/PluginInterface.hpp
[2.331s] -- Up-to-date symlink: /home/usuario/Robotica/ros2_ws/install/webots_ros2_driver/include/webots_ros2_driver/PythonPlugin.hpp
[2.331s] -- Up-to-date symlink: /home/usuario/Robotica/ros2_ws/install/webots_ros2_driver/include/webots_ros2_driver/WebotsNode.hpp
[2.331s] -- Up-to-date symlink: /home/usuario/Robotica/ros2_ws/install/webots_ros2_driver/include/webots_ros2_driver/plugins/Ros2SensorPlugin.hpp
[2.331s] -- Up-to-date symlink: /home/usuario/Robotica/ros2_ws/install/webots_ros2_driver/include/webots_ros2_driver/plugins/dynamic/Ros2IMU.hpp
[2.332s] -- Up-to-date symlink: /home/usuario/Robotica/ros2_ws/install/webots_ros2_driver/include/webots_ros2_driver/plugins/dynamic/Ros2RGBD.hpp
[2.332s] -- Up-to-date symlink: /home/usuario/Robotica/ros2_ws/install/webots_ros2_driver/include/webots_ros2_driver/plugins/static/Ros2Camera.hpp
[2.332s] -- Up-to-date symlink: /home/usuario/Robotica/ros2_ws/install/webots_ros2_driver/include/webots_ros2_driver/plugins/static/Ros2Compass.hpp
[2.332s] -- Up-to-date symlink: /home/usuario/Robotica/ros2_ws/install/webots_ros2_driver/include/webots_ros2_driver/plugins/static/Ros2DistanceSensor.hpp
[2.333s] -- Up-to-date symlink: /home/usuario/Robotica/ros2_ws/install/webots_ros2_driver/include/webots_ros2_driver/plugins/static/Ros2Emitter.hpp
[2.334s] -- Up-to-date symlink: /home/usuario/Robotica/ros2_ws/install/webots_ros2_driver/include/webots_ros2_driver/plugins/static/Ros2GPS.hpp
[2.334s] -- Up-to-date symlink: /home/usuario/Robotica/ros2_ws/install/webots_ros2_driver/include/webots_ros2_driver/plugins/static/Ros2LED.hpp
[2.335s] -- Up-to-date symlink: /home/usuario/Robotica/ros2_ws/install/webots_ros2_driver/include/webots_ros2_driver/plugins/static/Ros2Lidar.hpp
[2.338s] -- Up-to-date symlink: /home/usuario/Robotica/ros2_ws/install/webots_ros2_driver/include/webots_ros2_driver/plugins/static/Ros2LightSensor.hpp
[2.338s] -- Up-to-date symlink: /home/usuario/Robotica/ros2_ws/install/webots_ros2_driver/include/webots_ros2_driver/plugins/static/Ros2Pen.hpp
[2.338s] -- Up-to-date symlink: /home/usuario/Robotica/ros2_ws/install/webots_ros2_driver/include/webots_ros2_driver/plugins/static/Ros2RangeFinder.hpp
[2.339s] -- Up-to-date symlink: /home/usuario/Robotica/ros2_ws/install/webots_ros2_driver/include/webots_ros2_driver/plugins/static/Ros2Receiver.hpp
[2.339s] -- Up-to-date symlink: /home/usuario/Robotica/ros2_ws/install/webots_ros2_driver/include/webots_ros2_driver/plugins/static/Ros2VacuumGripper.hpp
[2.341s] -- Up-to-date symlink: /home/usuario/Robotica/ros2_ws/install/webots_ros2_driver/include/webots_ros2_driver/utils/Math.hpp
[2.341s] -- Up-to-date symlink: /home/usuario/Robotica/ros2_ws/install/webots_ros2_driver/include/webots_ros2_driver/utils/Utils.hpp
[2.341s] -- Up-to-date symlink: /home/usuario/Robotica/ros2_ws/install/webots_ros2_driver/lib/webots_ros2_driver/driver
[2.341s] -- Up-to-date symlink: /home/usuario/Robotica/ros2_ws/install/webots_ros2_driver/lib/libwebots_ros2_driver_imu.so
[2.342s] -- Up-to-date symlink: /home/usuario/Robotica/ros2_ws/install/webots_ros2_driver/lib/libwebots_ros2_driver_rgbd.so
[2.343s] -- Up-to-date symlink: /home/usuario/Robotica/ros2_ws/install/webots_ros2_driver/include/webots/c/webots/accelerometer.h
[2.343s] -- Up-to-date symlink: /home/usuario/Robotica/ros2_ws/install/webots_ros2_driver/include/webots/c/webots/altimeter.h
[2.344s] -- Up-to-date symlink: /home/usuario/Robotica/ros2_ws/install/webots_ros2_driver/include/webots/c/webots/brake.h
[2.344s] -- Up-to-date symlink: /home/usuario/Robotica/ros2_ws/install/webots_ros2_driver/include/webots/c/webots/camera.h
[2.344s] -- Up-to-date symlink: /home/usuario/Robotica/ros2_ws/install/webots_ros2_driver/include/webots/c/webots/camera_recognition_object.h
[2.344s] -- Up-to-date symlink: /home/usuario/Robotica/ros2_ws/install/webots_ros2_driver/include/webots/c/webots/compass.h
[2.345s] -- Up-to-date symlink: /home/usuario/Robotica/ros2_ws/install/webots_ros2_driver/include/webots/c/webots/connector.h
[2.345s] -- Up-to-date symlink: /home/usuario/Robotica/ros2_ws/install/webots_ros2_driver/include/webots/c/webots/console.h
[2.345s] -- Up-to-date symlink: /home/usuario/Robotica/ros2_ws/install/webots_ros2_driver/include/webots/c/webots/contact_point.h
[2.345s] -- Up-to-date symlink: /home/usuario/Robotica/ros2_ws/install/webots_ros2_driver/include/webots/c/webots/device.h
[2.345s] -- Up-to-date symlink: /home/usuario/Robotica/ros2_ws/install/webots_ros2_driver/include/webots/c/webots/display.h
[2.345s] -- Up-to-date symlink: /home/usuario/Robotica/ros2_ws/install/webots_ros2_driver/include/webots/c/webots/distance_sensor.h
[2.345s] -- Up-to-date symlink: /home/usuario/Robotica/ros2_ws/install/webots_ros2_driver/include/webots/c/webots/emitter.h
[2.346s] -- Up-to-date symlink: /home/usuario/Robotica/ros2_ws/install/webots_ros2_driver/include/webots/c/webots/gps.h
[2.346s] -- Up-to-date symlink: /home/usuario/Robotica/ros2_ws/install/webots_ros2_driver/include/webots/c/webots/gyro.h
[2.346s] -- Up-to-date symlink: /home/usuario/Robotica/ros2_ws/install/webots_ros2_driver/include/webots/c/webots/inertial_unit.h
[2.346s] -- Up-to-date symlink: /home/usuario/Robotica/ros2_ws/install/webots_ros2_driver/include/webots/c/webots/joystick.h
[2.346s] -- Up-to-date symlink: /home/usuario/Robotica/ros2_ws/install/webots_ros2_driver/include/webots/c/webots/keyboard.h
[2.346s] -- Up-to-date symlink: /home/usuario/Robotica/ros2_ws/install/webots_ros2_driver/include/webots/c/webots/led.h
[2.347s] -- Up-to-date symlink: /home/usuario/Robotica/ros2_ws/install/webots_ros2_driver/include/webots/c/webots/lidar.h
[2.347s] -- Up-to-date symlink: /home/usuario/Robotica/ros2_ws/install/webots_ros2_driver/include/webots/c/webots/lidar_point.h
[2.347s] -- Up-to-date symlink: /home/usuario/Robotica/ros2_ws/install/webots_ros2_driver/include/webots/c/webots/light_sensor.h
[2.347s] -- Up-to-date symlink: /home/usuario/Robotica/ros2_ws/install/webots_ros2_driver/include/webots/c/webots/microphone.h
[2.347s] -- Up-to-date symlink: /home/usuario/Robotica/ros2_ws/install/webots_ros2_driver/include/webots/c/webots/motor.h
[2.347s] -- Up-to-date symlink: /home/usuario/Robotica/ros2_ws/install/webots_ros2_driver/include/webots/c/webots/mouse.h
[2.347s] -- Up-to-date symlink: /home/usuario/Robotica/ros2_ws/install/webots_ros2_driver/include/webots/c/webots/mouse_state.h
[2.347s] -- Up-to-date symlink: /home/usuario/Robotica/ros2_ws/install/webots_ros2_driver/include/webots/c/webots/nodes.h
[2.347s] -- Up-to-date symlink: /home/usuario/Robotica/ros2_ws/install/webots_ros2_driver/include/webots/c/webots/pen.h
[2.348s] -- Up-to-date symlink: /home/usuario/Robotica/ros2_ws/install/webots_ros2_driver/include/webots/c/webots/plugins/robot_window/default.h
[2.348s] -- Up-to-date symlink: /home/usuario/Robotica/ros2_ws/install/webots_ros2_driver/include/webots/c/webots/plugins/robot_window/generic_robot_window/generic.h
[2.348s] -- Up-to-date symlink: /home/usuario/Robotica/ros2_ws/install/webots_ros2_driver/include/webots/c/webots/plugins/robot_window/robot_window.h
[2.348s] -- Up-to-date symlink: /home/usuario/Robotica/ros2_ws/install/webots_ros2_driver/include/webots/c/webots/plugins/robot_window/robot_wwi.h
[2.348s] -- Up-to-date symlink: /home/usuario/Robotica/ros2_ws/install/webots_ros2_driver/include/webots/c/webots/position_sensor.h
[2.348s] -- Up-to-date symlink: /home/usuario/Robotica/ros2_ws/install/webots_ros2_driver/include/webots/c/webots/radar.h
[2.348s] -- Up-to-date symlink: /home/usuario/Robotica/ros2_ws/install/webots_ros2_driver/include/webots/c/webots/radar_target.h
[2.349s] -- Up-to-date symlink: /home/usuario/Robotica/ros2_ws/install/webots_ros2_driver/include/webots/c/webots/radio.h
[2.349s] -- Up-to-date symlink: /home/usuario/Robotica/ros2_ws/install/webots_ros2_driver/include/webots/c/webots/range_finder.h
[2.349s] -- Up-to-date symlink: /home/usuario/Robotica/ros2_ws/install/webots_ros2_driver/include/webots/c/webots/receiver.h
[2.349s] -- Up-to-date symlink: /home/usuario/Robotica/ros2_ws/install/webots_ros2_driver/include/webots/c/webots/remote_control.h
[2.349s] -- Up-to-date symlink: /home/usuario/Robotica/ros2_ws/install/webots_ros2_driver/include/webots/c/webots/robot.h
[2.350s] -- Up-to-date symlink: /home/usuario/Robotica/ros2_ws/install/webots_ros2_driver/include/webots/c/webots/skin.h
[2.350s] -- Up-to-date symlink: /home/usuario/Robotica/ros2_ws/install/webots_ros2_driver/include/webots/c/webots/speaker.h
[2.350s] -- Up-to-date symlink: /home/usuario/Robotica/ros2_ws/install/webots_ros2_driver/include/webots/c/webots/supervisor.h
[2.350s] -- Up-to-date symlink: /home/usuario/Robotica/ros2_ws/install/webots_ros2_driver/include/webots/c/webots/touch_sensor.h
[2.350s] -- Up-to-date symlink: /home/usuario/Robotica/ros2_ws/install/webots_ros2_driver/include/webots/c/webots/types.h
[2.350s] -- Up-to-date symlink: /home/usuario/Robotica/ros2_ws/install/webots_ros2_driver/include/webots/c/webots/utils/ansi_codes.h
[2.351s] -- Up-to-date symlink: /home/usuario/Robotica/ros2_ws/install/webots_ros2_driver/include/webots/c/webots/utils/motion.h
[2.353s] -- Up-to-date symlink: /home/usuario/Robotica/ros2_ws/install/webots_ros2_driver/include/webots/c/webots/utils/string.h
[2.353s] -- Up-to-date symlink: /home/usuario/Robotica/ros2_ws/install/webots_ros2_driver/include/webots/c/webots/utils/system.h
[2.353s] -- Up-to-date symlink: /home/usuario/Robotica/ros2_ws/install/webots_ros2_driver/include/webots/c/webots/vacuum_gripper.h
[2.353s] -- Up-to-date symlink: /home/usuario/Robotica/ros2_ws/install/webots_ros2_driver/include/webots/c/webots/vehicle/car.h
[2.353s] -- Up-to-date symlink: /home/usuario/Robotica/ros2_ws/install/webots_ros2_driver/include/webots/c/webots/vehicle/driver.h
[2.353s] -- Up-to-date symlink: /home/usuario/Robotica/ros2_ws/install/webots_ros2_driver/include/webots/cpp/webots/Accelerometer.hpp
[2.353s] -- Up-to-date symlink: /home/usuario/Robotica/ros2_ws/install/webots_ros2_driver/include/webots/cpp/webots/Altimeter.hpp
[2.353s] -- Up-to-date symlink: /home/usuario/Robotica/ros2_ws/install/webots_ros2_driver/include/webots/cpp/webots/Brake.hpp
[2.353s] -- Up-to-date symlink: /home/usuario/Robotica/ros2_ws/install/webots_ros2_driver/include/webots/cpp/webots/Camera.hpp
[2.353s] -- Up-to-date symlink: /home/usuario/Robotica/ros2_ws/install/webots_ros2_driver/include/webots/cpp/webots/Compass.hpp
[2.353s] -- Up-to-date symlink: /home/usuario/Robotica/ros2_ws/install/webots_ros2_driver/include/webots/cpp/webots/Connector.hpp
[2.353s] -- Up-to-date symlink: /home/usuario/Robotica/ros2_ws/install/webots_ros2_driver/include/webots/cpp/webots/Device.hpp
[2.354s] -- Up-to-date symlink: /home/usuario/Robotica/ros2_ws/install/webots_ros2_driver/include/webots/cpp/webots/Display.hpp
[2.354s] -- Up-to-date symlink: /home/usuario/Robotica/ros2_ws/install/webots_ros2_driver/include/webots/cpp/webots/DistanceSensor.hpp
[2.354s] -- Up-to-date symlink: /home/usuario/Robotica/ros2_ws/install/webots_ros2_driver/include/webots/cpp/webots/Emitter.hpp
[2.354s] -- Up-to-date symlink: /home/usuario/Robotica/ros2_ws/install/webots_ros2_driver/include/webots/cpp/webots/Field.hpp
[2.354s] -- Up-to-date symlink: /home/usuario/Robotica/ros2_ws/install/webots_ros2_driver/include/webots/cpp/webots/GPS.hpp
[2.354s] -- Up-to-date symlink: /home/usuario/Robotica/ros2_ws/install/webots_ros2_driver/include/webots/cpp/webots/Gyro.hpp
[2.354s] -- Up-to-date symlink: /home/usuario/Robotica/ros2_ws/install/webots_ros2_driver/include/webots/cpp/webots/ImageRef.hpp
[2.354s] -- Up-to-date symlink: /home/usuario/Robotica/ros2_ws/install/webots_ros2_driver/include/webots/cpp/webots/InertialUnit.hpp
[2.354s] -- Up-to-date symlink: /home/usuario/Robotica/ros2_ws/install/webots_ros2_driver/include/webots/cpp/webots/Joystick.hpp
[2.355s] -- Up-to-date symlink: /home/usuario/Robotica/ros2_ws/install/webots_ros2_driver/include/webots/cpp/webots/Keyboard.hpp
[2.355s] -- Up-to-date symlink: /home/usuario/Robotica/ros2_ws/install/webots_ros2_driver/include/webots/cpp/webots/LED.hpp
[2.355s] -- Up-to-date symlink: /home/usuario/Robotica/ros2_ws/install/webots_ros2_driver/include/webots/cpp/webots/Lidar.hpp
[2.355s] -- Up-to-date symlink: /home/usuario/Robotica/ros2_ws/install/webots_ros2_driver/include/webots/cpp/webots/LightSensor.hpp
[2.355s] -- Up-to-date symlink: /home/usuario/Robotica/ros2_ws/install/webots_ros2_driver/include/webots/cpp/webots/Motor.hpp
[2.355s] -- Up-to-date symlink: /home/usuario/Robotica/ros2_ws/install/webots_ros2_driver/include/webots/cpp/webots/Mouse.hpp
[2.356s] -- Up-to-date symlink: /home/usuario/Robotica/ros2_ws/install/webots_ros2_driver/include/webots/cpp/webots/Node.hpp
[2.356s] -- Up-to-date symlink: /home/usuario/Robotica/ros2_ws/install/webots_ros2_driver/include/webots/cpp/webots/Pen.hpp
[2.356s] -- Up-to-date symlink: /home/usuario/Robotica/ros2_ws/install/webots_ros2_driver/include/webots/cpp/webots/PositionSensor.hpp
[2.356s] -- Up-to-date symlink: /home/usuario/Robotica/ros2_ws/install/webots_ros2_driver/include/webots/cpp/webots/Proto.hpp
[2.356s] -- Up-to-date symlink: /home/usuario/Robotica/ros2_ws/install/webots_ros2_driver/include/webots/cpp/webots/Radar.hpp
[2.356s] -- Up-to-date symlink: /home/usuario/Robotica/ros2_ws/install/webots_ros2_driver/include/webots/cpp/webots/RangeFinder.hpp
[2.356s] -- Up-to-date symlink: /home/usuario/Robotica/ros2_ws/install/webots_ros2_driver/include/webots/cpp/webots/Receiver.hpp
[2.356s] -- Up-to-date symlink: /home/usuario/Robotica/ros2_ws/install/webots_ros2_driver/include/webots/cpp/webots/Robot.hpp
[2.356s] -- Up-to-date symlink: /home/usuario/Robotica/ros2_ws/install/webots_ros2_driver/include/webots/cpp/webots/Skin.hpp
[2.357s] -- Up-to-date symlink: /home/usuario/Robotica/ros2_ws/install/webots_ros2_driver/include/webots/cpp/webots/Speaker.hpp
[2.357s] -- Up-to-date symlink: /home/usuario/Robotica/ros2_ws/install/webots_ros2_driver/include/webots/cpp/webots/Supervisor.hpp
[2.357s] -- Up-to-date symlink: /home/usuario/Robotica/ros2_ws/install/webots_ros2_driver/include/webots/cpp/webots/TouchSensor.hpp
[2.357s] -- Up-to-date symlink: /home/usuario/Robotica/ros2_ws/install/webots_ros2_driver/include/webots/cpp/webots/VacuumGripper.hpp
[2.357s] -- Up-to-date symlink: /home/usuario/Robotica/ros2_ws/install/webots_ros2_driver/include/webots/cpp/webots/utils/AnsiCodes.hpp
[2.359s] -- Up-to-date symlink: /home/usuario/Robotica/ros2_ws/install/webots_ros2_driver/include/webots/cpp/webots/utils/Motion.hpp
[2.359s] -- Up-to-date symlink: /home/usuario/Robotica/ros2_ws/install/webots_ros2_driver/include/webots/cpp/webots/vehicle/Car.hpp
[2.359s] -- Up-to-date symlink: /home/usuario/Robotica/ros2_ws/install/webots_ros2_driver/include/webots/cpp/webots/vehicle/Driver.hpp
[2.361s] -- Up-to-date symlink: /home/usuario/Robotica/ros2_ws/install/webots_ros2_driver/lib/controller/libController.so
[2.361s] -- Up-to-date symlink: /home/usuario/Robotica/ros2_ws/install/webots_ros2_driver/lib/controller/libCppCar.so
[2.361s] -- Up-to-date symlink: /home/usuario/Robotica/ros2_ws/install/webots_ros2_driver/lib/controller/libCppController.so
[2.361s] -- Up-to-date symlink: /home/usuario/Robotica/ros2_ws/install/webots_ros2_driver/lib/controller/libCppController.so
[2.361s] -- Up-to-date symlink: /home/usuario/Robotica/ros2_ws/install/webots_ros2_driver/lib/controller/libCppDriver.so
[2.362s] -- Up-to-date symlink: /home/usuario/Robotica/ros2_ws/install/webots_ros2_driver/lib/controller/libcar.so
[2.362s] -- Up-to-date symlink: /home/usuario/Robotica/ros2_ws/install/webots_ros2_driver/lib/controller/libdriver.so
[2.362s] -- Up-to-date symlink: /home/usuario/Robotica/ros2_ws/install/webots_ros2_driver/lib/controller/libgeneric_robot_window.so
[2.362s] -- Up-to-date symlink: /home/usuario/Robotica/ros2_ws/install/webots_ros2_driver/lib/controller/python/vehicle/car.py
[2.362s] -- Up-to-date symlink: /home/usuario/Robotica/ros2_ws/install/webots_ros2_driver/lib/controller/python/vehicle/driver.py
[2.362s] -- Up-to-date symlink: /home/usuario/Robotica/ros2_ws/install/webots_ros2_driver/share/webots_ros2_driver//webots_ros2_imu.xml
[2.362s] -- Up-to-date symlink: /home/usuario/Robotica/ros2_ws/install/webots_ros2_driver/share/webots_ros2_driver//webots_ros2_rgbd.xml
[2.362s] -- Up-to-date symlink: /home/usuario/Robotica/ros2_ws/install/webots_ros2_driver/lib/webots_ros2_driver/ros2_supervisor.py
[2.362s] -- Up-to-date symlink: /home/usuario/Robotica/ros2_ws/install/webots_ros2_driver/share/webots_ros2_driver/scripts/webots_tcp_client.py
[2.362s] -- Up-to-date symlink: /home/usuario/Robotica/ros2_ws/install/webots_ros2_driver/share/webots_ros2_driver/scripts/webots-controller
[2.363s] -- Up-to-date symlink: /home/usuario/Robotica/ros2_ws/install/webots_ros2_driver/share/webots_ros2_driver/environment/library_path.sh
[2.363s] -- Up-to-date symlink: /home/usuario/Robotica/ros2_ws/install/webots_ros2_driver/share/webots_ros2_driver/environment/library_path.dsv
[2.363s] -- Up-to-date symlink: /home/usuario/Robotica/ros2_ws/install/webots_ros2_driver/share/ament_index/resource_index/package_run_dependencies/webots_ros2_driver
[2.363s] -- Up-to-date symlink: /home/usuario/Robotica/ros2_ws/install/webots_ros2_driver/share/ament_index/resource_index/parent_prefix_path/webots_ros2_driver
[2.363s] -- Up-to-date symlink: /home/usuario/Robotica/ros2_ws/install/webots_ros2_driver/share/webots_ros2_driver/environment/ament_prefix_path.sh
[2.364s] -- Up-to-date symlink: /home/usuario/Robotica/ros2_ws/install/webots_ros2_driver/share/webots_ros2_driver/environment/ament_prefix_path.dsv
[2.364s] -- Up-to-date symlink: /home/usuario/Robotica/ros2_ws/install/webots_ros2_driver/share/webots_ros2_driver/environment/path.sh
[2.364s] -- Up-to-date symlink: /home/usuario/Robotica/ros2_ws/install/webots_ros2_driver/share/webots_ros2_driver/environment/path.dsv
[2.364s] -- Up-to-date symlink: /home/usuario/Robotica/ros2_ws/install/webots_ros2_driver/share/webots_ros2_driver/local_setup.bash
[2.364s] -- Up-to-date symlink: /home/usuario/Robotica/ros2_ws/install/webots_ros2_driver/share/webots_ros2_driver/local_setup.sh
[2.365s] -- Up-to-date symlink: /home/usuario/Robotica/ros2_ws/install/webots_ros2_driver/share/webots_ros2_driver/local_setup.zsh
[2.366s] -- Up-to-date symlink: /home/usuario/Robotica/ros2_ws/install/webots_ros2_driver/share/webots_ros2_driver/local_setup.dsv
[2.366s] -- Symlinking: /home/usuario/Robotica/ros2_ws/install/webots_ros2_driver/share/webots_ros2_driver/package.dsv
[2.376s] -- Up-to-date symlink: /home/usuario/Robotica/ros2_ws/install/webots_ros2_driver/share/ament_index/resource_index/packages/webots_ros2_driver
[2.377s] -- Up-to-date symlink: /home/usuario/Robotica/ros2_ws/install/webots_ros2_driver/share/ament_index/resource_index/webots_ros2_driver__pluginlib__plugin/webots_ros2_driver
[2.377s] -- Up-to-date symlink: /home/usuario/Robotica/ros2_ws/install/webots_ros2_driver/share/webots_ros2_driver/cmake/ament_cmake_export_include_directories-extras.cmake
[2.377s] -- Up-to-date symlink: /home/usuario/Robotica/ros2_ws/install/webots_ros2_driver/share/webots_ros2_driver/cmake/ament_cmake_export_dependencies-extras.cmake
[2.377s] -- Up-to-date symlink: /home/usuario/Robotica/ros2_ws/install/webots_ros2_driver/share/webots_ros2_driver/cmake/ament_cmake_export_libraries-extras.cmake
[2.378s] -- Up-to-date symlink: /home/usuario/Robotica/ros2_ws/install/webots_ros2_driver/share/webots_ros2_driver/cmake/webots_ros2_driverConfig.cmake
[2.378s] -- Up-to-date symlink: /home/usuario/Robotica/ros2_ws/install/webots_ros2_driver/share/webots_ros2_driver/cmake/webots_ros2_driverConfig-version.cmake
[2.378s] -- Up-to-date symlink: /home/usuario/Robotica/ros2_ws/install/webots_ros2_driver/share/webots_ros2_driver/package.xml
[2.417s] Listing '/home/usuario/Robotica/ros2_ws/install/webots_ros2_driver/lib/python3.12/site-packages/controller'...
[2.469s] Listing '/home/usuario/Robotica/ros2_ws/install/webots_ros2_driver/lib/python3.12/site-packages/vehicle'...
[2.517s] Listing '/home/usuario/Robotica/ros2_ws/install/webots_ros2_driver/lib/python3.12/site-packages/webots_ros2_driver'...
[2.528s] Invoked command in '/home/usuario/Robotica/ros2_ws/build/webots_ros2_driver' returned '0': AMENT_PREFIX_PATH=/home/usuario/Robotica/ros2_ws/install/webots_ros2_msgs:/home/usuario/Robotica/ros2_ws/install/webots_ros2_importer:${AMENT_PREFIX_PATH} CMAKE_PREFIX_PATH=/home/usuario/Robotica/ros2_ws/install/webots_ros2_msgs:/opt/ros/jazzy/opt/sdformat_vendor:/opt/ros/jazzy/opt/gz_math_vendor:/opt/ros/jazzy/opt/gz_utils_vendor:/opt/ros/jazzy/opt/gz_tools_vendor:/opt/ros/jazzy/opt/gz_cmake_vendor:/opt/ros/jazzy DEBUGINFOD_URLS=https://debuginfod.ubuntu.com LD_LIBRARY_PATH=/home/usuario/Robotica/ros2_ws/install/webots_ros2_msgs/lib:${LD_LIBRARY_PATH} PYTHONPATH=/home/usuario/Robotica/ros2_ws/install/webots_ros2_msgs/lib/python3.12/site-packages:/home/usuario/Robotica/ros2_ws/build/webots_ros2_importer:/home/usuario/Robotica/ros2_ws/install/webots_ros2_importer/lib/python3.12/site-packages:${PYTHONPATH} /usr/bin/cmake --install /home/usuario/Robotica/ros2_ws/build/webots_ros2_driver
