[3.152s] Invoking command in '/home/usuario/Robotica/ros2_ws/src/webots_ros2/webots_ros2_turtlebot': AMENT_PREFIX_PATH=/home/usuario/Robotica/install/webots_ros2_control:/home/usuario/Robotica/install/webots_ros2_driver:/home/usuario/Robotica/install/webots_ros2_msgs:/home/usuario/Robotica/install/webots_ros2_importer:${AMENT_PREFIX_PATH} CMAKE_PREFIX_PATH=/home/usuario/Robotica/install/webots_ros2_control:/home/usuario/Robotica/install/webots_ros2_driver:/home/usuario/Robotica/install/webots_ros2_msgs:${CMAKE_PREFIX_PATH} DEBUGINFOD_URLS=https://debuginfod.ubuntu.com LD_LIBRARY_PATH=/home/usuario/Robotica/install/webots_ros2_control/lib:/home/usuario/Robotica/install/webots_ros2_driver/lib:/home/usuario/Robotica/install/webots_ros2_msgs/lib:${LD_LIBRARY_PATH} PYTHONPATH=/home/usuario/Robotica/build/webots_ros2_turtlebot/prefix_override:/usr/lib/python3/dist-packages/colcon_core/task/python/colcon_distutils_commands:/home/usuario/Robotica/install/webots_ros2_turtlebot/lib/python3.12/site-packages:/home/usuario/Robotica/install/webots_ros2_driver/lib/python3.12/site-packages:/home/usuario/Robotica/install/webots_ros2_msgs/lib/python3.12/site-packages:/home/usuario/Robotica/install/webots_ros2_importer/lib/python3.12/site-packages:${PYTHONPATH} /usr/bin/python3 -W ignore:setup.py install is deprecated -W ignore:easy_install command is deprecated setup.py egg_info --egg-base ../../../../build/webots_ros2_turtlebot build --build-base /home/usuario/Robotica/build/webots_ros2_turtlebot/build install --record /home/usuario/Robotica/build/webots_ros2_turtlebot/install.log --single-version-externally-managed install_data
[3.790s] running egg_info
[3.848s] writing ../../../../build/webots_ros2_turtlebot/webots_ros2_turtlebot.egg-info/PKG-INFO
[3.851s] writing dependency_links to ../../../../build/webots_ros2_turtlebot/webots_ros2_turtlebot.egg-info/dependency_links.txt
[3.855s] writing entry points to ../../../../build/webots_ros2_turtlebot/webots_ros2_turtlebot.egg-info/entry_points.txt
[3.861s] writing requirements to ../../../../build/webots_ros2_turtlebot/webots_ros2_turtlebot.egg-info/requires.txt
[3.861s] writing top-level names to ../../../../build/webots_ros2_turtlebot/webots_ros2_turtlebot.egg-info/top_level.txt
[3.931s] reading manifest file '../../../../build/webots_ros2_turtlebot/webots_ros2_turtlebot.egg-info/SOURCES.txt'
[3.932s] writing manifest file '../../../../build/webots_ros2_turtlebot/webots_ros2_turtlebot.egg-info/SOURCES.txt'
[3.932s] running build
[3.932s] running build_py
[3.934s] running install
[3.940s] running install_lib
[4.013s] running install_data
[4.013s] running install_egg_info
[4.042s] removing '/home/usuario/Robotica/install/webots_ros2_turtlebot/lib/python3.12/site-packages/webots_ros2_turtlebot-2025.0.1-py3.12.egg-info' (and everything under it)
[4.043s] Copying ../../../../build/webots_ros2_turtlebot/webots_ros2_turtlebot.egg-info to /home/usuario/Robotica/install/webots_ros2_turtlebot/lib/python3.12/site-packages/webots_ros2_turtlebot-2025.0.1-py3.12.egg-info
[4.044s] running install_scripts
[4.207s] writing list of installed files to '/home/usuario/Robotica/build/webots_ros2_turtlebot/install.log'
[4.250s] Invoked command in '/home/usuario/Robotica/ros2_ws/src/webots_ros2/webots_ros2_turtlebot' returned '0': AMENT_PREFIX_PATH=/home/usuario/Robotica/install/webots_ros2_control:/home/usuario/Robotica/install/webots_ros2_driver:/home/usuario/Robotica/install/webots_ros2_msgs:/home/usuario/Robotica/install/webots_ros2_importer:${AMENT_PREFIX_PATH} CMAKE_PREFIX_PATH=/home/usuario/Robotica/install/webots_ros2_control:/home/usuario/Robotica/install/webots_ros2_driver:/home/usuario/Robotica/install/webots_ros2_msgs:${CMAKE_PREFIX_PATH} DEBUGINFOD_URLS=https://debuginfod.ubuntu.com LD_LIBRARY_PATH=/home/usuario/Robotica/install/webots_ros2_control/lib:/home/usuario/Robotica/install/webots_ros2_driver/lib:/home/usuario/Robotica/install/webots_ros2_msgs/lib:${LD_LIBRARY_PATH} PYTHONPATH=/home/usuario/Robotica/build/webots_ros2_turtlebot/prefix_override:/usr/lib/python3/dist-packages/colcon_core/task/python/colcon_distutils_commands:/home/usuario/Robotica/install/webots_ros2_turtlebot/lib/python3.12/site-packages:/home/usuario/Robotica/install/webots_ros2_driver/lib/python3.12/site-packages:/home/usuario/Robotica/install/webots_ros2_msgs/lib/python3.12/site-packages:/home/usuario/Robotica/install/webots_ros2_importer/lib/python3.12/site-packages:${PYTHONPATH} /usr/bin/python3 -W ignore:setup.py install is deprecated -W ignore:easy_install command is deprecated setup.py egg_info --egg-base ../../../../build/webots_ros2_turtlebot build --build-base /home/usuario/Robotica/build/webots_ros2_turtlebot/build install --record /home/usuario/Robotica/build/webots_ros2_turtlebot/install.log --single-version-externally-managed install_data
