[0.131s] Invoking command in '/home/usuario/Robotica/ros2_ws/build/webots_ros2_driver': AMENT_PREFIX_PATH=/home/usuario/Robotica/ros2_ws/install/webots_ros2_msgs:/home/usuario/Robotica/ros2_ws/install/webots_ros2_importer:${AMENT_PREFIX_PATH} CMAKE_PREFIX_PATH=/home/usuario/Robotica/ros2_ws/install/webots_ros2_msgs:/opt/ros/jazzy/opt/sdformat_vendor:/opt/ros/jazzy/opt/gz_math_vendor:/opt/ros/jazzy/opt/gz_utils_vendor:/opt/ros/jazzy/opt/gz_tools_vendor:/opt/ros/jazzy/opt/gz_cmake_vendor:/opt/ros/jazzy DEBUGINFOD_URLS=https://debuginfod.ubuntu.com LD_LIBRARY_PATH=/home/usuario/Robotica/ros2_ws/install/webots_ros2_msgs/lib:${LD_LIBRARY_PATH} PYTHONPATH=/home/usuario/Robotica/ros2_ws/install/webots_ros2_msgs/lib/python3.12/site-packages:/home/usuario/Robotica/ros2_ws/build/webots_ros2_importer:/home/usuario/Robotica/ros2_ws/install/webots_ros2_importer/lib/python3.12/site-packages:${PYTHONPATH} /usr/bin/cmake --build /home/usuario/Robotica/ros2_ws/build/webots_ros2_driver -- -j10 -l10
[0.328s] [  0%] Built target ament_cmake_python_symlink_controller
[0.329s] [  0%] Built target ament_cmake_python_symlink_webots_ros2_driver
[0.330s] [  0%] Built target ament_cmake_python_symlink_vehicle
[0.578s] running egg_info
[0.579s] running egg_info
[0.664s] running egg_info
[0.680s] writing webots_ros2_driver.egg-info/PKG-INFO
[0.685s] writing dependency_links to webots_ros2_driver.egg-info/dependency_links.txt
[0.685s] writing controller.egg-info/PKG-INFO
[0.685s] writing top-level names to webots_ros2_driver.egg-info/top_level.txt
[0.685s] writing dependency_links to controller.egg-info/dependency_links.txt
[0.685s] writing top-level names to controller.egg-info/top_level.txt
[0.721s] writing vehicle.egg-info/PKG-INFO
[0.721s] writing dependency_links to vehicle.egg-info/dependency_links.txt
[0.722s] writing top-level names to vehicle.egg-info/top_level.txt
[0.785s] reading manifest file 'controller.egg-info/SOURCES.txt'
[0.793s] writing manifest file 'controller.egg-info/SOURCES.txt'
[0.798s] reading manifest file 'webots_ros2_driver.egg-info/SOURCES.txt'
[0.799s] writing manifest file 'webots_ros2_driver.egg-info/SOURCES.txt'
[0.830s] reading manifest file 'vehicle.egg-info/SOURCES.txt'
[0.830s] writing manifest file 'vehicle.egg-info/SOURCES.txt'
[0.837s] [  0%] Built target ament_cmake_python_build_controller_egg
[0.841s] [  0%] Built target ament_cmake_python_build_webots_ros2_driver_egg
[0.944s] [  0%] Built target ament_cmake_python_build_vehicle_egg
[1.743s] [  0%] Built target compile-lib-controller
[1.979s] [  0%] Built target compile-generic-window
[3.011s] [  0%] Built target compile-lib-vehicle
[3.097s] [ 14%] Built target webots_ros2_driver_imu
[3.097s] [ 29%] Built target webots_ros2_driver_rgbd
[3.125s] [100%] Built target driver
[3.153s] Invoked command in '/home/usuario/Robotica/ros2_ws/build/webots_ros2_driver' returned '0': AMENT_PREFIX_PATH=/home/usuario/Robotica/ros2_ws/install/webots_ros2_msgs:/home/usuario/Robotica/ros2_ws/install/webots_ros2_importer:${AMENT_PREFIX_PATH} CMAKE_PREFIX_PATH=/home/usuario/Robotica/ros2_ws/install/webots_ros2_msgs:/opt/ros/jazzy/opt/sdformat_vendor:/opt/ros/jazzy/opt/gz_math_vendor:/opt/ros/jazzy/opt/gz_utils_vendor:/opt/ros/jazzy/opt/gz_tools_vendor:/opt/ros/jazzy/opt/gz_cmake_vendor:/opt/ros/jazzy DEBUGINFOD_URLS=https://debuginfod.ubuntu.com LD_LIBRARY_PATH=/home/usuario/Robotica/ros2_ws/install/webots_ros2_msgs/lib:${LD_LIBRARY_PATH} PYTHONPATH=/home/usuario/Robotica/ros2_ws/install/webots_ros2_msgs/lib/python3.12/site-packages:/home/usuario/Robotica/ros2_ws/build/webots_ros2_importer:/home/usuario/Robotica/ros2_ws/install/webots_ros2_importer/lib/python3.12/site-packages:${PYTHONPATH} /usr/bin/cmake --build /home/usuario/Robotica/ros2_ws/build/webots_ros2_driver -- -j10 -l10
[3.155s] Invoking command in '/home/usuario/Robotica/ros2_ws/build/webots_ros2_driver': AMENT_PREFIX_PATH=/home/usuario/Robotica/ros2_ws/install/webots_ros2_msgs:/home/usuario/Robotica/ros2_ws/install/webots_ros2_importer:${AMENT_PREFIX_PATH} CMAKE_PREFIX_PATH=/home/usuario/Robotica/ros2_ws/install/webots_ros2_msgs:/opt/ros/jazzy/opt/sdformat_vendor:/opt/ros/jazzy/opt/gz_math_vendor:/opt/ros/jazzy/opt/gz_utils_vendor:/opt/ros/jazzy/opt/gz_tools_vendor:/opt/ros/jazzy/opt/gz_cmake_vendor:/opt/ros/jazzy DEBUGINFOD_URLS=https://debuginfod.ubuntu.com LD_LIBRARY_PATH=/home/usuario/Robotica/ros2_ws/install/webots_ros2_msgs/lib:${LD_LIBRARY_PATH} PYTHONPATH=/home/usuario/Robotica/ros2_ws/install/webots_ros2_msgs/lib/python3.12/site-packages:/home/usuario/Robotica/ros2_ws/build/webots_ros2_importer:/home/usuario/Robotica/ros2_ws/install/webots_ros2_importer/lib/python3.12/site-packages:${PYTHONPATH} /usr/bin/cmake --install /home/usuario/Robotica/ros2_ws/build/webots_ros2_driver
[3.172s] -- Install configuration: ""
[3.174s] -- Execute custom install script
[3.175s] -- Up-to-date symlink: /home/usuario/Robotica/ros2_ws/install/webots_ros2_driver/share/webots_ros2_driver/environment/pythonpath.sh
[3.175s] -- Up-to-date symlink: /home/usuario/Robotica/ros2_ws/install/webots_ros2_driver/share/webots_ros2_driver/environment/pythonpath.dsv
[3.177s] -- Up-to-date symlink: /home/usuario/Robotica/ros2_ws/install/webots_ros2_driver/lib/python3.12/site-packages/controller-2025.0.1-py3.12.egg-info/PKG-INFO
[3.177s] -- Up-to-date symlink: /home/usuario/Robotica/ros2_ws/install/webots_ros2_driver/lib/python3.12/site-packages/controller-2025.0.1-py3.12.egg-info/SOURCES.txt
[3.177s] -- Up-to-date symlink: /home/usuario/Robotica/ros2_ws/install/webots_ros2_driver/lib/python3.12/site-packages/controller-2025.0.1-py3.12.egg-info/dependency_links.txt
[3.177s] -- Up-to-date symlink: /home/usuario/Robotica/ros2_ws/install/webots_ros2_driver/lib/python3.12/site-packages/controller-2025.0.1-py3.12.egg-info/top_level.txt
[3.179s] -- Up-to-date symlink: /home/usuario/Robotica/ros2_ws/install/webots_ros2_driver/lib/python3.12/site-packages/controller/__init__.py
[3.179s] -- Up-to-date symlink: /home/usuario/Robotica/ros2_ws/install/webots_ros2_driver/lib/python3.12/site-packages/controller/accelerometer.py
[3.180s] -- Up-to-date symlink: /home/usuario/Robotica/ros2_ws/install/webots_ros2_driver/lib/python3.12/site-packages/controller/altimeter.py
[3.180s] -- Up-to-date symlink: /home/usuario/Robotica/ros2_ws/install/webots_ros2_driver/lib/python3.12/site-packages/controller/ansi_codes.py
[3.191s] -- Up-to-date symlink: /home/usuario/Robotica/ros2_ws/install/webots_ros2_driver/lib/python3.12/site-packages/controller/brake.py
[3.192s] -- Up-to-date symlink: /home/usuario/Robotica/ros2_ws/install/webots_ros2_driver/lib/python3.12/site-packages/controller/camera.py
[3.192s] -- Up-to-date symlink: /home/usuario/Robotica/ros2_ws/install/webots_ros2_driver/lib/python3.12/site-packages/controller/compass.py
[3.192s] -- Up-to-date symlink: /home/usuario/Robotica/ros2_ws/install/webots_ros2_driver/lib/python3.12/site-packages/controller/connector.py
[3.192s] -- Up-to-date symlink: /home/usuario/Robotica/ros2_ws/install/webots_ros2_driver/lib/python3.12/site-packages/controller/constants.py
[3.192s] -- Up-to-date symlink: /home/usuario/Robotica/ros2_ws/install/webots_ros2_driver/lib/python3.12/site-packages/controller/device.py
[3.192s] -- Up-to-date symlink: /home/usuario/Robotica/ros2_ws/install/webots_ros2_driver/lib/python3.12/site-packages/controller/display.py
[3.192s] -- Up-to-date symlink: /home/usuario/Robotica/ros2_ws/install/webots_ros2_driver/lib/python3.12/site-packages/controller/distance_sensor.py
[3.192s] -- Up-to-date symlink: /home/usuario/Robotica/ros2_ws/install/webots_ros2_driver/lib/python3.12/site-packages/controller/emitter.py
[3.192s] -- Up-to-date symlink: /home/usuario/Robotica/ros2_ws/install/webots_ros2_driver/lib/python3.12/site-packages/controller/field.py
[3.192s] -- Up-to-date symlink: /home/usuario/Robotica/ros2_ws/install/webots_ros2_driver/lib/python3.12/site-packages/controller/gps.py
[3.192s] -- Up-to-date symlink: /home/usuario/Robotica/ros2_ws/install/webots_ros2_driver/lib/python3.12/site-packages/controller/gyro.py
[3.193s] -- Up-to-date symlink: /home/usuario/Robotica/ros2_ws/install/webots_ros2_driver/lib/python3.12/site-packages/controller/inertial_unit.py
[3.193s] -- Up-to-date symlink: /home/usuario/Robotica/ros2_ws/install/webots_ros2_driver/lib/python3.12/site-packages/controller/joystick.py
[3.194s] -- Up-to-date symlink: /home/usuario/Robotica/ros2_ws/install/webots_ros2_driver/lib/python3.12/site-packages/controller/keyboard.py
[3.194s] -- Up-to-date symlink: /home/usuario/Robotica/ros2_ws/install/webots_ros2_driver/lib/python3.12/site-packages/controller/led.py
[3.194s] -- Up-to-date symlink: /home/usuario/Robotica/ros2_ws/install/webots_ros2_driver/lib/python3.12/site-packages/controller/lidar.py
[3.194s] -- Up-to-date symlink: /home/usuario/Robotica/ros2_ws/install/webots_ros2_driver/lib/python3.12/site-packages/controller/lidar_point.py
[3.194s] -- Up-to-date symlink: /home/usuario/Robotica/ros2_ws/install/webots_ros2_driver/lib/python3.12/site-packages/controller/light_sensor.py
[3.194s] -- Up-to-date symlink: /home/usuario/Robotica/ros2_ws/install/webots_ros2_driver/lib/python3.12/site-packages/controller/motion.py
[3.195s] -- Up-to-date symlink: /home/usuario/Robotica/ros2_ws/install/webots_ros2_driver/lib/python3.12/site-packages/controller/motor.py
[3.195s] -- Up-to-date symlink: /home/usuario/Robotica/ros2_ws/install/webots_ros2_driver/lib/python3.12/site-packages/controller/mouse.py
[3.195s] -- Up-to-date symlink: /home/usuario/Robotica/ros2_ws/install/webots_ros2_driver/lib/python3.12/site-packages/controller/node.py
[3.195s] -- Up-to-date symlink: /home/usuario/Robotica/ros2_ws/install/webots_ros2_driver/lib/python3.12/site-packages/controller/pen.py
[3.195s] -- Up-to-date symlink: /home/usuario/Robotica/ros2_ws/install/webots_ros2_driver/lib/python3.12/site-packages/controller/position_sensor.py
[3.195s] -- Up-to-date symlink: /home/usuario/Robotica/ros2_ws/install/webots_ros2_driver/lib/python3.12/site-packages/controller/proto.py
[3.195s] -- Up-to-date symlink: /home/usuario/Robotica/ros2_ws/install/webots_ros2_driver/lib/python3.12/site-packages/controller/radar.py
[3.195s] -- Up-to-date symlink: /home/usuario/Robotica/ros2_ws/install/webots_ros2_driver/lib/python3.12/site-packages/controller/radar_target.py
[3.195s] -- Up-to-date symlink: /home/usuario/Robotica/ros2_ws/install/webots_ros2_driver/lib/python3.12/site-packages/controller/range_finder.py
[3.196s] -- Up-to-date symlink: /home/usuario/Robotica/ros2_ws/install/webots_ros2_driver/lib/python3.12/site-packages/controller/receiver.py
[3.196s] -- Up-to-date symlink: /home/usuario/Robotica/ros2_ws/install/webots_ros2_driver/lib/python3.12/site-packages/controller/robot.py
[3.196s] -- Up-to-date symlink: /home/usuario/Robotica/ros2_ws/install/webots_ros2_driver/lib/python3.12/site-packages/controller/sensor.py
[3.196s] -- Up-to-date symlink: /home/usuario/Robotica/ros2_ws/install/webots_ros2_driver/lib/python3.12/site-packages/controller/skin.py
[3.196s] -- Up-to-date symlink: /home/usuario/Robotica/ros2_ws/install/webots_ros2_driver/lib/python3.12/site-packages/controller/speaker.py
[3.196s] -- Up-to-date symlink: /home/usuario/Robotica/ros2_ws/install/webots_ros2_driver/lib/python3.12/site-packages/controller/supervisor.py
[3.196s] -- Up-to-date symlink: /home/usuario/Robotica/ros2_ws/install/webots_ros2_driver/lib/python3.12/site-packages/controller/touch_sensor.py
[3.196s] -- Up-to-date symlink: /home/usuario/Robotica/ros2_ws/install/webots_ros2_driver/lib/python3.12/site-packages/controller/vacuum_gripper.py
[3.196s] -- Up-to-date symlink: /home/usuario/Robotica/ros2_ws/install/webots_ros2_driver/lib/python3.12/site-packages/controller/wb.py
[3.196s] -- Up-to-date symlink: /home/usuario/Robotica/ros2_ws/install/webots_ros2_driver/lib/python3.12/site-packages/vehicle-2025.0.1-py3.12.egg-info/PKG-INFO
[3.196s] -- Up-to-date symlink: /home/usuario/Robotica/ros2_ws/install/webots_ros2_driver/lib/python3.12/site-packages/vehicle-2025.0.1-py3.12.egg-info/SOURCES.txt
[3.196s] -- Up-to-date symlink: /home/usuario/Robotica/ros2_ws/install/webots_ros2_driver/lib/python3.12/site-packages/vehicle-2025.0.1-py3.12.egg-info/dependency_links.txt
[3.196s] -- Up-to-date symlink: /home/usuario/Robotica/ros2_ws/install/webots_ros2_driver/lib/python3.12/site-packages/vehicle-2025.0.1-py3.12.egg-info/top_level.txt
[3.196s] -- Up-to-date symlink: /home/usuario/Robotica/ros2_ws/install/webots_ros2_driver/lib/python3.12/site-packages/vehicle/__init__.py
[3.197s] -- Up-to-date symlink: /home/usuario/Robotica/ros2_ws/install/webots_ros2_driver/lib/python3.12/site-packages/vehicle/car.py
[3.197s] -- Up-to-date symlink: /home/usuario/Robotica/ros2_ws/install/webots_ros2_driver/lib/python3.12/site-packages/vehicle/driver.py
[3.197s] -- Up-to-date symlink: /home/usuario/Robotica/ros2_ws/install/webots_ros2_driver/lib/python3.12/site-packages/webots_ros2_driver-2025.0.1-py3.12.egg-info/PKG-INFO
[3.197s] -- Up-to-date symlink: /home/usuario/Robotica/ros2_ws/install/webots_ros2_driver/lib/python3.12/site-packages/webots_ros2_driver-2025.0.1-py3.12.egg-info/SOURCES.txt
[3.197s] -- Up-to-date symlink: /home/usuario/Robotica/ros2_ws/install/webots_ros2_driver/lib/python3.12/site-packages/webots_ros2_driver-2025.0.1-py3.12.egg-info/dependency_links.txt
[3.197s] -- Up-to-date symlink: /home/usuario/Robotica/ros2_ws/install/webots_ros2_driver/lib/python3.12/site-packages/webots_ros2_driver-2025.0.1-py3.12.egg-info/top_level.txt
[3.197s] -- Up-to-date symlink: /home/usuario/Robotica/ros2_ws/install/webots_ros2_driver/lib/python3.12/site-packages/webots_ros2_driver/__init__.py
[3.197s] -- Up-to-date symlink: /home/usuario/Robotica/ros2_ws/install/webots_ros2_driver/lib/python3.12/site-packages/webots_ros2_driver/ros2_supervisor.py
[3.197s] -- Up-to-date symlink: /home/usuario/Robotica/ros2_ws/install/webots_ros2_driver/lib/python3.12/site-packages/webots_ros2_driver/urdf_spawner.py
[3.197s] -- Up-to-date symlink: /home/usuario/Robotica/ros2_ws/install/webots_ros2_driver/lib/python3.12/site-packages/webots_ros2_driver/utils.py
[3.197s] -- Up-to-date symlink: /home/usuario/Robotica/ros2_ws/install/webots_ros2_driver/lib/python3.12/site-packages/webots_ros2_driver/wait_for_controller_connection.py
[3.198s] -- Up-to-date symlink: /home/usuario/Robotica/ros2_ws/install/webots_ros2_driver/lib/python3.12/site-packages/webots_ros2_driver/webots_controller.py
[3.198s] -- Up-to-date symlink: /home/usuario/Robotica/ros2_ws/install/webots_ros2_driver/lib/python3.12/site-packages/webots_ros2_driver/webots_launcher.py
[3.198s] -- Up-to-date symlink: /home/usuario/Robotica/ros2_ws/install/webots_ros2_driver/include/webots_ros2_driver/PluginInterface.hpp
[3.198s] -- Up-to-date symlink: /home/usuario/Robotica/ros2_ws/install/webots_ros2_driver/include/webots_ros2_driver/PythonPlugin.hpp
[3.198s] -- Up-to-date symlink: /home/usuario/Robotica/ros2_ws/install/webots_ros2_driver/include/webots_ros2_driver/WebotsNode.hpp
[3.198s] -- Up-to-date symlink: /home/usuario/Robotica/ros2_ws/install/webots_ros2_driver/include/webots_ros2_driver/plugins/Ros2SensorPlugin.hpp
[3.198s] -- Up-to-date symlink: /home/usuario/Robotica/ros2_ws/install/webots_ros2_driver/include/webots_ros2_driver/plugins/dynamic/Ros2IMU.hpp
[3.198s] -- Up-to-date symlink: /home/usuario/Robotica/ros2_ws/install/webots_ros2_driver/include/webots_ros2_driver/plugins/dynamic/Ros2RGBD.hpp
[3.199s] -- Up-to-date symlink: /home/usuario/Robotica/ros2_ws/install/webots_ros2_driver/include/webots_ros2_driver/plugins/static/Ros2Camera.hpp
[3.199s] -- Up-to-date symlink: /home/usuario/Robotica/ros2_ws/install/webots_ros2_driver/include/webots_ros2_driver/plugins/static/Ros2Compass.hpp
[3.199s] -- Up-to-date symlink: /home/usuario/Robotica/ros2_ws/install/webots_ros2_driver/include/webots_ros2_driver/plugins/static/Ros2DistanceSensor.hpp
[3.199s] -- Up-to-date symlink: /home/usuario/Robotica/ros2_ws/install/webots_ros2_driver/include/webots_ros2_driver/plugins/static/Ros2Emitter.hpp
[3.199s] -- Up-to-date symlink: /home/usuario/Robotica/ros2_ws/install/webots_ros2_driver/include/webots_ros2_driver/plugins/static/Ros2GPS.hpp
[3.199s] -- Up-to-date symlink: /home/usuario/Robotica/ros2_ws/install/webots_ros2_driver/include/webots_ros2_driver/plugins/static/Ros2LED.hpp
[3.199s] -- Up-to-date symlink: /home/usuario/Robotica/ros2_ws/install/webots_ros2_driver/include/webots_ros2_driver/plugins/static/Ros2Lidar.hpp
[3.199s] -- Up-to-date symlink: /home/usuario/Robotica/ros2_ws/install/webots_ros2_driver/include/webots_ros2_driver/plugins/static/Ros2LightSensor.hpp
[3.199s] -- Up-to-date symlink: /home/usuario/Robotica/ros2_ws/install/webots_ros2_driver/include/webots_ros2_driver/plugins/static/Ros2Pen.hpp
[3.199s] -- Up-to-date symlink: /home/usuario/Robotica/ros2_ws/install/webots_ros2_driver/include/webots_ros2_driver/plugins/static/Ros2RangeFinder.hpp
[3.199s] -- Up-to-date symlink: /home/usuario/Robotica/ros2_ws/install/webots_ros2_driver/include/webots_ros2_driver/plugins/static/Ros2Receiver.hpp
[3.200s] -- Up-to-date symlink: /home/usuario/Robotica/ros2_ws/install/webots_ros2_driver/include/webots_ros2_driver/plugins/static/Ros2VacuumGripper.hpp
[3.200s] -- Up-to-date symlink: /home/usuario/Robotica/ros2_ws/install/webots_ros2_driver/include/webots_ros2_driver/utils/Math.hpp
[3.200s] -- Up-to-date symlink: /home/usuario/Robotica/ros2_ws/install/webots_ros2_driver/include/webots_ros2_driver/utils/Utils.hpp
[3.200s] -- Up-to-date symlink: /home/usuario/Robotica/ros2_ws/install/webots_ros2_driver/lib/webots_ros2_driver/driver
[3.200s] -- Up-to-date symlink: /home/usuario/Robotica/ros2_ws/install/webots_ros2_driver/lib/libwebots_ros2_driver_imu.so
[3.200s] -- Up-to-date symlink: /home/usuario/Robotica/ros2_ws/install/webots_ros2_driver/lib/libwebots_ros2_driver_rgbd.so
[3.200s] -- Up-to-date symlink: /home/usuario/Robotica/ros2_ws/install/webots_ros2_driver/include/webots/c/webots/accelerometer.h
[3.200s] -- Up-to-date symlink: /home/usuario/Robotica/ros2_ws/install/webots_ros2_driver/include/webots/c/webots/altimeter.h
[3.200s] -- Up-to-date symlink: /home/usuario/Robotica/ros2_ws/install/webots_ros2_driver/include/webots/c/webots/brake.h
[3.200s] -- Up-to-date symlink: /home/usuario/Robotica/ros2_ws/install/webots_ros2_driver/include/webots/c/webots/camera.h
[3.200s] -- Up-to-date symlink: /home/usuario/Robotica/ros2_ws/install/webots_ros2_driver/include/webots/c/webots/camera_recognition_object.h
[3.200s] -- Up-to-date symlink: /home/usuario/Robotica/ros2_ws/install/webots_ros2_driver/include/webots/c/webots/compass.h
[3.201s] -- Up-to-date symlink: /home/usuario/Robotica/ros2_ws/install/webots_ros2_driver/include/webots/c/webots/connector.h
[3.201s] -- Up-to-date symlink: /home/usuario/Robotica/ros2_ws/install/webots_ros2_driver/include/webots/c/webots/console.h
[3.201s] -- Up-to-date symlink: /home/usuario/Robotica/ros2_ws/install/webots_ros2_driver/include/webots/c/webots/contact_point.h
[3.201s] -- Up-to-date symlink: /home/usuario/Robotica/ros2_ws/install/webots_ros2_driver/include/webots/c/webots/device.h
[3.201s] -- Up-to-date symlink: /home/usuario/Robotica/ros2_ws/install/webots_ros2_driver/include/webots/c/webots/display.h
[3.201s] -- Up-to-date symlink: /home/usuario/Robotica/ros2_ws/install/webots_ros2_driver/include/webots/c/webots/distance_sensor.h
[3.201s] -- Up-to-date symlink: /home/usuario/Robotica/ros2_ws/install/webots_ros2_driver/include/webots/c/webots/emitter.h
[3.201s] -- Up-to-date symlink: /home/usuario/Robotica/ros2_ws/install/webots_ros2_driver/include/webots/c/webots/gps.h
[3.201s] -- Up-to-date symlink: /home/usuario/Robotica/ros2_ws/install/webots_ros2_driver/include/webots/c/webots/gyro.h
[3.201s] -- Up-to-date symlink: /home/usuario/Robotica/ros2_ws/install/webots_ros2_driver/include/webots/c/webots/inertial_unit.h
[3.201s] -- Up-to-date symlink: /home/usuario/Robotica/ros2_ws/install/webots_ros2_driver/include/webots/c/webots/joystick.h
[3.202s] -- Up-to-date symlink: /home/usuario/Robotica/ros2_ws/install/webots_ros2_driver/include/webots/c/webots/keyboard.h
[3.202s] -- Up-to-date symlink: /home/usuario/Robotica/ros2_ws/install/webots_ros2_driver/include/webots/c/webots/led.h
[3.202s] -- Up-to-date symlink: /home/usuario/Robotica/ros2_ws/install/webots_ros2_driver/include/webots/c/webots/lidar.h
[3.202s] -- Up-to-date symlink: /home/usuario/Robotica/ros2_ws/install/webots_ros2_driver/include/webots/c/webots/lidar_point.h
[3.202s] -- Up-to-date symlink: /home/usuario/Robotica/ros2_ws/install/webots_ros2_driver/include/webots/c/webots/light_sensor.h
[3.202s] -- Up-to-date symlink: /home/usuario/Robotica/ros2_ws/install/webots_ros2_driver/include/webots/c/webots/microphone.h
[3.202s] -- Up-to-date symlink: /home/usuario/Robotica/ros2_ws/install/webots_ros2_driver/include/webots/c/webots/motor.h
[3.203s] -- Up-to-date symlink: /home/usuario/Robotica/ros2_ws/install/webots_ros2_driver/include/webots/c/webots/mouse.h
[3.203s] -- Up-to-date symlink: /home/usuario/Robotica/ros2_ws/install/webots_ros2_driver/include/webots/c/webots/mouse_state.h
[3.203s] -- Up-to-date symlink: /home/usuario/Robotica/ros2_ws/install/webots_ros2_driver/include/webots/c/webots/nodes.h
[3.203s] -- Up-to-date symlink: /home/usuario/Robotica/ros2_ws/install/webots_ros2_driver/include/webots/c/webots/pen.h
[3.203s] -- Up-to-date symlink: /home/usuario/Robotica/ros2_ws/install/webots_ros2_driver/include/webots/c/webots/plugins/robot_window/default.h
[3.203s] -- Up-to-date symlink: /home/usuario/Robotica/ros2_ws/install/webots_ros2_driver/include/webots/c/webots/plugins/robot_window/generic_robot_window/generic.h
[3.203s] -- Up-to-date symlink: /home/usuario/Robotica/ros2_ws/install/webots_ros2_driver/include/webots/c/webots/plugins/robot_window/robot_window.h
[3.203s] -- Up-to-date symlink: /home/usuario/Robotica/ros2_ws/install/webots_ros2_driver/include/webots/c/webots/plugins/robot_window/robot_wwi.h
[3.203s] -- Up-to-date symlink: /home/usuario/Robotica/ros2_ws/install/webots_ros2_driver/include/webots/c/webots/position_sensor.h
[3.203s] -- Up-to-date symlink: /home/usuario/Robotica/ros2_ws/install/webots_ros2_driver/include/webots/c/webots/radar.h
[3.203s] -- Up-to-date symlink: /home/usuario/Robotica/ros2_ws/install/webots_ros2_driver/include/webots/c/webots/radar_target.h
[3.203s] -- Up-to-date symlink: /home/usuario/Robotica/ros2_ws/install/webots_ros2_driver/include/webots/c/webots/radio.h
[3.203s] -- Up-to-date symlink: /home/usuario/Robotica/ros2_ws/install/webots_ros2_driver/include/webots/c/webots/range_finder.h
[3.203s] -- Up-to-date symlink: /home/usuario/Robotica/ros2_ws/install/webots_ros2_driver/include/webots/c/webots/receiver.h
[3.203s] -- Up-to-date symlink: /home/usuario/Robotica/ros2_ws/install/webots_ros2_driver/include/webots/c/webots/remote_control.h
[3.203s] -- Up-to-date symlink: /home/usuario/Robotica/ros2_ws/install/webots_ros2_driver/include/webots/c/webots/robot.h
[3.203s] -- Up-to-date symlink: /home/usuario/Robotica/ros2_ws/install/webots_ros2_driver/include/webots/c/webots/skin.h
[3.203s] -- Up-to-date symlink: /home/usuario/Robotica/ros2_ws/install/webots_ros2_driver/include/webots/c/webots/speaker.h
[3.203s] -- Up-to-date symlink: /home/usuario/Robotica/ros2_ws/install/webots_ros2_driver/include/webots/c/webots/supervisor.h
[3.204s] -- Up-to-date symlink: /home/usuario/Robotica/ros2_ws/install/webots_ros2_driver/include/webots/c/webots/touch_sensor.h
[3.204s] -- Up-to-date symlink: /home/usuario/Robotica/ros2_ws/install/webots_ros2_driver/include/webots/c/webots/types.h
[3.204s] -- Up-to-date symlink: /home/usuario/Robotica/ros2_ws/install/webots_ros2_driver/include/webots/c/webots/utils/ansi_codes.h
[3.204s] -- Up-to-date symlink: /home/usuario/Robotica/ros2_ws/install/webots_ros2_driver/include/webots/c/webots/utils/motion.h
[3.204s] -- Up-to-date symlink: /home/usuario/Robotica/ros2_ws/install/webots_ros2_driver/include/webots/c/webots/utils/string.h
[3.204s] -- Up-to-date symlink: /home/usuario/Robotica/ros2_ws/install/webots_ros2_driver/include/webots/c/webots/utils/system.h
[3.204s] -- Up-to-date symlink: /home/usuario/Robotica/ros2_ws/install/webots_ros2_driver/include/webots/c/webots/vacuum_gripper.h
[3.204s] -- Up-to-date symlink: /home/usuario/Robotica/ros2_ws/install/webots_ros2_driver/include/webots/c/webots/vehicle/car.h
[3.204s] -- Up-to-date symlink: /home/usuario/Robotica/ros2_ws/install/webots_ros2_driver/include/webots/c/webots/vehicle/driver.h
[3.204s] -- Up-to-date symlink: /home/usuario/Robotica/ros2_ws/install/webots_ros2_driver/include/webots/cpp/webots/Accelerometer.hpp
[3.204s] -- Up-to-date symlink: /home/usuario/Robotica/ros2_ws/install/webots_ros2_driver/include/webots/cpp/webots/Altimeter.hpp
[3.204s] -- Up-to-date symlink: /home/usuario/Robotica/ros2_ws/install/webots_ros2_driver/include/webots/cpp/webots/Brake.hpp
[3.204s] -- Up-to-date symlink: /home/usuario/Robotica/ros2_ws/install/webots_ros2_driver/include/webots/cpp/webots/Camera.hpp
[3.204s] -- Up-to-date symlink: /home/usuario/Robotica/ros2_ws/install/webots_ros2_driver/include/webots/cpp/webots/Compass.hpp
[3.204s] -- Up-to-date symlink: /home/usuario/Robotica/ros2_ws/install/webots_ros2_driver/include/webots/cpp/webots/Connector.hpp
[3.204s] -- Up-to-date symlink: /home/usuario/Robotica/ros2_ws/install/webots_ros2_driver/include/webots/cpp/webots/Device.hpp
[3.204s] -- Up-to-date symlink: /home/usuario/Robotica/ros2_ws/install/webots_ros2_driver/include/webots/cpp/webots/Display.hpp
[3.204s] -- Up-to-date symlink: /home/usuario/Robotica/ros2_ws/install/webots_ros2_driver/include/webots/cpp/webots/DistanceSensor.hpp
[3.204s] -- Up-to-date symlink: /home/usuario/Robotica/ros2_ws/install/webots_ros2_driver/include/webots/cpp/webots/Emitter.hpp
[3.205s] -- Up-to-date symlink: /home/usuario/Robotica/ros2_ws/install/webots_ros2_driver/include/webots/cpp/webots/Field.hpp
[3.205s] -- Up-to-date symlink: /home/usuario/Robotica/ros2_ws/install/webots_ros2_driver/include/webots/cpp/webots/GPS.hpp
[3.205s] -- Up-to-date symlink: /home/usuario/Robotica/ros2_ws/install/webots_ros2_driver/include/webots/cpp/webots/Gyro.hpp
[3.205s] -- Up-to-date symlink: /home/usuario/Robotica/ros2_ws/install/webots_ros2_driver/include/webots/cpp/webots/ImageRef.hpp
[3.205s] -- Up-to-date symlink: /home/usuario/Robotica/ros2_ws/install/webots_ros2_driver/include/webots/cpp/webots/InertialUnit.hpp
[3.206s] -- Up-to-date symlink: /home/usuario/Robotica/ros2_ws/install/webots_ros2_driver/include/webots/cpp/webots/Joystick.hpp
[3.206s] -- Up-to-date symlink: /home/usuario/Robotica/ros2_ws/install/webots_ros2_driver/include/webots/cpp/webots/Keyboard.hpp
[3.206s] -- Up-to-date symlink: /home/usuario/Robotica/ros2_ws/install/webots_ros2_driver/include/webots/cpp/webots/LED.hpp
[3.207s] -- Up-to-date symlink: /home/usuario/Robotica/ros2_ws/install/webots_ros2_driver/include/webots/cpp/webots/Lidar.hpp
[3.207s] -- Up-to-date symlink: /home/usuario/Robotica/ros2_ws/install/webots_ros2_driver/include/webots/cpp/webots/LightSensor.hpp
[3.207s] -- Up-to-date symlink: /home/usuario/Robotica/ros2_ws/install/webots_ros2_driver/include/webots/cpp/webots/Motor.hpp
[3.207s] -- Up-to-date symlink: /home/usuario/Robotica/ros2_ws/install/webots_ros2_driver/include/webots/cpp/webots/Mouse.hpp
[3.207s] -- Up-to-date symlink: /home/usuario/Robotica/ros2_ws/install/webots_ros2_driver/include/webots/cpp/webots/Node.hpp
[3.207s] -- Up-to-date symlink: /home/usuario/Robotica/ros2_ws/install/webots_ros2_driver/include/webots/cpp/webots/Pen.hpp
[3.207s] -- Up-to-date symlink: /home/usuario/Robotica/ros2_ws/install/webots_ros2_driver/include/webots/cpp/webots/PositionSensor.hpp
[3.207s] -- Up-to-date symlink: /home/usuario/Robotica/ros2_ws/install/webots_ros2_driver/include/webots/cpp/webots/Proto.hpp
[3.207s] -- Up-to-date symlink: /home/usuario/Robotica/ros2_ws/install/webots_ros2_driver/include/webots/cpp/webots/Radar.hpp
[3.207s] -- Up-to-date symlink: /home/usuario/Robotica/ros2_ws/install/webots_ros2_driver/include/webots/cpp/webots/RangeFinder.hpp
[3.207s] -- Up-to-date symlink: /home/usuario/Robotica/ros2_ws/install/webots_ros2_driver/include/webots/cpp/webots/Receiver.hpp
[3.208s] -- Up-to-date symlink: /home/usuario/Robotica/ros2_ws/install/webots_ros2_driver/include/webots/cpp/webots/Robot.hpp
[3.208s] -- Up-to-date symlink: /home/usuario/Robotica/ros2_ws/install/webots_ros2_driver/include/webots/cpp/webots/Skin.hpp
[3.208s] -- Up-to-date symlink: /home/usuario/Robotica/ros2_ws/install/webots_ros2_driver/include/webots/cpp/webots/Speaker.hpp
[3.208s] -- Up-to-date symlink: /home/usuario/Robotica/ros2_ws/install/webots_ros2_driver/include/webots/cpp/webots/Supervisor.hpp
[3.208s] -- Up-to-date symlink: /home/usuario/Robotica/ros2_ws/install/webots_ros2_driver/include/webots/cpp/webots/TouchSensor.hpp
[3.208s] -- Up-to-date symlink: /home/usuario/Robotica/ros2_ws/install/webots_ros2_driver/include/webots/cpp/webots/VacuumGripper.hpp
[3.208s] -- Up-to-date symlink: /home/usuario/Robotica/ros2_ws/install/webots_ros2_driver/include/webots/cpp/webots/utils/AnsiCodes.hpp
[3.208s] -- Up-to-date symlink: /home/usuario/Robotica/ros2_ws/install/webots_ros2_driver/include/webots/cpp/webots/utils/Motion.hpp
[3.208s] -- Up-to-date symlink: /home/usuario/Robotica/ros2_ws/install/webots_ros2_driver/include/webots/cpp/webots/vehicle/Car.hpp
[3.208s] -- Up-to-date symlink: /home/usuario/Robotica/ros2_ws/install/webots_ros2_driver/include/webots/cpp/webots/vehicle/Driver.hpp
[3.208s] -- Up-to-date symlink: /home/usuario/Robotica/ros2_ws/install/webots_ros2_driver/lib/controller/libController.so
[3.208s] -- Up-to-date symlink: /home/usuario/Robotica/ros2_ws/install/webots_ros2_driver/lib/controller/libCppCar.so
[3.208s] -- Up-to-date symlink: /home/usuario/Robotica/ros2_ws/install/webots_ros2_driver/lib/controller/libCppController.so
[3.209s] -- Up-to-date symlink: /home/usuario/Robotica/ros2_ws/install/webots_ros2_driver/lib/controller/libCppController.so
[3.209s] -- Up-to-date symlink: /home/usuario/Robotica/ros2_ws/install/webots_ros2_driver/lib/controller/libCppDriver.so
[3.209s] -- Up-to-date symlink: /home/usuario/Robotica/ros2_ws/install/webots_ros2_driver/lib/controller/libcar.so
[3.209s] -- Up-to-date symlink: /home/usuario/Robotica/ros2_ws/install/webots_ros2_driver/lib/controller/libdriver.so
[3.209s] -- Up-to-date symlink: /home/usuario/Robotica/ros2_ws/install/webots_ros2_driver/lib/controller/libgeneric_robot_window.so
[3.209s] -- Up-to-date symlink: /home/usuario/Robotica/ros2_ws/install/webots_ros2_driver/lib/controller/python/vehicle/car.py
[3.209s] -- Up-to-date symlink: /home/usuario/Robotica/ros2_ws/install/webots_ros2_driver/lib/controller/python/vehicle/driver.py
[3.209s] -- Up-to-date symlink: /home/usuario/Robotica/ros2_ws/install/webots_ros2_driver/share/webots_ros2_driver//webots_ros2_imu.xml
[3.209s] -- Up-to-date symlink: /home/usuario/Robotica/ros2_ws/install/webots_ros2_driver/share/webots_ros2_driver//webots_ros2_rgbd.xml
[3.210s] -- Up-to-date symlink: /home/usuario/Robotica/ros2_ws/install/webots_ros2_driver/lib/webots_ros2_driver/ros2_supervisor.py
[3.210s] -- Up-to-date symlink: /home/usuario/Robotica/ros2_ws/install/webots_ros2_driver/share/webots_ros2_driver/scripts/webots_tcp_client.py
[3.210s] -- Up-to-date symlink: /home/usuario/Robotica/ros2_ws/install/webots_ros2_driver/share/webots_ros2_driver/scripts/webots-controller
[3.210s] -- Up-to-date symlink: /home/usuario/Robotica/ros2_ws/install/webots_ros2_driver/share/webots_ros2_driver/environment/library_path.sh
[3.210s] -- Up-to-date symlink: /home/usuario/Robotica/ros2_ws/install/webots_ros2_driver/share/webots_ros2_driver/environment/library_path.dsv
[3.210s] -- Up-to-date symlink: /home/usuario/Robotica/ros2_ws/install/webots_ros2_driver/share/ament_index/resource_index/package_run_dependencies/webots_ros2_driver
[3.210s] -- Up-to-date symlink: /home/usuario/Robotica/ros2_ws/install/webots_ros2_driver/share/ament_index/resource_index/parent_prefix_path/webots_ros2_driver
[3.210s] -- Up-to-date symlink: /home/usuario/Robotica/ros2_ws/install/webots_ros2_driver/share/webots_ros2_driver/environment/ament_prefix_path.sh
[3.210s] -- Up-to-date symlink: /home/usuario/Robotica/ros2_ws/install/webots_ros2_driver/share/webots_ros2_driver/environment/ament_prefix_path.dsv
[3.210s] -- Up-to-date symlink: /home/usuario/Robotica/ros2_ws/install/webots_ros2_driver/share/webots_ros2_driver/environment/path.sh
[3.210s] -- Up-to-date symlink: /home/usuario/Robotica/ros2_ws/install/webots_ros2_driver/share/webots_ros2_driver/environment/path.dsv
[3.210s] -- Up-to-date symlink: /home/usuario/Robotica/ros2_ws/install/webots_ros2_driver/share/webots_ros2_driver/local_setup.bash
[3.210s] -- Up-to-date symlink: /home/usuario/Robotica/ros2_ws/install/webots_ros2_driver/share/webots_ros2_driver/local_setup.sh
[3.211s] -- Up-to-date symlink: /home/usuario/Robotica/ros2_ws/install/webots_ros2_driver/share/webots_ros2_driver/local_setup.zsh
[3.211s] -- Up-to-date symlink: /home/usuario/Robotica/ros2_ws/install/webots_ros2_driver/share/webots_ros2_driver/local_setup.dsv
[3.211s] -- Symlinking: /home/usuario/Robotica/ros2_ws/install/webots_ros2_driver/share/webots_ros2_driver/package.dsv
[3.223s] -- Up-to-date symlink: /home/usuario/Robotica/ros2_ws/install/webots_ros2_driver/share/ament_index/resource_index/packages/webots_ros2_driver
[3.224s] -- Up-to-date symlink: /home/usuario/Robotica/ros2_ws/install/webots_ros2_driver/share/ament_index/resource_index/webots_ros2_driver__pluginlib__plugin/webots_ros2_driver
[3.225s] -- Up-to-date symlink: /home/usuario/Robotica/ros2_ws/install/webots_ros2_driver/share/webots_ros2_driver/cmake/ament_cmake_export_include_directories-extras.cmake
[3.225s] -- Up-to-date symlink: /home/usuario/Robotica/ros2_ws/install/webots_ros2_driver/share/webots_ros2_driver/cmake/ament_cmake_export_dependencies-extras.cmake
[3.226s] -- Up-to-date symlink: /home/usuario/Robotica/ros2_ws/install/webots_ros2_driver/share/webots_ros2_driver/cmake/ament_cmake_export_libraries-extras.cmake
[3.227s] -- Up-to-date symlink: /home/usuario/Robotica/ros2_ws/install/webots_ros2_driver/share/webots_ros2_driver/cmake/webots_ros2_driverConfig.cmake
[3.228s] -- Up-to-date symlink: /home/usuario/Robotica/ros2_ws/install/webots_ros2_driver/share/webots_ros2_driver/cmake/webots_ros2_driverConfig-version.cmake
[3.228s] -- Up-to-date symlink: /home/usuario/Robotica/ros2_ws/install/webots_ros2_driver/share/webots_ros2_driver/package.xml
[3.283s] Listing '/home/usuario/Robotica/ros2_ws/install/webots_ros2_driver/lib/python3.12/site-packages/controller'...
[3.337s] Listing '/home/usuario/Robotica/ros2_ws/install/webots_ros2_driver/lib/python3.12/site-packages/vehicle'...
[3.410s] Listing '/home/usuario/Robotica/ros2_ws/install/webots_ros2_driver/lib/python3.12/site-packages/webots_ros2_driver'...
[3.423s] Invoked command in '/home/usuario/Robotica/ros2_ws/build/webots_ros2_driver' returned '0': AMENT_PREFIX_PATH=/home/usuario/Robotica/ros2_ws/install/webots_ros2_msgs:/home/usuario/Robotica/ros2_ws/install/webots_ros2_importer:${AMENT_PREFIX_PATH} CMAKE_PREFIX_PATH=/home/usuario/Robotica/ros2_ws/install/webots_ros2_msgs:/opt/ros/jazzy/opt/sdformat_vendor:/opt/ros/jazzy/opt/gz_math_vendor:/opt/ros/jazzy/opt/gz_utils_vendor:/opt/ros/jazzy/opt/gz_tools_vendor:/opt/ros/jazzy/opt/gz_cmake_vendor:/opt/ros/jazzy DEBUGINFOD_URLS=https://debuginfod.ubuntu.com LD_LIBRARY_PATH=/home/usuario/Robotica/ros2_ws/install/webots_ros2_msgs/lib:${LD_LIBRARY_PATH} PYTHONPATH=/home/usuario/Robotica/ros2_ws/install/webots_ros2_msgs/lib/python3.12/site-packages:/home/usuario/Robotica/ros2_ws/build/webots_ros2_importer:/home/usuario/Robotica/ros2_ws/install/webots_ros2_importer/lib/python3.12/site-packages:${PYTHONPATH} /usr/bin/cmake --install /home/usuario/Robotica/ros2_ws/build/webots_ros2_driver
