[3.390s] Invoking command in '/home/usuario/Robotica/ros2_ws/src/webots_ros2/webots_ros2_epuck': AMENT_PREFIX_PATH=/home/usuario/Robotica/install/webots_ros2_control:/home/usuario/Robotica/install/webots_ros2_driver:/home/usuario/Robotica/install/webots_ros2_msgs:/home/usuario/Robotica/install/webots_ros2_importer:${AMENT_PREFIX_PATH} CMAKE_PREFIX_PATH=/home/usuario/Robotica/install/webots_ros2_control:/home/usuario/Robotica/install/webots_ros2_driver:/home/usuario/Robotica/install/webots_ros2_msgs:${CMAKE_PREFIX_PATH} DEBUGINFOD_URLS=https://debuginfod.ubuntu.com LD_LIBRARY_PATH=/home/usuario/Robotica/install/webots_ros2_control/lib:/home/usuario/Robotica/install/webots_ros2_driver/lib:/home/usuario/Robotica/install/webots_ros2_msgs/lib:${LD_LIBRARY_PATH} PYTHONPATH=/home/usuario/Robotica/build/webots_ros2_epuck/prefix_override:/usr/lib/python3/dist-packages/colcon_core/task/python/colcon_distutils_commands:/home/usuario/Robotica/install/webots_ros2_epuck/lib/python3.12/site-packages:/home/usuario/Robotica/install/webots_ros2_driver/lib/python3.12/site-packages:/home/usuario/Robotica/install/webots_ros2_msgs/lib/python3.12/site-packages:/home/usuario/Robotica/install/webots_ros2_importer/lib/python3.12/site-packages:${PYTHONPATH} /usr/bin/python3 -W ignore:setup.py install is deprecated -W ignore:easy_install command is deprecated setup.py egg_info --egg-base ../../../../build/webots_ros2_epuck build --build-base /home/usuario/Robotica/build/webots_ros2_epuck/build install --record /home/usuario/Robotica/build/webots_ros2_epuck/install.log --single-version-externally-managed install_data
[3.758s] running egg_info
[3.780s] writing ../../../../build/webots_ros2_epuck/webots_ros2_epuck.egg-info/PKG-INFO
[3.781s] writing dependency_links to ../../../../build/webots_ros2_epuck/webots_ros2_epuck.egg-info/dependency_links.txt
[3.782s] writing entry points to ../../../../build/webots_ros2_epuck/webots_ros2_epuck.egg-info/entry_points.txt
[3.789s] writing requirements to ../../../../build/webots_ros2_epuck/webots_ros2_epuck.egg-info/requires.txt
[3.829s] writing top-level names to ../../../../build/webots_ros2_epuck/webots_ros2_epuck.egg-info/top_level.txt
[3.929s] reading manifest file '../../../../build/webots_ros2_epuck/webots_ros2_epuck.egg-info/SOURCES.txt'
[3.929s] writing manifest file '../../../../build/webots_ros2_epuck/webots_ros2_epuck.egg-info/SOURCES.txt'
[3.929s] running build
[3.929s] running build_py
[3.929s] running install
[3.941s] running install_lib
[3.959s] running install_data
[3.960s] running install_egg_info
[3.990s] removing '/home/usuario/Robotica/install/webots_ros2_epuck/lib/python3.12/site-packages/webots_ros2_epuck-2025.0.1-py3.12.egg-info' (and everything under it)
[3.992s] Copying ../../../../build/webots_ros2_epuck/webots_ros2_epuck.egg-info to /home/usuario/Robotica/install/webots_ros2_epuck/lib/python3.12/site-packages/webots_ros2_epuck-2025.0.1-py3.12.egg-info
[3.994s] running install_scripts
[4.121s] Installing drive_calibrator script to /home/usuario/Robotica/install/webots_ros2_epuck/lib/webots_ros2_epuck
[4.122s] Installing epuck_node script to /home/usuario/Robotica/install/webots_ros2_epuck/lib/webots_ros2_epuck
[4.129s] Installing simple_mapper script to /home/usuario/Robotica/install/webots_ros2_epuck/lib/webots_ros2_epuck
[4.129s] writing list of installed files to '/home/usuario/Robotica/build/webots_ros2_epuck/install.log'
[4.173s] Invoked command in '/home/usuario/Robotica/ros2_ws/src/webots_ros2/webots_ros2_epuck' returned '0': AMENT_PREFIX_PATH=/home/usuario/Robotica/install/webots_ros2_control:/home/usuario/Robotica/install/webots_ros2_driver:/home/usuario/Robotica/install/webots_ros2_msgs:/home/usuario/Robotica/install/webots_ros2_importer:${AMENT_PREFIX_PATH} CMAKE_PREFIX_PATH=/home/usuario/Robotica/install/webots_ros2_control:/home/usuario/Robotica/install/webots_ros2_driver:/home/usuario/Robotica/install/webots_ros2_msgs:${CMAKE_PREFIX_PATH} DEBUGINFOD_URLS=https://debuginfod.ubuntu.com LD_LIBRARY_PATH=/home/usuario/Robotica/install/webots_ros2_control/lib:/home/usuario/Robotica/install/webots_ros2_driver/lib:/home/usuario/Robotica/install/webots_ros2_msgs/lib:${LD_LIBRARY_PATH} PYTHONPATH=/home/usuario/Robotica/build/webots_ros2_epuck/prefix_override:/usr/lib/python3/dist-packages/colcon_core/task/python/colcon_distutils_commands:/home/usuario/Robotica/install/webots_ros2_epuck/lib/python3.12/site-packages:/home/usuario/Robotica/install/webots_ros2_driver/lib/python3.12/site-packages:/home/usuario/Robotica/install/webots_ros2_msgs/lib/python3.12/site-packages:/home/usuario/Robotica/install/webots_ros2_importer/lib/python3.12/site-packages:${PYTHONPATH} /usr/bin/python3 -W ignore:setup.py install is deprecated -W ignore:easy_install command is deprecated setup.py egg_info --egg-base ../../../../build/webots_ros2_epuck build --build-base /home/usuario/Robotica/build/webots_ros2_epuck/build install --record /home/usuario/Robotica/build/webots_ros2_epuck/install.log --single-version-externally-managed install_data
