[0.340s] Invoking command in '/home/usuario/Robotica/ros2_ws/build/webots_ros2_msgs': CMAKE_PREFIX_PATH=${CMAKE_PREFIX_PATH}:/opt/ros/jazzy DEBUGINFOD_URLS=https://debuginfod.ubuntu.com /usr/bin/cmake --build /home/usuario/Robotica/ros2_ws/build/webots_ros2_msgs -- -j10 -l10
[0.460s] [  1%] Built target webots_ros2_msgs__rosidl_generator_type_description
[0.470s] [  1%] Built target ament_cmake_python_symlink_webots_ros2_msgs
[0.491s] [  1%] Built target webots_ros2_msgs__cpp
[0.500s] [ 27%] Built target webots_ros2_msgs__rosidl_generator_c
[0.773s] [ 37%] Built target webots_ros2_msgs__rosidl_typesupport_fastrtps_c
[0.793s] [ 47%] Built target webots_ros2_msgs__rosidl_typesupport_introspection_c
[0.809s] [ 57%] Built target webots_ros2_msgs__rosidl_typesupport_c
[0.809s] [ 67%] Built target webots_ros2_msgs__rosidl_typesupport_fastrtps_cpp
[0.823s] [ 76%] Built target webots_ros2_msgs__rosidl_typesupport_cpp
[0.886s] [ 85%] Built target webots_ros2_msgs__rosidl_typesupport_introspection_cpp
[1.013s] [ 85%] Built target webots_ros2_msgs
[1.161s] [ 86%] Built target webots_ros2_msgs__py
[1.822s] [ 95%] Built target webots_ros2_msgs__rosidl_generator_py
[2.375s] running egg_info
[2.423s] [ 97%] Built target webots_ros2_msgs_s__rosidl_typesupport_introspection_c
[2.604s] [ 98%] Built target webots_ros2_msgs_s__rosidl_typesupport_fastrtps_c
[2.666s] [100%] Built target webots_ros2_msgs_s__rosidl_typesupport_c
[2.679s] writing webots_ros2_msgs.egg-info/PKG-INFO
[2.706s] writing dependency_links to webots_ros2_msgs.egg-info/dependency_links.txt
[2.706s] writing top-level names to webots_ros2_msgs.egg-info/top_level.txt
[2.817s] reading manifest file 'webots_ros2_msgs.egg-info/SOURCES.txt'
[2.849s] writing manifest file 'webots_ros2_msgs.egg-info/SOURCES.txt'
[3.035s] [100%] Built target ament_cmake_python_build_webots_ros2_msgs_egg
[3.118s] Invoked command in '/home/usuario/Robotica/ros2_ws/build/webots_ros2_msgs' returned '0': CMAKE_PREFIX_PATH=${CMAKE_PREFIX_PATH}:/opt/ros/jazzy DEBUGINFOD_URLS=https://debuginfod.ubuntu.com /usr/bin/cmake --build /home/usuario/Robotica/ros2_ws/build/webots_ros2_msgs -- -j10 -l10
[3.402s] Invoking command in '/home/usuario/Robotica/ros2_ws/build/webots_ros2_msgs': CMAKE_PREFIX_PATH=${CMAKE_PREFIX_PATH}:/opt/ros/jazzy DEBUGINFOD_URLS=https://debuginfod.ubuntu.com /usr/bin/cmake --install /home/usuario/Robotica/ros2_ws/build/webots_ros2_msgs
[3.422s] -- Install configuration: ""
[3.426s] -- Execute custom install script
[3.426s] -- Up-to-date symlink: /home/usuario/Robotica/ros2_ws/install/webots_ros2_msgs/share/ament_index/resource_index/rosidl_interfaces/webots_ros2_msgs
[3.428s] -- Up-to-date symlink: /home/usuario/Robotica/ros2_ws/install/webots_ros2_msgs/share/webots_ros2_msgs/msg/BoolStamped.json
[3.428s] -- Up-to-date symlink: /home/usuario/Robotica/ros2_ws/install/webots_ros2_msgs/share/webots_ros2_msgs/msg/FloatStamped.json
[3.429s] -- Up-to-date symlink: /home/usuario/Robotica/ros2_ws/install/webots_ros2_msgs/share/webots_ros2_msgs/msg/StringStamped.json
[3.429s] -- Up-to-date symlink: /home/usuario/Robotica/ros2_ws/install/webots_ros2_msgs/share/webots_ros2_msgs/msg/CameraRecognitionObject.json
[3.430s] -- Up-to-date symlink: /home/usuario/Robotica/ros2_ws/install/webots_ros2_msgs/share/webots_ros2_msgs/msg/CameraRecognitionObjects.json
[3.430s] -- Up-to-date symlink: /home/usuario/Robotica/ros2_ws/install/webots_ros2_msgs/share/webots_ros2_msgs/msg/UrdfRobot.json
[3.430s] -- Up-to-date symlink: /home/usuario/Robotica/ros2_ws/install/webots_ros2_msgs/share/webots_ros2_msgs/msg/PenInkProperties.json
[3.430s] -- Up-to-date symlink: /home/usuario/Robotica/ros2_ws/install/webots_ros2_msgs/share/webots_ros2_msgs/srv/EmitterSendString.json
[3.430s] -- Up-to-date symlink: /home/usuario/Robotica/ros2_ws/install/webots_ros2_msgs/share/webots_ros2_msgs/srv/GetBool.json
[3.431s] -- Up-to-date symlink: /home/usuario/Robotica/ros2_ws/install/webots_ros2_msgs/share/webots_ros2_msgs/srv/SetString.json
[3.431s] -- Up-to-date symlink: /home/usuario/Robotica/ros2_ws/install/webots_ros2_msgs/share/webots_ros2_msgs/srv/SpawnNodeFromString.json
[3.431s] -- Up-to-date symlink: /home/usuario/Robotica/ros2_ws/install/webots_ros2_msgs/share/webots_ros2_msgs/srv/SpawnUrdfRobot.json
[3.432s] -- Up-to-date symlink: /home/usuario/Robotica/ros2_ws/install/webots_ros2_msgs/include/webots_ros2_msgs/webots_ros2_msgs/msg/bool_stamped.h
[3.432s] -- Up-to-date symlink: /home/usuario/Robotica/ros2_ws/install/webots_ros2_msgs/include/webots_ros2_msgs/webots_ros2_msgs/msg/camera_recognition_object.h
[3.433s] -- Up-to-date symlink: /home/usuario/Robotica/ros2_ws/install/webots_ros2_msgs/include/webots_ros2_msgs/webots_ros2_msgs/msg/camera_recognition_objects.h
[3.433s] -- Up-to-date symlink: /home/usuario/Robotica/ros2_ws/install/webots_ros2_msgs/include/webots_ros2_msgs/webots_ros2_msgs/msg/detail/bool_stamped__functions.h
[3.433s] -- Up-to-date symlink: /home/usuario/Robotica/ros2_ws/install/webots_ros2_msgs/include/webots_ros2_msgs/webots_ros2_msgs/msg/detail/bool_stamped__struct.h
[3.433s] -- Up-to-date symlink: /home/usuario/Robotica/ros2_ws/install/webots_ros2_msgs/include/webots_ros2_msgs/webots_ros2_msgs/msg/detail/bool_stamped__type_support.h
[3.433s] -- Up-to-date symlink: /home/usuario/Robotica/ros2_ws/install/webots_ros2_msgs/include/webots_ros2_msgs/webots_ros2_msgs/msg/detail/camera_recognition_object__functions.h
[3.433s] -- Up-to-date symlink: /home/usuario/Robotica/ros2_ws/install/webots_ros2_msgs/include/webots_ros2_msgs/webots_ros2_msgs/msg/detail/camera_recognition_object__struct.h
[3.433s] -- Up-to-date symlink: /home/usuario/Robotica/ros2_ws/install/webots_ros2_msgs/include/webots_ros2_msgs/webots_ros2_msgs/msg/detail/camera_recognition_object__type_support.h
[3.433s] -- Up-to-date symlink: /home/usuario/Robotica/ros2_ws/install/webots_ros2_msgs/include/webots_ros2_msgs/webots_ros2_msgs/msg/detail/camera_recognition_objects__functions.h
[3.433s] -- Up-to-date symlink: /home/usuario/Robotica/ros2_ws/install/webots_ros2_msgs/include/webots_ros2_msgs/webots_ros2_msgs/msg/detail/camera_recognition_objects__struct.h
[3.433s] -- Up-to-date symlink: /home/usuario/Robotica/ros2_ws/install/webots_ros2_msgs/include/webots_ros2_msgs/webots_ros2_msgs/msg/detail/camera_recognition_objects__type_support.h
[3.434s] -- Up-to-date symlink: /home/usuario/Robotica/ros2_ws/install/webots_ros2_msgs/include/webots_ros2_msgs/webots_ros2_msgs/msg/detail/float_stamped__functions.h
[3.434s] -- Up-to-date symlink: /home/usuario/Robotica/ros2_ws/install/webots_ros2_msgs/include/webots_ros2_msgs/webots_ros2_msgs/msg/detail/float_stamped__struct.h
[3.434s] -- Up-to-date symlink: /home/usuario/Robotica/ros2_ws/install/webots_ros2_msgs/include/webots_ros2_msgs/webots_ros2_msgs/msg/detail/float_stamped__type_support.h
[3.434s] -- Up-to-date symlink: /home/usuario/Robotica/ros2_ws/install/webots_ros2_msgs/include/webots_ros2_msgs/webots_ros2_msgs/msg/detail/pen_ink_properties__functions.h
[3.435s] -- Up-to-date symlink: /home/usuario/Robotica/ros2_ws/install/webots_ros2_msgs/include/webots_ros2_msgs/webots_ros2_msgs/msg/detail/pen_ink_properties__struct.h
[3.435s] -- Up-to-date symlink: /home/usuario/Robotica/ros2_ws/install/webots_ros2_msgs/include/webots_ros2_msgs/webots_ros2_msgs/msg/detail/pen_ink_properties__type_support.h
[3.436s] -- Up-to-date symlink: /home/usuario/Robotica/ros2_ws/install/webots_ros2_msgs/include/webots_ros2_msgs/webots_ros2_msgs/msg/detail/string_stamped__functions.h
[3.437s] -- Up-to-date symlink: /home/usuario/Robotica/ros2_ws/install/webots_ros2_msgs/include/webots_ros2_msgs/webots_ros2_msgs/msg/detail/string_stamped__struct.h
[3.437s] -- Up-to-date symlink: /home/usuario/Robotica/ros2_ws/install/webots_ros2_msgs/include/webots_ros2_msgs/webots_ros2_msgs/msg/detail/string_stamped__type_support.h
[3.437s] -- Up-to-date symlink: /home/usuario/Robotica/ros2_ws/install/webots_ros2_msgs/include/webots_ros2_msgs/webots_ros2_msgs/msg/detail/urdf_robot__functions.h
[3.437s] -- Up-to-date symlink: /home/usuario/Robotica/ros2_ws/install/webots_ros2_msgs/include/webots_ros2_msgs/webots_ros2_msgs/msg/detail/urdf_robot__struct.h
[3.438s] -- Up-to-date symlink: /home/usuario/Robotica/ros2_ws/install/webots_ros2_msgs/include/webots_ros2_msgs/webots_ros2_msgs/msg/detail/urdf_robot__type_support.h
[3.438s] -- Up-to-date symlink: /home/usuario/Robotica/ros2_ws/install/webots_ros2_msgs/include/webots_ros2_msgs/webots_ros2_msgs/msg/float_stamped.h
[3.438s] -- Up-to-date symlink: /home/usuario/Robotica/ros2_ws/install/webots_ros2_msgs/include/webots_ros2_msgs/webots_ros2_msgs/msg/pen_ink_properties.h
[3.438s] -- Up-to-date symlink: /home/usuario/Robotica/ros2_ws/install/webots_ros2_msgs/include/webots_ros2_msgs/webots_ros2_msgs/msg/rosidl_generator_c__visibility_control.h
[3.438s] -- Up-to-date symlink: /home/usuario/Robotica/ros2_ws/install/webots_ros2_msgs/include/webots_ros2_msgs/webots_ros2_msgs/msg/string_stamped.h
[3.438s] -- Up-to-date symlink: /home/usuario/Robotica/ros2_ws/install/webots_ros2_msgs/include/webots_ros2_msgs/webots_ros2_msgs/msg/urdf_robot.h
[3.438s] -- Up-to-date symlink: /home/usuario/Robotica/ros2_ws/install/webots_ros2_msgs/include/webots_ros2_msgs/webots_ros2_msgs/srv/detail/emitter_send_string__functions.h
[3.438s] -- Up-to-date symlink: /home/usuario/Robotica/ros2_ws/install/webots_ros2_msgs/include/webots_ros2_msgs/webots_ros2_msgs/srv/detail/emitter_send_string__struct.h
[3.438s] -- Up-to-date symlink: /home/usuario/Robotica/ros2_ws/install/webots_ros2_msgs/include/webots_ros2_msgs/webots_ros2_msgs/srv/detail/emitter_send_string__type_support.h
[3.438s] -- Up-to-date symlink: /home/usuario/Robotica/ros2_ws/install/webots_ros2_msgs/include/webots_ros2_msgs/webots_ros2_msgs/srv/detail/get_bool__functions.h
[3.438s] -- Up-to-date symlink: /home/usuario/Robotica/ros2_ws/install/webots_ros2_msgs/include/webots_ros2_msgs/webots_ros2_msgs/srv/detail/get_bool__struct.h
[3.438s] -- Up-to-date symlink: /home/usuario/Robotica/ros2_ws/install/webots_ros2_msgs/include/webots_ros2_msgs/webots_ros2_msgs/srv/detail/get_bool__type_support.h
[3.438s] -- Up-to-date symlink: /home/usuario/Robotica/ros2_ws/install/webots_ros2_msgs/include/webots_ros2_msgs/webots_ros2_msgs/srv/detail/set_string__functions.h
[3.438s] -- Up-to-date symlink: /home/usuario/Robotica/ros2_ws/install/webots_ros2_msgs/include/webots_ros2_msgs/webots_ros2_msgs/srv/detail/set_string__struct.h
[3.438s] -- Up-to-date symlink: /home/usuario/Robotica/ros2_ws/install/webots_ros2_msgs/include/webots_ros2_msgs/webots_ros2_msgs/srv/detail/set_string__type_support.h
[3.438s] -- Up-to-date symlink: /home/usuario/Robotica/ros2_ws/install/webots_ros2_msgs/include/webots_ros2_msgs/webots_ros2_msgs/srv/detail/spawn_node_from_string__functions.h
[3.438s] -- Up-to-date symlink: /home/usuario/Robotica/ros2_ws/install/webots_ros2_msgs/include/webots_ros2_msgs/webots_ros2_msgs/srv/detail/spawn_node_from_string__struct.h
[3.438s] -- Up-to-date symlink: /home/usuario/Robotica/ros2_ws/install/webots_ros2_msgs/include/webots_ros2_msgs/webots_ros2_msgs/srv/detail/spawn_node_from_string__type_support.h
[3.438s] -- Up-to-date symlink: /home/usuario/Robotica/ros2_ws/install/webots_ros2_msgs/include/webots_ros2_msgs/webots_ros2_msgs/srv/detail/spawn_urdf_robot__functions.h
[3.438s] -- Up-to-date symlink: /home/usuario/Robotica/ros2_ws/install/webots_ros2_msgs/include/webots_ros2_msgs/webots_ros2_msgs/srv/detail/spawn_urdf_robot__struct.h
[3.438s] -- Up-to-date symlink: /home/usuario/Robotica/ros2_ws/install/webots_ros2_msgs/include/webots_ros2_msgs/webots_ros2_msgs/srv/detail/spawn_urdf_robot__type_support.h
[3.438s] -- Up-to-date symlink: /home/usuario/Robotica/ros2_ws/install/webots_ros2_msgs/include/webots_ros2_msgs/webots_ros2_msgs/srv/emitter_send_string.h
[3.438s] -- Up-to-date symlink: /home/usuario/Robotica/ros2_ws/install/webots_ros2_msgs/include/webots_ros2_msgs/webots_ros2_msgs/srv/get_bool.h
[3.439s] -- Up-to-date symlink: /home/usuario/Robotica/ros2_ws/install/webots_ros2_msgs/include/webots_ros2_msgs/webots_ros2_msgs/srv/set_string.h
[3.439s] -- Up-to-date symlink: /home/usuario/Robotica/ros2_ws/install/webots_ros2_msgs/include/webots_ros2_msgs/webots_ros2_msgs/srv/spawn_node_from_string.h
[3.439s] -- Up-to-date symlink: /home/usuario/Robotica/ros2_ws/install/webots_ros2_msgs/include/webots_ros2_msgs/webots_ros2_msgs/srv/spawn_urdf_robot.h
[3.439s] -- Up-to-date symlink: /home/usuario/Robotica/ros2_ws/install/webots_ros2_msgs/share/webots_ros2_msgs/environment/library_path.sh
[3.439s] -- Up-to-date symlink: /home/usuario/Robotica/ros2_ws/install/webots_ros2_msgs/share/webots_ros2_msgs/environment/library_path.dsv
[3.439s] -- Up-to-date symlink: /home/usuario/Robotica/ros2_ws/install/webots_ros2_msgs/include/webots_ros2_msgs/webots_ros2_msgs/msg/detail/bool_stamped__rosidl_typesupport_fastrtps_c.h
[3.440s] -- Up-to-date symlink: /home/usuario/Robotica/ros2_ws/install/webots_ros2_msgs/include/webots_ros2_msgs/webots_ros2_msgs/msg/detail/camera_recognition_object__rosidl_typesupport_fastrtps_c.h
[3.440s] -- Up-to-date symlink: /home/usuario/Robotica/ros2_ws/install/webots_ros2_msgs/include/webots_ros2_msgs/webots_ros2_msgs/msg/detail/camera_recognition_objects__rosidl_typesupport_fastrtps_c.h
[3.441s] -- Up-to-date symlink: /home/usuario/Robotica/ros2_ws/install/webots_ros2_msgs/include/webots_ros2_msgs/webots_ros2_msgs/msg/detail/float_stamped__rosidl_typesupport_fastrtps_c.h
[3.442s] -- Up-to-date symlink: /home/usuario/Robotica/ros2_ws/install/webots_ros2_msgs/include/webots_ros2_msgs/webots_ros2_msgs/msg/detail/pen_ink_properties__rosidl_typesupport_fastrtps_c.h
[3.443s] -- Up-to-date symlink: /home/usuario/Robotica/ros2_ws/install/webots_ros2_msgs/include/webots_ros2_msgs/webots_ros2_msgs/msg/detail/string_stamped__rosidl_typesupport_fastrtps_c.h
[3.443s] -- Up-to-date symlink: /home/usuario/Robotica/ros2_ws/install/webots_ros2_msgs/include/webots_ros2_msgs/webots_ros2_msgs/msg/detail/urdf_robot__rosidl_typesupport_fastrtps_c.h
[3.444s] -- Up-to-date symlink: /home/usuario/Robotica/ros2_ws/install/webots_ros2_msgs/include/webots_ros2_msgs/webots_ros2_msgs/msg/rosidl_typesupport_fastrtps_c__visibility_control.h
[3.444s] -- Up-to-date symlink: /home/usuario/Robotica/ros2_ws/install/webots_ros2_msgs/include/webots_ros2_msgs/webots_ros2_msgs/srv/detail/emitter_send_string__rosidl_typesupport_fastrtps_c.h
[3.444s] -- Up-to-date symlink: /home/usuario/Robotica/ros2_ws/install/webots_ros2_msgs/include/webots_ros2_msgs/webots_ros2_msgs/srv/detail/get_bool__rosidl_typesupport_fastrtps_c.h
[3.444s] -- Up-to-date symlink: /home/usuario/Robotica/ros2_ws/install/webots_ros2_msgs/include/webots_ros2_msgs/webots_ros2_msgs/srv/detail/set_string__rosidl_typesupport_fastrtps_c.h
[3.444s] -- Up-to-date symlink: /home/usuario/Robotica/ros2_ws/install/webots_ros2_msgs/include/webots_ros2_msgs/webots_ros2_msgs/srv/detail/spawn_node_from_string__rosidl_typesupport_fastrtps_c.h
[3.444s] -- Up-to-date symlink: /home/usuario/Robotica/ros2_ws/install/webots_ros2_msgs/include/webots_ros2_msgs/webots_ros2_msgs/srv/detail/spawn_urdf_robot__rosidl_typesupport_fastrtps_c.h
[3.444s] -- Up-to-date symlink: /home/usuario/Robotica/ros2_ws/install/webots_ros2_msgs/include/webots_ros2_msgs/webots_ros2_msgs/msg/bool_stamped.hpp
[3.444s] -- Up-to-date symlink: /home/usuario/Robotica/ros2_ws/install/webots_ros2_msgs/include/webots_ros2_msgs/webots_ros2_msgs/msg/camera_recognition_object.hpp
[3.444s] -- Up-to-date symlink: /home/usuario/Robotica/ros2_ws/install/webots_ros2_msgs/include/webots_ros2_msgs/webots_ros2_msgs/msg/camera_recognition_objects.hpp
[3.444s] -- Up-to-date symlink: /home/usuario/Robotica/ros2_ws/install/webots_ros2_msgs/include/webots_ros2_msgs/webots_ros2_msgs/msg/detail/bool_stamped__builder.hpp
[3.444s] -- Up-to-date symlink: /home/usuario/Robotica/ros2_ws/install/webots_ros2_msgs/include/webots_ros2_msgs/webots_ros2_msgs/msg/detail/bool_stamped__struct.hpp
[3.445s] -- Up-to-date symlink: /home/usuario/Robotica/ros2_ws/install/webots_ros2_msgs/include/webots_ros2_msgs/webots_ros2_msgs/msg/detail/bool_stamped__traits.hpp
[3.445s] -- Up-to-date symlink: /home/usuario/Robotica/ros2_ws/install/webots_ros2_msgs/include/webots_ros2_msgs/webots_ros2_msgs/msg/detail/bool_stamped__type_support.hpp
[3.445s] -- Up-to-date symlink: /home/usuario/Robotica/ros2_ws/install/webots_ros2_msgs/include/webots_ros2_msgs/webots_ros2_msgs/msg/detail/camera_recognition_object__builder.hpp
[3.445s] -- Up-to-date symlink: /home/usuario/Robotica/ros2_ws/install/webots_ros2_msgs/include/webots_ros2_msgs/webots_ros2_msgs/msg/detail/camera_recognition_object__struct.hpp
[3.445s] -- Up-to-date symlink: /home/usuario/Robotica/ros2_ws/install/webots_ros2_msgs/include/webots_ros2_msgs/webots_ros2_msgs/msg/detail/camera_recognition_object__traits.hpp
[3.445s] -- Up-to-date symlink: /home/usuario/Robotica/ros2_ws/install/webots_ros2_msgs/include/webots_ros2_msgs/webots_ros2_msgs/msg/detail/camera_recognition_object__type_support.hpp
[3.445s] -- Up-to-date symlink: /home/usuario/Robotica/ros2_ws/install/webots_ros2_msgs/include/webots_ros2_msgs/webots_ros2_msgs/msg/detail/camera_recognition_objects__builder.hpp
[3.445s] -- Up-to-date symlink: /home/usuario/Robotica/ros2_ws/install/webots_ros2_msgs/include/webots_ros2_msgs/webots_ros2_msgs/msg/detail/camera_recognition_objects__struct.hpp
[3.445s] -- Up-to-date symlink: /home/usuario/Robotica/ros2_ws/install/webots_ros2_msgs/include/webots_ros2_msgs/webots_ros2_msgs/msg/detail/camera_recognition_objects__traits.hpp
[3.445s] -- Up-to-date symlink: /home/usuario/Robotica/ros2_ws/install/webots_ros2_msgs/include/webots_ros2_msgs/webots_ros2_msgs/msg/detail/camera_recognition_objects__type_support.hpp
[3.446s] -- Up-to-date symlink: /home/usuario/Robotica/ros2_ws/install/webots_ros2_msgs/include/webots_ros2_msgs/webots_ros2_msgs/msg/detail/float_stamped__builder.hpp
[3.446s] -- Up-to-date symlink: /home/usuario/Robotica/ros2_ws/install/webots_ros2_msgs/include/webots_ros2_msgs/webots_ros2_msgs/msg/detail/float_stamped__struct.hpp
[3.446s] -- Up-to-date symlink: /home/usuario/Robotica/ros2_ws/install/webots_ros2_msgs/include/webots_ros2_msgs/webots_ros2_msgs/msg/detail/float_stamped__traits.hpp
[3.446s] -- Up-to-date symlink: /home/usuario/Robotica/ros2_ws/install/webots_ros2_msgs/include/webots_ros2_msgs/webots_ros2_msgs/msg/detail/float_stamped__type_support.hpp
[3.446s] -- Up-to-date symlink: /home/usuario/Robotica/ros2_ws/install/webots_ros2_msgs/include/webots_ros2_msgs/webots_ros2_msgs/msg/detail/pen_ink_properties__builder.hpp
[3.446s] -- Up-to-date symlink: /home/usuario/Robotica/ros2_ws/install/webots_ros2_msgs/include/webots_ros2_msgs/webots_ros2_msgs/msg/detail/pen_ink_properties__struct.hpp
[3.447s] -- Up-to-date symlink: /home/usuario/Robotica/ros2_ws/install/webots_ros2_msgs/include/webots_ros2_msgs/webots_ros2_msgs/msg/detail/pen_ink_properties__traits.hpp
[3.447s] -- Up-to-date symlink: /home/usuario/Robotica/ros2_ws/install/webots_ros2_msgs/include/webots_ros2_msgs/webots_ros2_msgs/msg/detail/pen_ink_properties__type_support.hpp
[3.447s] -- Up-to-date symlink: /home/usuario/Robotica/ros2_ws/install/webots_ros2_msgs/include/webots_ros2_msgs/webots_ros2_msgs/msg/detail/string_stamped__builder.hpp
[3.447s] -- Up-to-date symlink: /home/usuario/Robotica/ros2_ws/install/webots_ros2_msgs/include/webots_ros2_msgs/webots_ros2_msgs/msg/detail/string_stamped__struct.hpp
[3.447s] -- Up-to-date symlink: /home/usuario/Robotica/ros2_ws/install/webots_ros2_msgs/include/webots_ros2_msgs/webots_ros2_msgs/msg/detail/string_stamped__traits.hpp
[3.447s] -- Up-to-date symlink: /home/usuario/Robotica/ros2_ws/install/webots_ros2_msgs/include/webots_ros2_msgs/webots_ros2_msgs/msg/detail/string_stamped__type_support.hpp
[3.447s] -- Up-to-date symlink: /home/usuario/Robotica/ros2_ws/install/webots_ros2_msgs/include/webots_ros2_msgs/webots_ros2_msgs/msg/detail/urdf_robot__builder.hpp
[3.448s] -- Up-to-date symlink: /home/usuario/Robotica/ros2_ws/install/webots_ros2_msgs/include/webots_ros2_msgs/webots_ros2_msgs/msg/detail/urdf_robot__struct.hpp
[3.448s] -- Up-to-date symlink: /home/usuario/Robotica/ros2_ws/install/webots_ros2_msgs/include/webots_ros2_msgs/webots_ros2_msgs/msg/detail/urdf_robot__traits.hpp
[3.448s] -- Up-to-date symlink: /home/usuario/Robotica/ros2_ws/install/webots_ros2_msgs/include/webots_ros2_msgs/webots_ros2_msgs/msg/detail/urdf_robot__type_support.hpp
[3.449s] -- Up-to-date symlink: /home/usuario/Robotica/ros2_ws/install/webots_ros2_msgs/include/webots_ros2_msgs/webots_ros2_msgs/msg/float_stamped.hpp
[3.449s] -- Up-to-date symlink: /home/usuario/Robotica/ros2_ws/install/webots_ros2_msgs/include/webots_ros2_msgs/webots_ros2_msgs/msg/pen_ink_properties.hpp
[3.449s] -- Up-to-date symlink: /home/usuario/Robotica/ros2_ws/install/webots_ros2_msgs/include/webots_ros2_msgs/webots_ros2_msgs/msg/rosidl_generator_cpp__visibility_control.hpp
[3.449s] -- Up-to-date symlink: /home/usuario/Robotica/ros2_ws/install/webots_ros2_msgs/include/webots_ros2_msgs/webots_ros2_msgs/msg/string_stamped.hpp
[3.449s] -- Up-to-date symlink: /home/usuario/Robotica/ros2_ws/install/webots_ros2_msgs/include/webots_ros2_msgs/webots_ros2_msgs/msg/urdf_robot.hpp
[3.449s] -- Up-to-date symlink: /home/usuario/Robotica/ros2_ws/install/webots_ros2_msgs/include/webots_ros2_msgs/webots_ros2_msgs/srv/detail/emitter_send_string__builder.hpp
[3.449s] -- Up-to-date symlink: /home/usuario/Robotica/ros2_ws/install/webots_ros2_msgs/include/webots_ros2_msgs/webots_ros2_msgs/srv/detail/emitter_send_string__struct.hpp
[3.449s] -- Up-to-date symlink: /home/usuario/Robotica/ros2_ws/install/webots_ros2_msgs/include/webots_ros2_msgs/webots_ros2_msgs/srv/detail/emitter_send_string__traits.hpp
[3.450s] -- Up-to-date symlink: /home/usuario/Robotica/ros2_ws/install/webots_ros2_msgs/include/webots_ros2_msgs/webots_ros2_msgs/srv/detail/emitter_send_string__type_support.hpp
[3.450s] -- Up-to-date symlink: /home/usuario/Robotica/ros2_ws/install/webots_ros2_msgs/include/webots_ros2_msgs/webots_ros2_msgs/srv/detail/get_bool__builder.hpp
[3.450s] -- Up-to-date symlink: /home/usuario/Robotica/ros2_ws/install/webots_ros2_msgs/include/webots_ros2_msgs/webots_ros2_msgs/srv/detail/get_bool__struct.hpp
[3.450s] -- Up-to-date symlink: /home/usuario/Robotica/ros2_ws/install/webots_ros2_msgs/include/webots_ros2_msgs/webots_ros2_msgs/srv/detail/get_bool__traits.hpp
[3.450s] -- Up-to-date symlink: /home/usuario/Robotica/ros2_ws/install/webots_ros2_msgs/include/webots_ros2_msgs/webots_ros2_msgs/srv/detail/get_bool__type_support.hpp
[3.450s] -- Up-to-date symlink: /home/usuario/Robotica/ros2_ws/install/webots_ros2_msgs/include/webots_ros2_msgs/webots_ros2_msgs/srv/detail/set_string__builder.hpp
[3.451s] -- Up-to-date symlink: /home/usuario/Robotica/ros2_ws/install/webots_ros2_msgs/include/webots_ros2_msgs/webots_ros2_msgs/srv/detail/set_string__struct.hpp
[3.451s] -- Up-to-date symlink: /home/usuario/Robotica/ros2_ws/install/webots_ros2_msgs/include/webots_ros2_msgs/webots_ros2_msgs/srv/detail/set_string__traits.hpp
[3.451s] -- Up-to-date symlink: /home/usuario/Robotica/ros2_ws/install/webots_ros2_msgs/include/webots_ros2_msgs/webots_ros2_msgs/srv/detail/set_string__type_support.hpp
[3.452s] -- Up-to-date symlink: /home/usuario/Robotica/ros2_ws/install/webots_ros2_msgs/include/webots_ros2_msgs/webots_ros2_msgs/srv/detail/spawn_node_from_string__builder.hpp
[3.452s] -- Up-to-date symlink: /home/usuario/Robotica/ros2_ws/install/webots_ros2_msgs/include/webots_ros2_msgs/webots_ros2_msgs/srv/detail/spawn_node_from_string__struct.hpp
[3.452s] -- Up-to-date symlink: /home/usuario/Robotica/ros2_ws/install/webots_ros2_msgs/include/webots_ros2_msgs/webots_ros2_msgs/srv/detail/spawn_node_from_string__traits.hpp
[3.452s] -- Up-to-date symlink: /home/usuario/Robotica/ros2_ws/install/webots_ros2_msgs/include/webots_ros2_msgs/webots_ros2_msgs/srv/detail/spawn_node_from_string__type_support.hpp
[3.452s] -- Up-to-date symlink: /home/usuario/Robotica/ros2_ws/install/webots_ros2_msgs/include/webots_ros2_msgs/webots_ros2_msgs/srv/detail/spawn_urdf_robot__builder.hpp
[3.453s] -- Up-to-date symlink: /home/usuario/Robotica/ros2_ws/install/webots_ros2_msgs/include/webots_ros2_msgs/webots_ros2_msgs/srv/detail/spawn_urdf_robot__struct.hpp
[3.453s] -- Up-to-date symlink: /home/usuario/Robotica/ros2_ws/install/webots_ros2_msgs/include/webots_ros2_msgs/webots_ros2_msgs/srv/detail/spawn_urdf_robot__traits.hpp
[3.453s] -- Up-to-date symlink: /home/usuario/Robotica/ros2_ws/install/webots_ros2_msgs/include/webots_ros2_msgs/webots_ros2_msgs/srv/detail/spawn_urdf_robot__type_support.hpp
[3.453s] -- Up-to-date symlink: /home/usuario/Robotica/ros2_ws/install/webots_ros2_msgs/include/webots_ros2_msgs/webots_ros2_msgs/srv/emitter_send_string.hpp
[3.453s] -- Up-to-date symlink: /home/usuario/Robotica/ros2_ws/install/webots_ros2_msgs/include/webots_ros2_msgs/webots_ros2_msgs/srv/get_bool.hpp
[3.453s] -- Up-to-date symlink: /home/usuario/Robotica/ros2_ws/install/webots_ros2_msgs/include/webots_ros2_msgs/webots_ros2_msgs/srv/set_string.hpp
[3.453s] -- Up-to-date symlink: /home/usuario/Robotica/ros2_ws/install/webots_ros2_msgs/include/webots_ros2_msgs/webots_ros2_msgs/srv/spawn_node_from_string.hpp
[3.453s] -- Up-to-date symlink: /home/usuario/Robotica/ros2_ws/install/webots_ros2_msgs/include/webots_ros2_msgs/webots_ros2_msgs/srv/spawn_urdf_robot.hpp
[3.453s] -- Up-to-date symlink: /home/usuario/Robotica/ros2_ws/install/webots_ros2_msgs/include/webots_ros2_msgs/webots_ros2_msgs/msg/detail/bool_stamped__rosidl_typesupport_fastrtps_cpp.hpp
[3.454s] -- Up-to-date symlink: /home/usuario/Robotica/ros2_ws/install/webots_ros2_msgs/include/webots_ros2_msgs/webots_ros2_msgs/msg/detail/camera_recognition_object__rosidl_typesupport_fastrtps_cpp.hpp
[3.454s] -- Up-to-date symlink: /home/usuario/Robotica/ros2_ws/install/webots_ros2_msgs/include/webots_ros2_msgs/webots_ros2_msgs/msg/detail/camera_recognition_objects__rosidl_typesupport_fastrtps_cpp.hpp
[3.454s] -- Up-to-date symlink: /home/usuario/Robotica/ros2_ws/install/webots_ros2_msgs/include/webots_ros2_msgs/webots_ros2_msgs/msg/detail/float_stamped__rosidl_typesupport_fastrtps_cpp.hpp
[3.454s] -- Up-to-date symlink: /home/usuario/Robotica/ros2_ws/install/webots_ros2_msgs/include/webots_ros2_msgs/webots_ros2_msgs/msg/detail/pen_ink_properties__rosidl_typesupport_fastrtps_cpp.hpp
[3.454s] -- Up-to-date symlink: /home/usuario/Robotica/ros2_ws/install/webots_ros2_msgs/include/webots_ros2_msgs/webots_ros2_msgs/msg/detail/string_stamped__rosidl_typesupport_fastrtps_cpp.hpp
[3.454s] -- Up-to-date symlink: /home/usuario/Robotica/ros2_ws/install/webots_ros2_msgs/include/webots_ros2_msgs/webots_ros2_msgs/msg/detail/urdf_robot__rosidl_typesupport_fastrtps_cpp.hpp
[3.454s] -- Up-to-date symlink: /home/usuario/Robotica/ros2_ws/install/webots_ros2_msgs/include/webots_ros2_msgs/webots_ros2_msgs/msg/rosidl_typesupport_fastrtps_cpp__visibility_control.h
[3.454s] -- Up-to-date symlink: /home/usuario/Robotica/ros2_ws/install/webots_ros2_msgs/include/webots_ros2_msgs/webots_ros2_msgs/srv/detail/emitter_send_string__rosidl_typesupport_fastrtps_cpp.hpp
[3.454s] -- Up-to-date symlink: /home/usuario/Robotica/ros2_ws/install/webots_ros2_msgs/include/webots_ros2_msgs/webots_ros2_msgs/srv/detail/get_bool__rosidl_typesupport_fastrtps_cpp.hpp
[3.454s] -- Up-to-date symlink: /home/usuario/Robotica/ros2_ws/install/webots_ros2_msgs/include/webots_ros2_msgs/webots_ros2_msgs/srv/detail/set_string__rosidl_typesupport_fastrtps_cpp.hpp
[3.454s] -- Up-to-date symlink: /home/usuario/Robotica/ros2_ws/install/webots_ros2_msgs/include/webots_ros2_msgs/webots_ros2_msgs/srv/detail/spawn_node_from_string__rosidl_typesupport_fastrtps_cpp.hpp
[3.454s] -- Up-to-date symlink: /home/usuario/Robotica/ros2_ws/install/webots_ros2_msgs/include/webots_ros2_msgs/webots_ros2_msgs/srv/detail/spawn_urdf_robot__rosidl_typesupport_fastrtps_cpp.hpp
[3.454s] -- Up-to-date symlink: /home/usuario/Robotica/ros2_ws/install/webots_ros2_msgs/include/webots_ros2_msgs/webots_ros2_msgs/msg/detail/bool_stamped__rosidl_typesupport_introspection_c.h
[3.455s] -- Up-to-date symlink: /home/usuario/Robotica/ros2_ws/install/webots_ros2_msgs/include/webots_ros2_msgs/webots_ros2_msgs/msg/detail/camera_recognition_object__rosidl_typesupport_introspection_c.h
[3.455s] -- Up-to-date symlink: /home/usuario/Robotica/ros2_ws/install/webots_ros2_msgs/include/webots_ros2_msgs/webots_ros2_msgs/msg/detail/camera_recognition_objects__rosidl_typesupport_introspection_c.h
[3.456s] -- Up-to-date symlink: /home/usuario/Robotica/ros2_ws/install/webots_ros2_msgs/include/webots_ros2_msgs/webots_ros2_msgs/msg/detail/float_stamped__rosidl_typesupport_introspection_c.h
[3.456s] -- Up-to-date symlink: /home/usuario/Robotica/ros2_ws/install/webots_ros2_msgs/include/webots_ros2_msgs/webots_ros2_msgs/msg/detail/pen_ink_properties__rosidl_typesupport_introspection_c.h
[3.457s] -- Up-to-date symlink: /home/usuario/Robotica/ros2_ws/install/webots_ros2_msgs/include/webots_ros2_msgs/webots_ros2_msgs/msg/detail/string_stamped__rosidl_typesupport_introspection_c.h
[3.457s] -- Up-to-date symlink: /home/usuario/Robotica/ros2_ws/install/webots_ros2_msgs/include/webots_ros2_msgs/webots_ros2_msgs/msg/detail/urdf_robot__rosidl_typesupport_introspection_c.h
[3.458s] -- Up-to-date symlink: /home/usuario/Robotica/ros2_ws/install/webots_ros2_msgs/include/webots_ros2_msgs/webots_ros2_msgs/msg/rosidl_typesupport_introspection_c__visibility_control.h
[3.458s] -- Up-to-date symlink: /home/usuario/Robotica/ros2_ws/install/webots_ros2_msgs/include/webots_ros2_msgs/webots_ros2_msgs/srv/detail/emitter_send_string__rosidl_typesupport_introspection_c.h
[3.459s] -- Up-to-date symlink: /home/usuario/Robotica/ros2_ws/install/webots_ros2_msgs/include/webots_ros2_msgs/webots_ros2_msgs/srv/detail/get_bool__rosidl_typesupport_introspection_c.h
[3.459s] -- Up-to-date symlink: /home/usuario/Robotica/ros2_ws/install/webots_ros2_msgs/include/webots_ros2_msgs/webots_ros2_msgs/srv/detail/set_string__rosidl_typesupport_introspection_c.h
[3.463s] -- Up-to-date symlink: /home/usuario/Robotica/ros2_ws/install/webots_ros2_msgs/include/webots_ros2_msgs/webots_ros2_msgs/srv/detail/spawn_node_from_string__rosidl_typesupport_introspection_c.h
[3.463s] -- Up-to-date symlink: /home/usuario/Robotica/ros2_ws/install/webots_ros2_msgs/include/webots_ros2_msgs/webots_ros2_msgs/srv/detail/spawn_urdf_robot__rosidl_typesupport_introspection_c.h
[3.463s] -- Up-to-date symlink: /home/usuario/Robotica/ros2_ws/install/webots_ros2_msgs/include/webots_ros2_msgs/webots_ros2_msgs/msg/detail/bool_stamped__rosidl_typesupport_introspection_cpp.hpp
[3.463s] -- Up-to-date symlink: /home/usuario/Robotica/ros2_ws/install/webots_ros2_msgs/include/webots_ros2_msgs/webots_ros2_msgs/msg/detail/camera_recognition_object__rosidl_typesupport_introspection_cpp.hpp
[3.463s] -- Up-to-date symlink: /home/usuario/Robotica/ros2_ws/install/webots_ros2_msgs/include/webots_ros2_msgs/webots_ros2_msgs/msg/detail/camera_recognition_objects__rosidl_typesupport_introspection_cpp.hpp
[3.467s] -- Up-to-date symlink: /home/usuario/Robotica/ros2_ws/install/webots_ros2_msgs/include/webots_ros2_msgs/webots_ros2_msgs/msg/detail/float_stamped__rosidl_typesupport_introspection_cpp.hpp
[3.467s] -- Up-to-date symlink: /home/usuario/Robotica/ros2_ws/install/webots_ros2_msgs/include/webots_ros2_msgs/webots_ros2_msgs/msg/detail/pen_ink_properties__rosidl_typesupport_introspection_cpp.hpp
[3.467s] -- Up-to-date symlink: /home/usuario/Robotica/ros2_ws/install/webots_ros2_msgs/include/webots_ros2_msgs/webots_ros2_msgs/msg/detail/string_stamped__rosidl_typesupport_introspection_cpp.hpp
[3.467s] -- Up-to-date symlink: /home/usuario/Robotica/ros2_ws/install/webots_ros2_msgs/include/webots_ros2_msgs/webots_ros2_msgs/msg/detail/urdf_robot__rosidl_typesupport_introspection_cpp.hpp
[3.474s] -- Up-to-date symlink: /home/usuario/Robotica/ros2_ws/install/webots_ros2_msgs/include/webots_ros2_msgs/webots_ros2_msgs/srv/detail/emitter_send_string__rosidl_typesupport_introspection_cpp.hpp
[3.474s] -- Up-to-date symlink: /home/usuario/Robotica/ros2_ws/install/webots_ros2_msgs/include/webots_ros2_msgs/webots_ros2_msgs/srv/detail/get_bool__rosidl_typesupport_introspection_cpp.hpp
[3.485s] -- Up-to-date symlink: /home/usuario/Robotica/ros2_ws/install/webots_ros2_msgs/include/webots_ros2_msgs/webots_ros2_msgs/srv/detail/set_string__rosidl_typesupport_introspection_cpp.hpp
[3.485s] -- Up-to-date symlink: /home/usuario/Robotica/ros2_ws/install/webots_ros2_msgs/include/webots_ros2_msgs/webots_ros2_msgs/srv/detail/spawn_node_from_string__rosidl_typesupport_introspection_cpp.hpp
[3.485s] -- Up-to-date symlink: /home/usuario/Robotica/ros2_ws/install/webots_ros2_msgs/include/webots_ros2_msgs/webots_ros2_msgs/srv/detail/spawn_urdf_robot__rosidl_typesupport_introspection_cpp.hpp
[3.485s] -- Up-to-date symlink: /home/usuario/Robotica/ros2_ws/install/webots_ros2_msgs/share/webots_ros2_msgs/environment/pythonpath.sh
[3.486s] -- Up-to-date symlink: /home/usuario/Robotica/ros2_ws/install/webots_ros2_msgs/share/webots_ros2_msgs/environment/pythonpath.dsv
[3.486s] -- Up-to-date symlink: /home/usuario/Robotica/ros2_ws/install/webots_ros2_msgs/lib/python3.12/site-packages/webots_ros2_msgs-2025.0.1-py3.12.egg-info/PKG-INFO
[3.486s] -- Up-to-date symlink: /home/usuario/Robotica/ros2_ws/install/webots_ros2_msgs/lib/python3.12/site-packages/webots_ros2_msgs-2025.0.1-py3.12.egg-info/SOURCES.txt
[3.509s] -- Up-to-date symlink: /home/usuario/Robotica/ros2_ws/install/webots_ros2_msgs/lib/python3.12/site-packages/webots_ros2_msgs-2025.0.1-py3.12.egg-info/dependency_links.txt
[3.519s] -- Up-to-date symlink: /home/usuario/Robotica/ros2_ws/install/webots_ros2_msgs/lib/python3.12/site-packages/webots_ros2_msgs-2025.0.1-py3.12.egg-info/top_level.txt
[3.529s] -- Up-to-date symlink: /home/usuario/Robotica/ros2_ws/install/webots_ros2_msgs/lib/python3.12/site-packages/webots_ros2_msgs/__init__.py
[3.529s] -- Up-to-date symlink: /home/usuario/Robotica/ros2_ws/install/webots_ros2_msgs/lib/python3.12/site-packages/webots_ros2_msgs/_webots_ros2_msgs_s.ep.rosidl_typesupport_c.c
[3.529s] -- Up-to-date symlink: /home/usuario/Robotica/ros2_ws/install/webots_ros2_msgs/lib/python3.12/site-packages/webots_ros2_msgs/_webots_ros2_msgs_s.ep.rosidl_typesupport_fastrtps_c.c
[3.529s] -- Up-to-date symlink: /home/usuario/Robotica/ros2_ws/install/webots_ros2_msgs/lib/python3.12/site-packages/webots_ros2_msgs/_webots_ros2_msgs_s.ep.rosidl_typesupport_introspection_c.c
[3.529s] -- Up-to-date symlink: /home/usuario/Robotica/ros2_ws/install/webots_ros2_msgs/lib/python3.12/site-packages/webots_ros2_msgs/msg/__init__.py
[3.529s] -- Up-to-date symlink: /home/usuario/Robotica/ros2_ws/install/webots_ros2_msgs/lib/python3.12/site-packages/webots_ros2_msgs/msg/_bool_stamped.py
[3.530s] -- Up-to-date symlink: /home/usuario/Robotica/ros2_ws/install/webots_ros2_msgs/lib/python3.12/site-packages/webots_ros2_msgs/msg/_bool_stamped_s.c
[3.530s] -- Up-to-date symlink: /home/usuario/Robotica/ros2_ws/install/webots_ros2_msgs/lib/python3.12/site-packages/webots_ros2_msgs/msg/_camera_recognition_object.py
[3.530s] -- Up-to-date symlink: /home/usuario/Robotica/ros2_ws/install/webots_ros2_msgs/lib/python3.12/site-packages/webots_ros2_msgs/msg/_camera_recognition_object_s.c
[3.532s] -- Up-to-date symlink: /home/usuario/Robotica/ros2_ws/install/webots_ros2_msgs/lib/python3.12/site-packages/webots_ros2_msgs/msg/_camera_recognition_objects.py
[3.532s] -- Up-to-date symlink: /home/usuario/Robotica/ros2_ws/install/webots_ros2_msgs/lib/python3.12/site-packages/webots_ros2_msgs/msg/_camera_recognition_objects_s.c
[3.532s] -- Up-to-date symlink: /home/usuario/Robotica/ros2_ws/install/webots_ros2_msgs/lib/python3.12/site-packages/webots_ros2_msgs/msg/_float_stamped.py
[3.533s] -- Up-to-date symlink: /home/usuario/Robotica/ros2_ws/install/webots_ros2_msgs/lib/python3.12/site-packages/webots_ros2_msgs/msg/_float_stamped_s.c
[3.533s] -- Up-to-date symlink: /home/usuario/Robotica/ros2_ws/install/webots_ros2_msgs/lib/python3.12/site-packages/webots_ros2_msgs/msg/_pen_ink_properties.py
[3.533s] -- Up-to-date symlink: /home/usuario/Robotica/ros2_ws/install/webots_ros2_msgs/lib/python3.12/site-packages/webots_ros2_msgs/msg/_pen_ink_properties_s.c
[3.533s] -- Up-to-date symlink: /home/usuario/Robotica/ros2_ws/install/webots_ros2_msgs/lib/python3.12/site-packages/webots_ros2_msgs/msg/_string_stamped.py
[3.533s] -- Up-to-date symlink: /home/usuario/Robotica/ros2_ws/install/webots_ros2_msgs/lib/python3.12/site-packages/webots_ros2_msgs/msg/_string_stamped_s.c
[3.533s] -- Up-to-date symlink: /home/usuario/Robotica/ros2_ws/install/webots_ros2_msgs/lib/python3.12/site-packages/webots_ros2_msgs/msg/_urdf_robot.py
[3.533s] -- Up-to-date symlink: /home/usuario/Robotica/ros2_ws/install/webots_ros2_msgs/lib/python3.12/site-packages/webots_ros2_msgs/msg/_urdf_robot_s.c
[3.533s] -- Up-to-date symlink: /home/usuario/Robotica/ros2_ws/install/webots_ros2_msgs/lib/python3.12/site-packages/webots_ros2_msgs/srv/__init__.py
[3.534s] -- Up-to-date symlink: /home/usuario/Robotica/ros2_ws/install/webots_ros2_msgs/lib/python3.12/site-packages/webots_ros2_msgs/srv/_emitter_send_string.py
[3.534s] -- Up-to-date symlink: /home/usuario/Robotica/ros2_ws/install/webots_ros2_msgs/lib/python3.12/site-packages/webots_ros2_msgs/srv/_emitter_send_string_s.c
[3.534s] -- Up-to-date symlink: /home/usuario/Robotica/ros2_ws/install/webots_ros2_msgs/lib/python3.12/site-packages/webots_ros2_msgs/srv/_get_bool.py
[3.534s] -- Up-to-date symlink: /home/usuario/Robotica/ros2_ws/install/webots_ros2_msgs/lib/python3.12/site-packages/webots_ros2_msgs/srv/_get_bool_s.c
[3.535s] -- Up-to-date symlink: /home/usuario/Robotica/ros2_ws/install/webots_ros2_msgs/lib/python3.12/site-packages/webots_ros2_msgs/srv/_set_string.py
[3.535s] -- Up-to-date symlink: /home/usuario/Robotica/ros2_ws/install/webots_ros2_msgs/lib/python3.12/site-packages/webots_ros2_msgs/srv/_set_string_s.c
[3.535s] -- Up-to-date symlink: /home/usuario/Robotica/ros2_ws/install/webots_ros2_msgs/lib/python3.12/site-packages/webots_ros2_msgs/srv/_spawn_node_from_string.py
[3.535s] -- Up-to-date symlink: /home/usuario/Robotica/ros2_ws/install/webots_ros2_msgs/lib/python3.12/site-packages/webots_ros2_msgs/srv/_spawn_node_from_string_s.c
[3.536s] -- Up-to-date symlink: /home/usuario/Robotica/ros2_ws/install/webots_ros2_msgs/lib/python3.12/site-packages/webots_ros2_msgs/srv/_spawn_urdf_robot.py
[3.536s] -- Up-to-date symlink: /home/usuario/Robotica/ros2_ws/install/webots_ros2_msgs/lib/python3.12/site-packages/webots_ros2_msgs/srv/_spawn_urdf_robot_s.c
[3.536s] -- Up-to-date symlink: /home/usuario/Robotica/ros2_ws/install/webots_ros2_msgs/lib/python3.12/site-packages/webots_ros2_msgs/webots_ros2_msgs_s__rosidl_typesupport_c.so
[3.536s] -- Up-to-date symlink: /home/usuario/Robotica/ros2_ws/install/webots_ros2_msgs/lib/python3.12/site-packages/webots_ros2_msgs/webots_ros2_msgs_s__rosidl_typesupport_fastrtps_c.so
[3.536s] -- Up-to-date symlink: /home/usuario/Robotica/ros2_ws/install/webots_ros2_msgs/lib/python3.12/site-packages/webots_ros2_msgs/webots_ros2_msgs_s__rosidl_typesupport_introspection_c.so
[3.548s] -- Up-to-date symlink: /home/usuario/Robotica/ros2_ws/install/webots_ros2_msgs/lib/python3.12/site-packages/webots_ros2_msgs/webots_ros2_msgs_s__rosidl_typesupport_fastrtps_c.so
[3.548s] -- Up-to-date symlink: /home/usuario/Robotica/ros2_ws/install/webots_ros2_msgs/lib/python3.12/site-packages/webots_ros2_msgs/webots_ros2_msgs_s__rosidl_typesupport_introspection_c.so
[3.548s] -- Up-to-date symlink: /home/usuario/Robotica/ros2_ws/install/webots_ros2_msgs/lib/python3.12/site-packages/webots_ros2_msgs/webots_ros2_msgs_s__rosidl_typesupport_c.so
[3.548s] -- Up-to-date symlink: /home/usuario/Robotica/ros2_ws/install/webots_ros2_msgs/share/webots_ros2_msgs/msg/BoolStamped.idl
[3.563s] -- Up-to-date symlink: /home/usuario/Robotica/ros2_ws/install/webots_ros2_msgs/share/webots_ros2_msgs/msg/FloatStamped.idl
[3.563s] -- Up-to-date symlink: /home/usuario/Robotica/ros2_ws/install/webots_ros2_msgs/share/webots_ros2_msgs/msg/StringStamped.idl
[3.563s] -- Up-to-date symlink: /home/usuario/Robotica/ros2_ws/install/webots_ros2_msgs/share/webots_ros2_msgs/msg/CameraRecognitionObject.idl
[3.563s] -- Up-to-date symlink: /home/usuario/Robotica/ros2_ws/install/webots_ros2_msgs/share/webots_ros2_msgs/msg/CameraRecognitionObjects.idl
[3.599s] -- Up-to-date symlink: /home/usuario/Robotica/ros2_ws/install/webots_ros2_msgs/share/webots_ros2_msgs/msg/UrdfRobot.idl
[3.599s] -- Up-to-date symlink: /home/usuario/Robotica/ros2_ws/install/webots_ros2_msgs/share/webots_ros2_msgs/msg/PenInkProperties.idl
[3.600s] -- Up-to-date symlink: /home/usuario/Robotica/ros2_ws/install/webots_ros2_msgs/share/webots_ros2_msgs/srv/EmitterSendString.idl
[3.600s] -- Up-to-date symlink: /home/usuario/Robotica/ros2_ws/install/webots_ros2_msgs/share/webots_ros2_msgs/srv/GetBool.idl
[3.601s] -- Up-to-date symlink: /home/usuario/Robotica/ros2_ws/install/webots_ros2_msgs/share/webots_ros2_msgs/srv/SetString.idl
[3.603s] -- Up-to-date symlink: /home/usuario/Robotica/ros2_ws/install/webots_ros2_msgs/share/webots_ros2_msgs/srv/SpawnNodeFromString.idl
[3.604s] -- Up-to-date symlink: /home/usuario/Robotica/ros2_ws/install/webots_ros2_msgs/share/webots_ros2_msgs/srv/SpawnUrdfRobot.idl
[3.609s] -- Up-to-date symlink: /home/usuario/Robotica/ros2_ws/install/webots_ros2_msgs/share/webots_ros2_msgs/msg/BoolStamped.msg
[3.609s] -- Up-to-date symlink: /home/usuario/Robotica/ros2_ws/install/webots_ros2_msgs/share/webots_ros2_msgs/msg/FloatStamped.msg
[3.610s] -- Up-to-date symlink: /home/usuario/Robotica/ros2_ws/install/webots_ros2_msgs/share/webots_ros2_msgs/msg/StringStamped.msg
[3.610s] -- Up-to-date symlink: /home/usuario/Robotica/ros2_ws/install/webots_ros2_msgs/share/webots_ros2_msgs/msg/CameraRecognitionObject.msg
[3.610s] -- Up-to-date symlink: /home/usuario/Robotica/ros2_ws/install/webots_ros2_msgs/share/webots_ros2_msgs/msg/CameraRecognitionObjects.msg
[3.610s] -- Up-to-date symlink: /home/usuario/Robotica/ros2_ws/install/webots_ros2_msgs/share/webots_ros2_msgs/msg/UrdfRobot.msg
[3.610s] -- Up-to-date symlink: /home/usuario/Robotica/ros2_ws/install/webots_ros2_msgs/share/webots_ros2_msgs/msg/PenInkProperties.msg
[3.610s] -- Up-to-date symlink: /home/usuario/Robotica/ros2_ws/install/webots_ros2_msgs/share/webots_ros2_msgs/srv/EmitterSendString.srv
[3.610s] -- Up-to-date symlink: /home/usuario/Robotica/ros2_ws/install/webots_ros2_msgs/share/webots_ros2_msgs/srv/GetBool.srv
[3.612s] -- Up-to-date symlink: /home/usuario/Robotica/ros2_ws/install/webots_ros2_msgs/share/webots_ros2_msgs/srv/SetString.srv
[3.613s] -- Up-to-date symlink: /home/usuario/Robotica/ros2_ws/install/webots_ros2_msgs/share/webots_ros2_msgs/srv/SpawnNodeFromString.srv
[3.614s] -- Up-to-date symlink: /home/usuario/Robotica/ros2_ws/install/webots_ros2_msgs/share/webots_ros2_msgs/srv/SpawnUrdfRobot.srv
[3.615s] -- Up-to-date symlink: /home/usuario/Robotica/ros2_ws/install/webots_ros2_msgs/share/ament_index/resource_index/package_run_dependencies/webots_ros2_msgs
[3.625s] -- Up-to-date symlink: /home/usuario/Robotica/ros2_ws/install/webots_ros2_msgs/share/ament_index/resource_index/parent_prefix_path/webots_ros2_msgs
[3.629s] -- Up-to-date symlink: /home/usuario/Robotica/ros2_ws/install/webots_ros2_msgs/share/webots_ros2_msgs/environment/ament_prefix_path.sh
[3.629s] -- Up-to-date symlink: /home/usuario/Robotica/ros2_ws/install/webots_ros2_msgs/share/webots_ros2_msgs/environment/ament_prefix_path.dsv
[3.629s] -- Up-to-date symlink: /home/usuario/Robotica/ros2_ws/install/webots_ros2_msgs/share/webots_ros2_msgs/environment/path.sh
[3.632s] -- Up-to-date symlink: /home/usuario/Robotica/ros2_ws/install/webots_ros2_msgs/share/webots_ros2_msgs/environment/path.dsv
[3.632s] -- Up-to-date symlink: /home/usuario/Robotica/ros2_ws/install/webots_ros2_msgs/share/webots_ros2_msgs/local_setup.bash
[3.635s] -- Up-to-date symlink: /home/usuario/Robotica/ros2_ws/install/webots_ros2_msgs/share/webots_ros2_msgs/local_setup.sh
[3.636s] -- Up-to-date symlink: /home/usuario/Robotica/ros2_ws/install/webots_ros2_msgs/share/webots_ros2_msgs/local_setup.zsh
[3.636s] -- Up-to-date symlink: /home/usuario/Robotica/ros2_ws/install/webots_ros2_msgs/share/webots_ros2_msgs/local_setup.dsv
[3.636s] -- Symlinking: /home/usuario/Robotica/ros2_ws/install/webots_ros2_msgs/share/webots_ros2_msgs/package.dsv
[3.740s] -- Up-to-date symlink: /home/usuario/Robotica/ros2_ws/install/webots_ros2_msgs/share/ament_index/resource_index/packages/webots_ros2_msgs
[3.742s] -- Up-to-date symlink: /home/usuario/Robotica/ros2_ws/install/webots_ros2_msgs/share/webots_ros2_msgs/cmake/rosidl_cmake-extras.cmake
[3.742s] -- Up-to-date symlink: /home/usuario/Robotica/ros2_ws/install/webots_ros2_msgs/share/webots_ros2_msgs/cmake/ament_cmake_export_dependencies-extras.cmake
[3.743s] -- Up-to-date symlink: /home/usuario/Robotica/ros2_ws/install/webots_ros2_msgs/share/webots_ros2_msgs/cmake/ament_cmake_export_include_directories-extras.cmake
[3.745s] -- Up-to-date symlink: /home/usuario/Robotica/ros2_ws/install/webots_ros2_msgs/share/webots_ros2_msgs/cmake/ament_cmake_export_libraries-extras.cmake
[3.746s] -- Up-to-date symlink: /home/usuario/Robotica/ros2_ws/install/webots_ros2_msgs/share/webots_ros2_msgs/cmake/ament_cmake_export_targets-extras.cmake
[3.747s] -- Up-to-date symlink: /home/usuario/Robotica/ros2_ws/install/webots_ros2_msgs/share/webots_ros2_msgs/cmake/rosidl_cmake_export_typesupport_targets-extras.cmake
[3.747s] -- Up-to-date symlink: /home/usuario/Robotica/ros2_ws/install/webots_ros2_msgs/share/webots_ros2_msgs/cmake/rosidl_cmake_export_typesupport_libraries-extras.cmake
[3.747s] -- Up-to-date symlink: /home/usuario/Robotica/ros2_ws/install/webots_ros2_msgs/share/webots_ros2_msgs/cmake/webots_ros2_msgsConfig.cmake
[3.748s] -- Up-to-date symlink: /home/usuario/Robotica/ros2_ws/install/webots_ros2_msgs/share/webots_ros2_msgs/cmake/webots_ros2_msgsConfig-version.cmake
[3.749s] -- Up-to-date symlink: /home/usuario/Robotica/ros2_ws/install/webots_ros2_msgs/share/webots_ros2_msgs/package.xml
[3.749s] -- Up-to-date: /home/usuario/Robotica/ros2_ws/install/webots_ros2_msgs/lib/libwebots_ros2_msgs__rosidl_generator_c.so
[3.750s] -- Up-to-date: /home/usuario/Robotica/ros2_ws/install/webots_ros2_msgs/lib/libwebots_ros2_msgs__rosidl_typesupport_fastrtps_c.so
[3.750s] -- Up-to-date: /home/usuario/Robotica/ros2_ws/install/webots_ros2_msgs/lib/libwebots_ros2_msgs__rosidl_typesupport_fastrtps_cpp.so
[3.750s] -- Up-to-date: /home/usuario/Robotica/ros2_ws/install/webots_ros2_msgs/lib/libwebots_ros2_msgs__rosidl_typesupport_introspection_c.so
[3.750s] -- Up-to-date: /home/usuario/Robotica/ros2_ws/install/webots_ros2_msgs/lib/libwebots_ros2_msgs__rosidl_typesupport_c.so
[3.750s] -- Up-to-date: /home/usuario/Robotica/ros2_ws/install/webots_ros2_msgs/lib/libwebots_ros2_msgs__rosidl_typesupport_introspection_cpp.so
[3.750s] -- Up-to-date: /home/usuario/Robotica/ros2_ws/install/webots_ros2_msgs/lib/libwebots_ros2_msgs__rosidl_typesupport_cpp.so
[3.914s] Listing '/home/usuario/Robotica/ros2_ws/install/webots_ros2_msgs/lib/python3.12/site-packages/webots_ros2_msgs'...
[3.915s] Listing '/home/usuario/Robotica/ros2_ws/install/webots_ros2_msgs/lib/python3.12/site-packages/webots_ros2_msgs/msg'...
[3.916s] Listing '/home/usuario/Robotica/ros2_ws/install/webots_ros2_msgs/lib/python3.12/site-packages/webots_ros2_msgs/srv'...
[3.928s] -- Up-to-date: /home/usuario/Robotica/ros2_ws/install/webots_ros2_msgs/lib/libwebots_ros2_msgs__rosidl_generator_py.so
[3.929s] -- Up-to-date: /home/usuario/Robotica/ros2_ws/install/webots_ros2_msgs/share/webots_ros2_msgs/cmake/export_webots_ros2_msgs__rosidl_generator_cExport.cmake
[3.929s] -- Up-to-date: /home/usuario/Robotica/ros2_ws/install/webots_ros2_msgs/share/webots_ros2_msgs/cmake/export_webots_ros2_msgs__rosidl_generator_cExport-noconfig.cmake
[3.931s] -- Up-to-date: /home/usuario/Robotica/ros2_ws/install/webots_ros2_msgs/share/webots_ros2_msgs/cmake/export_webots_ros2_msgs__rosidl_typesupport_fastrtps_cExport.cmake
[3.932s] -- Up-to-date: /home/usuario/Robotica/ros2_ws/install/webots_ros2_msgs/share/webots_ros2_msgs/cmake/export_webots_ros2_msgs__rosidl_typesupport_fastrtps_cExport-noconfig.cmake
[3.932s] -- Up-to-date: /home/usuario/Robotica/ros2_ws/install/webots_ros2_msgs/share/webots_ros2_msgs/cmake/export_webots_ros2_msgs__rosidl_generator_cppExport.cmake
[3.932s] -- Up-to-date: /home/usuario/Robotica/ros2_ws/install/webots_ros2_msgs/share/webots_ros2_msgs/cmake/export_webots_ros2_msgs__rosidl_typesupport_fastrtps_cppExport.cmake
[3.932s] -- Up-to-date: /home/usuario/Robotica/ros2_ws/install/webots_ros2_msgs/share/webots_ros2_msgs/cmake/export_webots_ros2_msgs__rosidl_typesupport_fastrtps_cppExport-noconfig.cmake
[3.932s] -- Up-to-date: /home/usuario/Robotica/ros2_ws/install/webots_ros2_msgs/share/webots_ros2_msgs/cmake/webots_ros2_msgs__rosidl_typesupport_introspection_cExport.cmake
[3.934s] -- Up-to-date: /home/usuario/Robotica/ros2_ws/install/webots_ros2_msgs/share/webots_ros2_msgs/cmake/webots_ros2_msgs__rosidl_typesupport_introspection_cExport-noconfig.cmake
[3.934s] -- Up-to-date: /home/usuario/Robotica/ros2_ws/install/webots_ros2_msgs/share/webots_ros2_msgs/cmake/webots_ros2_msgs__rosidl_typesupport_cExport.cmake
[3.935s] -- Up-to-date: /home/usuario/Robotica/ros2_ws/install/webots_ros2_msgs/share/webots_ros2_msgs/cmake/webots_ros2_msgs__rosidl_typesupport_cExport-noconfig.cmake
[3.935s] -- Up-to-date: /home/usuario/Robotica/ros2_ws/install/webots_ros2_msgs/share/webots_ros2_msgs/cmake/webots_ros2_msgs__rosidl_typesupport_introspection_cppExport.cmake
[3.935s] -- Up-to-date: /home/usuario/Robotica/ros2_ws/install/webots_ros2_msgs/share/webots_ros2_msgs/cmake/webots_ros2_msgs__rosidl_typesupport_introspection_cppExport-noconfig.cmake
[3.935s] -- Up-to-date: /home/usuario/Robotica/ros2_ws/install/webots_ros2_msgs/share/webots_ros2_msgs/cmake/webots_ros2_msgs__rosidl_typesupport_cppExport.cmake
[3.936s] -- Up-to-date: /home/usuario/Robotica/ros2_ws/install/webots_ros2_msgs/share/webots_ros2_msgs/cmake/webots_ros2_msgs__rosidl_typesupport_cppExport-noconfig.cmake
[3.936s] -- Up-to-date: /home/usuario/Robotica/ros2_ws/install/webots_ros2_msgs/share/webots_ros2_msgs/cmake/export_webots_ros2_msgs__rosidl_generator_pyExport.cmake
[3.936s] -- Up-to-date: /home/usuario/Robotica/ros2_ws/install/webots_ros2_msgs/share/webots_ros2_msgs/cmake/export_webots_ros2_msgs__rosidl_generator_pyExport-noconfig.cmake
[3.945s] Invoked command in '/home/usuario/Robotica/ros2_ws/build/webots_ros2_msgs' returned '0': CMAKE_PREFIX_PATH=${CMAKE_PREFIX_PATH}:/opt/ros/jazzy DEBUGINFOD_URLS=https://debuginfod.ubuntu.com /usr/bin/cmake --install /home/usuario/Robotica/ros2_ws/build/webots_ros2_msgs
