[1.168s] Invoking command in '/home/usuario/Robotica/ros2_ws/build/car_pkg': AMENT_PREFIX_PATH=/home/usuario/Robotica/ros2_ws/install/webots_ros2:/home/usuario/Robotica/ros2_ws/install/webots_ros2_tests:/home/usuario/Robotica/ros2_ws/install/webots_ros2_universal_robot:/home/usuario/Robotica/ros2_ws/install/webots_ros2_turtlebot:/home/usuario/Robotica/ros2_ws/install/webots_ros2_tiago:/home/usuario/Robotica/ros2_ws/install/webots_ros2_husarion:/home/usuario/Robotica/ros2_ws/install/webots_ros2_epuck:/home/usuario/Robotica/ros2_ws/install/webots_ros2_tesla:/home/usuario/Robotica/ros2_ws/install/webots_ros2_mavic:/home/usuario/Robotica/ros2_ws/install/webots_ros2_crazyflie:/home/usuario/Robotica/ros2_ws/install/webots_ros2_control:/home/usuario/Robotica/ros2_ws/install/webots_ros2_driver:/home/usuario/Robotica/ros2_ws/install/webots_ros2_msgs:/home/usuario/Robotica/ros2_ws/install/webots_ros2_importer:${AMENT_PREFIX_PATH} CMAKE_PREFIX_PATH=/home/usuario/Robotica/ros2_ws/install/webots_ros2_control:/home/usuario/Robotica/ros2_ws/install/webots_ros2_driver:/home/usuario/Robotica/ros2_ws/install/webots_ros2_msgs:${CMAKE_PREFIX_PATH} DEBUGINFOD_URLS=https://debuginfod.ubuntu.com LD_LIBRARY_PATH=/home/usuario/Robotica/ros2_ws/install/webots_ros2_control/lib:/home/usuario/Robotica/ros2_ws/install/webots_ros2_driver/lib:/home/usuario/Robotica/ros2_ws/install/webots_ros2_msgs/lib:${LD_LIBRARY_PATH} PYTHONPATH=/home/usuario/Robotica/ros2_ws/build/car_pkg/prefix_override:/usr/lib/python3/dist-packages/colcon_core/task/python/colcon_distutils_commands:/home/usuario/Robotica/ros2_ws/install/car_pkg/lib/python3.12/site-packages:/home/usuario/Robotica/ros2_ws/build/webots_ros2:/home/usuario/Robotica/ros2_ws/install/webots_ros2/lib/python3.12/site-packages:/home/usuario/Robotica/ros2_ws/build/webots_ros2_tests:/home/usuario/Robotica/ros2_ws/install/webots_ros2_tests/lib/python3.12/site-packages:/home/usuario/Robotica/ros2_ws/build/webots_ros2_universal_robot:/home/usuario/Robotica/ros2_ws/install/webots_ros2_universal_robot/lib/python3.12/site-packages:/home/usuario/Robotica/ros2_ws/build/webots_ros2_turtlebot:/home/usuario/Robotica/ros2_ws/install/webots_ros2_turtlebot/lib/python3.12/site-packages:/home/usuario/Robotica/ros2_ws/build/webots_ros2_tiago:/home/usuario/Robotica/ros2_ws/install/webots_ros2_tiago/lib/python3.12/site-packages:/home/usuario/Robotica/ros2_ws/build/webots_ros2_husarion:/home/usuario/Robotica/ros2_ws/install/webots_ros2_husarion/lib/python3.12/site-packages:/home/usuario/Robotica/ros2_ws/build/webots_ros2_epuck:/home/usuario/Robotica/ros2_ws/install/webots_ros2_epuck/lib/python3.12/site-packages:/home/usuario/Robotica/ros2_ws/build/webots_ros2_tesla:/home/usuario/Robotica/ros2_ws/install/webots_ros2_tesla/lib/python3.12/site-packages:/home/usuario/Robotica/ros2_ws/build/webots_ros2_mavic:/home/usuario/Robotica/ros2_ws/install/webots_ros2_mavic/lib/python3.12/site-packages:/home/usuario/Robotica/ros2_ws/build/webots_ros2_crazyflie:/home/usuario/Robotica/ros2_ws/install/webots_ros2_crazyflie/lib/python3.12/site-packages:/home/usuario/Robotica/ros2_ws/install/webots_ros2_driver/lib/python3.12/site-packages:/home/usuario/Robotica/ros2_ws/install/webots_ros2_msgs/lib/python3.12/site-packages:/home/usuario/Robotica/ros2_ws/build/webots_ros2_importer:/home/usuario/Robotica/ros2_ws/install/webots_ros2_importer/lib/python3.12/site-packages:${PYTHONPATH} /usr/bin/python3 -W ignore:setup.py install is deprecated -W ignore:easy_install command is deprecated setup.py develop --editable --build-directory /home/usuario/Robotica/ros2_ws/build/car_pkg/build --no-deps symlink_data
[1.349s] /usr/lib/python3/dist-packages/setuptools/dist.py:744: SetuptoolsDeprecationWarning: Invalid dash-separated options
[1.349s] !!
[1.349s] 
[1.350s]         ********************************************************************************
[1.350s]         Usage of dash-separated 'script-dir' will not be supported in future
[1.350s]         versions. Please use the underscore name 'script_dir' instead.
[1.350s] 
[1.350s]         This deprecation is overdue, please update your project and remove deprecated
[1.351s]         calls to avoid build errors in the future.
[1.351s] 
[1.351s]         See https://setuptools.pypa.io/en/latest/userguide/declarative_config.html for details.
[1.351s]         ********************************************************************************
[1.351s] 
[1.351s] !!
[1.351s]   opt = self.warn_dash_deprecation(opt, section)
[1.570s] running develop
[1.788s] running egg_info
[1.788s] creating car_pkg.egg-info
[1.811s] writing car_pkg.egg-info/PKG-INFO
[1.811s] writing dependency_links to car_pkg.egg-info/dependency_links.txt
[1.811s] writing entry points to car_pkg.egg-info/entry_points.txt
[1.811s] writing requirements to car_pkg.egg-info/requires.txt
[1.811s] writing top-level names to car_pkg.egg-info/top_level.txt
[1.811s] writing manifest file 'car_pkg.egg-info/SOURCES.txt'
[1.851s] reading manifest file 'car_pkg.egg-info/SOURCES.txt'
[1.855s] writing manifest file 'car_pkg.egg-info/SOURCES.txt'
[1.882s] running build_ext
[1.882s] Creating /home/usuario/Robotica/ros2_ws/install/car_pkg/lib/python3.12/site-packages/car-pkg.egg-link (link to .)
[1.883s] 
[1.883s] Installed /home/usuario/Robotica/ros2_ws/build/car_pkg
[1.883s] running symlink_data
[1.883s] creating /home/usuario/Robotica/ros2_ws/install/car_pkg/share/ament_index
[1.883s] creating /home/usuario/Robotica/ros2_ws/install/car_pkg/share/ament_index/resource_index
[1.883s] creating /home/usuario/Robotica/ros2_ws/install/car_pkg/share/ament_index/resource_index/packages
[1.883s] symbolically linking /home/usuario/Robotica/ros2_ws/build/car_pkg/resource/car_pkg -> /home/usuario/Robotica/ros2_ws/install/car_pkg/share/ament_index/resource_index/packages
[1.883s] symbolically linking /home/usuario/Robotica/ros2_ws/build/car_pkg/package.xml -> /home/usuario/Robotica/ros2_ws/install/car_pkg/share/car_pkg
[1.884s] creating /home/usuario/Robotica/ros2_ws/install/car_pkg/share/car_pkg/launch
[1.884s] symbolically linking /home/usuario/Robotica/ros2_ws/build/car_pkg/launch/car_launch.py -> /home/usuario/Robotica/ros2_ws/install/car_pkg/share/car_pkg/launch
[1.884s] creating /home/usuario/Robotica/ros2_ws/install/car_pkg/share/car_pkg/world
[1.884s] symbolically linking /home/usuario/Robotica/ros2_ws/build/car_pkg/world/city_traffic.wbt -> /home/usuario/Robotica/ros2_ws/install/car_pkg/share/car_pkg/world
[1.884s] creating /home/usuario/Robotica/ros2_ws/install/car_pkg/share/car_pkg/world/city_traffic_net
[1.884s] symbolically linking /home/usuario/Robotica/ros2_ws/build/car_pkg/world/city_traffic_net/sumo.trip.xml -> /home/usuario/Robotica/ros2_ws/install/car_pkg/share/car_pkg/world/city_traffic_net
[1.884s] symbolically linking /home/usuario/Robotica/ros2_ws/build/car_pkg/world/city_traffic_net/sumo.rou.alt.xml -> /home/usuario/Robotica/ros2_ws/install/car_pkg/share/car_pkg/world/city_traffic_net
[1.884s] symbolically linking /home/usuario/Robotica/ros2_ws/build/car_pkg/world/city_traffic_net/sumo.rou.xml -> /home/usuario/Robotica/ros2_ws/install/car_pkg/share/car_pkg/world/city_traffic_net
[1.884s] symbolically linking /home/usuario/Robotica/ros2_ws/build/car_pkg/world/city_traffic_net/sumo.net.xml -> /home/usuario/Robotica/ros2_ws/install/car_pkg/share/car_pkg/world/city_traffic_net
[1.884s] symbolically linking /home/usuario/Robotica/ros2_ws/build/car_pkg/world/city_traffic_net/sumo.sumocfg -> /home/usuario/Robotica/ros2_ws/install/car_pkg/share/car_pkg/world/city_traffic_net
[1.884s] creating /home/usuario/Robotica/ros2_ws/install/car_pkg/share/car_pkg/signs
[1.884s] symbolically linking /home/usuario/Robotica/ros2_ws/build/car_pkg/signs/yield.png -> /home/usuario/Robotica/ros2_ws/install/car_pkg/share/car_pkg/signs
[1.884s] symbolically linking /home/usuario/Robotica/ros2_ws/build/car_pkg/signs/stop.png -> /home/usuario/Robotica/ros2_ws/install/car_pkg/share/car_pkg/signs
[1.884s] symbolically linking /home/usuario/Robotica/ros2_ws/build/car_pkg/signs/speed_limit.png -> /home/usuario/Robotica/ros2_ws/install/car_pkg/share/car_pkg/signs
[1.884s] creating /home/usuario/Robotica/ros2_ws/install/car_pkg/share/car_pkg/resource
[1.885s] symbolically linking /home/usuario/Robotica/ros2_ws/build/car_pkg/resource/car.urdf -> /home/usuario/Robotica/ros2_ws/install/car_pkg/share/car_pkg/resource
[1.922s] Invoked command in '/home/usuario/Robotica/ros2_ws/build/car_pkg' returned '0': AMENT_PREFIX_PATH=/home/usuario/Robotica/ros2_ws/install/webots_ros2:/home/usuario/Robotica/ros2_ws/install/webots_ros2_tests:/home/usuario/Robotica/ros2_ws/install/webots_ros2_universal_robot:/home/usuario/Robotica/ros2_ws/install/webots_ros2_turtlebot:/home/usuario/Robotica/ros2_ws/install/webots_ros2_tiago:/home/usuario/Robotica/ros2_ws/install/webots_ros2_husarion:/home/usuario/Robotica/ros2_ws/install/webots_ros2_epuck:/home/usuario/Robotica/ros2_ws/install/webots_ros2_tesla:/home/usuario/Robotica/ros2_ws/install/webots_ros2_mavic:/home/usuario/Robotica/ros2_ws/install/webots_ros2_crazyflie:/home/usuario/Robotica/ros2_ws/install/webots_ros2_control:/home/usuario/Robotica/ros2_ws/install/webots_ros2_driver:/home/usuario/Robotica/ros2_ws/install/webots_ros2_msgs:/home/usuario/Robotica/ros2_ws/install/webots_ros2_importer:${AMENT_PREFIX_PATH} CMAKE_PREFIX_PATH=/home/usuario/Robotica/ros2_ws/install/webots_ros2_control:/home/usuario/Robotica/ros2_ws/install/webots_ros2_driver:/home/usuario/Robotica/ros2_ws/install/webots_ros2_msgs:${CMAKE_PREFIX_PATH} DEBUGINFOD_URLS=https://debuginfod.ubuntu.com LD_LIBRARY_PATH=/home/usuario/Robotica/ros2_ws/install/webots_ros2_control/lib:/home/usuario/Robotica/ros2_ws/install/webots_ros2_driver/lib:/home/usuario/Robotica/ros2_ws/install/webots_ros2_msgs/lib:${LD_LIBRARY_PATH} PYTHONPATH=/home/usuario/Robotica/ros2_ws/build/car_pkg/prefix_override:/usr/lib/python3/dist-packages/colcon_core/task/python/colcon_distutils_commands:/home/usuario/Robotica/ros2_ws/install/car_pkg/lib/python3.12/site-packages:/home/usuario/Robotica/ros2_ws/build/webots_ros2:/home/usuario/Robotica/ros2_ws/install/webots_ros2/lib/python3.12/site-packages:/home/usuario/Robotica/ros2_ws/build/webots_ros2_tests:/home/usuario/Robotica/ros2_ws/install/webots_ros2_tests/lib/python3.12/site-packages:/home/usuario/Robotica/ros2_ws/build/webots_ros2_universal_robot:/home/usuario/Robotica/ros2_ws/install/webots_ros2_universal_robot/lib/python3.12/site-packages:/home/usuario/Robotica/ros2_ws/build/webots_ros2_turtlebot:/home/usuario/Robotica/ros2_ws/install/webots_ros2_turtlebot/lib/python3.12/site-packages:/home/usuario/Robotica/ros2_ws/build/webots_ros2_tiago:/home/usuario/Robotica/ros2_ws/install/webots_ros2_tiago/lib/python3.12/site-packages:/home/usuario/Robotica/ros2_ws/build/webots_ros2_husarion:/home/usuario/Robotica/ros2_ws/install/webots_ros2_husarion/lib/python3.12/site-packages:/home/usuario/Robotica/ros2_ws/build/webots_ros2_epuck:/home/usuario/Robotica/ros2_ws/install/webots_ros2_epuck/lib/python3.12/site-packages:/home/usuario/Robotica/ros2_ws/build/webots_ros2_tesla:/home/usuario/Robotica/ros2_ws/install/webots_ros2_tesla/lib/python3.12/site-packages:/home/usuario/Robotica/ros2_ws/build/webots_ros2_mavic:/home/usuario/Robotica/ros2_ws/install/webots_ros2_mavic/lib/python3.12/site-packages:/home/usuario/Robotica/ros2_ws/build/webots_ros2_crazyflie:/home/usuario/Robotica/ros2_ws/install/webots_ros2_crazyflie/lib/python3.12/site-packages:/home/usuario/Robotica/ros2_ws/install/webots_ros2_driver/lib/python3.12/site-packages:/home/usuario/Robotica/ros2_ws/install/webots_ros2_msgs/lib/python3.12/site-packages:/home/usuario/Robotica/ros2_ws/build/webots_ros2_importer:/home/usuario/Robotica/ros2_ws/install/webots_ros2_importer/lib/python3.12/site-packages:${PYTHONPATH} /usr/bin/python3 -W ignore:setup.py install is deprecated -W ignore:easy_install command is deprecated setup.py develop --editable --build-directory /home/usuario/Robotica/ros2_ws/build/car_pkg/build --no-deps symlink_data
