[3.074s] Invoking command in '/home/usuario/Robotica/ros2_ws/src/webots_ros2/webots_ros2_crazyflie': AMENT_PREFIX_PATH=/home/usuario/Robotica/install/webots_ros2_driver:/home/usuario/Robotica/install/webots_ros2_msgs:/home/usuario/Robotica/install/webots_ros2_importer:${AMENT_PREFIX_PATH} CMAKE_PREFIX_PATH=/home/usuario/Robotica/install/webots_ros2_driver:/home/usuario/Robotica/install/webots_ros2_msgs:${CMAKE_PREFIX_PATH} DEBUGINFOD_URLS=https://debuginfod.ubuntu.com LD_LIBRARY_PATH=/home/usuario/Robotica/install/webots_ros2_driver/lib:/home/usuario/Robotica/install/webots_ros2_msgs/lib:${LD_LIBRARY_PATH} PYTHONPATH=/home/usuario/Robotica/build/webots_ros2_crazyflie/prefix_override:/usr/lib/python3/dist-packages/colcon_core/task/python/colcon_distutils_commands:/home/usuario/Robotica/install/webots_ros2_crazyflie/lib/python3.12/site-packages:/home/usuario/Robotica/install/webots_ros2_driver/lib/python3.12/site-packages:/home/usuario/Robotica/install/webots_ros2_msgs/lib/python3.12/site-packages:/home/usuario/Robotica/install/webots_ros2_importer/lib/python3.12/site-packages:${PYTHONPATH} /usr/bin/python3 -W ignore:setup.py install is deprecated -W ignore:easy_install command is deprecated setup.py egg_info --egg-base ../../../../build/webots_ros2_crazyflie build --build-base /home/usuario/Robotica/build/webots_ros2_crazyflie/build install --record /home/usuario/Robotica/build/webots_ros2_crazyflie/install.log --single-version-externally-managed install_data
[3.967s] running egg_info
[4.060s] writing ../../../../build/webots_ros2_crazyflie/webots_ros2_crazyflie.egg-info/PKG-INFO
[4.062s] writing dependency_links to ../../../../build/webots_ros2_crazyflie/webots_ros2_crazyflie.egg-info/dependency_links.txt
[4.062s] writing entry points to ../../../../build/webots_ros2_crazyflie/webots_ros2_crazyflie.egg-info/entry_points.txt
[4.062s] writing requirements to ../../../../build/webots_ros2_crazyflie/webots_ros2_crazyflie.egg-info/requires.txt
[4.072s] writing top-level names to ../../../../build/webots_ros2_crazyflie/webots_ros2_crazyflie.egg-info/top_level.txt
[4.144s] reading manifest file '../../../../build/webots_ros2_crazyflie/webots_ros2_crazyflie.egg-info/SOURCES.txt'
[4.144s] writing manifest file '../../../../build/webots_ros2_crazyflie/webots_ros2_crazyflie.egg-info/SOURCES.txt'
[4.156s] running build
[4.156s] running build_py
[4.156s] running install
[4.184s] running install_lib
[4.274s] running install_data
[4.274s] running install_egg_info
[4.302s] removing '/home/usuario/Robotica/install/webots_ros2_crazyflie/lib/python3.12/site-packages/webots_ros2_crazyflie-2025.0.1-py3.12.egg-info' (and everything under it)
[4.302s] Copying ../../../../build/webots_ros2_crazyflie/webots_ros2_crazyflie.egg-info to /home/usuario/Robotica/install/webots_ros2_crazyflie/lib/python3.12/site-packages/webots_ros2_crazyflie-2025.0.1-py3.12.egg-info
[4.302s] running install_scripts
[4.626s] Installing crazyflie_driver script to /home/usuario/Robotica/install/webots_ros2_crazyflie/lib/webots_ros2_crazyflie
[4.626s] writing list of installed files to '/home/usuario/Robotica/build/webots_ros2_crazyflie/install.log'
[4.803s] Invoked command in '/home/usuario/Robotica/ros2_ws/src/webots_ros2/webots_ros2_crazyflie' returned '0': AMENT_PREFIX_PATH=/home/usuario/Robotica/install/webots_ros2_driver:/home/usuario/Robotica/install/webots_ros2_msgs:/home/usuario/Robotica/install/webots_ros2_importer:${AMENT_PREFIX_PATH} CMAKE_PREFIX_PATH=/home/usuario/Robotica/install/webots_ros2_driver:/home/usuario/Robotica/install/webots_ros2_msgs:${CMAKE_PREFIX_PATH} DEBUGINFOD_URLS=https://debuginfod.ubuntu.com LD_LIBRARY_PATH=/home/usuario/Robotica/install/webots_ros2_driver/lib:/home/usuario/Robotica/install/webots_ros2_msgs/lib:${LD_LIBRARY_PATH} PYTHONPATH=/home/usuario/Robotica/build/webots_ros2_crazyflie/prefix_override:/usr/lib/python3/dist-packages/colcon_core/task/python/colcon_distutils_commands:/home/usuario/Robotica/install/webots_ros2_crazyflie/lib/python3.12/site-packages:/home/usuario/Robotica/install/webots_ros2_driver/lib/python3.12/site-packages:/home/usuario/Robotica/install/webots_ros2_msgs/lib/python3.12/site-packages:/home/usuario/Robotica/install/webots_ros2_importer/lib/python3.12/site-packages:${PYTHONPATH} /usr/bin/python3 -W ignore:setup.py install is deprecated -W ignore:easy_install command is deprecated setup.py egg_info --egg-base ../../../../build/webots_ros2_crazyflie build --build-base /home/usuario/Robotica/build/webots_ros2_crazyflie/build install --record /home/usuario/Robotica/build/webots_ros2_crazyflie/install.log --single-version-externally-managed install_data
