Traceback (most recent call last):
  File "/home/usuario/Robotica/ros2_ws/build/webots_ros2_crazyflie/setup.py", line 15, in <module>
    setup(
  File "/usr/lib/python3/dist-packages/setuptools/__init__.py", line 107, in setup
    return distutils.core.setup(**attrs)
           ^^^^^^^^^^^^^^^^^^^^^^^^^^^^^
  File "/usr/lib/python3/dist-packages/setuptools/_distutils/core.py", line 147, in setup
    _setup_distribution = dist = klass(attrs)
                                 ^^^^^^^^^^^^
  File "/usr/lib/python3/dist-packages/setuptools/dist.py", line 485, in __init__
    _Distribution.__init__(
  File "/usr/lib/python3/dist-packages/setuptools/_distutils/dist.py", line 283, in __init__
    self.finalize_options()
  File "/usr/lib/python3/dist-packages/setuptools/dist.py", line 922, in finalize_options
    defined = metadata.entry_points(group=group)
              ^^^^^^^^^^^^^^^^^^^^^^^^^^^^^^^^^^
  File "/usr/lib/python3.12/importlib/metadata/__init__.py", line 913, in entry_points
    return EntryPoints(eps).select(**params)
           ^^^^^^^^^^^^^^^^
  File "/usr/lib/python3.12/importlib/metadata/__init__.py", line 911, in <genexpr>
    dist.entry_points for dist in _unique(distributions())
    ^^^^^^^^^^^^^^^^^
  File "/usr/lib/python3.12/importlib/metadata/__init__.py", line 471, in entry_points
    return EntryPoints._from_text_for(self.read_text('entry_points.txt'), self)
           ^^^^^^^^^^^^^^^^^^^^^^^^^^^^^^^^^^^^^^^^^^^^^^^^^^^^^^^^^^^^^^^^^^^^
  File "/usr/lib/python3.12/importlib/metadata/__init__.py", line 312, in _from_text_for
    return cls(ep._for(dist) for ep in cls._from_text(text))
           ^^^^^^^^^^^^^^^^^^^^^^^^^^^^^^^^^^^^^^^^^^^^^^^^^
  File "/usr/lib/python3.12/importlib/metadata/__init__.py", line 312, in <genexpr>
    return cls(ep._for(dist) for ep in cls._from_text(text))
              ^^^^^^^^^^^^^^^^^^^^^^^^^^^^^^^^^^^^^^^^^^^^^^
  File "/usr/lib/python3.12/importlib/metadata/__init__.py", line 316, in <genexpr>
    return (
           ^
  File "/usr/lib/python3.12/importlib/metadata/__init__.py", line 104, in <genexpr>
    section._replace(value=Pair.parse(section.value))
  File "/usr/lib/python3.12/collections/__init__.py", line 458, in _replace
    result = self._make(_map(kwds.pop, field_names, self))
             ^^^^^^^^^^^^^^^^^^^^^^^^^^^^^^^^^^^^^^^^^^^^^
  File "/usr/lib/python3.12/collections/__init__.py", line 447, in _make
    @classmethod

KeyboardInterrupt
