[3.202s] Invoking command in '/home/usuario/Robotica/ros2_ws/src/webots_ros2/webots_ros2_universal_robot': AMENT_PREFIX_PATH=/home/usuario/Robotica/install/webots_ros2_control:/home/usuario/Robotica/install/webots_ros2_driver:/home/usuario/Robotica/install/webots_ros2_msgs:/home/usuario/Robotica/install/webots_ros2_importer:${AMENT_PREFIX_PATH} CMAKE_PREFIX_PATH=/home/usuario/Robotica/install/webots_ros2_control:/home/usuario/Robotica/install/webots_ros2_driver:/home/usuario/Robotica/install/webots_ros2_msgs:${CMAKE_PREFIX_PATH} DEBUGINFOD_URLS=https://debuginfod.ubuntu.com LD_LIBRARY_PATH=/home/usuario/Robotica/install/webots_ros2_control/lib:/home/usuario/Robotica/install/webots_ros2_driver/lib:/home/usuario/Robotica/install/webots_ros2_msgs/lib:${LD_LIBRARY_PATH} PYTHONPATH=/home/usuario/Robotica/build/webots_ros2_universal_robot/prefix_override:/usr/lib/python3/dist-packages/colcon_core/task/python/colcon_distutils_commands:/home/usuario/Robotica/install/webots_ros2_universal_robot/lib/python3.12/site-packages:/home/usuario/Robotica/install/webots_ros2_driver/lib/python3.12/site-packages:/home/usuario/Robotica/install/webots_ros2_msgs/lib/python3.12/site-packages:/home/usuario/Robotica/install/webots_ros2_importer/lib/python3.12/site-packages:${PYTHONPATH} /usr/bin/python3 -W ignore:setup.py install is deprecated -W ignore:easy_install command is deprecated setup.py egg_info --egg-base ../../../../build/webots_ros2_universal_robot build --build-base /home/usuario/Robotica/build/webots_ros2_universal_robot/build install --record /home/usuario/Robotica/build/webots_ros2_universal_robot/install.log --single-version-externally-managed install_data
[3.833s] running egg_info
[3.899s] writing ../../../../build/webots_ros2_universal_robot/webots_ros2_universal_robot.egg-info/PKG-INFO
[3.899s] writing dependency_links to ../../../../build/webots_ros2_universal_robot/webots_ros2_universal_robot.egg-info/dependency_links.txt
[3.900s] writing entry points to ../../../../build/webots_ros2_universal_robot/webots_ros2_universal_robot.egg-info/entry_points.txt
[3.901s] writing requirements to ../../../../build/webots_ros2_universal_robot/webots_ros2_universal_robot.egg-info/requires.txt
[3.902s] writing top-level names to ../../../../build/webots_ros2_universal_robot/webots_ros2_universal_robot.egg-info/top_level.txt
[3.954s] reading manifest file '../../../../build/webots_ros2_universal_robot/webots_ros2_universal_robot.egg-info/SOURCES.txt'
[3.955s] writing manifest file '../../../../build/webots_ros2_universal_robot/webots_ros2_universal_robot.egg-info/SOURCES.txt'
[3.955s] running build
[3.955s] running build_py
[3.958s] running install
[3.966s] running install_lib
[3.986s] running install_data
[3.987s] running install_egg_info
[4.012s] removing '/home/usuario/Robotica/install/webots_ros2_universal_robot/lib/python3.12/site-packages/webots_ros2_universal_robot-2025.0.1-py3.12.egg-info' (and everything under it)
[4.013s] Copying ../../../../build/webots_ros2_universal_robot/webots_ros2_universal_robot.egg-info to /home/usuario/Robotica/install/webots_ros2_universal_robot/lib/python3.12/site-packages/webots_ros2_universal_robot-2025.0.1-py3.12.egg-info
[4.013s] running install_scripts
[4.173s] Installing abb_controller script to /home/usuario/Robotica/install/webots_ros2_universal_robot/lib/webots_ros2_universal_robot
[4.173s] Installing ur5e_controller script to /home/usuario/Robotica/install/webots_ros2_universal_robot/lib/webots_ros2_universal_robot
[4.174s] writing list of installed files to '/home/usuario/Robotica/build/webots_ros2_universal_robot/install.log'
[4.227s] Invoked command in '/home/usuario/Robotica/ros2_ws/src/webots_ros2/webots_ros2_universal_robot' returned '0': AMENT_PREFIX_PATH=/home/usuario/Robotica/install/webots_ros2_control:/home/usuario/Robotica/install/webots_ros2_driver:/home/usuario/Robotica/install/webots_ros2_msgs:/home/usuario/Robotica/install/webots_ros2_importer:${AMENT_PREFIX_PATH} CMAKE_PREFIX_PATH=/home/usuario/Robotica/install/webots_ros2_control:/home/usuario/Robotica/install/webots_ros2_driver:/home/usuario/Robotica/install/webots_ros2_msgs:${CMAKE_PREFIX_PATH} DEBUGINFOD_URLS=https://debuginfod.ubuntu.com LD_LIBRARY_PATH=/home/usuario/Robotica/install/webots_ros2_control/lib:/home/usuario/Robotica/install/webots_ros2_driver/lib:/home/usuario/Robotica/install/webots_ros2_msgs/lib:${LD_LIBRARY_PATH} PYTHONPATH=/home/usuario/Robotica/build/webots_ros2_universal_robot/prefix_override:/usr/lib/python3/dist-packages/colcon_core/task/python/colcon_distutils_commands:/home/usuario/Robotica/install/webots_ros2_universal_robot/lib/python3.12/site-packages:/home/usuario/Robotica/install/webots_ros2_driver/lib/python3.12/site-packages:/home/usuario/Robotica/install/webots_ros2_msgs/lib/python3.12/site-packages:/home/usuario/Robotica/install/webots_ros2_importer/lib/python3.12/site-packages:${PYTHONPATH} /usr/bin/python3 -W ignore:setup.py install is deprecated -W ignore:easy_install command is deprecated setup.py egg_info --egg-base ../../../../build/webots_ros2_universal_robot build --build-base /home/usuario/Robotica/build/webots_ros2_universal_robot/build install --record /home/usuario/Robotica/build/webots_ros2_universal_robot/install.log --single-version-externally-managed install_data
