/home/usuario/Robotica/install/car_pkg/lib/python3.12/site-packages/car_pkg/vehicle_controller.py
/home/usuario/Robotica/install/car_pkg/lib/python3.12/site-packages/car_pkg/__init__.py
/home/usuario/Robotica/install/car_pkg/lib/python3.12/site-packages/car_pkg/traffic_sign_detector.py
/home/usuario/Robotica/install/car_pkg/lib/python3.12/site-packages/car_pkg/road_follower.py
/home/usuario/Robotica/install/car_pkg/lib/python3.12/site-packages/car_pkg/__pycache__/vehicle_controller.cpython-312.pyc
/home/usuario/Robotica/install/car_pkg/lib/python3.12/site-packages/car_pkg/__pycache__/__init__.cpython-312.pyc
/home/usuario/Robotica/install/car_pkg/lib/python3.12/site-packages/car_pkg/__pycache__/traffic_sign_detector.cpython-312.pyc
/home/usuario/Robotica/install/car_pkg/lib/python3.12/site-packages/car_pkg/__pycache__/road_follower.cpython-312.pyc
/home/usuario/Robotica/install/car_pkg/share/ament_index/resource_index/packages/car_pkg
/home/usuario/Robotica/install/car_pkg/share/car_pkg/package.xml
/home/usuario/Robotica/install/car_pkg/share/car_pkg/launch/car_launch.py
/home/usuario/Robotica/install/car_pkg/share/car_pkg/world/city_traffic.wbt
/home/usuario/Robotica/install/car_pkg/share/car_pkg/world/city_traffic_net/sumo.trip.xml
/home/usuario/Robotica/install/car_pkg/share/car_pkg/world/city_traffic_net/sumo.rou.alt.xml
/home/usuario/Robotica/install/car_pkg/share/car_pkg/world/city_traffic_net/sumo.rou.xml
/home/usuario/Robotica/install/car_pkg/share/car_pkg/world/city_traffic_net/sumo.net.xml
/home/usuario/Robotica/install/car_pkg/share/car_pkg/world/city_traffic_net/sumo.sumocfg
/home/usuario/Robotica/install/car_pkg/share/car_pkg/signs/yield.png
/home/usuario/Robotica/install/car_pkg/share/car_pkg/signs/stop.png
/home/usuario/Robotica/install/car_pkg/share/car_pkg/signs/speed_limit.png
/home/usuario/Robotica/install/car_pkg/share/car_pkg/resource/car.urdf
/home/usuario/Robotica/install/car_pkg/lib/python3.12/site-packages/car_pkg-0.0.0-py3.12.egg-info/requires.txt
/home/usuario/Robotica/install/car_pkg/lib/python3.12/site-packages/car_pkg-0.0.0-py3.12.egg-info/dependency_links.txt
/home/usuario/Robotica/install/car_pkg/lib/python3.12/site-packages/car_pkg-0.0.0-py3.12.egg-info/PKG-INFO
/home/usuario/Robotica/install/car_pkg/lib/python3.12/site-packages/car_pkg-0.0.0-py3.12.egg-info/SOURCES.txt
/home/usuario/Robotica/install/car_pkg/lib/python3.12/site-packages/car_pkg-0.0.0-py3.12.egg-info/top_level.txt
/home/usuario/Robotica/install/car_pkg/lib/python3.12/site-packages/car_pkg-0.0.0-py3.12.egg-info/zip-safe
