[3.279s] Invoking command in '/home/usuario/Robotica/ros2_ws/src/webots_ros2/webots_ros2_turtlebot': AMENT_PREFIX_PATH=/home/usuario/Robotica/install/webots_ros2_control:/home/usuario/Robotica/install/webots_ros2_driver:/home/usuario/Robotica/install/webots_ros2_msgs:/home/usuario/Robotica/install/webots_ros2_importer:${AMENT_PREFIX_PATH} CMAKE_PREFIX_PATH=/home/usuario/Robotica/install/webots_ros2_control:/home/usuario/Robotica/install/webots_ros2_driver:/home/usuario/Robotica/install/webots_ros2_msgs:${CMAKE_PREFIX_PATH} DEBUGINFOD_URLS=https://debuginfod.ubuntu.com LD_LIBRARY_PATH=/home/usuario/Robotica/install/webots_ros2_control/lib:/home/usuario/Robotica/install/webots_ros2_driver/lib:/home/usuario/Robotica/install/webots_ros2_msgs/lib:${LD_LIBRARY_PATH} PYTHONPATH=/home/usuario/Robotica/build/webots_ros2_turtlebot/prefix_override:/usr/lib/python3/dist-packages/colcon_core/task/python/colcon_distutils_commands:/home/usuario/Robotica/install/webots_ros2_turtlebot/lib/python3.12/site-packages:/home/usuario/Robotica/install/webots_ros2_driver/lib/python3.12/site-packages:/home/usuario/Robotica/install/webots_ros2_msgs/lib/python3.12/site-packages:/home/usuario/Robotica/install/webots_ros2_importer/lib/python3.12/site-packages:${PYTHONPATH} /usr/bin/python3 -W ignore:setup.py install is deprecated -W ignore:easy_install command is deprecated setup.py egg_info --egg-base ../../../../build/webots_ros2_turtlebot build --build-base /home/usuario/Robotica/build/webots_ros2_turtlebot/build install --record /home/usuario/Robotica/build/webots_ros2_turtlebot/install.log --single-version-externally-managed install_data
[3.700s] running egg_info
[3.725s] writing ../../../../build/webots_ros2_turtlebot/webots_ros2_turtlebot.egg-info/PKG-INFO
[3.726s] writing dependency_links to ../../../../build/webots_ros2_turtlebot/webots_ros2_turtlebot.egg-info/dependency_links.txt
[3.727s] writing entry points to ../../../../build/webots_ros2_turtlebot/webots_ros2_turtlebot.egg-info/entry_points.txt
[3.727s] writing requirements to ../../../../build/webots_ros2_turtlebot/webots_ros2_turtlebot.egg-info/requires.txt
[3.728s] writing top-level names to ../../../../build/webots_ros2_turtlebot/webots_ros2_turtlebot.egg-info/top_level.txt
[3.776s] reading manifest file '../../../../build/webots_ros2_turtlebot/webots_ros2_turtlebot.egg-info/SOURCES.txt'
[3.779s] writing manifest file '../../../../build/webots_ros2_turtlebot/webots_ros2_turtlebot.egg-info/SOURCES.txt'
[3.780s] running build
[3.784s] running build_py
[3.785s] running install
[3.798s] running install_lib
[3.817s] running install_data
[3.818s] running install_egg_info
[3.841s] removing '/home/usuario/Robotica/install/webots_ros2_turtlebot/lib/python3.12/site-packages/webots_ros2_turtlebot-2025.0.1-py3.12.egg-info' (and everything under it)
[3.842s] Copying ../../../../build/webots_ros2_turtlebot/webots_ros2_turtlebot.egg-info to /home/usuario/Robotica/install/webots_ros2_turtlebot/lib/python3.12/site-packages/webots_ros2_turtlebot-2025.0.1-py3.12.egg-info
[3.844s] running install_scripts
[4.050s] writing list of installed files to '/home/usuario/Robotica/build/webots_ros2_turtlebot/install.log'
[4.180s] Invoked command in '/home/usuario/Robotica/ros2_ws/src/webots_ros2/webots_ros2_turtlebot' returned '0': AMENT_PREFIX_PATH=/home/usuario/Robotica/install/webots_ros2_control:/home/usuario/Robotica/install/webots_ros2_driver:/home/usuario/Robotica/install/webots_ros2_msgs:/home/usuario/Robotica/install/webots_ros2_importer:${AMENT_PREFIX_PATH} CMAKE_PREFIX_PATH=/home/usuario/Robotica/install/webots_ros2_control:/home/usuario/Robotica/install/webots_ros2_driver:/home/usuario/Robotica/install/webots_ros2_msgs:${CMAKE_PREFIX_PATH} DEBUGINFOD_URLS=https://debuginfod.ubuntu.com LD_LIBRARY_PATH=/home/usuario/Robotica/install/webots_ros2_control/lib:/home/usuario/Robotica/install/webots_ros2_driver/lib:/home/usuario/Robotica/install/webots_ros2_msgs/lib:${LD_LIBRARY_PATH} PYTHONPATH=/home/usuario/Robotica/build/webots_ros2_turtlebot/prefix_override:/usr/lib/python3/dist-packages/colcon_core/task/python/colcon_distutils_commands:/home/usuario/Robotica/install/webots_ros2_turtlebot/lib/python3.12/site-packages:/home/usuario/Robotica/install/webots_ros2_driver/lib/python3.12/site-packages:/home/usuario/Robotica/install/webots_ros2_msgs/lib/python3.12/site-packages:/home/usuario/Robotica/install/webots_ros2_importer/lib/python3.12/site-packages:${PYTHONPATH} /usr/bin/python3 -W ignore:setup.py install is deprecated -W ignore:easy_install command is deprecated setup.py egg_info --egg-base ../../../../build/webots_ros2_turtlebot build --build-base /home/usuario/Robotica/build/webots_ros2_turtlebot/build install --record /home/usuario/Robotica/build/webots_ros2_turtlebot/install.log --single-version-externally-managed install_data
