[0.304s] Invoking command in '/home/usuario/Robotica/ros2_ws/build/webots_ros2_msgs': CMAKE_PREFIX_PATH=${CMAKE_PREFIX_PATH}:/opt/ros/jazzy DEBUGINFOD_URLS=https://debuginfod.ubuntu.com /usr/bin/cmake --build /home/usuario/Robotica/ros2_ws/build/webots_ros2_msgs -- -j10 -l10
[0.413s] [  1%] Built target webots_ros2_msgs__rosidl_generator_type_description
[0.426s] [  1%] Built target ament_cmake_python_symlink_webots_ros2_msgs
[0.471s] [  1%] Built target webots_ros2_msgs__cpp
[0.487s] [ 27%] Built target webots_ros2_msgs__rosidl_generator_c
[0.574s] [ 36%] Built target webots_ros2_msgs__rosidl_typesupport_cpp
[0.574s] [ 56%] Built target webots_ros2_msgs__rosidl_typesupport_fastrtps_c
[0.574s] [ 46%] Built target webots_ros2_msgs__rosidl_typesupport_c
[0.600s] [ 66%] Built target webots_ros2_msgs__rosidl_typesupport_introspection_c
[0.619s] [ 76%] Built target webots_ros2_msgs__rosidl_typesupport_fastrtps_cpp
[0.631s] [ 85%] Built target webots_ros2_msgs__rosidl_typesupport_introspection_cpp
[0.705s] [ 85%] Built target webots_ros2_msgs
[0.745s] [ 86%] Built target webots_ros2_msgs__py
[0.790s] [ 95%] Built target webots_ros2_msgs__rosidl_generator_py
[0.837s] running egg_info
[0.837s] [ 97%] Built target webots_ros2_msgs_s__rosidl_typesupport_introspection_c
[0.840s] [ 98%] Built target webots_ros2_msgs_s__rosidl_typesupport_fastrtps_c
[0.841s] [100%] Built target webots_ros2_msgs_s__rosidl_typesupport_c
[0.856s] writing webots_ros2_msgs.egg-info/PKG-INFO
[0.858s] writing dependency_links to webots_ros2_msgs.egg-info/dependency_links.txt
[0.858s] writing top-level names to webots_ros2_msgs.egg-info/top_level.txt
[0.915s] reading manifest file 'webots_ros2_msgs.egg-info/SOURCES.txt'
[0.917s] writing manifest file 'webots_ros2_msgs.egg-info/SOURCES.txt'
[0.951s] [100%] Built target ament_cmake_python_build_webots_ros2_msgs_egg
[0.970s] Invoked command in '/home/usuario/Robotica/ros2_ws/build/webots_ros2_msgs' returned '0': CMAKE_PREFIX_PATH=${CMAKE_PREFIX_PATH}:/opt/ros/jazzy DEBUGINFOD_URLS=https://debuginfod.ubuntu.com /usr/bin/cmake --build /home/usuario/Robotica/ros2_ws/build/webots_ros2_msgs -- -j10 -l10
[0.989s] Invoking command in '/home/usuario/Robotica/ros2_ws/build/webots_ros2_msgs': CMAKE_PREFIX_PATH=${CMAKE_PREFIX_PATH}:/opt/ros/jazzy DEBUGINFOD_URLS=https://debuginfod.ubuntu.com /usr/bin/cmake --install /home/usuario/Robotica/ros2_ws/build/webots_ros2_msgs
[1.001s] -- Install configuration: ""
[1.002s] -- Execute custom install script
[1.003s] -- Up-to-date symlink: /home/usuario/Robotica/ros2_ws/install/webots_ros2_msgs/share/ament_index/resource_index/rosidl_interfaces/webots_ros2_msgs
[1.003s] -- Up-to-date symlink: /home/usuario/Robotica/ros2_ws/install/webots_ros2_msgs/share/webots_ros2_msgs/msg/BoolStamped.json
[1.003s] -- Up-to-date symlink: /home/usuario/Robotica/ros2_ws/install/webots_ros2_msgs/share/webots_ros2_msgs/msg/FloatStamped.json
[1.004s] -- Up-to-date symlink: /home/usuario/Robotica/ros2_ws/install/webots_ros2_msgs/share/webots_ros2_msgs/msg/StringStamped.json
[1.004s] -- Up-to-date symlink: /home/usuario/Robotica/ros2_ws/install/webots_ros2_msgs/share/webots_ros2_msgs/msg/CameraRecognitionObject.json
[1.004s] -- Up-to-date symlink: /home/usuario/Robotica/ros2_ws/install/webots_ros2_msgs/share/webots_ros2_msgs/msg/CameraRecognitionObjects.json
[1.004s] -- Up-to-date symlink: /home/usuario/Robotica/ros2_ws/install/webots_ros2_msgs/share/webots_ros2_msgs/msg/UrdfRobot.json
[1.004s] -- Up-to-date symlink: /home/usuario/Robotica/ros2_ws/install/webots_ros2_msgs/share/webots_ros2_msgs/msg/PenInkProperties.json
[1.004s] -- Up-to-date symlink: /home/usuario/Robotica/ros2_ws/install/webots_ros2_msgs/share/webots_ros2_msgs/srv/EmitterSendString.json
[1.005s] -- Up-to-date symlink: /home/usuario/Robotica/ros2_ws/install/webots_ros2_msgs/share/webots_ros2_msgs/srv/GetBool.json
[1.005s] -- Up-to-date symlink: /home/usuario/Robotica/ros2_ws/install/webots_ros2_msgs/share/webots_ros2_msgs/srv/SetString.json
[1.006s] -- Up-to-date symlink: /home/usuario/Robotica/ros2_ws/install/webots_ros2_msgs/share/webots_ros2_msgs/srv/SpawnNodeFromString.json
[1.006s] -- Up-to-date symlink: /home/usuario/Robotica/ros2_ws/install/webots_ros2_msgs/share/webots_ros2_msgs/srv/SpawnUrdfRobot.json
[1.008s] -- Up-to-date symlink: /home/usuario/Robotica/ros2_ws/install/webots_ros2_msgs/include/webots_ros2_msgs/webots_ros2_msgs/msg/bool_stamped.h
[1.008s] -- Up-to-date symlink: /home/usuario/Robotica/ros2_ws/install/webots_ros2_msgs/include/webots_ros2_msgs/webots_ros2_msgs/msg/camera_recognition_object.h
[1.009s] -- Up-to-date symlink: /home/usuario/Robotica/ros2_ws/install/webots_ros2_msgs/include/webots_ros2_msgs/webots_ros2_msgs/msg/camera_recognition_objects.h
[1.009s] -- Up-to-date symlink: /home/usuario/Robotica/ros2_ws/install/webots_ros2_msgs/include/webots_ros2_msgs/webots_ros2_msgs/msg/detail/bool_stamped__functions.h
[1.009s] -- Up-to-date symlink: /home/usuario/Robotica/ros2_ws/install/webots_ros2_msgs/include/webots_ros2_msgs/webots_ros2_msgs/msg/detail/bool_stamped__struct.h
[1.009s] -- Up-to-date symlink: /home/usuario/Robotica/ros2_ws/install/webots_ros2_msgs/include/webots_ros2_msgs/webots_ros2_msgs/msg/detail/bool_stamped__type_support.h
[1.010s] -- Up-to-date symlink: /home/usuario/Robotica/ros2_ws/install/webots_ros2_msgs/include/webots_ros2_msgs/webots_ros2_msgs/msg/detail/camera_recognition_object__functions.h
[1.011s] -- Up-to-date symlink: /home/usuario/Robotica/ros2_ws/install/webots_ros2_msgs/include/webots_ros2_msgs/webots_ros2_msgs/msg/detail/camera_recognition_object__struct.h
[1.011s] -- Up-to-date symlink: /home/usuario/Robotica/ros2_ws/install/webots_ros2_msgs/include/webots_ros2_msgs/webots_ros2_msgs/msg/detail/camera_recognition_object__type_support.h
[1.012s] -- Up-to-date symlink: /home/usuario/Robotica/ros2_ws/install/webots_ros2_msgs/include/webots_ros2_msgs/webots_ros2_msgs/msg/detail/camera_recognition_objects__functions.h
[1.012s] -- Up-to-date symlink: /home/usuario/Robotica/ros2_ws/install/webots_ros2_msgs/include/webots_ros2_msgs/webots_ros2_msgs/msg/detail/camera_recognition_objects__struct.h
[1.012s] -- Up-to-date symlink: /home/usuario/Robotica/ros2_ws/install/webots_ros2_msgs/include/webots_ros2_msgs/webots_ros2_msgs/msg/detail/camera_recognition_objects__type_support.h
[1.013s] -- Up-to-date symlink: /home/usuario/Robotica/ros2_ws/install/webots_ros2_msgs/include/webots_ros2_msgs/webots_ros2_msgs/msg/detail/float_stamped__functions.h
[1.013s] -- Up-to-date symlink: /home/usuario/Robotica/ros2_ws/install/webots_ros2_msgs/include/webots_ros2_msgs/webots_ros2_msgs/msg/detail/float_stamped__struct.h
[1.013s] -- Up-to-date symlink: /home/usuario/Robotica/ros2_ws/install/webots_ros2_msgs/include/webots_ros2_msgs/webots_ros2_msgs/msg/detail/float_stamped__type_support.h
[1.014s] -- Up-to-date symlink: /home/usuario/Robotica/ros2_ws/install/webots_ros2_msgs/include/webots_ros2_msgs/webots_ros2_msgs/msg/detail/pen_ink_properties__functions.h
[1.014s] -- Up-to-date symlink: /home/usuario/Robotica/ros2_ws/install/webots_ros2_msgs/include/webots_ros2_msgs/webots_ros2_msgs/msg/detail/pen_ink_properties__struct.h
[1.015s] -- Up-to-date symlink: /home/usuario/Robotica/ros2_ws/install/webots_ros2_msgs/include/webots_ros2_msgs/webots_ros2_msgs/msg/detail/pen_ink_properties__type_support.h
[1.015s] -- Up-to-date symlink: /home/usuario/Robotica/ros2_ws/install/webots_ros2_msgs/include/webots_ros2_msgs/webots_ros2_msgs/msg/detail/string_stamped__functions.h
[1.015s] -- Up-to-date symlink: /home/usuario/Robotica/ros2_ws/install/webots_ros2_msgs/include/webots_ros2_msgs/webots_ros2_msgs/msg/detail/string_stamped__struct.h
[1.015s] -- Up-to-date symlink: /home/usuario/Robotica/ros2_ws/install/webots_ros2_msgs/include/webots_ros2_msgs/webots_ros2_msgs/msg/detail/string_stamped__type_support.h
[1.015s] -- Up-to-date symlink: /home/usuario/Robotica/ros2_ws/install/webots_ros2_msgs/include/webots_ros2_msgs/webots_ros2_msgs/msg/detail/urdf_robot__functions.h
[1.015s] -- Up-to-date symlink: /home/usuario/Robotica/ros2_ws/install/webots_ros2_msgs/include/webots_ros2_msgs/webots_ros2_msgs/msg/detail/urdf_robot__struct.h
[1.015s] -- Up-to-date symlink: /home/usuario/Robotica/ros2_ws/install/webots_ros2_msgs/include/webots_ros2_msgs/webots_ros2_msgs/msg/detail/urdf_robot__type_support.h
[1.015s] -- Up-to-date symlink: /home/usuario/Robotica/ros2_ws/install/webots_ros2_msgs/include/webots_ros2_msgs/webots_ros2_msgs/msg/float_stamped.h
[1.016s] -- Up-to-date symlink: /home/usuario/Robotica/ros2_ws/install/webots_ros2_msgs/include/webots_ros2_msgs/webots_ros2_msgs/msg/pen_ink_properties.h
[1.016s] -- Up-to-date symlink: /home/usuario/Robotica/ros2_ws/install/webots_ros2_msgs/include/webots_ros2_msgs/webots_ros2_msgs/msg/rosidl_generator_c__visibility_control.h
[1.017s] -- Up-to-date symlink: /home/usuario/Robotica/ros2_ws/install/webots_ros2_msgs/include/webots_ros2_msgs/webots_ros2_msgs/msg/string_stamped.h
[1.017s] -- Up-to-date symlink: /home/usuario/Robotica/ros2_ws/install/webots_ros2_msgs/include/webots_ros2_msgs/webots_ros2_msgs/msg/urdf_robot.h
[1.017s] -- Up-to-date symlink: /home/usuario/Robotica/ros2_ws/install/webots_ros2_msgs/include/webots_ros2_msgs/webots_ros2_msgs/srv/detail/emitter_send_string__functions.h
[1.017s] -- Up-to-date symlink: /home/usuario/Robotica/ros2_ws/install/webots_ros2_msgs/include/webots_ros2_msgs/webots_ros2_msgs/srv/detail/emitter_send_string__struct.h
[1.018s] -- Up-to-date symlink: /home/usuario/Robotica/ros2_ws/install/webots_ros2_msgs/include/webots_ros2_msgs/webots_ros2_msgs/srv/detail/emitter_send_string__type_support.h
[1.018s] -- Up-to-date symlink: /home/usuario/Robotica/ros2_ws/install/webots_ros2_msgs/include/webots_ros2_msgs/webots_ros2_msgs/srv/detail/get_bool__functions.h
[1.018s] -- Up-to-date symlink: /home/usuario/Robotica/ros2_ws/install/webots_ros2_msgs/include/webots_ros2_msgs/webots_ros2_msgs/srv/detail/get_bool__struct.h
[1.019s] -- Up-to-date symlink: /home/usuario/Robotica/ros2_ws/install/webots_ros2_msgs/include/webots_ros2_msgs/webots_ros2_msgs/srv/detail/get_bool__type_support.h
[1.019s] -- Up-to-date symlink: /home/usuario/Robotica/ros2_ws/install/webots_ros2_msgs/include/webots_ros2_msgs/webots_ros2_msgs/srv/detail/set_string__functions.h
[1.020s] -- Up-to-date symlink: /home/usuario/Robotica/ros2_ws/install/webots_ros2_msgs/include/webots_ros2_msgs/webots_ros2_msgs/srv/detail/set_string__struct.h
[1.020s] -- Up-to-date symlink: /home/usuario/Robotica/ros2_ws/install/webots_ros2_msgs/include/webots_ros2_msgs/webots_ros2_msgs/srv/detail/set_string__type_support.h
[1.020s] -- Up-to-date symlink: /home/usuario/Robotica/ros2_ws/install/webots_ros2_msgs/include/webots_ros2_msgs/webots_ros2_msgs/srv/detail/spawn_node_from_string__functions.h
[1.021s] -- Up-to-date symlink: /home/usuario/Robotica/ros2_ws/install/webots_ros2_msgs/include/webots_ros2_msgs/webots_ros2_msgs/srv/detail/spawn_node_from_string__struct.h
[1.021s] -- Up-to-date symlink: /home/usuario/Robotica/ros2_ws/install/webots_ros2_msgs/include/webots_ros2_msgs/webots_ros2_msgs/srv/detail/spawn_node_from_string__type_support.h
[1.021s] -- Up-to-date symlink: /home/usuario/Robotica/ros2_ws/install/webots_ros2_msgs/include/webots_ros2_msgs/webots_ros2_msgs/srv/detail/spawn_urdf_robot__functions.h
[1.022s] -- Up-to-date symlink: /home/usuario/Robotica/ros2_ws/install/webots_ros2_msgs/include/webots_ros2_msgs/webots_ros2_msgs/srv/detail/spawn_urdf_robot__struct.h
[1.022s] -- Up-to-date symlink: /home/usuario/Robotica/ros2_ws/install/webots_ros2_msgs/include/webots_ros2_msgs/webots_ros2_msgs/srv/detail/spawn_urdf_robot__type_support.h
[1.024s] -- Up-to-date symlink: /home/usuario/Robotica/ros2_ws/install/webots_ros2_msgs/include/webots_ros2_msgs/webots_ros2_msgs/srv/emitter_send_string.h
[1.026s] -- Up-to-date symlink: /home/usuario/Robotica/ros2_ws/install/webots_ros2_msgs/include/webots_ros2_msgs/webots_ros2_msgs/srv/get_bool.h
[1.027s] -- Up-to-date symlink: /home/usuario/Robotica/ros2_ws/install/webots_ros2_msgs/include/webots_ros2_msgs/webots_ros2_msgs/srv/set_string.h
[1.027s] -- Up-to-date symlink: /home/usuario/Robotica/ros2_ws/install/webots_ros2_msgs/include/webots_ros2_msgs/webots_ros2_msgs/srv/spawn_node_from_string.h
[1.027s] -- Up-to-date symlink: /home/usuario/Robotica/ros2_ws/install/webots_ros2_msgs/include/webots_ros2_msgs/webots_ros2_msgs/srv/spawn_urdf_robot.h
[1.029s] -- Up-to-date symlink: /home/usuario/Robotica/ros2_ws/install/webots_ros2_msgs/share/webots_ros2_msgs/environment/library_path.sh
[1.029s] -- Up-to-date symlink: /home/usuario/Robotica/ros2_ws/install/webots_ros2_msgs/share/webots_ros2_msgs/environment/library_path.dsv
[1.030s] -- Up-to-date symlink: /home/usuario/Robotica/ros2_ws/install/webots_ros2_msgs/include/webots_ros2_msgs/webots_ros2_msgs/msg/detail/bool_stamped__rosidl_typesupport_fastrtps_c.h
[1.031s] -- Up-to-date symlink: /home/usuario/Robotica/ros2_ws/install/webots_ros2_msgs/include/webots_ros2_msgs/webots_ros2_msgs/msg/detail/camera_recognition_object__rosidl_typesupport_fastrtps_c.h
[1.031s] -- Up-to-date symlink: /home/usuario/Robotica/ros2_ws/install/webots_ros2_msgs/include/webots_ros2_msgs/webots_ros2_msgs/msg/detail/camera_recognition_objects__rosidl_typesupport_fastrtps_c.h
[1.031s] -- Up-to-date symlink: /home/usuario/Robotica/ros2_ws/install/webots_ros2_msgs/include/webots_ros2_msgs/webots_ros2_msgs/msg/detail/float_stamped__rosidl_typesupport_fastrtps_c.h
[1.031s] -- Up-to-date symlink: /home/usuario/Robotica/ros2_ws/install/webots_ros2_msgs/include/webots_ros2_msgs/webots_ros2_msgs/msg/detail/pen_ink_properties__rosidl_typesupport_fastrtps_c.h
[1.031s] -- Up-to-date symlink: /home/usuario/Robotica/ros2_ws/install/webots_ros2_msgs/include/webots_ros2_msgs/webots_ros2_msgs/msg/detail/string_stamped__rosidl_typesupport_fastrtps_c.h
[1.033s] -- Up-to-date symlink: /home/usuario/Robotica/ros2_ws/install/webots_ros2_msgs/include/webots_ros2_msgs/webots_ros2_msgs/msg/detail/urdf_robot__rosidl_typesupport_fastrtps_c.h
[1.033s] -- Up-to-date symlink: /home/usuario/Robotica/ros2_ws/install/webots_ros2_msgs/include/webots_ros2_msgs/webots_ros2_msgs/msg/rosidl_typesupport_fastrtps_c__visibility_control.h
[1.033s] -- Up-to-date symlink: /home/usuario/Robotica/ros2_ws/install/webots_ros2_msgs/include/webots_ros2_msgs/webots_ros2_msgs/srv/detail/emitter_send_string__rosidl_typesupport_fastrtps_c.h
[1.033s] -- Up-to-date symlink: /home/usuario/Robotica/ros2_ws/install/webots_ros2_msgs/include/webots_ros2_msgs/webots_ros2_msgs/srv/detail/get_bool__rosidl_typesupport_fastrtps_c.h
[1.033s] -- Up-to-date symlink: /home/usuario/Robotica/ros2_ws/install/webots_ros2_msgs/include/webots_ros2_msgs/webots_ros2_msgs/srv/detail/set_string__rosidl_typesupport_fastrtps_c.h
[1.034s] -- Up-to-date symlink: /home/usuario/Robotica/ros2_ws/install/webots_ros2_msgs/include/webots_ros2_msgs/webots_ros2_msgs/srv/detail/spawn_node_from_string__rosidl_typesupport_fastrtps_c.h
[1.034s] -- Up-to-date symlink: /home/usuario/Robotica/ros2_ws/install/webots_ros2_msgs/include/webots_ros2_msgs/webots_ros2_msgs/srv/detail/spawn_urdf_robot__rosidl_typesupport_fastrtps_c.h
[1.034s] -- Up-to-date symlink: /home/usuario/Robotica/ros2_ws/install/webots_ros2_msgs/include/webots_ros2_msgs/webots_ros2_msgs/msg/bool_stamped.hpp
[1.034s] -- Up-to-date symlink: /home/usuario/Robotica/ros2_ws/install/webots_ros2_msgs/include/webots_ros2_msgs/webots_ros2_msgs/msg/camera_recognition_object.hpp
[1.035s] -- Up-to-date symlink: /home/usuario/Robotica/ros2_ws/install/webots_ros2_msgs/include/webots_ros2_msgs/webots_ros2_msgs/msg/camera_recognition_objects.hpp
[1.035s] -- Up-to-date symlink: /home/usuario/Robotica/ros2_ws/install/webots_ros2_msgs/include/webots_ros2_msgs/webots_ros2_msgs/msg/detail/bool_stamped__builder.hpp
[1.035s] -- Up-to-date symlink: /home/usuario/Robotica/ros2_ws/install/webots_ros2_msgs/include/webots_ros2_msgs/webots_ros2_msgs/msg/detail/bool_stamped__struct.hpp
[1.036s] -- Up-to-date symlink: /home/usuario/Robotica/ros2_ws/install/webots_ros2_msgs/include/webots_ros2_msgs/webots_ros2_msgs/msg/detail/bool_stamped__traits.hpp
[1.036s] -- Up-to-date symlink: /home/usuario/Robotica/ros2_ws/install/webots_ros2_msgs/include/webots_ros2_msgs/webots_ros2_msgs/msg/detail/bool_stamped__type_support.hpp
[1.037s] -- Up-to-date symlink: /home/usuario/Robotica/ros2_ws/install/webots_ros2_msgs/include/webots_ros2_msgs/webots_ros2_msgs/msg/detail/camera_recognition_object__builder.hpp
[1.037s] -- Up-to-date symlink: /home/usuario/Robotica/ros2_ws/install/webots_ros2_msgs/include/webots_ros2_msgs/webots_ros2_msgs/msg/detail/camera_recognition_object__struct.hpp
[1.037s] -- Up-to-date symlink: /home/usuario/Robotica/ros2_ws/install/webots_ros2_msgs/include/webots_ros2_msgs/webots_ros2_msgs/msg/detail/camera_recognition_object__traits.hpp
[1.037s] -- Up-to-date symlink: /home/usuario/Robotica/ros2_ws/install/webots_ros2_msgs/include/webots_ros2_msgs/webots_ros2_msgs/msg/detail/camera_recognition_object__type_support.hpp
[1.038s] -- Up-to-date symlink: /home/usuario/Robotica/ros2_ws/install/webots_ros2_msgs/include/webots_ros2_msgs/webots_ros2_msgs/msg/detail/camera_recognition_objects__builder.hpp
[1.038s] -- Up-to-date symlink: /home/usuario/Robotica/ros2_ws/install/webots_ros2_msgs/include/webots_ros2_msgs/webots_ros2_msgs/msg/detail/camera_recognition_objects__struct.hpp
[1.039s] -- Up-to-date symlink: /home/usuario/Robotica/ros2_ws/install/webots_ros2_msgs/include/webots_ros2_msgs/webots_ros2_msgs/msg/detail/camera_recognition_objects__traits.hpp
[1.039s] -- Up-to-date symlink: /home/usuario/Robotica/ros2_ws/install/webots_ros2_msgs/include/webots_ros2_msgs/webots_ros2_msgs/msg/detail/camera_recognition_objects__type_support.hpp
[1.039s] -- Up-to-date symlink: /home/usuario/Robotica/ros2_ws/install/webots_ros2_msgs/include/webots_ros2_msgs/webots_ros2_msgs/msg/detail/float_stamped__builder.hpp
[1.040s] -- Up-to-date symlink: /home/usuario/Robotica/ros2_ws/install/webots_ros2_msgs/include/webots_ros2_msgs/webots_ros2_msgs/msg/detail/float_stamped__struct.hpp
[1.040s] -- Up-to-date symlink: /home/usuario/Robotica/ros2_ws/install/webots_ros2_msgs/include/webots_ros2_msgs/webots_ros2_msgs/msg/detail/float_stamped__traits.hpp
[1.040s] -- Up-to-date symlink: /home/usuario/Robotica/ros2_ws/install/webots_ros2_msgs/include/webots_ros2_msgs/webots_ros2_msgs/msg/detail/float_stamped__type_support.hpp
[1.041s] -- Up-to-date symlink: /home/usuario/Robotica/ros2_ws/install/webots_ros2_msgs/include/webots_ros2_msgs/webots_ros2_msgs/msg/detail/pen_ink_properties__builder.hpp
[1.042s] -- Up-to-date symlink: /home/usuario/Robotica/ros2_ws/install/webots_ros2_msgs/include/webots_ros2_msgs/webots_ros2_msgs/msg/detail/pen_ink_properties__struct.hpp
[1.042s] -- Up-to-date symlink: /home/usuario/Robotica/ros2_ws/install/webots_ros2_msgs/include/webots_ros2_msgs/webots_ros2_msgs/msg/detail/pen_ink_properties__traits.hpp
[1.042s] -- Up-to-date symlink: /home/usuario/Robotica/ros2_ws/install/webots_ros2_msgs/include/webots_ros2_msgs/webots_ros2_msgs/msg/detail/pen_ink_properties__type_support.hpp
[1.043s] -- Up-to-date symlink: /home/usuario/Robotica/ros2_ws/install/webots_ros2_msgs/include/webots_ros2_msgs/webots_ros2_msgs/msg/detail/string_stamped__builder.hpp
[1.043s] -- Up-to-date symlink: /home/usuario/Robotica/ros2_ws/install/webots_ros2_msgs/include/webots_ros2_msgs/webots_ros2_msgs/msg/detail/string_stamped__struct.hpp
[1.043s] -- Up-to-date symlink: /home/usuario/Robotica/ros2_ws/install/webots_ros2_msgs/include/webots_ros2_msgs/webots_ros2_msgs/msg/detail/string_stamped__traits.hpp
[1.044s] -- Up-to-date symlink: /home/usuario/Robotica/ros2_ws/install/webots_ros2_msgs/include/webots_ros2_msgs/webots_ros2_msgs/msg/detail/string_stamped__type_support.hpp
[1.044s] -- Up-to-date symlink: /home/usuario/Robotica/ros2_ws/install/webots_ros2_msgs/include/webots_ros2_msgs/webots_ros2_msgs/msg/detail/urdf_robot__builder.hpp
[1.044s] -- Up-to-date symlink: /home/usuario/Robotica/ros2_ws/install/webots_ros2_msgs/include/webots_ros2_msgs/webots_ros2_msgs/msg/detail/urdf_robot__struct.hpp
[1.044s] -- Up-to-date symlink: /home/usuario/Robotica/ros2_ws/install/webots_ros2_msgs/include/webots_ros2_msgs/webots_ros2_msgs/msg/detail/urdf_robot__traits.hpp
[1.046s] -- Up-to-date symlink: /home/usuario/Robotica/ros2_ws/install/webots_ros2_msgs/include/webots_ros2_msgs/webots_ros2_msgs/msg/detail/urdf_robot__type_support.hpp
[1.046s] -- Up-to-date symlink: /home/usuario/Robotica/ros2_ws/install/webots_ros2_msgs/include/webots_ros2_msgs/webots_ros2_msgs/msg/float_stamped.hpp
[1.046s] -- Up-to-date symlink: /home/usuario/Robotica/ros2_ws/install/webots_ros2_msgs/include/webots_ros2_msgs/webots_ros2_msgs/msg/pen_ink_properties.hpp
[1.047s] -- Up-to-date symlink: /home/usuario/Robotica/ros2_ws/install/webots_ros2_msgs/include/webots_ros2_msgs/webots_ros2_msgs/msg/rosidl_generator_cpp__visibility_control.hpp
[1.047s] -- Up-to-date symlink: /home/usuario/Robotica/ros2_ws/install/webots_ros2_msgs/include/webots_ros2_msgs/webots_ros2_msgs/msg/string_stamped.hpp
[1.047s] -- Up-to-date symlink: /home/usuario/Robotica/ros2_ws/install/webots_ros2_msgs/include/webots_ros2_msgs/webots_ros2_msgs/msg/urdf_robot.hpp
[1.047s] -- Up-to-date symlink: /home/usuario/Robotica/ros2_ws/install/webots_ros2_msgs/include/webots_ros2_msgs/webots_ros2_msgs/srv/detail/emitter_send_string__builder.hpp
[1.048s] -- Up-to-date symlink: /home/usuario/Robotica/ros2_ws/install/webots_ros2_msgs/include/webots_ros2_msgs/webots_ros2_msgs/srv/detail/emitter_send_string__struct.hpp
[1.048s] -- Up-to-date symlink: /home/usuario/Robotica/ros2_ws/install/webots_ros2_msgs/include/webots_ros2_msgs/webots_ros2_msgs/srv/detail/emitter_send_string__traits.hpp
[1.048s] -- Up-to-date symlink: /home/usuario/Robotica/ros2_ws/install/webots_ros2_msgs/include/webots_ros2_msgs/webots_ros2_msgs/srv/detail/emitter_send_string__type_support.hpp
[1.048s] -- Up-to-date symlink: /home/usuario/Robotica/ros2_ws/install/webots_ros2_msgs/include/webots_ros2_msgs/webots_ros2_msgs/srv/detail/get_bool__builder.hpp
[1.048s] -- Up-to-date symlink: /home/usuario/Robotica/ros2_ws/install/webots_ros2_msgs/include/webots_ros2_msgs/webots_ros2_msgs/srv/detail/get_bool__struct.hpp
[1.048s] -- Up-to-date symlink: /home/usuario/Robotica/ros2_ws/install/webots_ros2_msgs/include/webots_ros2_msgs/webots_ros2_msgs/srv/detail/get_bool__traits.hpp
[1.048s] -- Up-to-date symlink: /home/usuario/Robotica/ros2_ws/install/webots_ros2_msgs/include/webots_ros2_msgs/webots_ros2_msgs/srv/detail/get_bool__type_support.hpp
[1.048s] -- Up-to-date symlink: /home/usuario/Robotica/ros2_ws/install/webots_ros2_msgs/include/webots_ros2_msgs/webots_ros2_msgs/srv/detail/set_string__builder.hpp
[1.048s] -- Up-to-date symlink: /home/usuario/Robotica/ros2_ws/install/webots_ros2_msgs/include/webots_ros2_msgs/webots_ros2_msgs/srv/detail/set_string__struct.hpp
[1.048s] -- Up-to-date symlink: /home/usuario/Robotica/ros2_ws/install/webots_ros2_msgs/include/webots_ros2_msgs/webots_ros2_msgs/srv/detail/set_string__traits.hpp
[1.049s] -- Up-to-date symlink: /home/usuario/Robotica/ros2_ws/install/webots_ros2_msgs/include/webots_ros2_msgs/webots_ros2_msgs/srv/detail/set_string__type_support.hpp
[1.049s] -- Up-to-date symlink: /home/usuario/Robotica/ros2_ws/install/webots_ros2_msgs/include/webots_ros2_msgs/webots_ros2_msgs/srv/detail/spawn_node_from_string__builder.hpp
[1.050s] -- Up-to-date symlink: /home/usuario/Robotica/ros2_ws/install/webots_ros2_msgs/include/webots_ros2_msgs/webots_ros2_msgs/srv/detail/spawn_node_from_string__struct.hpp
[1.050s] -- Up-to-date symlink: /home/usuario/Robotica/ros2_ws/install/webots_ros2_msgs/include/webots_ros2_msgs/webots_ros2_msgs/srv/detail/spawn_node_from_string__traits.hpp
[1.050s] -- Up-to-date symlink: /home/usuario/Robotica/ros2_ws/install/webots_ros2_msgs/include/webots_ros2_msgs/webots_ros2_msgs/srv/detail/spawn_node_from_string__type_support.hpp
[1.050s] -- Up-to-date symlink: /home/usuario/Robotica/ros2_ws/install/webots_ros2_msgs/include/webots_ros2_msgs/webots_ros2_msgs/srv/detail/spawn_urdf_robot__builder.hpp
[1.050s] -- Up-to-date symlink: /home/usuario/Robotica/ros2_ws/install/webots_ros2_msgs/include/webots_ros2_msgs/webots_ros2_msgs/srv/detail/spawn_urdf_robot__struct.hpp
[1.050s] -- Up-to-date symlink: /home/usuario/Robotica/ros2_ws/install/webots_ros2_msgs/include/webots_ros2_msgs/webots_ros2_msgs/srv/detail/spawn_urdf_robot__traits.hpp
[1.051s] -- Up-to-date symlink: /home/usuario/Robotica/ros2_ws/install/webots_ros2_msgs/include/webots_ros2_msgs/webots_ros2_msgs/srv/detail/spawn_urdf_robot__type_support.hpp
[1.051s] -- Up-to-date symlink: /home/usuario/Robotica/ros2_ws/install/webots_ros2_msgs/include/webots_ros2_msgs/webots_ros2_msgs/srv/emitter_send_string.hpp
[1.051s] -- Up-to-date symlink: /home/usuario/Robotica/ros2_ws/install/webots_ros2_msgs/include/webots_ros2_msgs/webots_ros2_msgs/srv/get_bool.hpp
[1.052s] -- Up-to-date symlink: /home/usuario/Robotica/ros2_ws/install/webots_ros2_msgs/include/webots_ros2_msgs/webots_ros2_msgs/srv/set_string.hpp
[1.053s] -- Up-to-date symlink: /home/usuario/Robotica/ros2_ws/install/webots_ros2_msgs/include/webots_ros2_msgs/webots_ros2_msgs/srv/spawn_node_from_string.hpp
[1.053s] -- Up-to-date symlink: /home/usuario/Robotica/ros2_ws/install/webots_ros2_msgs/include/webots_ros2_msgs/webots_ros2_msgs/srv/spawn_urdf_robot.hpp
[1.053s] -- Up-to-date symlink: /home/usuario/Robotica/ros2_ws/install/webots_ros2_msgs/include/webots_ros2_msgs/webots_ros2_msgs/msg/detail/bool_stamped__rosidl_typesupport_fastrtps_cpp.hpp
[1.053s] -- Up-to-date symlink: /home/usuario/Robotica/ros2_ws/install/webots_ros2_msgs/include/webots_ros2_msgs/webots_ros2_msgs/msg/detail/camera_recognition_object__rosidl_typesupport_fastrtps_cpp.hpp
[1.054s] -- Up-to-date symlink: /home/usuario/Robotica/ros2_ws/install/webots_ros2_msgs/include/webots_ros2_msgs/webots_ros2_msgs/msg/detail/camera_recognition_objects__rosidl_typesupport_fastrtps_cpp.hpp
[1.054s] -- Up-to-date symlink: /home/usuario/Robotica/ros2_ws/install/webots_ros2_msgs/include/webots_ros2_msgs/webots_ros2_msgs/msg/detail/float_stamped__rosidl_typesupport_fastrtps_cpp.hpp
[1.054s] -- Up-to-date symlink: /home/usuario/Robotica/ros2_ws/install/webots_ros2_msgs/include/webots_ros2_msgs/webots_ros2_msgs/msg/detail/pen_ink_properties__rosidl_typesupport_fastrtps_cpp.hpp
[1.055s] -- Up-to-date symlink: /home/usuario/Robotica/ros2_ws/install/webots_ros2_msgs/include/webots_ros2_msgs/webots_ros2_msgs/msg/detail/string_stamped__rosidl_typesupport_fastrtps_cpp.hpp
[1.055s] -- Up-to-date symlink: /home/usuario/Robotica/ros2_ws/install/webots_ros2_msgs/include/webots_ros2_msgs/webots_ros2_msgs/msg/detail/urdf_robot__rosidl_typesupport_fastrtps_cpp.hpp
[1.055s] -- Up-to-date symlink: /home/usuario/Robotica/ros2_ws/install/webots_ros2_msgs/include/webots_ros2_msgs/webots_ros2_msgs/msg/rosidl_typesupport_fastrtps_cpp__visibility_control.h
[1.056s] -- Up-to-date symlink: /home/usuario/Robotica/ros2_ws/install/webots_ros2_msgs/include/webots_ros2_msgs/webots_ros2_msgs/srv/detail/emitter_send_string__rosidl_typesupport_fastrtps_cpp.hpp
[1.056s] -- Up-to-date symlink: /home/usuario/Robotica/ros2_ws/install/webots_ros2_msgs/include/webots_ros2_msgs/webots_ros2_msgs/srv/detail/get_bool__rosidl_typesupport_fastrtps_cpp.hpp
[1.056s] -- Up-to-date symlink: /home/usuario/Robotica/ros2_ws/install/webots_ros2_msgs/include/webots_ros2_msgs/webots_ros2_msgs/srv/detail/set_string__rosidl_typesupport_fastrtps_cpp.hpp
[1.057s] -- Up-to-date symlink: /home/usuario/Robotica/ros2_ws/install/webots_ros2_msgs/include/webots_ros2_msgs/webots_ros2_msgs/srv/detail/spawn_node_from_string__rosidl_typesupport_fastrtps_cpp.hpp
[1.058s] -- Up-to-date symlink: /home/usuario/Robotica/ros2_ws/install/webots_ros2_msgs/include/webots_ros2_msgs/webots_ros2_msgs/srv/detail/spawn_urdf_robot__rosidl_typesupport_fastrtps_cpp.hpp
[1.058s] -- Up-to-date symlink: /home/usuario/Robotica/ros2_ws/install/webots_ros2_msgs/include/webots_ros2_msgs/webots_ros2_msgs/msg/detail/bool_stamped__rosidl_typesupport_introspection_c.h
[1.058s] -- Up-to-date symlink: /home/usuario/Robotica/ros2_ws/install/webots_ros2_msgs/include/webots_ros2_msgs/webots_ros2_msgs/msg/detail/camera_recognition_object__rosidl_typesupport_introspection_c.h
[1.059s] -- Up-to-date symlink: /home/usuario/Robotica/ros2_ws/install/webots_ros2_msgs/include/webots_ros2_msgs/webots_ros2_msgs/msg/detail/camera_recognition_objects__rosidl_typesupport_introspection_c.h
[1.069s] -- Up-to-date symlink: /home/usuario/Robotica/ros2_ws/install/webots_ros2_msgs/include/webots_ros2_msgs/webots_ros2_msgs/msg/detail/float_stamped__rosidl_typesupport_introspection_c.h
[1.069s] -- Up-to-date symlink: /home/usuario/Robotica/ros2_ws/install/webots_ros2_msgs/include/webots_ros2_msgs/webots_ros2_msgs/msg/detail/pen_ink_properties__rosidl_typesupport_introspection_c.h
[1.069s] -- Up-to-date symlink: /home/usuario/Robotica/ros2_ws/install/webots_ros2_msgs/include/webots_ros2_msgs/webots_ros2_msgs/msg/detail/string_stamped__rosidl_typesupport_introspection_c.h
[1.069s] -- Up-to-date symlink: /home/usuario/Robotica/ros2_ws/install/webots_ros2_msgs/include/webots_ros2_msgs/webots_ros2_msgs/msg/detail/urdf_robot__rosidl_typesupport_introspection_c.h
[1.069s] -- Up-to-date symlink: /home/usuario/Robotica/ros2_ws/install/webots_ros2_msgs/include/webots_ros2_msgs/webots_ros2_msgs/msg/rosidl_typesupport_introspection_c__visibility_control.h
[1.069s] -- Up-to-date symlink: /home/usuario/Robotica/ros2_ws/install/webots_ros2_msgs/include/webots_ros2_msgs/webots_ros2_msgs/srv/detail/emitter_send_string__rosidl_typesupport_introspection_c.h
[1.069s] -- Up-to-date symlink: /home/usuario/Robotica/ros2_ws/install/webots_ros2_msgs/include/webots_ros2_msgs/webots_ros2_msgs/srv/detail/get_bool__rosidl_typesupport_introspection_c.h
[1.069s] -- Up-to-date symlink: /home/usuario/Robotica/ros2_ws/install/webots_ros2_msgs/include/webots_ros2_msgs/webots_ros2_msgs/srv/detail/set_string__rosidl_typesupport_introspection_c.h
[1.069s] -- Up-to-date symlink: /home/usuario/Robotica/ros2_ws/install/webots_ros2_msgs/include/webots_ros2_msgs/webots_ros2_msgs/srv/detail/spawn_node_from_string__rosidl_typesupport_introspection_c.h
[1.069s] -- Up-to-date symlink: /home/usuario/Robotica/ros2_ws/install/webots_ros2_msgs/include/webots_ros2_msgs/webots_ros2_msgs/srv/detail/spawn_urdf_robot__rosidl_typesupport_introspection_c.h
[1.069s] -- Up-to-date symlink: /home/usuario/Robotica/ros2_ws/install/webots_ros2_msgs/include/webots_ros2_msgs/webots_ros2_msgs/msg/detail/bool_stamped__rosidl_typesupport_introspection_cpp.hpp
[1.069s] -- Up-to-date symlink: /home/usuario/Robotica/ros2_ws/install/webots_ros2_msgs/include/webots_ros2_msgs/webots_ros2_msgs/msg/detail/camera_recognition_object__rosidl_typesupport_introspection_cpp.hpp
[1.069s] -- Up-to-date symlink: /home/usuario/Robotica/ros2_ws/install/webots_ros2_msgs/include/webots_ros2_msgs/webots_ros2_msgs/msg/detail/camera_recognition_objects__rosidl_typesupport_introspection_cpp.hpp
[1.069s] -- Up-to-date symlink: /home/usuario/Robotica/ros2_ws/install/webots_ros2_msgs/include/webots_ros2_msgs/webots_ros2_msgs/msg/detail/float_stamped__rosidl_typesupport_introspection_cpp.hpp
[1.069s] -- Up-to-date symlink: /home/usuario/Robotica/ros2_ws/install/webots_ros2_msgs/include/webots_ros2_msgs/webots_ros2_msgs/msg/detail/pen_ink_properties__rosidl_typesupport_introspection_cpp.hpp
[1.069s] -- Up-to-date symlink: /home/usuario/Robotica/ros2_ws/install/webots_ros2_msgs/include/webots_ros2_msgs/webots_ros2_msgs/msg/detail/string_stamped__rosidl_typesupport_introspection_cpp.hpp
[1.069s] -- Up-to-date symlink: /home/usuario/Robotica/ros2_ws/install/webots_ros2_msgs/include/webots_ros2_msgs/webots_ros2_msgs/msg/detail/urdf_robot__rosidl_typesupport_introspection_cpp.hpp
[1.070s] -- Up-to-date symlink: /home/usuario/Robotica/ros2_ws/install/webots_ros2_msgs/include/webots_ros2_msgs/webots_ros2_msgs/srv/detail/emitter_send_string__rosidl_typesupport_introspection_cpp.hpp
[1.070s] -- Up-to-date symlink: /home/usuario/Robotica/ros2_ws/install/webots_ros2_msgs/include/webots_ros2_msgs/webots_ros2_msgs/srv/detail/get_bool__rosidl_typesupport_introspection_cpp.hpp
[1.070s] -- Up-to-date symlink: /home/usuario/Robotica/ros2_ws/install/webots_ros2_msgs/include/webots_ros2_msgs/webots_ros2_msgs/srv/detail/set_string__rosidl_typesupport_introspection_cpp.hpp
[1.070s] -- Up-to-date symlink: /home/usuario/Robotica/ros2_ws/install/webots_ros2_msgs/include/webots_ros2_msgs/webots_ros2_msgs/srv/detail/spawn_node_from_string__rosidl_typesupport_introspection_cpp.hpp
[1.070s] -- Up-to-date symlink: /home/usuario/Robotica/ros2_ws/install/webots_ros2_msgs/include/webots_ros2_msgs/webots_ros2_msgs/srv/detail/spawn_urdf_robot__rosidl_typesupport_introspection_cpp.hpp
[1.070s] -- Up-to-date symlink: /home/usuario/Robotica/ros2_ws/install/webots_ros2_msgs/share/webots_ros2_msgs/environment/pythonpath.sh
[1.070s] -- Up-to-date symlink: /home/usuario/Robotica/ros2_ws/install/webots_ros2_msgs/share/webots_ros2_msgs/environment/pythonpath.dsv
[1.070s] -- Up-to-date symlink: /home/usuario/Robotica/ros2_ws/install/webots_ros2_msgs/lib/python3.12/site-packages/webots_ros2_msgs-2025.0.1-py3.12.egg-info/PKG-INFO
[1.070s] -- Up-to-date symlink: /home/usuario/Robotica/ros2_ws/install/webots_ros2_msgs/lib/python3.12/site-packages/webots_ros2_msgs-2025.0.1-py3.12.egg-info/SOURCES.txt
[1.070s] -- Up-to-date symlink: /home/usuario/Robotica/ros2_ws/install/webots_ros2_msgs/lib/python3.12/site-packages/webots_ros2_msgs-2025.0.1-py3.12.egg-info/dependency_links.txt
[1.070s] -- Up-to-date symlink: /home/usuario/Robotica/ros2_ws/install/webots_ros2_msgs/lib/python3.12/site-packages/webots_ros2_msgs-2025.0.1-py3.12.egg-info/top_level.txt
[1.070s] -- Up-to-date symlink: /home/usuario/Robotica/ros2_ws/install/webots_ros2_msgs/lib/python3.12/site-packages/webots_ros2_msgs/__init__.py
[1.070s] -- Up-to-date symlink: /home/usuario/Robotica/ros2_ws/install/webots_ros2_msgs/lib/python3.12/site-packages/webots_ros2_msgs/_webots_ros2_msgs_s.ep.rosidl_typesupport_c.c
[1.070s] -- Up-to-date symlink: /home/usuario/Robotica/ros2_ws/install/webots_ros2_msgs/lib/python3.12/site-packages/webots_ros2_msgs/_webots_ros2_msgs_s.ep.rosidl_typesupport_fastrtps_c.c
[1.070s] -- Up-to-date symlink: /home/usuario/Robotica/ros2_ws/install/webots_ros2_msgs/lib/python3.12/site-packages/webots_ros2_msgs/_webots_ros2_msgs_s.ep.rosidl_typesupport_introspection_c.c
[1.070s] -- Up-to-date symlink: /home/usuario/Robotica/ros2_ws/install/webots_ros2_msgs/lib/python3.12/site-packages/webots_ros2_msgs/msg/__init__.py
[1.070s] -- Up-to-date symlink: /home/usuario/Robotica/ros2_ws/install/webots_ros2_msgs/lib/python3.12/site-packages/webots_ros2_msgs/msg/_bool_stamped.py
[1.070s] -- Up-to-date symlink: /home/usuario/Robotica/ros2_ws/install/webots_ros2_msgs/lib/python3.12/site-packages/webots_ros2_msgs/msg/_bool_stamped_s.c
[1.070s] -- Up-to-date symlink: /home/usuario/Robotica/ros2_ws/install/webots_ros2_msgs/lib/python3.12/site-packages/webots_ros2_msgs/msg/_camera_recognition_object.py
[1.070s] -- Up-to-date symlink: /home/usuario/Robotica/ros2_ws/install/webots_ros2_msgs/lib/python3.12/site-packages/webots_ros2_msgs/msg/_camera_recognition_object_s.c
[1.070s] -- Up-to-date symlink: /home/usuario/Robotica/ros2_ws/install/webots_ros2_msgs/lib/python3.12/site-packages/webots_ros2_msgs/msg/_camera_recognition_objects.py
[1.070s] -- Up-to-date symlink: /home/usuario/Robotica/ros2_ws/install/webots_ros2_msgs/lib/python3.12/site-packages/webots_ros2_msgs/msg/_camera_recognition_objects_s.c
[1.070s] -- Up-to-date symlink: /home/usuario/Robotica/ros2_ws/install/webots_ros2_msgs/lib/python3.12/site-packages/webots_ros2_msgs/msg/_float_stamped.py
[1.071s] -- Up-to-date symlink: /home/usuario/Robotica/ros2_ws/install/webots_ros2_msgs/lib/python3.12/site-packages/webots_ros2_msgs/msg/_float_stamped_s.c
[1.071s] -- Up-to-date symlink: /home/usuario/Robotica/ros2_ws/install/webots_ros2_msgs/lib/python3.12/site-packages/webots_ros2_msgs/msg/_pen_ink_properties.py
[1.071s] -- Up-to-date symlink: /home/usuario/Robotica/ros2_ws/install/webots_ros2_msgs/lib/python3.12/site-packages/webots_ros2_msgs/msg/_pen_ink_properties_s.c
[1.071s] -- Up-to-date symlink: /home/usuario/Robotica/ros2_ws/install/webots_ros2_msgs/lib/python3.12/site-packages/webots_ros2_msgs/msg/_string_stamped.py
[1.071s] -- Up-to-date symlink: /home/usuario/Robotica/ros2_ws/install/webots_ros2_msgs/lib/python3.12/site-packages/webots_ros2_msgs/msg/_string_stamped_s.c
[1.071s] -- Up-to-date symlink: /home/usuario/Robotica/ros2_ws/install/webots_ros2_msgs/lib/python3.12/site-packages/webots_ros2_msgs/msg/_urdf_robot.py
[1.071s] -- Up-to-date symlink: /home/usuario/Robotica/ros2_ws/install/webots_ros2_msgs/lib/python3.12/site-packages/webots_ros2_msgs/msg/_urdf_robot_s.c
[1.071s] -- Up-to-date symlink: /home/usuario/Robotica/ros2_ws/install/webots_ros2_msgs/lib/python3.12/site-packages/webots_ros2_msgs/srv/__init__.py
[1.071s] -- Up-to-date symlink: /home/usuario/Robotica/ros2_ws/install/webots_ros2_msgs/lib/python3.12/site-packages/webots_ros2_msgs/srv/_emitter_send_string.py
[1.071s] -- Up-to-date symlink: /home/usuario/Robotica/ros2_ws/install/webots_ros2_msgs/lib/python3.12/site-packages/webots_ros2_msgs/srv/_emitter_send_string_s.c
[1.071s] -- Up-to-date symlink: /home/usuario/Robotica/ros2_ws/install/webots_ros2_msgs/lib/python3.12/site-packages/webots_ros2_msgs/srv/_get_bool.py
[1.071s] -- Up-to-date symlink: /home/usuario/Robotica/ros2_ws/install/webots_ros2_msgs/lib/python3.12/site-packages/webots_ros2_msgs/srv/_get_bool_s.c
[1.071s] -- Up-to-date symlink: /home/usuario/Robotica/ros2_ws/install/webots_ros2_msgs/lib/python3.12/site-packages/webots_ros2_msgs/srv/_set_string.py
[1.071s] -- Up-to-date symlink: /home/usuario/Robotica/ros2_ws/install/webots_ros2_msgs/lib/python3.12/site-packages/webots_ros2_msgs/srv/_set_string_s.c
[1.071s] -- Up-to-date symlink: /home/usuario/Robotica/ros2_ws/install/webots_ros2_msgs/lib/python3.12/site-packages/webots_ros2_msgs/srv/_spawn_node_from_string.py
[1.071s] -- Up-to-date symlink: /home/usuario/Robotica/ros2_ws/install/webots_ros2_msgs/lib/python3.12/site-packages/webots_ros2_msgs/srv/_spawn_node_from_string_s.c
[1.071s] -- Up-to-date symlink: /home/usuario/Robotica/ros2_ws/install/webots_ros2_msgs/lib/python3.12/site-packages/webots_ros2_msgs/srv/_spawn_urdf_robot.py
[1.071s] -- Up-to-date symlink: /home/usuario/Robotica/ros2_ws/install/webots_ros2_msgs/lib/python3.12/site-packages/webots_ros2_msgs/srv/_spawn_urdf_robot_s.c
[1.071s] -- Up-to-date symlink: /home/usuario/Robotica/ros2_ws/install/webots_ros2_msgs/lib/python3.12/site-packages/webots_ros2_msgs/webots_ros2_msgs_s__rosidl_typesupport_c.so
[1.071s] -- Up-to-date symlink: /home/usuario/Robotica/ros2_ws/install/webots_ros2_msgs/lib/python3.12/site-packages/webots_ros2_msgs/webots_ros2_msgs_s__rosidl_typesupport_fastrtps_c.so
[1.071s] -- Up-to-date symlink: /home/usuario/Robotica/ros2_ws/install/webots_ros2_msgs/lib/python3.12/site-packages/webots_ros2_msgs/webots_ros2_msgs_s__rosidl_typesupport_introspection_c.so
[1.071s] -- Up-to-date symlink: /home/usuario/Robotica/ros2_ws/install/webots_ros2_msgs/lib/python3.12/site-packages/webots_ros2_msgs/webots_ros2_msgs_s__rosidl_typesupport_fastrtps_c.so
[1.071s] -- Up-to-date symlink: /home/usuario/Robotica/ros2_ws/install/webots_ros2_msgs/lib/python3.12/site-packages/webots_ros2_msgs/webots_ros2_msgs_s__rosidl_typesupport_introspection_c.so
[1.071s] -- Up-to-date symlink: /home/usuario/Robotica/ros2_ws/install/webots_ros2_msgs/lib/python3.12/site-packages/webots_ros2_msgs/webots_ros2_msgs_s__rosidl_typesupport_c.so
[1.072s] -- Up-to-date symlink: /home/usuario/Robotica/ros2_ws/install/webots_ros2_msgs/share/webots_ros2_msgs/msg/BoolStamped.idl
[1.072s] -- Up-to-date symlink: /home/usuario/Robotica/ros2_ws/install/webots_ros2_msgs/share/webots_ros2_msgs/msg/FloatStamped.idl
[1.072s] -- Up-to-date symlink: /home/usuario/Robotica/ros2_ws/install/webots_ros2_msgs/share/webots_ros2_msgs/msg/StringStamped.idl
[1.072s] -- Up-to-date symlink: /home/usuario/Robotica/ros2_ws/install/webots_ros2_msgs/share/webots_ros2_msgs/msg/CameraRecognitionObject.idl
[1.072s] -- Up-to-date symlink: /home/usuario/Robotica/ros2_ws/install/webots_ros2_msgs/share/webots_ros2_msgs/msg/CameraRecognitionObjects.idl
[1.072s] -- Up-to-date symlink: /home/usuario/Robotica/ros2_ws/install/webots_ros2_msgs/share/webots_ros2_msgs/msg/UrdfRobot.idl
[1.072s] -- Up-to-date symlink: /home/usuario/Robotica/ros2_ws/install/webots_ros2_msgs/share/webots_ros2_msgs/msg/PenInkProperties.idl
[1.072s] -- Up-to-date symlink: /home/usuario/Robotica/ros2_ws/install/webots_ros2_msgs/share/webots_ros2_msgs/srv/EmitterSendString.idl
[1.072s] -- Up-to-date symlink: /home/usuario/Robotica/ros2_ws/install/webots_ros2_msgs/share/webots_ros2_msgs/srv/GetBool.idl
[1.072s] -- Up-to-date symlink: /home/usuario/Robotica/ros2_ws/install/webots_ros2_msgs/share/webots_ros2_msgs/srv/SetString.idl
[1.072s] -- Up-to-date symlink: /home/usuario/Robotica/ros2_ws/install/webots_ros2_msgs/share/webots_ros2_msgs/srv/SpawnNodeFromString.idl
[1.072s] -- Up-to-date symlink: /home/usuario/Robotica/ros2_ws/install/webots_ros2_msgs/share/webots_ros2_msgs/srv/SpawnUrdfRobot.idl
[1.072s] -- Up-to-date symlink: /home/usuario/Robotica/ros2_ws/install/webots_ros2_msgs/share/webots_ros2_msgs/msg/BoolStamped.msg
[1.072s] -- Up-to-date symlink: /home/usuario/Robotica/ros2_ws/install/webots_ros2_msgs/share/webots_ros2_msgs/msg/FloatStamped.msg
[1.072s] -- Up-to-date symlink: /home/usuario/Robotica/ros2_ws/install/webots_ros2_msgs/share/webots_ros2_msgs/msg/StringStamped.msg
[1.072s] -- Up-to-date symlink: /home/usuario/Robotica/ros2_ws/install/webots_ros2_msgs/share/webots_ros2_msgs/msg/CameraRecognitionObject.msg
[1.072s] -- Up-to-date symlink: /home/usuario/Robotica/ros2_ws/install/webots_ros2_msgs/share/webots_ros2_msgs/msg/CameraRecognitionObjects.msg
[1.072s] -- Up-to-date symlink: /home/usuario/Robotica/ros2_ws/install/webots_ros2_msgs/share/webots_ros2_msgs/msg/UrdfRobot.msg
[1.072s] -- Up-to-date symlink: /home/usuario/Robotica/ros2_ws/install/webots_ros2_msgs/share/webots_ros2_msgs/msg/PenInkProperties.msg
[1.072s] -- Up-to-date symlink: /home/usuario/Robotica/ros2_ws/install/webots_ros2_msgs/share/webots_ros2_msgs/srv/EmitterSendString.srv
[1.072s] -- Up-to-date symlink: /home/usuario/Robotica/ros2_ws/install/webots_ros2_msgs/share/webots_ros2_msgs/srv/GetBool.srv
[1.073s] -- Up-to-date symlink: /home/usuario/Robotica/ros2_ws/install/webots_ros2_msgs/share/webots_ros2_msgs/srv/SetString.srv
[1.073s] -- Up-to-date symlink: /home/usuario/Robotica/ros2_ws/install/webots_ros2_msgs/share/webots_ros2_msgs/srv/SpawnNodeFromString.srv
[1.073s] -- Up-to-date symlink: /home/usuario/Robotica/ros2_ws/install/webots_ros2_msgs/share/webots_ros2_msgs/srv/SpawnUrdfRobot.srv
[1.074s] -- Up-to-date symlink: /home/usuario/Robotica/ros2_ws/install/webots_ros2_msgs/share/ament_index/resource_index/package_run_dependencies/webots_ros2_msgs
[1.074s] -- Up-to-date symlink: /home/usuario/Robotica/ros2_ws/install/webots_ros2_msgs/share/ament_index/resource_index/parent_prefix_path/webots_ros2_msgs
[1.074s] -- Up-to-date symlink: /home/usuario/Robotica/ros2_ws/install/webots_ros2_msgs/share/webots_ros2_msgs/environment/ament_prefix_path.sh
[1.074s] -- Up-to-date symlink: /home/usuario/Robotica/ros2_ws/install/webots_ros2_msgs/share/webots_ros2_msgs/environment/ament_prefix_path.dsv
[1.074s] -- Up-to-date symlink: /home/usuario/Robotica/ros2_ws/install/webots_ros2_msgs/share/webots_ros2_msgs/environment/path.sh
[1.074s] -- Up-to-date symlink: /home/usuario/Robotica/ros2_ws/install/webots_ros2_msgs/share/webots_ros2_msgs/environment/path.dsv
[1.074s] -- Up-to-date symlink: /home/usuario/Robotica/ros2_ws/install/webots_ros2_msgs/share/webots_ros2_msgs/local_setup.bash
[1.075s] -- Up-to-date symlink: /home/usuario/Robotica/ros2_ws/install/webots_ros2_msgs/share/webots_ros2_msgs/local_setup.sh
[1.075s] -- Up-to-date symlink: /home/usuario/Robotica/ros2_ws/install/webots_ros2_msgs/share/webots_ros2_msgs/local_setup.zsh
[1.075s] -- Up-to-date symlink: /home/usuario/Robotica/ros2_ws/install/webots_ros2_msgs/share/webots_ros2_msgs/local_setup.dsv
[1.075s] -- Symlinking: /home/usuario/Robotica/ros2_ws/install/webots_ros2_msgs/share/webots_ros2_msgs/package.dsv
[1.086s] -- Up-to-date symlink: /home/usuario/Robotica/ros2_ws/install/webots_ros2_msgs/share/ament_index/resource_index/packages/webots_ros2_msgs
[1.091s] -- Up-to-date symlink: /home/usuario/Robotica/ros2_ws/install/webots_ros2_msgs/share/webots_ros2_msgs/cmake/rosidl_cmake-extras.cmake
[1.091s] -- Up-to-date symlink: /home/usuario/Robotica/ros2_ws/install/webots_ros2_msgs/share/webots_ros2_msgs/cmake/ament_cmake_export_dependencies-extras.cmake
[1.091s] -- Up-to-date symlink: /home/usuario/Robotica/ros2_ws/install/webots_ros2_msgs/share/webots_ros2_msgs/cmake/ament_cmake_export_include_directories-extras.cmake
[1.091s] -- Up-to-date symlink: /home/usuario/Robotica/ros2_ws/install/webots_ros2_msgs/share/webots_ros2_msgs/cmake/ament_cmake_export_libraries-extras.cmake
[1.091s] -- Up-to-date symlink: /home/usuario/Robotica/ros2_ws/install/webots_ros2_msgs/share/webots_ros2_msgs/cmake/ament_cmake_export_targets-extras.cmake
[1.091s] -- Up-to-date symlink: /home/usuario/Robotica/ros2_ws/install/webots_ros2_msgs/share/webots_ros2_msgs/cmake/rosidl_cmake_export_typesupport_targets-extras.cmake
[1.091s] -- Up-to-date symlink: /home/usuario/Robotica/ros2_ws/install/webots_ros2_msgs/share/webots_ros2_msgs/cmake/rosidl_cmake_export_typesupport_libraries-extras.cmake
[1.092s] -- Up-to-date symlink: /home/usuario/Robotica/ros2_ws/install/webots_ros2_msgs/share/webots_ros2_msgs/cmake/webots_ros2_msgsConfig.cmake
[1.095s] -- Up-to-date symlink: /home/usuario/Robotica/ros2_ws/install/webots_ros2_msgs/share/webots_ros2_msgs/cmake/webots_ros2_msgsConfig-version.cmake
[1.095s] -- Up-to-date symlink: /home/usuario/Robotica/ros2_ws/install/webots_ros2_msgs/share/webots_ros2_msgs/package.xml
[1.095s] -- Up-to-date: /home/usuario/Robotica/ros2_ws/install/webots_ros2_msgs/lib/libwebots_ros2_msgs__rosidl_generator_c.so
[1.100s] -- Up-to-date: /home/usuario/Robotica/ros2_ws/install/webots_ros2_msgs/lib/libwebots_ros2_msgs__rosidl_typesupport_fastrtps_c.so
[1.100s] -- Up-to-date: /home/usuario/Robotica/ros2_ws/install/webots_ros2_msgs/lib/libwebots_ros2_msgs__rosidl_typesupport_fastrtps_cpp.so
[1.100s] -- Up-to-date: /home/usuario/Robotica/ros2_ws/install/webots_ros2_msgs/lib/libwebots_ros2_msgs__rosidl_typesupport_introspection_c.so
[1.100s] -- Up-to-date: /home/usuario/Robotica/ros2_ws/install/webots_ros2_msgs/lib/libwebots_ros2_msgs__rosidl_typesupport_c.so
[1.100s] -- Up-to-date: /home/usuario/Robotica/ros2_ws/install/webots_ros2_msgs/lib/libwebots_ros2_msgs__rosidl_typesupport_introspection_cpp.so
[1.101s] -- Up-to-date: /home/usuario/Robotica/ros2_ws/install/webots_ros2_msgs/lib/libwebots_ros2_msgs__rosidl_typesupport_cpp.so
[1.149s] Listing '/home/usuario/Robotica/ros2_ws/install/webots_ros2_msgs/lib/python3.12/site-packages/webots_ros2_msgs'...
[1.149s] Listing '/home/usuario/Robotica/ros2_ws/install/webots_ros2_msgs/lib/python3.12/site-packages/webots_ros2_msgs/msg'...
[1.149s] Listing '/home/usuario/Robotica/ros2_ws/install/webots_ros2_msgs/lib/python3.12/site-packages/webots_ros2_msgs/srv'...
[1.156s] -- Up-to-date: /home/usuario/Robotica/ros2_ws/install/webots_ros2_msgs/lib/libwebots_ros2_msgs__rosidl_generator_py.so
[1.156s] -- Up-to-date: /home/usuario/Robotica/ros2_ws/install/webots_ros2_msgs/share/webots_ros2_msgs/cmake/export_webots_ros2_msgs__rosidl_generator_cExport.cmake
[1.157s] -- Up-to-date: /home/usuario/Robotica/ros2_ws/install/webots_ros2_msgs/share/webots_ros2_msgs/cmake/export_webots_ros2_msgs__rosidl_generator_cExport-noconfig.cmake
[1.157s] -- Up-to-date: /home/usuario/Robotica/ros2_ws/install/webots_ros2_msgs/share/webots_ros2_msgs/cmake/export_webots_ros2_msgs__rosidl_typesupport_fastrtps_cExport.cmake
[1.158s] -- Up-to-date: /home/usuario/Robotica/ros2_ws/install/webots_ros2_msgs/share/webots_ros2_msgs/cmake/export_webots_ros2_msgs__rosidl_typesupport_fastrtps_cExport-noconfig.cmake
[1.158s] -- Up-to-date: /home/usuario/Robotica/ros2_ws/install/webots_ros2_msgs/share/webots_ros2_msgs/cmake/export_webots_ros2_msgs__rosidl_generator_cppExport.cmake
[1.158s] -- Up-to-date: /home/usuario/Robotica/ros2_ws/install/webots_ros2_msgs/share/webots_ros2_msgs/cmake/export_webots_ros2_msgs__rosidl_typesupport_fastrtps_cppExport.cmake
[1.159s] -- Up-to-date: /home/usuario/Robotica/ros2_ws/install/webots_ros2_msgs/share/webots_ros2_msgs/cmake/export_webots_ros2_msgs__rosidl_typesupport_fastrtps_cppExport-noconfig.cmake
[1.159s] -- Up-to-date: /home/usuario/Robotica/ros2_ws/install/webots_ros2_msgs/share/webots_ros2_msgs/cmake/webots_ros2_msgs__rosidl_typesupport_introspection_cExport.cmake
[1.159s] -- Up-to-date: /home/usuario/Robotica/ros2_ws/install/webots_ros2_msgs/share/webots_ros2_msgs/cmake/webots_ros2_msgs__rosidl_typesupport_introspection_cExport-noconfig.cmake
[1.159s] -- Up-to-date: /home/usuario/Robotica/ros2_ws/install/webots_ros2_msgs/share/webots_ros2_msgs/cmake/webots_ros2_msgs__rosidl_typesupport_cExport.cmake
[1.160s] -- Up-to-date: /home/usuario/Robotica/ros2_ws/install/webots_ros2_msgs/share/webots_ros2_msgs/cmake/webots_ros2_msgs__rosidl_typesupport_cExport-noconfig.cmake
[1.160s] -- Up-to-date: /home/usuario/Robotica/ros2_ws/install/webots_ros2_msgs/share/webots_ros2_msgs/cmake/webots_ros2_msgs__rosidl_typesupport_introspection_cppExport.cmake
[1.160s] -- Up-to-date: /home/usuario/Robotica/ros2_ws/install/webots_ros2_msgs/share/webots_ros2_msgs/cmake/webots_ros2_msgs__rosidl_typesupport_introspection_cppExport-noconfig.cmake
[1.160s] -- Up-to-date: /home/usuario/Robotica/ros2_ws/install/webots_ros2_msgs/share/webots_ros2_msgs/cmake/webots_ros2_msgs__rosidl_typesupport_cppExport.cmake
[1.160s] -- Up-to-date: /home/usuario/Robotica/ros2_ws/install/webots_ros2_msgs/share/webots_ros2_msgs/cmake/webots_ros2_msgs__rosidl_typesupport_cppExport-noconfig.cmake
[1.160s] -- Up-to-date: /home/usuario/Robotica/ros2_ws/install/webots_ros2_msgs/share/webots_ros2_msgs/cmake/export_webots_ros2_msgs__rosidl_generator_pyExport.cmake
[1.161s] -- Up-to-date: /home/usuario/Robotica/ros2_ws/install/webots_ros2_msgs/share/webots_ros2_msgs/cmake/export_webots_ros2_msgs__rosidl_generator_pyExport-noconfig.cmake
[1.164s] Invoked command in '/home/usuario/Robotica/ros2_ws/build/webots_ros2_msgs' returned '0': CMAKE_PREFIX_PATH=${CMAKE_PREFIX_PATH}:/opt/ros/jazzy DEBUGINFOD_URLS=https://debuginfod.ubuntu.com /usr/bin/cmake --install /home/usuario/Robotica/ros2_ws/build/webots_ros2_msgs
