[2.315s] Invoking command in '/home/usuario/Robotica/ros2_ws/build/webots_ros2_control': AMENT_PREFIX_PATH=/home/usuario/Robotica/ros2_ws/install/webots_ros2_driver:/home/usuario/Robotica/ros2_ws/install/webots_ros2_msgs:/home/usuario/Robotica/ros2_ws/install/webots_ros2_importer:${AMENT_PREFIX_PATH} CMAKE_PREFIX_PATH=/home/usuario/Robotica/ros2_ws/install/webots_ros2_driver:/home/usuario/Robotica/ros2_ws/install/webots_ros2_msgs:/opt/ros/jazzy/opt/sdformat_vendor:/opt/ros/jazzy/opt/gz_math_vendor:/opt/ros/jazzy/opt/gz_utils_vendor:/opt/ros/jazzy/opt/gz_tools_vendor:/opt/ros/jazzy/opt/gz_cmake_vendor:/opt/ros/jazzy DEBUGINFOD_URLS=https://debuginfod.ubuntu.com LD_LIBRARY_PATH=/home/usuario/Robotica/ros2_ws/install/webots_ros2_driver/lib:/home/usuario/Robotica/ros2_ws/install/webots_ros2_msgs/lib:${LD_LIBRARY_PATH} PYTHONPATH=/home/usuario/Robotica/ros2_ws/install/webots_ros2_driver/lib/python3.12/site-packages:/home/usuario/Robotica/ros2_ws/install/webots_ros2_msgs/lib/python3.12/site-packages:/home/usuario/Robotica/ros2_ws/build/webots_ros2_importer:/home/usuario/Robotica/ros2_ws/install/webots_ros2_importer/lib/python3.12/site-packages:${PYTHONPATH} /usr/bin/cmake --build /home/usuario/Robotica/ros2_ws/build/webots_ros2_control -- -j10 -l10
[2.981s] [ 25%] [32m[1mLinking CXX shared library libwebots_ros2_control.so[0m
[2.989s] [ 50%] [32m[1mLinking CXX shared library libwebots_ros2_control_system.so[0m
[3.411s] [ 75%] Built target webots_ros2_control_system
[3.531s] [100%] Built target webots_ros2_control
[3.787s] Invoked command in '/home/usuario/Robotica/ros2_ws/build/webots_ros2_control' returned '0': AMENT_PREFIX_PATH=/home/usuario/Robotica/ros2_ws/install/webots_ros2_driver:/home/usuario/Robotica/ros2_ws/install/webots_ros2_msgs:/home/usuario/Robotica/ros2_ws/install/webots_ros2_importer:${AMENT_PREFIX_PATH} CMAKE_PREFIX_PATH=/home/usuario/Robotica/ros2_ws/install/webots_ros2_driver:/home/usuario/Robotica/ros2_ws/install/webots_ros2_msgs:/opt/ros/jazzy/opt/sdformat_vendor:/opt/ros/jazzy/opt/gz_math_vendor:/opt/ros/jazzy/opt/gz_utils_vendor:/opt/ros/jazzy/opt/gz_tools_vendor:/opt/ros/jazzy/opt/gz_cmake_vendor:/opt/ros/jazzy DEBUGINFOD_URLS=https://debuginfod.ubuntu.com LD_LIBRARY_PATH=/home/usuario/Robotica/ros2_ws/install/webots_ros2_driver/lib:/home/usuario/Robotica/ros2_ws/install/webots_ros2_msgs/lib:${LD_LIBRARY_PATH} PYTHONPATH=/home/usuario/Robotica/ros2_ws/install/webots_ros2_driver/lib/python3.12/site-packages:/home/usuario/Robotica/ros2_ws/install/webots_ros2_msgs/lib/python3.12/site-packages:/home/usuario/Robotica/ros2_ws/build/webots_ros2_importer:/home/usuario/Robotica/ros2_ws/install/webots_ros2_importer/lib/python3.12/site-packages:${PYTHONPATH} /usr/bin/cmake --build /home/usuario/Robotica/ros2_ws/build/webots_ros2_control -- -j10 -l10
[3.800s] Invoking command in '/home/usuario/Robotica/ros2_ws/build/webots_ros2_control': AMENT_PREFIX_PATH=/home/usuario/Robotica/ros2_ws/install/webots_ros2_driver:/home/usuario/Robotica/ros2_ws/install/webots_ros2_msgs:/home/usuario/Robotica/ros2_ws/install/webots_ros2_importer:${AMENT_PREFIX_PATH} CMAKE_PREFIX_PATH=/home/usuario/Robotica/ros2_ws/install/webots_ros2_driver:/home/usuario/Robotica/ros2_ws/install/webots_ros2_msgs:/opt/ros/jazzy/opt/sdformat_vendor:/opt/ros/jazzy/opt/gz_math_vendor:/opt/ros/jazzy/opt/gz_utils_vendor:/opt/ros/jazzy/opt/gz_tools_vendor:/opt/ros/jazzy/opt/gz_cmake_vendor:/opt/ros/jazzy DEBUGINFOD_URLS=https://debuginfod.ubuntu.com LD_LIBRARY_PATH=/home/usuario/Robotica/ros2_ws/install/webots_ros2_driver/lib:/home/usuario/Robotica/ros2_ws/install/webots_ros2_msgs/lib:${LD_LIBRARY_PATH} PYTHONPATH=/home/usuario/Robotica/ros2_ws/install/webots_ros2_driver/lib/python3.12/site-packages:/home/usuario/Robotica/ros2_ws/install/webots_ros2_msgs/lib/python3.12/site-packages:/home/usuario/Robotica/ros2_ws/build/webots_ros2_importer:/home/usuario/Robotica/ros2_ws/install/webots_ros2_importer/lib/python3.12/site-packages:${PYTHONPATH} /usr/bin/cmake --install /home/usuario/Robotica/ros2_ws/build/webots_ros2_control
[3.853s] -- Install configuration: ""
[3.859s] -- Execute custom install script
[3.859s] -- Up-to-date symlink: /home/usuario/Robotica/ros2_ws/install/webots_ros2_control/share/webots_ros2_control//webots_ros2_control.xml
[3.859s] -- Up-to-date symlink: /home/usuario/Robotica/ros2_ws/install/webots_ros2_control/share/webots_ros2_control//webots_ros2_control_system.xml
[3.860s] -- Up-to-date symlink: /home/usuario/Robotica/ros2_ws/install/webots_ros2_control/lib/libwebots_ros2_control.so
[3.860s] -- Up-to-date symlink: /home/usuario/Robotica/ros2_ws/install/webots_ros2_control/lib/libwebots_ros2_control_system.so
[3.860s] -- Up-to-date symlink: /home/usuario/Robotica/ros2_ws/install/webots_ros2_control/include/webots_ros2_control/Ros2Control.hpp
[3.860s] -- Up-to-date symlink: /home/usuario/Robotica/ros2_ws/install/webots_ros2_control/include/webots_ros2_control/Ros2ControlSystem.hpp
[3.861s] -- Up-to-date symlink: /home/usuario/Robotica/ros2_ws/install/webots_ros2_control/include/webots_ros2_control/Ros2ControlSystemInterface.hpp
[3.862s] -- Up-to-date symlink: /home/usuario/Robotica/ros2_ws/install/webots_ros2_control/share/webots_ros2_control/environment/library_path.sh
[3.862s] -- Up-to-date symlink: /home/usuario/Robotica/ros2_ws/install/webots_ros2_control/share/webots_ros2_control/environment/library_path.dsv
[3.862s] -- Up-to-date symlink: /home/usuario/Robotica/ros2_ws/install/webots_ros2_control/share/ament_index/resource_index/package_run_dependencies/webots_ros2_control
[3.862s] -- Up-to-date symlink: /home/usuario/Robotica/ros2_ws/install/webots_ros2_control/share/ament_index/resource_index/parent_prefix_path/webots_ros2_control
[3.862s] -- Up-to-date symlink: /home/usuario/Robotica/ros2_ws/install/webots_ros2_control/share/webots_ros2_control/environment/ament_prefix_path.sh
[3.862s] -- Up-to-date symlink: /home/usuario/Robotica/ros2_ws/install/webots_ros2_control/share/webots_ros2_control/environment/ament_prefix_path.dsv
[3.863s] -- Up-to-date symlink: /home/usuario/Robotica/ros2_ws/install/webots_ros2_control/share/webots_ros2_control/environment/path.sh
[3.863s] -- Up-to-date symlink: /home/usuario/Robotica/ros2_ws/install/webots_ros2_control/share/webots_ros2_control/environment/path.dsv
[3.863s] -- Up-to-date symlink: /home/usuario/Robotica/ros2_ws/install/webots_ros2_control/share/webots_ros2_control/local_setup.bash
[3.865s] -- Up-to-date symlink: /home/usuario/Robotica/ros2_ws/install/webots_ros2_control/share/webots_ros2_control/local_setup.sh
[3.865s] -- Up-to-date symlink: /home/usuario/Robotica/ros2_ws/install/webots_ros2_control/share/webots_ros2_control/local_setup.zsh
[3.865s] -- Up-to-date symlink: /home/usuario/Robotica/ros2_ws/install/webots_ros2_control/share/webots_ros2_control/local_setup.dsv
[3.866s] -- Symlinking: /home/usuario/Robotica/ros2_ws/install/webots_ros2_control/share/webots_ros2_control/package.dsv
[3.894s] -- Up-to-date symlink: /home/usuario/Robotica/ros2_ws/install/webots_ros2_control/share/ament_index/resource_index/packages/webots_ros2_control
[3.894s] -- Up-to-date symlink: /home/usuario/Robotica/ros2_ws/install/webots_ros2_control/share/ament_index/resource_index/webots_ros2_driver__pluginlib__plugin/webots_ros2_control
[3.895s] -- Up-to-date symlink: /home/usuario/Robotica/ros2_ws/install/webots_ros2_control/share/ament_index/resource_index/webots_ros2_control__pluginlib__plugin/webots_ros2_control
[3.895s] -- Up-to-date symlink: /home/usuario/Robotica/ros2_ws/install/webots_ros2_control/share/webots_ros2_control/cmake/ament_cmake_export_include_directories-extras.cmake
[3.896s] -- Up-to-date symlink: /home/usuario/Robotica/ros2_ws/install/webots_ros2_control/share/webots_ros2_control/cmake/ament_cmake_export_dependencies-extras.cmake
[3.896s] -- Up-to-date symlink: /home/usuario/Robotica/ros2_ws/install/webots_ros2_control/share/webots_ros2_control/cmake/ament_cmake_export_libraries-extras.cmake
[3.896s] -- Up-to-date symlink: /home/usuario/Robotica/ros2_ws/install/webots_ros2_control/share/webots_ros2_control/cmake/webots_ros2_controlConfig.cmake
[3.896s] -- Up-to-date symlink: /home/usuario/Robotica/ros2_ws/install/webots_ros2_control/share/webots_ros2_control/cmake/webots_ros2_controlConfig-version.cmake
[3.896s] -- Up-to-date symlink: /home/usuario/Robotica/ros2_ws/install/webots_ros2_control/share/webots_ros2_control/package.xml
[3.900s] Invoked command in '/home/usuario/Robotica/ros2_ws/build/webots_ros2_control' returned '0': AMENT_PREFIX_PATH=/home/usuario/Robotica/ros2_ws/install/webots_ros2_driver:/home/usuario/Robotica/ros2_ws/install/webots_ros2_msgs:/home/usuario/Robotica/ros2_ws/install/webots_ros2_importer:${AMENT_PREFIX_PATH} CMAKE_PREFIX_PATH=/home/usuario/Robotica/ros2_ws/install/webots_ros2_driver:/home/usuario/Robotica/ros2_ws/install/webots_ros2_msgs:/opt/ros/jazzy/opt/sdformat_vendor:/opt/ros/jazzy/opt/gz_math_vendor:/opt/ros/jazzy/opt/gz_utils_vendor:/opt/ros/jazzy/opt/gz_tools_vendor:/opt/ros/jazzy/opt/gz_cmake_vendor:/opt/ros/jazzy DEBUGINFOD_URLS=https://debuginfod.ubuntu.com LD_LIBRARY_PATH=/home/usuario/Robotica/ros2_ws/install/webots_ros2_driver/lib:/home/usuario/Robotica/ros2_ws/install/webots_ros2_msgs/lib:${LD_LIBRARY_PATH} PYTHONPATH=/home/usuario/Robotica/ros2_ws/install/webots_ros2_driver/lib/python3.12/site-packages:/home/usuario/Robotica/ros2_ws/install/webots_ros2_msgs/lib/python3.12/site-packages:/home/usuario/Robotica/ros2_ws/build/webots_ros2_importer:/home/usuario/Robotica/ros2_ws/install/webots_ros2_importer/lib/python3.12/site-packages:${PYTHONPATH} /usr/bin/cmake --install /home/usuario/Robotica/ros2_ws/build/webots_ros2_control
