[0.046s] Invoking command in '/home/usuario/Robotica/ros2_ws/build/webots_ros2_driver': AMENT_PREFIX_PATH=/home/usuario/Robotica/ros2_ws/install/webots_ros2_msgs:/home/usuario/Robotica/ros2_ws/install/webots_ros2_importer:${AMENT_PREFIX_PATH} CMAKE_PREFIX_PATH=/home/usuario/Robotica/ros2_ws/install/webots_ros2_msgs:/opt/ros/jazzy/opt/sdformat_vendor:/opt/ros/jazzy/opt/gz_math_vendor:/opt/ros/jazzy/opt/gz_utils_vendor:/opt/ros/jazzy/opt/gz_tools_vendor:/opt/ros/jazzy/opt/gz_cmake_vendor:/opt/ros/jazzy DEBUGINFOD_URLS=https://debuginfod.ubuntu.com LD_LIBRARY_PATH=/home/usuario/Robotica/ros2_ws/install/webots_ros2_msgs/lib:${LD_LIBRARY_PATH} PYTHONPATH=/home/usuario/Robotica/ros2_ws/install/webots_ros2_msgs/lib/python3.12/site-packages:/home/usuario/Robotica/ros2_ws/build/webots_ros2_importer:/home/usuario/Robotica/ros2_ws/install/webots_ros2_importer/lib/python3.12/site-packages:${PYTHONPATH} /usr/bin/cmake --build /home/usuario/Robotica/ros2_ws/build/webots_ros2_driver -- -j10 -l10
[0.159s] [  0%] Built target ament_cmake_python_symlink_controller
[0.167s] [  0%] Built target ament_cmake_python_symlink_webots_ros2_driver
[0.167s] [  0%] Built target ament_cmake_python_symlink_vehicle
[0.390s] running egg_info
[0.390s] running egg_info
[0.390s] running egg_info
[0.403s] writing controller.egg-info/PKG-INFO
[0.406s] writing dependency_links to controller.egg-info/dependency_links.txt
[0.411s] writing vehicle.egg-info/PKG-INFO
[0.411s] writing top-level names to controller.egg-info/top_level.txt
[0.416s] writing dependency_links to vehicle.egg-info/dependency_links.txt
[0.418s] writing top-level names to vehicle.egg-info/top_level.txt
[0.446s] writing webots_ros2_driver.egg-info/PKG-INFO
[0.446s] writing dependency_links to webots_ros2_driver.egg-info/dependency_links.txt
[0.466s] writing top-level names to webots_ros2_driver.egg-info/top_level.txt
[0.629s] reading manifest file 'controller.egg-info/SOURCES.txt'
[0.630s] writing manifest file 'controller.egg-info/SOURCES.txt'
[0.637s] reading manifest file 'webots_ros2_driver.egg-info/SOURCES.txt'
[0.638s] writing manifest file 'webots_ros2_driver.egg-info/SOURCES.txt'
[0.638s] reading manifest file 'vehicle.egg-info/SOURCES.txt'
[0.639s] writing manifest file 'vehicle.egg-info/SOURCES.txt'
[0.684s] [  0%] Built target ament_cmake_python_build_controller_egg
[0.696s] [  0%] Built target ament_cmake_python_build_webots_ros2_driver_egg
[0.697s] [  0%] Built target ament_cmake_python_build_vehicle_egg
[1.175s] [  0%] Built target compile-lib-controller
[1.318s] [  0%] Built target compile-generic-window
[1.902s] [  0%] Built target compile-lib-vehicle
[1.956s] [ 14%] Built target webots_ros2_driver_imu
[1.959s] [ 29%] Built target webots_ros2_driver_rgbd
[1.988s] [100%] Built target driver
[2.004s] Invoked command in '/home/usuario/Robotica/ros2_ws/build/webots_ros2_driver' returned '0': AMENT_PREFIX_PATH=/home/usuario/Robotica/ros2_ws/install/webots_ros2_msgs:/home/usuario/Robotica/ros2_ws/install/webots_ros2_importer:${AMENT_PREFIX_PATH} CMAKE_PREFIX_PATH=/home/usuario/Robotica/ros2_ws/install/webots_ros2_msgs:/opt/ros/jazzy/opt/sdformat_vendor:/opt/ros/jazzy/opt/gz_math_vendor:/opt/ros/jazzy/opt/gz_utils_vendor:/opt/ros/jazzy/opt/gz_tools_vendor:/opt/ros/jazzy/opt/gz_cmake_vendor:/opt/ros/jazzy DEBUGINFOD_URLS=https://debuginfod.ubuntu.com LD_LIBRARY_PATH=/home/usuario/Robotica/ros2_ws/install/webots_ros2_msgs/lib:${LD_LIBRARY_PATH} PYTHONPATH=/home/usuario/Robotica/ros2_ws/install/webots_ros2_msgs/lib/python3.12/site-packages:/home/usuario/Robotica/ros2_ws/build/webots_ros2_importer:/home/usuario/Robotica/ros2_ws/install/webots_ros2_importer/lib/python3.12/site-packages:${PYTHONPATH} /usr/bin/cmake --build /home/usuario/Robotica/ros2_ws/build/webots_ros2_driver -- -j10 -l10
[2.006s] Invoking command in '/home/usuario/Robotica/ros2_ws/build/webots_ros2_driver': AMENT_PREFIX_PATH=/home/usuario/Robotica/ros2_ws/install/webots_ros2_msgs:/home/usuario/Robotica/ros2_ws/install/webots_ros2_importer:${AMENT_PREFIX_PATH} CMAKE_PREFIX_PATH=/home/usuario/Robotica/ros2_ws/install/webots_ros2_msgs:/opt/ros/jazzy/opt/sdformat_vendor:/opt/ros/jazzy/opt/gz_math_vendor:/opt/ros/jazzy/opt/gz_utils_vendor:/opt/ros/jazzy/opt/gz_tools_vendor:/opt/ros/jazzy/opt/gz_cmake_vendor:/opt/ros/jazzy DEBUGINFOD_URLS=https://debuginfod.ubuntu.com LD_LIBRARY_PATH=/home/usuario/Robotica/ros2_ws/install/webots_ros2_msgs/lib:${LD_LIBRARY_PATH} PYTHONPATH=/home/usuario/Robotica/ros2_ws/install/webots_ros2_msgs/lib/python3.12/site-packages:/home/usuario/Robotica/ros2_ws/build/webots_ros2_importer:/home/usuario/Robotica/ros2_ws/install/webots_ros2_importer/lib/python3.12/site-packages:${PYTHONPATH} /usr/bin/cmake --install /home/usuario/Robotica/ros2_ws/build/webots_ros2_driver
[2.016s] -- Install configuration: ""
[2.017s] -- Execute custom install script
[2.017s] -- Up-to-date symlink: /home/usuario/Robotica/ros2_ws/install/webots_ros2_driver/share/webots_ros2_driver/environment/pythonpath.sh
[2.018s] -- Up-to-date symlink: /home/usuario/Robotica/ros2_ws/install/webots_ros2_driver/share/webots_ros2_driver/environment/pythonpath.dsv
[2.019s] -- Up-to-date symlink: /home/usuario/Robotica/ros2_ws/install/webots_ros2_driver/lib/python3.12/site-packages/controller-2025.0.1-py3.12.egg-info/PKG-INFO
[2.019s] -- Up-to-date symlink: /home/usuario/Robotica/ros2_ws/install/webots_ros2_driver/lib/python3.12/site-packages/controller-2025.0.1-py3.12.egg-info/SOURCES.txt
[2.020s] -- Up-to-date symlink: /home/usuario/Robotica/ros2_ws/install/webots_ros2_driver/lib/python3.12/site-packages/controller-2025.0.1-py3.12.egg-info/dependency_links.txt
[2.020s] -- Up-to-date symlink: /home/usuario/Robotica/ros2_ws/install/webots_ros2_driver/lib/python3.12/site-packages/controller-2025.0.1-py3.12.egg-info/top_level.txt
[2.021s] -- Up-to-date symlink: /home/usuario/Robotica/ros2_ws/install/webots_ros2_driver/lib/python3.12/site-packages/controller/__init__.py
[2.021s] -- Up-to-date symlink: /home/usuario/Robotica/ros2_ws/install/webots_ros2_driver/lib/python3.12/site-packages/controller/accelerometer.py
[2.026s] -- Up-to-date symlink: /home/usuario/Robotica/ros2_ws/install/webots_ros2_driver/lib/python3.12/site-packages/controller/altimeter.py
[2.026s] -- Up-to-date symlink: /home/usuario/Robotica/ros2_ws/install/webots_ros2_driver/lib/python3.12/site-packages/controller/ansi_codes.py
[2.026s] -- Up-to-date symlink: /home/usuario/Robotica/ros2_ws/install/webots_ros2_driver/lib/python3.12/site-packages/controller/brake.py
[2.027s] -- Up-to-date symlink: /home/usuario/Robotica/ros2_ws/install/webots_ros2_driver/lib/python3.12/site-packages/controller/camera.py
[2.027s] -- Up-to-date symlink: /home/usuario/Robotica/ros2_ws/install/webots_ros2_driver/lib/python3.12/site-packages/controller/compass.py
[2.027s] -- Up-to-date symlink: /home/usuario/Robotica/ros2_ws/install/webots_ros2_driver/lib/python3.12/site-packages/controller/connector.py
[2.027s] -- Up-to-date symlink: /home/usuario/Robotica/ros2_ws/install/webots_ros2_driver/lib/python3.12/site-packages/controller/constants.py
[2.027s] -- Up-to-date symlink: /home/usuario/Robotica/ros2_ws/install/webots_ros2_driver/lib/python3.12/site-packages/controller/device.py
[2.027s] -- Up-to-date symlink: /home/usuario/Robotica/ros2_ws/install/webots_ros2_driver/lib/python3.12/site-packages/controller/display.py
[2.027s] -- Up-to-date symlink: /home/usuario/Robotica/ros2_ws/install/webots_ros2_driver/lib/python3.12/site-packages/controller/distance_sensor.py
[2.027s] -- Up-to-date symlink: /home/usuario/Robotica/ros2_ws/install/webots_ros2_driver/lib/python3.12/site-packages/controller/emitter.py
[2.027s] -- Up-to-date symlink: /home/usuario/Robotica/ros2_ws/install/webots_ros2_driver/lib/python3.12/site-packages/controller/field.py
[2.027s] -- Up-to-date symlink: /home/usuario/Robotica/ros2_ws/install/webots_ros2_driver/lib/python3.12/site-packages/controller/gps.py
[2.027s] -- Up-to-date symlink: /home/usuario/Robotica/ros2_ws/install/webots_ros2_driver/lib/python3.12/site-packages/controller/gyro.py
[2.027s] -- Up-to-date symlink: /home/usuario/Robotica/ros2_ws/install/webots_ros2_driver/lib/python3.12/site-packages/controller/inertial_unit.py
[2.027s] -- Up-to-date symlink: /home/usuario/Robotica/ros2_ws/install/webots_ros2_driver/lib/python3.12/site-packages/controller/joystick.py
[2.027s] -- Up-to-date symlink: /home/usuario/Robotica/ros2_ws/install/webots_ros2_driver/lib/python3.12/site-packages/controller/keyboard.py
[2.027s] -- Up-to-date symlink: /home/usuario/Robotica/ros2_ws/install/webots_ros2_driver/lib/python3.12/site-packages/controller/led.py
[2.027s] -- Up-to-date symlink: /home/usuario/Robotica/ros2_ws/install/webots_ros2_driver/lib/python3.12/site-packages/controller/lidar.py
[2.027s] -- Up-to-date symlink: /home/usuario/Robotica/ros2_ws/install/webots_ros2_driver/lib/python3.12/site-packages/controller/lidar_point.py
[2.027s] -- Up-to-date symlink: /home/usuario/Robotica/ros2_ws/install/webots_ros2_driver/lib/python3.12/site-packages/controller/light_sensor.py
[2.027s] -- Up-to-date symlink: /home/usuario/Robotica/ros2_ws/install/webots_ros2_driver/lib/python3.12/site-packages/controller/motion.py
[2.027s] -- Up-to-date symlink: /home/usuario/Robotica/ros2_ws/install/webots_ros2_driver/lib/python3.12/site-packages/controller/motor.py
[2.027s] -- Up-to-date symlink: /home/usuario/Robotica/ros2_ws/install/webots_ros2_driver/lib/python3.12/site-packages/controller/mouse.py
[2.027s] -- Up-to-date symlink: /home/usuario/Robotica/ros2_ws/install/webots_ros2_driver/lib/python3.12/site-packages/controller/node.py
[2.028s] -- Up-to-date symlink: /home/usuario/Robotica/ros2_ws/install/webots_ros2_driver/lib/python3.12/site-packages/controller/pen.py
[2.028s] -- Up-to-date symlink: /home/usuario/Robotica/ros2_ws/install/webots_ros2_driver/lib/python3.12/site-packages/controller/position_sensor.py
[2.028s] -- Up-to-date symlink: /home/usuario/Robotica/ros2_ws/install/webots_ros2_driver/lib/python3.12/site-packages/controller/proto.py
[2.028s] -- Up-to-date symlink: /home/usuario/Robotica/ros2_ws/install/webots_ros2_driver/lib/python3.12/site-packages/controller/radar.py
[2.028s] -- Up-to-date symlink: /home/usuario/Robotica/ros2_ws/install/webots_ros2_driver/lib/python3.12/site-packages/controller/radar_target.py
[2.028s] -- Up-to-date symlink: /home/usuario/Robotica/ros2_ws/install/webots_ros2_driver/lib/python3.12/site-packages/controller/range_finder.py
[2.028s] -- Up-to-date symlink: /home/usuario/Robotica/ros2_ws/install/webots_ros2_driver/lib/python3.12/site-packages/controller/receiver.py
[2.028s] -- Up-to-date symlink: /home/usuario/Robotica/ros2_ws/install/webots_ros2_driver/lib/python3.12/site-packages/controller/robot.py
[2.028s] -- Up-to-date symlink: /home/usuario/Robotica/ros2_ws/install/webots_ros2_driver/lib/python3.12/site-packages/controller/sensor.py
[2.028s] -- Up-to-date symlink: /home/usuario/Robotica/ros2_ws/install/webots_ros2_driver/lib/python3.12/site-packages/controller/skin.py
[2.028s] -- Up-to-date symlink: /home/usuario/Robotica/ros2_ws/install/webots_ros2_driver/lib/python3.12/site-packages/controller/speaker.py
[2.028s] -- Up-to-date symlink: /home/usuario/Robotica/ros2_ws/install/webots_ros2_driver/lib/python3.12/site-packages/controller/supervisor.py
[2.028s] -- Up-to-date symlink: /home/usuario/Robotica/ros2_ws/install/webots_ros2_driver/lib/python3.12/site-packages/controller/touch_sensor.py
[2.028s] -- Up-to-date symlink: /home/usuario/Robotica/ros2_ws/install/webots_ros2_driver/lib/python3.12/site-packages/controller/vacuum_gripper.py
[2.028s] -- Up-to-date symlink: /home/usuario/Robotica/ros2_ws/install/webots_ros2_driver/lib/python3.12/site-packages/controller/wb.py
[2.028s] -- Up-to-date symlink: /home/usuario/Robotica/ros2_ws/install/webots_ros2_driver/lib/python3.12/site-packages/vehicle-2025.0.1-py3.12.egg-info/PKG-INFO
[2.028s] -- Up-to-date symlink: /home/usuario/Robotica/ros2_ws/install/webots_ros2_driver/lib/python3.12/site-packages/vehicle-2025.0.1-py3.12.egg-info/SOURCES.txt
[2.028s] -- Up-to-date symlink: /home/usuario/Robotica/ros2_ws/install/webots_ros2_driver/lib/python3.12/site-packages/vehicle-2025.0.1-py3.12.egg-info/dependency_links.txt
[2.028s] -- Up-to-date symlink: /home/usuario/Robotica/ros2_ws/install/webots_ros2_driver/lib/python3.12/site-packages/vehicle-2025.0.1-py3.12.egg-info/top_level.txt
[2.028s] -- Up-to-date symlink: /home/usuario/Robotica/ros2_ws/install/webots_ros2_driver/lib/python3.12/site-packages/vehicle/__init__.py
[2.028s] -- Up-to-date symlink: /home/usuario/Robotica/ros2_ws/install/webots_ros2_driver/lib/python3.12/site-packages/vehicle/car.py
[2.029s] -- Up-to-date symlink: /home/usuario/Robotica/ros2_ws/install/webots_ros2_driver/lib/python3.12/site-packages/vehicle/driver.py
[2.029s] -- Up-to-date symlink: /home/usuario/Robotica/ros2_ws/install/webots_ros2_driver/lib/python3.12/site-packages/webots_ros2_driver-2025.0.1-py3.12.egg-info/PKG-INFO
[2.029s] -- Up-to-date symlink: /home/usuario/Robotica/ros2_ws/install/webots_ros2_driver/lib/python3.12/site-packages/webots_ros2_driver-2025.0.1-py3.12.egg-info/SOURCES.txt
[2.029s] -- Up-to-date symlink: /home/usuario/Robotica/ros2_ws/install/webots_ros2_driver/lib/python3.12/site-packages/webots_ros2_driver-2025.0.1-py3.12.egg-info/dependency_links.txt
[2.029s] -- Up-to-date symlink: /home/usuario/Robotica/ros2_ws/install/webots_ros2_driver/lib/python3.12/site-packages/webots_ros2_driver-2025.0.1-py3.12.egg-info/top_level.txt
[2.029s] -- Up-to-date symlink: /home/usuario/Robotica/ros2_ws/install/webots_ros2_driver/lib/python3.12/site-packages/webots_ros2_driver/__init__.py
[2.029s] -- Up-to-date symlink: /home/usuario/Robotica/ros2_ws/install/webots_ros2_driver/lib/python3.12/site-packages/webots_ros2_driver/ros2_supervisor.py
[2.030s] -- Up-to-date symlink: /home/usuario/Robotica/ros2_ws/install/webots_ros2_driver/lib/python3.12/site-packages/webots_ros2_driver/urdf_spawner.py
[2.030s] -- Up-to-date symlink: /home/usuario/Robotica/ros2_ws/install/webots_ros2_driver/lib/python3.12/site-packages/webots_ros2_driver/utils.py
[2.030s] -- Up-to-date symlink: /home/usuario/Robotica/ros2_ws/install/webots_ros2_driver/lib/python3.12/site-packages/webots_ros2_driver/wait_for_controller_connection.py
[2.030s] -- Up-to-date symlink: /home/usuario/Robotica/ros2_ws/install/webots_ros2_driver/lib/python3.12/site-packages/webots_ros2_driver/webots_controller.py
[2.030s] -- Up-to-date symlink: /home/usuario/Robotica/ros2_ws/install/webots_ros2_driver/lib/python3.12/site-packages/webots_ros2_driver/webots_launcher.py
[2.030s] -- Up-to-date symlink: /home/usuario/Robotica/ros2_ws/install/webots_ros2_driver/include/webots_ros2_driver/PluginInterface.hpp
[2.030s] -- Up-to-date symlink: /home/usuario/Robotica/ros2_ws/install/webots_ros2_driver/include/webots_ros2_driver/PythonPlugin.hpp
[2.030s] -- Up-to-date symlink: /home/usuario/Robotica/ros2_ws/install/webots_ros2_driver/include/webots_ros2_driver/WebotsNode.hpp
[2.031s] -- Up-to-date symlink: /home/usuario/Robotica/ros2_ws/install/webots_ros2_driver/include/webots_ros2_driver/plugins/Ros2SensorPlugin.hpp
[2.031s] -- Up-to-date symlink: /home/usuario/Robotica/ros2_ws/install/webots_ros2_driver/include/webots_ros2_driver/plugins/dynamic/Ros2IMU.hpp
[2.031s] -- Up-to-date symlink: /home/usuario/Robotica/ros2_ws/install/webots_ros2_driver/include/webots_ros2_driver/plugins/dynamic/Ros2RGBD.hpp
[2.031s] -- Up-to-date symlink: /home/usuario/Robotica/ros2_ws/install/webots_ros2_driver/include/webots_ros2_driver/plugins/static/Ros2Camera.hpp
[2.031s] -- Up-to-date symlink: /home/usuario/Robotica/ros2_ws/install/webots_ros2_driver/include/webots_ros2_driver/plugins/static/Ros2Compass.hpp
[2.031s] -- Up-to-date symlink: /home/usuario/Robotica/ros2_ws/install/webots_ros2_driver/include/webots_ros2_driver/plugins/static/Ros2DistanceSensor.hpp
[2.031s] -- Up-to-date symlink: /home/usuario/Robotica/ros2_ws/install/webots_ros2_driver/include/webots_ros2_driver/plugins/static/Ros2Emitter.hpp
[2.032s] -- Up-to-date symlink: /home/usuario/Robotica/ros2_ws/install/webots_ros2_driver/include/webots_ros2_driver/plugins/static/Ros2GPS.hpp
[2.032s] -- Up-to-date symlink: /home/usuario/Robotica/ros2_ws/install/webots_ros2_driver/include/webots_ros2_driver/plugins/static/Ros2LED.hpp
[2.032s] -- Up-to-date symlink: /home/usuario/Robotica/ros2_ws/install/webots_ros2_driver/include/webots_ros2_driver/plugins/static/Ros2Lidar.hpp
[2.032s] -- Up-to-date symlink: /home/usuario/Robotica/ros2_ws/install/webots_ros2_driver/include/webots_ros2_driver/plugins/static/Ros2LightSensor.hpp
[2.032s] -- Up-to-date symlink: /home/usuario/Robotica/ros2_ws/install/webots_ros2_driver/include/webots_ros2_driver/plugins/static/Ros2Pen.hpp
[2.032s] -- Up-to-date symlink: /home/usuario/Robotica/ros2_ws/install/webots_ros2_driver/include/webots_ros2_driver/plugins/static/Ros2RangeFinder.hpp
[2.032s] -- Up-to-date symlink: /home/usuario/Robotica/ros2_ws/install/webots_ros2_driver/include/webots_ros2_driver/plugins/static/Ros2Receiver.hpp
[2.032s] -- Up-to-date symlink: /home/usuario/Robotica/ros2_ws/install/webots_ros2_driver/include/webots_ros2_driver/plugins/static/Ros2VacuumGripper.hpp
[2.032s] -- Up-to-date symlink: /home/usuario/Robotica/ros2_ws/install/webots_ros2_driver/include/webots_ros2_driver/utils/Math.hpp
[2.032s] -- Up-to-date symlink: /home/usuario/Robotica/ros2_ws/install/webots_ros2_driver/include/webots_ros2_driver/utils/Utils.hpp
[2.032s] -- Up-to-date symlink: /home/usuario/Robotica/ros2_ws/install/webots_ros2_driver/lib/webots_ros2_driver/driver
[2.032s] -- Up-to-date symlink: /home/usuario/Robotica/ros2_ws/install/webots_ros2_driver/lib/libwebots_ros2_driver_imu.so
[2.033s] -- Up-to-date symlink: /home/usuario/Robotica/ros2_ws/install/webots_ros2_driver/lib/libwebots_ros2_driver_rgbd.so
[2.033s] -- Up-to-date symlink: /home/usuario/Robotica/ros2_ws/install/webots_ros2_driver/include/webots/c/webots/accelerometer.h
[2.033s] -- Up-to-date symlink: /home/usuario/Robotica/ros2_ws/install/webots_ros2_driver/include/webots/c/webots/altimeter.h
[2.033s] -- Up-to-date symlink: /home/usuario/Robotica/ros2_ws/install/webots_ros2_driver/include/webots/c/webots/brake.h
[2.033s] -- Up-to-date symlink: /home/usuario/Robotica/ros2_ws/install/webots_ros2_driver/include/webots/c/webots/camera.h
[2.033s] -- Up-to-date symlink: /home/usuario/Robotica/ros2_ws/install/webots_ros2_driver/include/webots/c/webots/camera_recognition_object.h
[2.033s] -- Up-to-date symlink: /home/usuario/Robotica/ros2_ws/install/webots_ros2_driver/include/webots/c/webots/compass.h
[2.033s] -- Up-to-date symlink: /home/usuario/Robotica/ros2_ws/install/webots_ros2_driver/include/webots/c/webots/connector.h
[2.033s] -- Up-to-date symlink: /home/usuario/Robotica/ros2_ws/install/webots_ros2_driver/include/webots/c/webots/console.h
[2.033s] -- Up-to-date symlink: /home/usuario/Robotica/ros2_ws/install/webots_ros2_driver/include/webots/c/webots/contact_point.h
[2.033s] -- Up-to-date symlink: /home/usuario/Robotica/ros2_ws/install/webots_ros2_driver/include/webots/c/webots/device.h
[2.033s] -- Up-to-date symlink: /home/usuario/Robotica/ros2_ws/install/webots_ros2_driver/include/webots/c/webots/display.h
[2.034s] -- Up-to-date symlink: /home/usuario/Robotica/ros2_ws/install/webots_ros2_driver/include/webots/c/webots/distance_sensor.h
[2.034s] -- Up-to-date symlink: /home/usuario/Robotica/ros2_ws/install/webots_ros2_driver/include/webots/c/webots/emitter.h
[2.035s] -- Up-to-date symlink: /home/usuario/Robotica/ros2_ws/install/webots_ros2_driver/include/webots/c/webots/gps.h
[2.035s] -- Up-to-date symlink: /home/usuario/Robotica/ros2_ws/install/webots_ros2_driver/include/webots/c/webots/gyro.h
[2.035s] -- Up-to-date symlink: /home/usuario/Robotica/ros2_ws/install/webots_ros2_driver/include/webots/c/webots/inertial_unit.h
[2.035s] -- Up-to-date symlink: /home/usuario/Robotica/ros2_ws/install/webots_ros2_driver/include/webots/c/webots/joystick.h
[2.035s] -- Up-to-date symlink: /home/usuario/Robotica/ros2_ws/install/webots_ros2_driver/include/webots/c/webots/keyboard.h
[2.035s] -- Up-to-date symlink: /home/usuario/Robotica/ros2_ws/install/webots_ros2_driver/include/webots/c/webots/led.h
[2.036s] -- Up-to-date symlink: /home/usuario/Robotica/ros2_ws/install/webots_ros2_driver/include/webots/c/webots/lidar.h
[2.036s] -- Up-to-date symlink: /home/usuario/Robotica/ros2_ws/install/webots_ros2_driver/include/webots/c/webots/lidar_point.h
[2.036s] -- Up-to-date symlink: /home/usuario/Robotica/ros2_ws/install/webots_ros2_driver/include/webots/c/webots/light_sensor.h
[2.036s] -- Up-to-date symlink: /home/usuario/Robotica/ros2_ws/install/webots_ros2_driver/include/webots/c/webots/microphone.h
[2.036s] -- Up-to-date symlink: /home/usuario/Robotica/ros2_ws/install/webots_ros2_driver/include/webots/c/webots/motor.h
[2.036s] -- Up-to-date symlink: /home/usuario/Robotica/ros2_ws/install/webots_ros2_driver/include/webots/c/webots/mouse.h
[2.036s] -- Up-to-date symlink: /home/usuario/Robotica/ros2_ws/install/webots_ros2_driver/include/webots/c/webots/mouse_state.h
[2.036s] -- Up-to-date symlink: /home/usuario/Robotica/ros2_ws/install/webots_ros2_driver/include/webots/c/webots/nodes.h
[2.036s] -- Up-to-date symlink: /home/usuario/Robotica/ros2_ws/install/webots_ros2_driver/include/webots/c/webots/pen.h
[2.037s] -- Up-to-date symlink: /home/usuario/Robotica/ros2_ws/install/webots_ros2_driver/include/webots/c/webots/plugins/robot_window/default.h
[2.038s] -- Up-to-date symlink: /home/usuario/Robotica/ros2_ws/install/webots_ros2_driver/include/webots/c/webots/plugins/robot_window/generic_robot_window/generic.h
[2.038s] -- Up-to-date symlink: /home/usuario/Robotica/ros2_ws/install/webots_ros2_driver/include/webots/c/webots/plugins/robot_window/robot_window.h
[2.038s] -- Up-to-date symlink: /home/usuario/Robotica/ros2_ws/install/webots_ros2_driver/include/webots/c/webots/plugins/robot_window/robot_wwi.h
[2.038s] -- Up-to-date symlink: /home/usuario/Robotica/ros2_ws/install/webots_ros2_driver/include/webots/c/webots/position_sensor.h
[2.038s] -- Up-to-date symlink: /home/usuario/Robotica/ros2_ws/install/webots_ros2_driver/include/webots/c/webots/radar.h
[2.038s] -- Up-to-date symlink: /home/usuario/Robotica/ros2_ws/install/webots_ros2_driver/include/webots/c/webots/radar_target.h
[2.038s] -- Up-to-date symlink: /home/usuario/Robotica/ros2_ws/install/webots_ros2_driver/include/webots/c/webots/radio.h
[2.038s] -- Up-to-date symlink: /home/usuario/Robotica/ros2_ws/install/webots_ros2_driver/include/webots/c/webots/range_finder.h
[2.038s] -- Up-to-date symlink: /home/usuario/Robotica/ros2_ws/install/webots_ros2_driver/include/webots/c/webots/receiver.h
[2.039s] -- Up-to-date symlink: /home/usuario/Robotica/ros2_ws/install/webots_ros2_driver/include/webots/c/webots/remote_control.h
[2.039s] -- Up-to-date symlink: /home/usuario/Robotica/ros2_ws/install/webots_ros2_driver/include/webots/c/webots/robot.h
[2.039s] -- Up-to-date symlink: /home/usuario/Robotica/ros2_ws/install/webots_ros2_driver/include/webots/c/webots/skin.h
[2.039s] -- Up-to-date symlink: /home/usuario/Robotica/ros2_ws/install/webots_ros2_driver/include/webots/c/webots/speaker.h
[2.039s] -- Up-to-date symlink: /home/usuario/Robotica/ros2_ws/install/webots_ros2_driver/include/webots/c/webots/supervisor.h
[2.039s] -- Up-to-date symlink: /home/usuario/Robotica/ros2_ws/install/webots_ros2_driver/include/webots/c/webots/touch_sensor.h
[2.039s] -- Up-to-date symlink: /home/usuario/Robotica/ros2_ws/install/webots_ros2_driver/include/webots/c/webots/types.h
[2.039s] -- Up-to-date symlink: /home/usuario/Robotica/ros2_ws/install/webots_ros2_driver/include/webots/c/webots/utils/ansi_codes.h
[2.039s] -- Up-to-date symlink: /home/usuario/Robotica/ros2_ws/install/webots_ros2_driver/include/webots/c/webots/utils/motion.h
[2.039s] -- Up-to-date symlink: /home/usuario/Robotica/ros2_ws/install/webots_ros2_driver/include/webots/c/webots/utils/string.h
[2.039s] -- Up-to-date symlink: /home/usuario/Robotica/ros2_ws/install/webots_ros2_driver/include/webots/c/webots/utils/system.h
[2.040s] -- Up-to-date symlink: /home/usuario/Robotica/ros2_ws/install/webots_ros2_driver/include/webots/c/webots/vacuum_gripper.h
[2.040s] -- Up-to-date symlink: /home/usuario/Robotica/ros2_ws/install/webots_ros2_driver/include/webots/c/webots/vehicle/car.h
[2.040s] -- Up-to-date symlink: /home/usuario/Robotica/ros2_ws/install/webots_ros2_driver/include/webots/c/webots/vehicle/driver.h
[2.041s] -- Up-to-date symlink: /home/usuario/Robotica/ros2_ws/install/webots_ros2_driver/include/webots/cpp/webots/Accelerometer.hpp
[2.041s] -- Up-to-date symlink: /home/usuario/Robotica/ros2_ws/install/webots_ros2_driver/include/webots/cpp/webots/Altimeter.hpp
[2.041s] -- Up-to-date symlink: /home/usuario/Robotica/ros2_ws/install/webots_ros2_driver/include/webots/cpp/webots/Brake.hpp
[2.041s] -- Up-to-date symlink: /home/usuario/Robotica/ros2_ws/install/webots_ros2_driver/include/webots/cpp/webots/Camera.hpp
[2.041s] -- Up-to-date symlink: /home/usuario/Robotica/ros2_ws/install/webots_ros2_driver/include/webots/cpp/webots/Compass.hpp
[2.041s] -- Up-to-date symlink: /home/usuario/Robotica/ros2_ws/install/webots_ros2_driver/include/webots/cpp/webots/Connector.hpp
[2.041s] -- Up-to-date symlink: /home/usuario/Robotica/ros2_ws/install/webots_ros2_driver/include/webots/cpp/webots/Device.hpp
[2.042s] -- Up-to-date symlink: /home/usuario/Robotica/ros2_ws/install/webots_ros2_driver/include/webots/cpp/webots/Display.hpp
[2.042s] -- Up-to-date symlink: /home/usuario/Robotica/ros2_ws/install/webots_ros2_driver/include/webots/cpp/webots/DistanceSensor.hpp
[2.042s] -- Up-to-date symlink: /home/usuario/Robotica/ros2_ws/install/webots_ros2_driver/include/webots/cpp/webots/Emitter.hpp
[2.042s] -- Up-to-date symlink: /home/usuario/Robotica/ros2_ws/install/webots_ros2_driver/include/webots/cpp/webots/Field.hpp
[2.042s] -- Up-to-date symlink: /home/usuario/Robotica/ros2_ws/install/webots_ros2_driver/include/webots/cpp/webots/GPS.hpp
[2.042s] -- Up-to-date symlink: /home/usuario/Robotica/ros2_ws/install/webots_ros2_driver/include/webots/cpp/webots/Gyro.hpp
[2.043s] -- Up-to-date symlink: /home/usuario/Robotica/ros2_ws/install/webots_ros2_driver/include/webots/cpp/webots/ImageRef.hpp
[2.043s] -- Up-to-date symlink: /home/usuario/Robotica/ros2_ws/install/webots_ros2_driver/include/webots/cpp/webots/InertialUnit.hpp
[2.043s] -- Up-to-date symlink: /home/usuario/Robotica/ros2_ws/install/webots_ros2_driver/include/webots/cpp/webots/Joystick.hpp
[2.043s] -- Up-to-date symlink: /home/usuario/Robotica/ros2_ws/install/webots_ros2_driver/include/webots/cpp/webots/Keyboard.hpp
[2.043s] -- Up-to-date symlink: /home/usuario/Robotica/ros2_ws/install/webots_ros2_driver/include/webots/cpp/webots/LED.hpp
[2.043s] -- Up-to-date symlink: /home/usuario/Robotica/ros2_ws/install/webots_ros2_driver/include/webots/cpp/webots/Lidar.hpp
[2.043s] -- Up-to-date symlink: /home/usuario/Robotica/ros2_ws/install/webots_ros2_driver/include/webots/cpp/webots/LightSensor.hpp
[2.044s] -- Up-to-date symlink: /home/usuario/Robotica/ros2_ws/install/webots_ros2_driver/include/webots/cpp/webots/Motor.hpp
[2.044s] -- Up-to-date symlink: /home/usuario/Robotica/ros2_ws/install/webots_ros2_driver/include/webots/cpp/webots/Mouse.hpp
[2.044s] -- Up-to-date symlink: /home/usuario/Robotica/ros2_ws/install/webots_ros2_driver/include/webots/cpp/webots/Node.hpp
[2.044s] -- Up-to-date symlink: /home/usuario/Robotica/ros2_ws/install/webots_ros2_driver/include/webots/cpp/webots/Pen.hpp
[2.044s] -- Up-to-date symlink: /home/usuario/Robotica/ros2_ws/install/webots_ros2_driver/include/webots/cpp/webots/PositionSensor.hpp
[2.044s] -- Up-to-date symlink: /home/usuario/Robotica/ros2_ws/install/webots_ros2_driver/include/webots/cpp/webots/Proto.hpp
[2.044s] -- Up-to-date symlink: /home/usuario/Robotica/ros2_ws/install/webots_ros2_driver/include/webots/cpp/webots/Radar.hpp
[2.044s] -- Up-to-date symlink: /home/usuario/Robotica/ros2_ws/install/webots_ros2_driver/include/webots/cpp/webots/RangeFinder.hpp
[2.045s] -- Up-to-date symlink: /home/usuario/Robotica/ros2_ws/install/webots_ros2_driver/include/webots/cpp/webots/Receiver.hpp
[2.045s] -- Up-to-date symlink: /home/usuario/Robotica/ros2_ws/install/webots_ros2_driver/include/webots/cpp/webots/Robot.hpp
[2.045s] -- Up-to-date symlink: /home/usuario/Robotica/ros2_ws/install/webots_ros2_driver/include/webots/cpp/webots/Skin.hpp
[2.045s] -- Up-to-date symlink: /home/usuario/Robotica/ros2_ws/install/webots_ros2_driver/include/webots/cpp/webots/Speaker.hpp
[2.045s] -- Up-to-date symlink: /home/usuario/Robotica/ros2_ws/install/webots_ros2_driver/include/webots/cpp/webots/Supervisor.hpp
[2.045s] -- Up-to-date symlink: /home/usuario/Robotica/ros2_ws/install/webots_ros2_driver/include/webots/cpp/webots/TouchSensor.hpp
[2.045s] -- Up-to-date symlink: /home/usuario/Robotica/ros2_ws/install/webots_ros2_driver/include/webots/cpp/webots/VacuumGripper.hpp
[2.046s] -- Up-to-date symlink: /home/usuario/Robotica/ros2_ws/install/webots_ros2_driver/include/webots/cpp/webots/utils/AnsiCodes.hpp
[2.046s] -- Up-to-date symlink: /home/usuario/Robotica/ros2_ws/install/webots_ros2_driver/include/webots/cpp/webots/utils/Motion.hpp
[2.046s] -- Up-to-date symlink: /home/usuario/Robotica/ros2_ws/install/webots_ros2_driver/include/webots/cpp/webots/vehicle/Car.hpp
[2.046s] -- Up-to-date symlink: /home/usuario/Robotica/ros2_ws/install/webots_ros2_driver/include/webots/cpp/webots/vehicle/Driver.hpp
[2.048s] -- Up-to-date symlink: /home/usuario/Robotica/ros2_ws/install/webots_ros2_driver/lib/controller/libController.so
[2.048s] -- Up-to-date symlink: /home/usuario/Robotica/ros2_ws/install/webots_ros2_driver/lib/controller/libCppCar.so
[2.048s] -- Up-to-date symlink: /home/usuario/Robotica/ros2_ws/install/webots_ros2_driver/lib/controller/libCppController.so
[2.048s] -- Up-to-date symlink: /home/usuario/Robotica/ros2_ws/install/webots_ros2_driver/lib/controller/libCppController.so
[2.049s] -- Up-to-date symlink: /home/usuario/Robotica/ros2_ws/install/webots_ros2_driver/lib/controller/libCppDriver.so
[2.049s] -- Up-to-date symlink: /home/usuario/Robotica/ros2_ws/install/webots_ros2_driver/lib/controller/libcar.so
[2.049s] -- Up-to-date symlink: /home/usuario/Robotica/ros2_ws/install/webots_ros2_driver/lib/controller/libdriver.so
[2.049s] -- Up-to-date symlink: /home/usuario/Robotica/ros2_ws/install/webots_ros2_driver/lib/controller/libgeneric_robot_window.so
[2.049s] -- Up-to-date symlink: /home/usuario/Robotica/ros2_ws/install/webots_ros2_driver/lib/controller/python/vehicle/car.py
[2.049s] -- Up-to-date symlink: /home/usuario/Robotica/ros2_ws/install/webots_ros2_driver/lib/controller/python/vehicle/driver.py
[2.050s] -- Up-to-date symlink: /home/usuario/Robotica/ros2_ws/install/webots_ros2_driver/share/webots_ros2_driver//webots_ros2_imu.xml
[2.050s] -- Up-to-date symlink: /home/usuario/Robotica/ros2_ws/install/webots_ros2_driver/share/webots_ros2_driver//webots_ros2_rgbd.xml
[2.050s] -- Up-to-date symlink: /home/usuario/Robotica/ros2_ws/install/webots_ros2_driver/lib/webots_ros2_driver/ros2_supervisor.py
[2.051s] -- Up-to-date symlink: /home/usuario/Robotica/ros2_ws/install/webots_ros2_driver/share/webots_ros2_driver/scripts/webots_tcp_client.py
[2.051s] -- Up-to-date symlink: /home/usuario/Robotica/ros2_ws/install/webots_ros2_driver/share/webots_ros2_driver/scripts/webots-controller
[2.051s] -- Up-to-date symlink: /home/usuario/Robotica/ros2_ws/install/webots_ros2_driver/share/webots_ros2_driver/environment/library_path.sh
[2.052s] -- Up-to-date symlink: /home/usuario/Robotica/ros2_ws/install/webots_ros2_driver/share/webots_ros2_driver/environment/library_path.dsv
[2.052s] -- Up-to-date symlink: /home/usuario/Robotica/ros2_ws/install/webots_ros2_driver/share/ament_index/resource_index/package_run_dependencies/webots_ros2_driver
[2.052s] -- Up-to-date symlink: /home/usuario/Robotica/ros2_ws/install/webots_ros2_driver/share/ament_index/resource_index/parent_prefix_path/webots_ros2_driver
[2.052s] -- Up-to-date symlink: /home/usuario/Robotica/ros2_ws/install/webots_ros2_driver/share/webots_ros2_driver/environment/ament_prefix_path.sh
[2.052s] -- Up-to-date symlink: /home/usuario/Robotica/ros2_ws/install/webots_ros2_driver/share/webots_ros2_driver/environment/ament_prefix_path.dsv
[2.053s] -- Up-to-date symlink: /home/usuario/Robotica/ros2_ws/install/webots_ros2_driver/share/webots_ros2_driver/environment/path.sh
[2.053s] -- Up-to-date symlink: /home/usuario/Robotica/ros2_ws/install/webots_ros2_driver/share/webots_ros2_driver/environment/path.dsv
[2.053s] -- Up-to-date symlink: /home/usuario/Robotica/ros2_ws/install/webots_ros2_driver/share/webots_ros2_driver/local_setup.bash
[2.054s] -- Up-to-date symlink: /home/usuario/Robotica/ros2_ws/install/webots_ros2_driver/share/webots_ros2_driver/local_setup.sh
[2.054s] -- Up-to-date symlink: /home/usuario/Robotica/ros2_ws/install/webots_ros2_driver/share/webots_ros2_driver/local_setup.zsh
[2.054s] -- Up-to-date symlink: /home/usuario/Robotica/ros2_ws/install/webots_ros2_driver/share/webots_ros2_driver/local_setup.dsv
[2.054s] -- Symlinking: /home/usuario/Robotica/ros2_ws/install/webots_ros2_driver/share/webots_ros2_driver/package.dsv
[2.066s] -- Up-to-date symlink: /home/usuario/Robotica/ros2_ws/install/webots_ros2_driver/share/ament_index/resource_index/packages/webots_ros2_driver
[2.066s] -- Up-to-date symlink: /home/usuario/Robotica/ros2_ws/install/webots_ros2_driver/share/ament_index/resource_index/webots_ros2_driver__pluginlib__plugin/webots_ros2_driver
[2.066s] -- Up-to-date symlink: /home/usuario/Robotica/ros2_ws/install/webots_ros2_driver/share/webots_ros2_driver/cmake/ament_cmake_export_include_directories-extras.cmake
[2.067s] -- Up-to-date symlink: /home/usuario/Robotica/ros2_ws/install/webots_ros2_driver/share/webots_ros2_driver/cmake/ament_cmake_export_dependencies-extras.cmake
[2.067s] -- Up-to-date symlink: /home/usuario/Robotica/ros2_ws/install/webots_ros2_driver/share/webots_ros2_driver/cmake/ament_cmake_export_libraries-extras.cmake
[2.068s] -- Up-to-date symlink: /home/usuario/Robotica/ros2_ws/install/webots_ros2_driver/share/webots_ros2_driver/cmake/webots_ros2_driverConfig.cmake
[2.068s] -- Up-to-date symlink: /home/usuario/Robotica/ros2_ws/install/webots_ros2_driver/share/webots_ros2_driver/cmake/webots_ros2_driverConfig-version.cmake
[2.068s] -- Up-to-date symlink: /home/usuario/Robotica/ros2_ws/install/webots_ros2_driver/share/webots_ros2_driver/package.xml
[2.112s] Listing '/home/usuario/Robotica/ros2_ws/install/webots_ros2_driver/lib/python3.12/site-packages/controller'...
[2.164s] Listing '/home/usuario/Robotica/ros2_ws/install/webots_ros2_driver/lib/python3.12/site-packages/vehicle'...
[2.213s] Listing '/home/usuario/Robotica/ros2_ws/install/webots_ros2_driver/lib/python3.12/site-packages/webots_ros2_driver'...
[2.222s] Invoked command in '/home/usuario/Robotica/ros2_ws/build/webots_ros2_driver' returned '0': AMENT_PREFIX_PATH=/home/usuario/Robotica/ros2_ws/install/webots_ros2_msgs:/home/usuario/Robotica/ros2_ws/install/webots_ros2_importer:${AMENT_PREFIX_PATH} CMAKE_PREFIX_PATH=/home/usuario/Robotica/ros2_ws/install/webots_ros2_msgs:/opt/ros/jazzy/opt/sdformat_vendor:/opt/ros/jazzy/opt/gz_math_vendor:/opt/ros/jazzy/opt/gz_utils_vendor:/opt/ros/jazzy/opt/gz_tools_vendor:/opt/ros/jazzy/opt/gz_cmake_vendor:/opt/ros/jazzy DEBUGINFOD_URLS=https://debuginfod.ubuntu.com LD_LIBRARY_PATH=/home/usuario/Robotica/ros2_ws/install/webots_ros2_msgs/lib:${LD_LIBRARY_PATH} PYTHONPATH=/home/usuario/Robotica/ros2_ws/install/webots_ros2_msgs/lib/python3.12/site-packages:/home/usuario/Robotica/ros2_ws/build/webots_ros2_importer:/home/usuario/Robotica/ros2_ws/install/webots_ros2_importer/lib/python3.12/site-packages:${PYTHONPATH} /usr/bin/cmake --install /home/usuario/Robotica/ros2_ws/build/webots_ros2_driver
