[0.119s] Invoking command in '/home/usuario/Robotica/ros2_ws/build/webots_ros2_driver': AMENT_PREFIX_PATH=/home/usuario/Robotica/ros2_ws/install/webots_ros2_msgs:/home/usuario/Robotica/ros2_ws/install/webots_ros2_importer:${AMENT_PREFIX_PATH} CMAKE_PREFIX_PATH=/home/usuario/Robotica/ros2_ws/install/webots_ros2_msgs:/opt/ros/jazzy/opt/sdformat_vendor:/opt/ros/jazzy/opt/gz_math_vendor:/opt/ros/jazzy/opt/gz_utils_vendor:/opt/ros/jazzy/opt/gz_tools_vendor:/opt/ros/jazzy/opt/gz_cmake_vendor:/opt/ros/jazzy DEBUGINFOD_URLS=https://debuginfod.ubuntu.com LD_LIBRARY_PATH=/home/usuario/Robotica/ros2_ws/install/webots_ros2_msgs/lib:${LD_LIBRARY_PATH} PYTHONPATH=/home/usuario/Robotica/ros2_ws/install/webots_ros2_msgs/lib/python3.12/site-packages:/home/usuario/Robotica/ros2_ws/build/webots_ros2_importer:/home/usuario/Robotica/ros2_ws/install/webots_ros2_importer/lib/python3.12/site-packages:${PYTHONPATH} /usr/bin/cmake --build /home/usuario/Robotica/ros2_ws/build/webots_ros2_driver -- -j10 -l10
[2.268s] [  0%] Built target ament_cmake_python_symlink_vehicle
[2.707s] [  0%] Built target ament_cmake_python_symlink_controller
[3.074s] [  0%] Built target ament_cmake_python_symlink_webots_ros2_driver
[4.071s] running egg_info
[4.092s] running egg_info
[4.098s] writing vehicle.egg-info/PKG-INFO
[4.099s] writing dependency_links to vehicle.egg-info/dependency_links.txt
[4.099s] writing top-level names to vehicle.egg-info/top_level.txt
[4.102s] running egg_info
[4.125s] writing controller.egg-info/PKG-INFO
[4.125s] writing dependency_links to controller.egg-info/dependency_links.txt
[4.125s] writing top-level names to controller.egg-info/top_level.txt
[4.133s] writing webots_ros2_driver.egg-info/PKG-INFO
[4.133s] writing dependency_links to webots_ros2_driver.egg-info/dependency_links.txt
[4.133s] writing top-level names to webots_ros2_driver.egg-info/top_level.txt
[4.189s] reading manifest file 'vehicle.egg-info/SOURCES.txt'
[4.205s] writing manifest file 'vehicle.egg-info/SOURCES.txt'
[4.273s] reading manifest file 'controller.egg-info/SOURCES.txt'
[4.275s] writing manifest file 'controller.egg-info/SOURCES.txt'
[4.276s] reading manifest file 'webots_ros2_driver.egg-info/SOURCES.txt'
[4.276s] writing manifest file 'webots_ros2_driver.egg-info/SOURCES.txt'
[4.355s] [  0%] Built target ament_cmake_python_build_vehicle_egg
[4.454s] [  0%] Built target ament_cmake_python_build_controller_egg
[4.459s] [  0%] Built target ament_cmake_python_build_webots_ros2_driver_egg
[5.036s] [  0%] Built target compile-lib-controller
[5.159s] [  0%] Built target compile-generic-window
[5.959s] [  0%] Built target compile-lib-vehicle
[6.057s] [ 29%] Built target webots_ros2_driver_rgbd
[6.057s] [ 25%] Built target webots_ros2_driver_imu
[6.096s] [100%] Built target driver
[6.113s] Invoked command in '/home/usuario/Robotica/ros2_ws/build/webots_ros2_driver' returned '0': AMENT_PREFIX_PATH=/home/usuario/Robotica/ros2_ws/install/webots_ros2_msgs:/home/usuario/Robotica/ros2_ws/install/webots_ros2_importer:${AMENT_PREFIX_PATH} CMAKE_PREFIX_PATH=/home/usuario/Robotica/ros2_ws/install/webots_ros2_msgs:/opt/ros/jazzy/opt/sdformat_vendor:/opt/ros/jazzy/opt/gz_math_vendor:/opt/ros/jazzy/opt/gz_utils_vendor:/opt/ros/jazzy/opt/gz_tools_vendor:/opt/ros/jazzy/opt/gz_cmake_vendor:/opt/ros/jazzy DEBUGINFOD_URLS=https://debuginfod.ubuntu.com LD_LIBRARY_PATH=/home/usuario/Robotica/ros2_ws/install/webots_ros2_msgs/lib:${LD_LIBRARY_PATH} PYTHONPATH=/home/usuario/Robotica/ros2_ws/install/webots_ros2_msgs/lib/python3.12/site-packages:/home/usuario/Robotica/ros2_ws/build/webots_ros2_importer:/home/usuario/Robotica/ros2_ws/install/webots_ros2_importer/lib/python3.12/site-packages:${PYTHONPATH} /usr/bin/cmake --build /home/usuario/Robotica/ros2_ws/build/webots_ros2_driver -- -j10 -l10
[6.113s] Invoking command in '/home/usuario/Robotica/ros2_ws/build/webots_ros2_driver': AMENT_PREFIX_PATH=/home/usuario/Robotica/ros2_ws/install/webots_ros2_msgs:/home/usuario/Robotica/ros2_ws/install/webots_ros2_importer:${AMENT_PREFIX_PATH} CMAKE_PREFIX_PATH=/home/usuario/Robotica/ros2_ws/install/webots_ros2_msgs:/opt/ros/jazzy/opt/sdformat_vendor:/opt/ros/jazzy/opt/gz_math_vendor:/opt/ros/jazzy/opt/gz_utils_vendor:/opt/ros/jazzy/opt/gz_tools_vendor:/opt/ros/jazzy/opt/gz_cmake_vendor:/opt/ros/jazzy DEBUGINFOD_URLS=https://debuginfod.ubuntu.com LD_LIBRARY_PATH=/home/usuario/Robotica/ros2_ws/install/webots_ros2_msgs/lib:${LD_LIBRARY_PATH} PYTHONPATH=/home/usuario/Robotica/ros2_ws/install/webots_ros2_msgs/lib/python3.12/site-packages:/home/usuario/Robotica/ros2_ws/build/webots_ros2_importer:/home/usuario/Robotica/ros2_ws/install/webots_ros2_importer/lib/python3.12/site-packages:${PYTHONPATH} /usr/bin/cmake --install /home/usuario/Robotica/ros2_ws/build/webots_ros2_driver
[6.123s] -- Install configuration: ""
[6.123s] -- Execute custom install script
[6.123s] -- Up-to-date symlink: /home/usuario/Robotica/ros2_ws/install/webots_ros2_driver/share/webots_ros2_driver/environment/pythonpath.sh
[6.124s] -- Up-to-date symlink: /home/usuario/Robotica/ros2_ws/install/webots_ros2_driver/share/webots_ros2_driver/environment/pythonpath.dsv
[6.124s] -- Up-to-date symlink: /home/usuario/Robotica/ros2_ws/install/webots_ros2_driver/lib/python3.12/site-packages/controller-2025.0.1-py3.12.egg-info/PKG-INFO
[6.124s] -- Up-to-date symlink: /home/usuario/Robotica/ros2_ws/install/webots_ros2_driver/lib/python3.12/site-packages/controller-2025.0.1-py3.12.egg-info/SOURCES.txt
[6.125s] -- Up-to-date symlink: /home/usuario/Robotica/ros2_ws/install/webots_ros2_driver/lib/python3.12/site-packages/controller-2025.0.1-py3.12.egg-info/dependency_links.txt
[6.125s] -- Up-to-date symlink: /home/usuario/Robotica/ros2_ws/install/webots_ros2_driver/lib/python3.12/site-packages/controller-2025.0.1-py3.12.egg-info/top_level.txt
[6.125s] -- Up-to-date symlink: /home/usuario/Robotica/ros2_ws/install/webots_ros2_driver/lib/python3.12/site-packages/controller/__init__.py
[6.126s] -- Up-to-date symlink: /home/usuario/Robotica/ros2_ws/install/webots_ros2_driver/lib/python3.12/site-packages/controller/accelerometer.py
[6.126s] -- Up-to-date symlink: /home/usuario/Robotica/ros2_ws/install/webots_ros2_driver/lib/python3.12/site-packages/controller/altimeter.py
[6.126s] -- Up-to-date symlink: /home/usuario/Robotica/ros2_ws/install/webots_ros2_driver/lib/python3.12/site-packages/controller/ansi_codes.py
[6.126s] -- Up-to-date symlink: /home/usuario/Robotica/ros2_ws/install/webots_ros2_driver/lib/python3.12/site-packages/controller/brake.py
[6.126s] -- Up-to-date symlink: /home/usuario/Robotica/ros2_ws/install/webots_ros2_driver/lib/python3.12/site-packages/controller/camera.py
[6.126s] -- Up-to-date symlink: /home/usuario/Robotica/ros2_ws/install/webots_ros2_driver/lib/python3.12/site-packages/controller/compass.py
[6.126s] -- Up-to-date symlink: /home/usuario/Robotica/ros2_ws/install/webots_ros2_driver/lib/python3.12/site-packages/controller/connector.py
[6.126s] -- Up-to-date symlink: /home/usuario/Robotica/ros2_ws/install/webots_ros2_driver/lib/python3.12/site-packages/controller/constants.py
[6.127s] -- Up-to-date symlink: /home/usuario/Robotica/ros2_ws/install/webots_ros2_driver/lib/python3.12/site-packages/controller/device.py
[6.127s] -- Up-to-date symlink: /home/usuario/Robotica/ros2_ws/install/webots_ros2_driver/lib/python3.12/site-packages/controller/display.py
[6.127s] -- Up-to-date symlink: /home/usuario/Robotica/ros2_ws/install/webots_ros2_driver/lib/python3.12/site-packages/controller/distance_sensor.py
[6.127s] -- Up-to-date symlink: /home/usuario/Robotica/ros2_ws/install/webots_ros2_driver/lib/python3.12/site-packages/controller/emitter.py
[6.127s] -- Up-to-date symlink: /home/usuario/Robotica/ros2_ws/install/webots_ros2_driver/lib/python3.12/site-packages/controller/field.py
[6.127s] -- Up-to-date symlink: /home/usuario/Robotica/ros2_ws/install/webots_ros2_driver/lib/python3.12/site-packages/controller/gps.py
[6.128s] -- Up-to-date symlink: /home/usuario/Robotica/ros2_ws/install/webots_ros2_driver/lib/python3.12/site-packages/controller/gyro.py
[6.128s] -- Up-to-date symlink: /home/usuario/Robotica/ros2_ws/install/webots_ros2_driver/lib/python3.12/site-packages/controller/inertial_unit.py
[6.128s] -- Up-to-date symlink: /home/usuario/Robotica/ros2_ws/install/webots_ros2_driver/lib/python3.12/site-packages/controller/joystick.py
[6.128s] -- Up-to-date symlink: /home/usuario/Robotica/ros2_ws/install/webots_ros2_driver/lib/python3.12/site-packages/controller/keyboard.py
[6.129s] -- Up-to-date symlink: /home/usuario/Robotica/ros2_ws/install/webots_ros2_driver/lib/python3.12/site-packages/controller/led.py
[6.129s] -- Up-to-date symlink: /home/usuario/Robotica/ros2_ws/install/webots_ros2_driver/lib/python3.12/site-packages/controller/lidar.py
[6.129s] -- Up-to-date symlink: /home/usuario/Robotica/ros2_ws/install/webots_ros2_driver/lib/python3.12/site-packages/controller/lidar_point.py
[6.129s] -- Up-to-date symlink: /home/usuario/Robotica/ros2_ws/install/webots_ros2_driver/lib/python3.12/site-packages/controller/light_sensor.py
[6.129s] -- Up-to-date symlink: /home/usuario/Robotica/ros2_ws/install/webots_ros2_driver/lib/python3.12/site-packages/controller/motion.py
[6.129s] -- Up-to-date symlink: /home/usuario/Robotica/ros2_ws/install/webots_ros2_driver/lib/python3.12/site-packages/controller/motor.py
[6.130s] -- Up-to-date symlink: /home/usuario/Robotica/ros2_ws/install/webots_ros2_driver/lib/python3.12/site-packages/controller/mouse.py
[6.130s] -- Up-to-date symlink: /home/usuario/Robotica/ros2_ws/install/webots_ros2_driver/lib/python3.12/site-packages/controller/node.py
[6.130s] -- Up-to-date symlink: /home/usuario/Robotica/ros2_ws/install/webots_ros2_driver/lib/python3.12/site-packages/controller/pen.py
[6.130s] -- Up-to-date symlink: /home/usuario/Robotica/ros2_ws/install/webots_ros2_driver/lib/python3.12/site-packages/controller/position_sensor.py
[6.130s] -- Up-to-date symlink: /home/usuario/Robotica/ros2_ws/install/webots_ros2_driver/lib/python3.12/site-packages/controller/proto.py
[6.131s] -- Up-to-date symlink: /home/usuario/Robotica/ros2_ws/install/webots_ros2_driver/lib/python3.12/site-packages/controller/radar.py
[6.131s] -- Up-to-date symlink: /home/usuario/Robotica/ros2_ws/install/webots_ros2_driver/lib/python3.12/site-packages/controller/radar_target.py
[6.131s] -- Up-to-date symlink: /home/usuario/Robotica/ros2_ws/install/webots_ros2_driver/lib/python3.12/site-packages/controller/range_finder.py
[6.131s] -- Up-to-date symlink: /home/usuario/Robotica/ros2_ws/install/webots_ros2_driver/lib/python3.12/site-packages/controller/receiver.py
[6.131s] -- Up-to-date symlink: /home/usuario/Robotica/ros2_ws/install/webots_ros2_driver/lib/python3.12/site-packages/controller/robot.py
[6.131s] -- Up-to-date symlink: /home/usuario/Robotica/ros2_ws/install/webots_ros2_driver/lib/python3.12/site-packages/controller/sensor.py
[6.131s] -- Up-to-date symlink: /home/usuario/Robotica/ros2_ws/install/webots_ros2_driver/lib/python3.12/site-packages/controller/skin.py
[6.132s] -- Up-to-date symlink: /home/usuario/Robotica/ros2_ws/install/webots_ros2_driver/lib/python3.12/site-packages/controller/speaker.py
[6.132s] -- Up-to-date symlink: /home/usuario/Robotica/ros2_ws/install/webots_ros2_driver/lib/python3.12/site-packages/controller/supervisor.py
[6.132s] -- Up-to-date symlink: /home/usuario/Robotica/ros2_ws/install/webots_ros2_driver/lib/python3.12/site-packages/controller/touch_sensor.py
[6.132s] -- Up-to-date symlink: /home/usuario/Robotica/ros2_ws/install/webots_ros2_driver/lib/python3.12/site-packages/controller/vacuum_gripper.py
[6.132s] -- Up-to-date symlink: /home/usuario/Robotica/ros2_ws/install/webots_ros2_driver/lib/python3.12/site-packages/controller/wb.py
[6.133s] -- Up-to-date symlink: /home/usuario/Robotica/ros2_ws/install/webots_ros2_driver/lib/python3.12/site-packages/vehicle-2025.0.1-py3.12.egg-info/PKG-INFO
[6.133s] -- Up-to-date symlink: /home/usuario/Robotica/ros2_ws/install/webots_ros2_driver/lib/python3.12/site-packages/vehicle-2025.0.1-py3.12.egg-info/SOURCES.txt
[6.133s] -- Up-to-date symlink: /home/usuario/Robotica/ros2_ws/install/webots_ros2_driver/lib/python3.12/site-packages/vehicle-2025.0.1-py3.12.egg-info/dependency_links.txt
[6.133s] -- Up-to-date symlink: /home/usuario/Robotica/ros2_ws/install/webots_ros2_driver/lib/python3.12/site-packages/vehicle-2025.0.1-py3.12.egg-info/top_level.txt
[6.133s] -- Up-to-date symlink: /home/usuario/Robotica/ros2_ws/install/webots_ros2_driver/lib/python3.12/site-packages/vehicle/__init__.py
[6.134s] -- Up-to-date symlink: /home/usuario/Robotica/ros2_ws/install/webots_ros2_driver/lib/python3.12/site-packages/vehicle/car.py
[6.134s] -- Up-to-date symlink: /home/usuario/Robotica/ros2_ws/install/webots_ros2_driver/lib/python3.12/site-packages/vehicle/driver.py
[6.134s] -- Up-to-date symlink: /home/usuario/Robotica/ros2_ws/install/webots_ros2_driver/lib/python3.12/site-packages/webots_ros2_driver-2025.0.1-py3.12.egg-info/PKG-INFO
[6.134s] -- Up-to-date symlink: /home/usuario/Robotica/ros2_ws/install/webots_ros2_driver/lib/python3.12/site-packages/webots_ros2_driver-2025.0.1-py3.12.egg-info/SOURCES.txt
[6.134s] -- Up-to-date symlink: /home/usuario/Robotica/ros2_ws/install/webots_ros2_driver/lib/python3.12/site-packages/webots_ros2_driver-2025.0.1-py3.12.egg-info/dependency_links.txt
[6.134s] -- Up-to-date symlink: /home/usuario/Robotica/ros2_ws/install/webots_ros2_driver/lib/python3.12/site-packages/webots_ros2_driver-2025.0.1-py3.12.egg-info/top_level.txt
[6.135s] -- Up-to-date symlink: /home/usuario/Robotica/ros2_ws/install/webots_ros2_driver/lib/python3.12/site-packages/webots_ros2_driver/__init__.py
[6.135s] -- Up-to-date symlink: /home/usuario/Robotica/ros2_ws/install/webots_ros2_driver/lib/python3.12/site-packages/webots_ros2_driver/ros2_supervisor.py
[6.135s] -- Up-to-date symlink: /home/usuario/Robotica/ros2_ws/install/webots_ros2_driver/lib/python3.12/site-packages/webots_ros2_driver/urdf_spawner.py
[6.135s] -- Up-to-date symlink: /home/usuario/Robotica/ros2_ws/install/webots_ros2_driver/lib/python3.12/site-packages/webots_ros2_driver/utils.py
[6.135s] -- Up-to-date symlink: /home/usuario/Robotica/ros2_ws/install/webots_ros2_driver/lib/python3.12/site-packages/webots_ros2_driver/wait_for_controller_connection.py
[6.135s] -- Up-to-date symlink: /home/usuario/Robotica/ros2_ws/install/webots_ros2_driver/lib/python3.12/site-packages/webots_ros2_driver/webots_controller.py
[6.135s] -- Up-to-date symlink: /home/usuario/Robotica/ros2_ws/install/webots_ros2_driver/lib/python3.12/site-packages/webots_ros2_driver/webots_launcher.py
[6.136s] -- Up-to-date symlink: /home/usuario/Robotica/ros2_ws/install/webots_ros2_driver/include/webots_ros2_driver/PluginInterface.hpp
[6.136s] -- Up-to-date symlink: /home/usuario/Robotica/ros2_ws/install/webots_ros2_driver/include/webots_ros2_driver/PythonPlugin.hpp
[6.136s] -- Up-to-date symlink: /home/usuario/Robotica/ros2_ws/install/webots_ros2_driver/include/webots_ros2_driver/WebotsNode.hpp
[6.136s] -- Up-to-date symlink: /home/usuario/Robotica/ros2_ws/install/webots_ros2_driver/include/webots_ros2_driver/plugins/Ros2SensorPlugin.hpp
[6.136s] -- Up-to-date symlink: /home/usuario/Robotica/ros2_ws/install/webots_ros2_driver/include/webots_ros2_driver/plugins/dynamic/Ros2IMU.hpp
[6.136s] -- Up-to-date symlink: /home/usuario/Robotica/ros2_ws/install/webots_ros2_driver/include/webots_ros2_driver/plugins/dynamic/Ros2RGBD.hpp
[6.137s] -- Up-to-date symlink: /home/usuario/Robotica/ros2_ws/install/webots_ros2_driver/include/webots_ros2_driver/plugins/static/Ros2Camera.hpp
[6.137s] -- Up-to-date symlink: /home/usuario/Robotica/ros2_ws/install/webots_ros2_driver/include/webots_ros2_driver/plugins/static/Ros2Compass.hpp
[6.137s] -- Up-to-date symlink: /home/usuario/Robotica/ros2_ws/install/webots_ros2_driver/include/webots_ros2_driver/plugins/static/Ros2DistanceSensor.hpp
[6.137s] -- Up-to-date symlink: /home/usuario/Robotica/ros2_ws/install/webots_ros2_driver/include/webots_ros2_driver/plugins/static/Ros2Emitter.hpp
[6.137s] -- Up-to-date symlink: /home/usuario/Robotica/ros2_ws/install/webots_ros2_driver/include/webots_ros2_driver/plugins/static/Ros2GPS.hpp
[6.137s] -- Up-to-date symlink: /home/usuario/Robotica/ros2_ws/install/webots_ros2_driver/include/webots_ros2_driver/plugins/static/Ros2LED.hpp
[6.137s] -- Up-to-date symlink: /home/usuario/Robotica/ros2_ws/install/webots_ros2_driver/include/webots_ros2_driver/plugins/static/Ros2Lidar.hpp
[6.138s] -- Up-to-date symlink: /home/usuario/Robotica/ros2_ws/install/webots_ros2_driver/include/webots_ros2_driver/plugins/static/Ros2LightSensor.hpp
[6.138s] -- Up-to-date symlink: /home/usuario/Robotica/ros2_ws/install/webots_ros2_driver/include/webots_ros2_driver/plugins/static/Ros2Pen.hpp
[6.138s] -- Up-to-date symlink: /home/usuario/Robotica/ros2_ws/install/webots_ros2_driver/include/webots_ros2_driver/plugins/static/Ros2RangeFinder.hpp
[6.138s] -- Up-to-date symlink: /home/usuario/Robotica/ros2_ws/install/webots_ros2_driver/include/webots_ros2_driver/plugins/static/Ros2Receiver.hpp
[6.138s] -- Up-to-date symlink: /home/usuario/Robotica/ros2_ws/install/webots_ros2_driver/include/webots_ros2_driver/plugins/static/Ros2VacuumGripper.hpp
[6.138s] -- Up-to-date symlink: /home/usuario/Robotica/ros2_ws/install/webots_ros2_driver/include/webots_ros2_driver/utils/Math.hpp
[6.138s] -- Up-to-date symlink: /home/usuario/Robotica/ros2_ws/install/webots_ros2_driver/include/webots_ros2_driver/utils/Utils.hpp
[6.138s] -- Up-to-date symlink: /home/usuario/Robotica/ros2_ws/install/webots_ros2_driver/lib/webots_ros2_driver/driver
[6.139s] -- Up-to-date symlink: /home/usuario/Robotica/ros2_ws/install/webots_ros2_driver/lib/libwebots_ros2_driver_imu.so
[6.139s] -- Up-to-date symlink: /home/usuario/Robotica/ros2_ws/install/webots_ros2_driver/lib/libwebots_ros2_driver_rgbd.so
[6.140s] -- Up-to-date symlink: /home/usuario/Robotica/ros2_ws/install/webots_ros2_driver/include/webots/c/webots/accelerometer.h
[6.140s] -- Up-to-date symlink: /home/usuario/Robotica/ros2_ws/install/webots_ros2_driver/include/webots/c/webots/altimeter.h
[6.140s] -- Up-to-date symlink: /home/usuario/Robotica/ros2_ws/install/webots_ros2_driver/include/webots/c/webots/brake.h
[6.140s] -- Up-to-date symlink: /home/usuario/Robotica/ros2_ws/install/webots_ros2_driver/include/webots/c/webots/camera.h
[6.140s] -- Up-to-date symlink: /home/usuario/Robotica/ros2_ws/install/webots_ros2_driver/include/webots/c/webots/camera_recognition_object.h
[6.140s] -- Up-to-date symlink: /home/usuario/Robotica/ros2_ws/install/webots_ros2_driver/include/webots/c/webots/compass.h
[6.140s] -- Up-to-date symlink: /home/usuario/Robotica/ros2_ws/install/webots_ros2_driver/include/webots/c/webots/connector.h
[6.141s] -- Up-to-date symlink: /home/usuario/Robotica/ros2_ws/install/webots_ros2_driver/include/webots/c/webots/console.h
[6.141s] -- Up-to-date symlink: /home/usuario/Robotica/ros2_ws/install/webots_ros2_driver/include/webots/c/webots/contact_point.h
[6.141s] -- Up-to-date symlink: /home/usuario/Robotica/ros2_ws/install/webots_ros2_driver/include/webots/c/webots/device.h
[6.141s] -- Up-to-date symlink: /home/usuario/Robotica/ros2_ws/install/webots_ros2_driver/include/webots/c/webots/display.h
[6.141s] -- Up-to-date symlink: /home/usuario/Robotica/ros2_ws/install/webots_ros2_driver/include/webots/c/webots/distance_sensor.h
[6.141s] -- Up-to-date symlink: /home/usuario/Robotica/ros2_ws/install/webots_ros2_driver/include/webots/c/webots/emitter.h
[6.142s] -- Up-to-date symlink: /home/usuario/Robotica/ros2_ws/install/webots_ros2_driver/include/webots/c/webots/gps.h
[6.142s] -- Up-to-date symlink: /home/usuario/Robotica/ros2_ws/install/webots_ros2_driver/include/webots/c/webots/gyro.h
[6.142s] -- Up-to-date symlink: /home/usuario/Robotica/ros2_ws/install/webots_ros2_driver/include/webots/c/webots/inertial_unit.h
[6.142s] -- Up-to-date symlink: /home/usuario/Robotica/ros2_ws/install/webots_ros2_driver/include/webots/c/webots/joystick.h
[6.142s] -- Up-to-date symlink: /home/usuario/Robotica/ros2_ws/install/webots_ros2_driver/include/webots/c/webots/keyboard.h
[6.142s] -- Up-to-date symlink: /home/usuario/Robotica/ros2_ws/install/webots_ros2_driver/include/webots/c/webots/led.h
[6.143s] -- Up-to-date symlink: /home/usuario/Robotica/ros2_ws/install/webots_ros2_driver/include/webots/c/webots/lidar.h
[6.143s] -- Up-to-date symlink: /home/usuario/Robotica/ros2_ws/install/webots_ros2_driver/include/webots/c/webots/lidar_point.h
[6.143s] -- Up-to-date symlink: /home/usuario/Robotica/ros2_ws/install/webots_ros2_driver/include/webots/c/webots/light_sensor.h
[6.143s] -- Up-to-date symlink: /home/usuario/Robotica/ros2_ws/install/webots_ros2_driver/include/webots/c/webots/microphone.h
[6.143s] -- Up-to-date symlink: /home/usuario/Robotica/ros2_ws/install/webots_ros2_driver/include/webots/c/webots/motor.h
[6.143s] -- Up-to-date symlink: /home/usuario/Robotica/ros2_ws/install/webots_ros2_driver/include/webots/c/webots/mouse.h
[6.144s] -- Up-to-date symlink: /home/usuario/Robotica/ros2_ws/install/webots_ros2_driver/include/webots/c/webots/mouse_state.h
[6.144s] -- Up-to-date symlink: /home/usuario/Robotica/ros2_ws/install/webots_ros2_driver/include/webots/c/webots/nodes.h
[6.144s] -- Up-to-date symlink: /home/usuario/Robotica/ros2_ws/install/webots_ros2_driver/include/webots/c/webots/pen.h
[6.144s] -- Up-to-date symlink: /home/usuario/Robotica/ros2_ws/install/webots_ros2_driver/include/webots/c/webots/plugins/robot_window/default.h
[6.144s] -- Up-to-date symlink: /home/usuario/Robotica/ros2_ws/install/webots_ros2_driver/include/webots/c/webots/plugins/robot_window/generic_robot_window/generic.h
[6.144s] -- Up-to-date symlink: /home/usuario/Robotica/ros2_ws/install/webots_ros2_driver/include/webots/c/webots/plugins/robot_window/robot_window.h
[6.144s] -- Up-to-date symlink: /home/usuario/Robotica/ros2_ws/install/webots_ros2_driver/include/webots/c/webots/plugins/robot_window/robot_wwi.h
[6.144s] -- Up-to-date symlink: /home/usuario/Robotica/ros2_ws/install/webots_ros2_driver/include/webots/c/webots/position_sensor.h
[6.144s] -- Up-to-date symlink: /home/usuario/Robotica/ros2_ws/install/webots_ros2_driver/include/webots/c/webots/radar.h
[6.144s] -- Up-to-date symlink: /home/usuario/Robotica/ros2_ws/install/webots_ros2_driver/include/webots/c/webots/radar_target.h
[6.144s] -- Up-to-date symlink: /home/usuario/Robotica/ros2_ws/install/webots_ros2_driver/include/webots/c/webots/radio.h
[6.144s] -- Up-to-date symlink: /home/usuario/Robotica/ros2_ws/install/webots_ros2_driver/include/webots/c/webots/range_finder.h
[6.144s] -- Up-to-date symlink: /home/usuario/Robotica/ros2_ws/install/webots_ros2_driver/include/webots/c/webots/receiver.h
[6.144s] -- Up-to-date symlink: /home/usuario/Robotica/ros2_ws/install/webots_ros2_driver/include/webots/c/webots/remote_control.h
[6.145s] -- Up-to-date symlink: /home/usuario/Robotica/ros2_ws/install/webots_ros2_driver/include/webots/c/webots/robot.h
[6.145s] -- Up-to-date symlink: /home/usuario/Robotica/ros2_ws/install/webots_ros2_driver/include/webots/c/webots/skin.h
[6.145s] -- Up-to-date symlink: /home/usuario/Robotica/ros2_ws/install/webots_ros2_driver/include/webots/c/webots/speaker.h
[6.145s] -- Up-to-date symlink: /home/usuario/Robotica/ros2_ws/install/webots_ros2_driver/include/webots/c/webots/supervisor.h
[6.145s] -- Up-to-date symlink: /home/usuario/Robotica/ros2_ws/install/webots_ros2_driver/include/webots/c/webots/touch_sensor.h
[6.145s] -- Up-to-date symlink: /home/usuario/Robotica/ros2_ws/install/webots_ros2_driver/include/webots/c/webots/types.h
[6.145s] -- Up-to-date symlink: /home/usuario/Robotica/ros2_ws/install/webots_ros2_driver/include/webots/c/webots/utils/ansi_codes.h
[6.145s] -- Up-to-date symlink: /home/usuario/Robotica/ros2_ws/install/webots_ros2_driver/include/webots/c/webots/utils/motion.h
[6.145s] -- Up-to-date symlink: /home/usuario/Robotica/ros2_ws/install/webots_ros2_driver/include/webots/c/webots/utils/string.h
[6.145s] -- Up-to-date symlink: /home/usuario/Robotica/ros2_ws/install/webots_ros2_driver/include/webots/c/webots/utils/system.h
[6.145s] -- Up-to-date symlink: /home/usuario/Robotica/ros2_ws/install/webots_ros2_driver/include/webots/c/webots/vacuum_gripper.h
[6.145s] -- Up-to-date symlink: /home/usuario/Robotica/ros2_ws/install/webots_ros2_driver/include/webots/c/webots/vehicle/car.h
[6.145s] -- Up-to-date symlink: /home/usuario/Robotica/ros2_ws/install/webots_ros2_driver/include/webots/c/webots/vehicle/driver.h
[6.145s] -- Up-to-date symlink: /home/usuario/Robotica/ros2_ws/install/webots_ros2_driver/include/webots/cpp/webots/Accelerometer.hpp
[6.145s] -- Up-to-date symlink: /home/usuario/Robotica/ros2_ws/install/webots_ros2_driver/include/webots/cpp/webots/Altimeter.hpp
[6.145s] -- Up-to-date symlink: /home/usuario/Robotica/ros2_ws/install/webots_ros2_driver/include/webots/cpp/webots/Brake.hpp
[6.145s] -- Up-to-date symlink: /home/usuario/Robotica/ros2_ws/install/webots_ros2_driver/include/webots/cpp/webots/Camera.hpp
[6.145s] -- Up-to-date symlink: /home/usuario/Robotica/ros2_ws/install/webots_ros2_driver/include/webots/cpp/webots/Compass.hpp
[6.145s] -- Up-to-date symlink: /home/usuario/Robotica/ros2_ws/install/webots_ros2_driver/include/webots/cpp/webots/Connector.hpp
[6.145s] -- Up-to-date symlink: /home/usuario/Robotica/ros2_ws/install/webots_ros2_driver/include/webots/cpp/webots/Device.hpp
[6.145s] -- Up-to-date symlink: /home/usuario/Robotica/ros2_ws/install/webots_ros2_driver/include/webots/cpp/webots/Display.hpp
[6.146s] -- Up-to-date symlink: /home/usuario/Robotica/ros2_ws/install/webots_ros2_driver/include/webots/cpp/webots/DistanceSensor.hpp
[6.146s] -- Up-to-date symlink: /home/usuario/Robotica/ros2_ws/install/webots_ros2_driver/include/webots/cpp/webots/Emitter.hpp
[6.146s] -- Up-to-date symlink: /home/usuario/Robotica/ros2_ws/install/webots_ros2_driver/include/webots/cpp/webots/Field.hpp
[6.146s] -- Up-to-date symlink: /home/usuario/Robotica/ros2_ws/install/webots_ros2_driver/include/webots/cpp/webots/GPS.hpp
[6.146s] -- Up-to-date symlink: /home/usuario/Robotica/ros2_ws/install/webots_ros2_driver/include/webots/cpp/webots/Gyro.hpp
[6.147s] -- Up-to-date symlink: /home/usuario/Robotica/ros2_ws/install/webots_ros2_driver/include/webots/cpp/webots/ImageRef.hpp
[6.147s] -- Up-to-date symlink: /home/usuario/Robotica/ros2_ws/install/webots_ros2_driver/include/webots/cpp/webots/InertialUnit.hpp
[6.147s] -- Up-to-date symlink: /home/usuario/Robotica/ros2_ws/install/webots_ros2_driver/include/webots/cpp/webots/Joystick.hpp
[6.147s] -- Up-to-date symlink: /home/usuario/Robotica/ros2_ws/install/webots_ros2_driver/include/webots/cpp/webots/Keyboard.hpp
[6.147s] -- Up-to-date symlink: /home/usuario/Robotica/ros2_ws/install/webots_ros2_driver/include/webots/cpp/webots/LED.hpp
[6.147s] -- Up-to-date symlink: /home/usuario/Robotica/ros2_ws/install/webots_ros2_driver/include/webots/cpp/webots/Lidar.hpp
[6.148s] -- Up-to-date symlink: /home/usuario/Robotica/ros2_ws/install/webots_ros2_driver/include/webots/cpp/webots/LightSensor.hpp
[6.148s] -- Up-to-date symlink: /home/usuario/Robotica/ros2_ws/install/webots_ros2_driver/include/webots/cpp/webots/Motor.hpp
[6.148s] -- Up-to-date symlink: /home/usuario/Robotica/ros2_ws/install/webots_ros2_driver/include/webots/cpp/webots/Mouse.hpp
[6.148s] -- Up-to-date symlink: /home/usuario/Robotica/ros2_ws/install/webots_ros2_driver/include/webots/cpp/webots/Node.hpp
[6.148s] -- Up-to-date symlink: /home/usuario/Robotica/ros2_ws/install/webots_ros2_driver/include/webots/cpp/webots/Pen.hpp
[6.149s] -- Up-to-date symlink: /home/usuario/Robotica/ros2_ws/install/webots_ros2_driver/include/webots/cpp/webots/PositionSensor.hpp
[6.149s] -- Up-to-date symlink: /home/usuario/Robotica/ros2_ws/install/webots_ros2_driver/include/webots/cpp/webots/Proto.hpp
[6.149s] -- Up-to-date symlink: /home/usuario/Robotica/ros2_ws/install/webots_ros2_driver/include/webots/cpp/webots/Radar.hpp
[6.149s] -- Up-to-date symlink: /home/usuario/Robotica/ros2_ws/install/webots_ros2_driver/include/webots/cpp/webots/RangeFinder.hpp
[6.149s] -- Up-to-date symlink: /home/usuario/Robotica/ros2_ws/install/webots_ros2_driver/include/webots/cpp/webots/Receiver.hpp
[6.152s] -- Up-to-date symlink: /home/usuario/Robotica/ros2_ws/install/webots_ros2_driver/include/webots/cpp/webots/Robot.hpp
[6.155s] -- Up-to-date symlink: /home/usuario/Robotica/ros2_ws/install/webots_ros2_driver/include/webots/cpp/webots/Skin.hpp
[6.155s] -- Up-to-date symlink: /home/usuario/Robotica/ros2_ws/install/webots_ros2_driver/include/webots/cpp/webots/Speaker.hpp
[6.156s] -- Up-to-date symlink: /home/usuario/Robotica/ros2_ws/install/webots_ros2_driver/include/webots/cpp/webots/Supervisor.hpp
[6.156s] -- Up-to-date symlink: /home/usuario/Robotica/ros2_ws/install/webots_ros2_driver/include/webots/cpp/webots/TouchSensor.hpp
[6.156s] -- Up-to-date symlink: /home/usuario/Robotica/ros2_ws/install/webots_ros2_driver/include/webots/cpp/webots/VacuumGripper.hpp
[6.156s] -- Up-to-date symlink: /home/usuario/Robotica/ros2_ws/install/webots_ros2_driver/include/webots/cpp/webots/utils/AnsiCodes.hpp
[6.156s] -- Up-to-date symlink: /home/usuario/Robotica/ros2_ws/install/webots_ros2_driver/include/webots/cpp/webots/utils/Motion.hpp
[6.156s] -- Up-to-date symlink: /home/usuario/Robotica/ros2_ws/install/webots_ros2_driver/include/webots/cpp/webots/vehicle/Car.hpp
[6.156s] -- Up-to-date symlink: /home/usuario/Robotica/ros2_ws/install/webots_ros2_driver/include/webots/cpp/webots/vehicle/Driver.hpp
[6.156s] -- Up-to-date symlink: /home/usuario/Robotica/ros2_ws/install/webots_ros2_driver/lib/controller/libController.so
[6.156s] -- Up-to-date symlink: /home/usuario/Robotica/ros2_ws/install/webots_ros2_driver/lib/controller/libCppCar.so
[6.156s] -- Up-to-date symlink: /home/usuario/Robotica/ros2_ws/install/webots_ros2_driver/lib/controller/libCppController.so
[6.157s] -- Up-to-date symlink: /home/usuario/Robotica/ros2_ws/install/webots_ros2_driver/lib/controller/libCppController.so
[6.157s] -- Up-to-date symlink: /home/usuario/Robotica/ros2_ws/install/webots_ros2_driver/lib/controller/libCppDriver.so
[6.157s] -- Up-to-date symlink: /home/usuario/Robotica/ros2_ws/install/webots_ros2_driver/lib/controller/libcar.so
[6.157s] -- Up-to-date symlink: /home/usuario/Robotica/ros2_ws/install/webots_ros2_driver/lib/controller/libdriver.so
[6.157s] -- Up-to-date symlink: /home/usuario/Robotica/ros2_ws/install/webots_ros2_driver/lib/controller/libgeneric_robot_window.so
[6.157s] -- Up-to-date symlink: /home/usuario/Robotica/ros2_ws/install/webots_ros2_driver/lib/controller/python/vehicle/car.py
[6.157s] -- Up-to-date symlink: /home/usuario/Robotica/ros2_ws/install/webots_ros2_driver/lib/controller/python/vehicle/driver.py
[6.157s] -- Up-to-date symlink: /home/usuario/Robotica/ros2_ws/install/webots_ros2_driver/share/webots_ros2_driver//webots_ros2_imu.xml
[6.157s] -- Up-to-date symlink: /home/usuario/Robotica/ros2_ws/install/webots_ros2_driver/share/webots_ros2_driver//webots_ros2_rgbd.xml
[6.157s] -- Up-to-date symlink: /home/usuario/Robotica/ros2_ws/install/webots_ros2_driver/lib/webots_ros2_driver/ros2_supervisor.py
[6.157s] -- Up-to-date symlink: /home/usuario/Robotica/ros2_ws/install/webots_ros2_driver/share/webots_ros2_driver/scripts/webots_tcp_client.py
[6.157s] -- Up-to-date symlink: /home/usuario/Robotica/ros2_ws/install/webots_ros2_driver/share/webots_ros2_driver/scripts/webots-controller
[6.157s] -- Up-to-date symlink: /home/usuario/Robotica/ros2_ws/install/webots_ros2_driver/share/webots_ros2_driver/environment/library_path.sh
[6.157s] -- Up-to-date symlink: /home/usuario/Robotica/ros2_ws/install/webots_ros2_driver/share/webots_ros2_driver/environment/library_path.dsv
[6.157s] -- Up-to-date symlink: /home/usuario/Robotica/ros2_ws/install/webots_ros2_driver/share/ament_index/resource_index/package_run_dependencies/webots_ros2_driver
[6.157s] -- Up-to-date symlink: /home/usuario/Robotica/ros2_ws/install/webots_ros2_driver/share/ament_index/resource_index/parent_prefix_path/webots_ros2_driver
[6.157s] -- Up-to-date symlink: /home/usuario/Robotica/ros2_ws/install/webots_ros2_driver/share/webots_ros2_driver/environment/ament_prefix_path.sh
[6.157s] -- Up-to-date symlink: /home/usuario/Robotica/ros2_ws/install/webots_ros2_driver/share/webots_ros2_driver/environment/ament_prefix_path.dsv
[6.157s] -- Up-to-date symlink: /home/usuario/Robotica/ros2_ws/install/webots_ros2_driver/share/webots_ros2_driver/environment/path.sh
[6.157s] -- Up-to-date symlink: /home/usuario/Robotica/ros2_ws/install/webots_ros2_driver/share/webots_ros2_driver/environment/path.dsv
[6.157s] -- Up-to-date symlink: /home/usuario/Robotica/ros2_ws/install/webots_ros2_driver/share/webots_ros2_driver/local_setup.bash
[6.157s] -- Up-to-date symlink: /home/usuario/Robotica/ros2_ws/install/webots_ros2_driver/share/webots_ros2_driver/local_setup.sh
[6.157s] -- Up-to-date symlink: /home/usuario/Robotica/ros2_ws/install/webots_ros2_driver/share/webots_ros2_driver/local_setup.zsh
[6.157s] -- Up-to-date symlink: /home/usuario/Robotica/ros2_ws/install/webots_ros2_driver/share/webots_ros2_driver/local_setup.dsv
[6.158s] -- Symlinking: /home/usuario/Robotica/ros2_ws/install/webots_ros2_driver/share/webots_ros2_driver/package.dsv
[6.170s] -- Up-to-date symlink: /home/usuario/Robotica/ros2_ws/install/webots_ros2_driver/share/ament_index/resource_index/packages/webots_ros2_driver
[6.172s] -- Up-to-date symlink: /home/usuario/Robotica/ros2_ws/install/webots_ros2_driver/share/ament_index/resource_index/webots_ros2_driver__pluginlib__plugin/webots_ros2_driver
[6.173s] -- Up-to-date symlink: /home/usuario/Robotica/ros2_ws/install/webots_ros2_driver/share/webots_ros2_driver/cmake/ament_cmake_export_include_directories-extras.cmake
[6.173s] -- Up-to-date symlink: /home/usuario/Robotica/ros2_ws/install/webots_ros2_driver/share/webots_ros2_driver/cmake/ament_cmake_export_dependencies-extras.cmake
[6.174s] -- Up-to-date symlink: /home/usuario/Robotica/ros2_ws/install/webots_ros2_driver/share/webots_ros2_driver/cmake/ament_cmake_export_libraries-extras.cmake
[6.174s] -- Up-to-date symlink: /home/usuario/Robotica/ros2_ws/install/webots_ros2_driver/share/webots_ros2_driver/cmake/webots_ros2_driverConfig.cmake
[6.174s] -- Up-to-date symlink: /home/usuario/Robotica/ros2_ws/install/webots_ros2_driver/share/webots_ros2_driver/cmake/webots_ros2_driverConfig-version.cmake
[6.174s] -- Up-to-date symlink: /home/usuario/Robotica/ros2_ws/install/webots_ros2_driver/share/webots_ros2_driver/package.xml
[6.220s] Listing '/home/usuario/Robotica/ros2_ws/install/webots_ros2_driver/lib/python3.12/site-packages/controller'...
[6.267s] Listing '/home/usuario/Robotica/ros2_ws/install/webots_ros2_driver/lib/python3.12/site-packages/vehicle'...
[6.314s] Listing '/home/usuario/Robotica/ros2_ws/install/webots_ros2_driver/lib/python3.12/site-packages/webots_ros2_driver'...
[6.326s] Invoked command in '/home/usuario/Robotica/ros2_ws/build/webots_ros2_driver' returned '0': AMENT_PREFIX_PATH=/home/usuario/Robotica/ros2_ws/install/webots_ros2_msgs:/home/usuario/Robotica/ros2_ws/install/webots_ros2_importer:${AMENT_PREFIX_PATH} CMAKE_PREFIX_PATH=/home/usuario/Robotica/ros2_ws/install/webots_ros2_msgs:/opt/ros/jazzy/opt/sdformat_vendor:/opt/ros/jazzy/opt/gz_math_vendor:/opt/ros/jazzy/opt/gz_utils_vendor:/opt/ros/jazzy/opt/gz_tools_vendor:/opt/ros/jazzy/opt/gz_cmake_vendor:/opt/ros/jazzy DEBUGINFOD_URLS=https://debuginfod.ubuntu.com LD_LIBRARY_PATH=/home/usuario/Robotica/ros2_ws/install/webots_ros2_msgs/lib:${LD_LIBRARY_PATH} PYTHONPATH=/home/usuario/Robotica/ros2_ws/install/webots_ros2_msgs/lib/python3.12/site-packages:/home/usuario/Robotica/ros2_ws/build/webots_ros2_importer:/home/usuario/Robotica/ros2_ws/install/webots_ros2_importer/lib/python3.12/site-packages:${PYTHONPATH} /usr/bin/cmake --install /home/usuario/Robotica/ros2_ws/build/webots_ros2_driver
