[0.312s] Invoking command in '/home/usuario/Robotica/ros2_ws/build/webots_ros2_msgs': CMAKE_PREFIX_PATH=${CMAKE_PREFIX_PATH}:/opt/ros/jazzy DEBUGINFOD_URLS=https://debuginfod.ubuntu.com /usr/bin/cmake --build /home/usuario/Robotica/ros2_ws/build/webots_ros2_msgs -- -j10 -l10
[0.579s] [  1%] Built target webots_ros2_msgs__rosidl_generator_type_description
[0.593s] [  1%] Built target ament_cmake_python_symlink_webots_ros2_msgs
[0.692s] [  1%] Built target webots_ros2_msgs__cpp
[0.779s] [ 27%] Built target webots_ros2_msgs__rosidl_generator_c
[1.059s] [ 37%] Built target webots_ros2_msgs__rosidl_typesupport_c
[1.076s] [ 46%] Built target webots_ros2_msgs__rosidl_typesupport_introspection_cpp
[1.083s] [ 56%] Built target webots_ros2_msgs__rosidl_typesupport_fastrtps_c
[1.086s] [ 71%] Built target webots_ros2_msgs__rosidl_typesupport_cpp
[1.088s] [ 75%] Built target webots_ros2_msgs__rosidl_typesupport_fastrtps_cpp
[1.098s] [ 85%] Built target webots_ros2_msgs__rosidl_typesupport_introspection_c
[1.137s] [ 85%] Built target webots_ros2_msgs
[1.176s] [ 86%] Built target webots_ros2_msgs__py
[1.209s] running egg_info
[1.230s] writing webots_ros2_msgs.egg-info/PKG-INFO
[1.231s] writing dependency_links to webots_ros2_msgs.egg-info/dependency_links.txt
[1.231s] writing top-level names to webots_ros2_msgs.egg-info/top_level.txt
[1.283s] [ 95%] Built target webots_ros2_msgs__rosidl_generator_py
[1.297s] reading manifest file 'webots_ros2_msgs.egg-info/SOURCES.txt'
[1.303s] writing manifest file 'webots_ros2_msgs.egg-info/SOURCES.txt'
[1.413s] [ 95%] Built target ament_cmake_python_build_webots_ros2_msgs_egg
[1.413s] [ 96%] Built target webots_ros2_msgs_s__rosidl_typesupport_fastrtps_c
[1.413s] [ 98%] Built target webots_ros2_msgs_s__rosidl_typesupport_c
[1.462s] [100%] Built target webots_ros2_msgs_s__rosidl_typesupport_introspection_c
[1.481s] Invoked command in '/home/usuario/Robotica/ros2_ws/build/webots_ros2_msgs' returned '0': CMAKE_PREFIX_PATH=${CMAKE_PREFIX_PATH}:/opt/ros/jazzy DEBUGINFOD_URLS=https://debuginfod.ubuntu.com /usr/bin/cmake --build /home/usuario/Robotica/ros2_ws/build/webots_ros2_msgs -- -j10 -l10
[1.525s] Invoking command in '/home/usuario/Robotica/ros2_ws/build/webots_ros2_msgs': CMAKE_PREFIX_PATH=${CMAKE_PREFIX_PATH}:/opt/ros/jazzy DEBUGINFOD_URLS=https://debuginfod.ubuntu.com /usr/bin/cmake --install /home/usuario/Robotica/ros2_ws/build/webots_ros2_msgs
[1.563s] -- Install configuration: ""
[1.597s] -- Execute custom install script
[1.602s] -- Up-to-date symlink: /home/usuario/Robotica/ros2_ws/install/webots_ros2_msgs/share/ament_index/resource_index/rosidl_interfaces/webots_ros2_msgs
[1.604s] -- Up-to-date symlink: /home/usuario/Robotica/ros2_ws/install/webots_ros2_msgs/share/webots_ros2_msgs/msg/BoolStamped.json
[1.605s] -- Up-to-date symlink: /home/usuario/Robotica/ros2_ws/install/webots_ros2_msgs/share/webots_ros2_msgs/msg/FloatStamped.json
[1.605s] -- Up-to-date symlink: /home/usuario/Robotica/ros2_ws/install/webots_ros2_msgs/share/webots_ros2_msgs/msg/StringStamped.json
[1.606s] -- Up-to-date symlink: /home/usuario/Robotica/ros2_ws/install/webots_ros2_msgs/share/webots_ros2_msgs/msg/CameraRecognitionObject.json
[1.606s] -- Up-to-date symlink: /home/usuario/Robotica/ros2_ws/install/webots_ros2_msgs/share/webots_ros2_msgs/msg/CameraRecognitionObjects.json
[1.607s] -- Up-to-date symlink: /home/usuario/Robotica/ros2_ws/install/webots_ros2_msgs/share/webots_ros2_msgs/msg/UrdfRobot.json
[1.608s] -- Up-to-date symlink: /home/usuario/Robotica/ros2_ws/install/webots_ros2_msgs/share/webots_ros2_msgs/msg/PenInkProperties.json
[1.609s] -- Up-to-date symlink: /home/usuario/Robotica/ros2_ws/install/webots_ros2_msgs/share/webots_ros2_msgs/srv/EmitterSendString.json
[1.610s] -- Up-to-date symlink: /home/usuario/Robotica/ros2_ws/install/webots_ros2_msgs/share/webots_ros2_msgs/srv/GetBool.json
[1.611s] -- Up-to-date symlink: /home/usuario/Robotica/ros2_ws/install/webots_ros2_msgs/share/webots_ros2_msgs/srv/SetString.json
[1.612s] -- Up-to-date symlink: /home/usuario/Robotica/ros2_ws/install/webots_ros2_msgs/share/webots_ros2_msgs/srv/SpawnNodeFromString.json
[1.613s] -- Up-to-date symlink: /home/usuario/Robotica/ros2_ws/install/webots_ros2_msgs/share/webots_ros2_msgs/srv/SpawnUrdfRobot.json
[1.619s] -- Up-to-date symlink: /home/usuario/Robotica/ros2_ws/install/webots_ros2_msgs/include/webots_ros2_msgs/webots_ros2_msgs/msg/bool_stamped.h
[1.620s] -- Up-to-date symlink: /home/usuario/Robotica/ros2_ws/install/webots_ros2_msgs/include/webots_ros2_msgs/webots_ros2_msgs/msg/camera_recognition_object.h
[1.620s] -- Up-to-date symlink: /home/usuario/Robotica/ros2_ws/install/webots_ros2_msgs/include/webots_ros2_msgs/webots_ros2_msgs/msg/camera_recognition_objects.h
[1.622s] -- Up-to-date symlink: /home/usuario/Robotica/ros2_ws/install/webots_ros2_msgs/include/webots_ros2_msgs/webots_ros2_msgs/msg/detail/bool_stamped__functions.h
[1.622s] -- Up-to-date symlink: /home/usuario/Robotica/ros2_ws/install/webots_ros2_msgs/include/webots_ros2_msgs/webots_ros2_msgs/msg/detail/bool_stamped__struct.h
[1.623s] -- Up-to-date symlink: /home/usuario/Robotica/ros2_ws/install/webots_ros2_msgs/include/webots_ros2_msgs/webots_ros2_msgs/msg/detail/bool_stamped__type_support.h
[1.624s] -- Up-to-date symlink: /home/usuario/Robotica/ros2_ws/install/webots_ros2_msgs/include/webots_ros2_msgs/webots_ros2_msgs/msg/detail/camera_recognition_object__functions.h
[1.626s] -- Up-to-date symlink: /home/usuario/Robotica/ros2_ws/install/webots_ros2_msgs/include/webots_ros2_msgs/webots_ros2_msgs/msg/detail/camera_recognition_object__struct.h
[1.628s] -- Up-to-date symlink: /home/usuario/Robotica/ros2_ws/install/webots_ros2_msgs/include/webots_ros2_msgs/webots_ros2_msgs/msg/detail/camera_recognition_object__type_support.h
[1.629s] -- Up-to-date symlink: /home/usuario/Robotica/ros2_ws/install/webots_ros2_msgs/include/webots_ros2_msgs/webots_ros2_msgs/msg/detail/camera_recognition_objects__functions.h
[1.630s] -- Up-to-date symlink: /home/usuario/Robotica/ros2_ws/install/webots_ros2_msgs/include/webots_ros2_msgs/webots_ros2_msgs/msg/detail/camera_recognition_objects__struct.h
[1.632s] -- Up-to-date symlink: /home/usuario/Robotica/ros2_ws/install/webots_ros2_msgs/include/webots_ros2_msgs/webots_ros2_msgs/msg/detail/camera_recognition_objects__type_support.h
[1.638s] -- Up-to-date symlink: /home/usuario/Robotica/ros2_ws/install/webots_ros2_msgs/include/webots_ros2_msgs/webots_ros2_msgs/msg/detail/float_stamped__functions.h
[1.639s] -- Up-to-date symlink: /home/usuario/Robotica/ros2_ws/install/webots_ros2_msgs/include/webots_ros2_msgs/webots_ros2_msgs/msg/detail/float_stamped__struct.h
[1.639s] -- Up-to-date symlink: /home/usuario/Robotica/ros2_ws/install/webots_ros2_msgs/include/webots_ros2_msgs/webots_ros2_msgs/msg/detail/float_stamped__type_support.h
[1.640s] -- Up-to-date symlink: /home/usuario/Robotica/ros2_ws/install/webots_ros2_msgs/include/webots_ros2_msgs/webots_ros2_msgs/msg/detail/pen_ink_properties__functions.h
[1.643s] -- Up-to-date symlink: /home/usuario/Robotica/ros2_ws/install/webots_ros2_msgs/include/webots_ros2_msgs/webots_ros2_msgs/msg/detail/pen_ink_properties__struct.h
[1.644s] -- Up-to-date symlink: /home/usuario/Robotica/ros2_ws/install/webots_ros2_msgs/include/webots_ros2_msgs/webots_ros2_msgs/msg/detail/pen_ink_properties__type_support.h
[1.644s] -- Up-to-date symlink: /home/usuario/Robotica/ros2_ws/install/webots_ros2_msgs/include/webots_ros2_msgs/webots_ros2_msgs/msg/detail/string_stamped__functions.h
[1.645s] -- Up-to-date symlink: /home/usuario/Robotica/ros2_ws/install/webots_ros2_msgs/include/webots_ros2_msgs/webots_ros2_msgs/msg/detail/string_stamped__struct.h
[1.646s] -- Up-to-date symlink: /home/usuario/Robotica/ros2_ws/install/webots_ros2_msgs/include/webots_ros2_msgs/webots_ros2_msgs/msg/detail/string_stamped__type_support.h
[1.648s] -- Up-to-date symlink: /home/usuario/Robotica/ros2_ws/install/webots_ros2_msgs/include/webots_ros2_msgs/webots_ros2_msgs/msg/detail/urdf_robot__functions.h
[1.648s] -- Up-to-date symlink: /home/usuario/Robotica/ros2_ws/install/webots_ros2_msgs/include/webots_ros2_msgs/webots_ros2_msgs/msg/detail/urdf_robot__struct.h
[1.649s] -- Up-to-date symlink: /home/usuario/Robotica/ros2_ws/install/webots_ros2_msgs/include/webots_ros2_msgs/webots_ros2_msgs/msg/detail/urdf_robot__type_support.h
[1.650s] -- Up-to-date symlink: /home/usuario/Robotica/ros2_ws/install/webots_ros2_msgs/include/webots_ros2_msgs/webots_ros2_msgs/msg/float_stamped.h
[1.653s] -- Up-to-date symlink: /home/usuario/Robotica/ros2_ws/install/webots_ros2_msgs/include/webots_ros2_msgs/webots_ros2_msgs/msg/pen_ink_properties.h
[1.653s] -- Up-to-date symlink: /home/usuario/Robotica/ros2_ws/install/webots_ros2_msgs/include/webots_ros2_msgs/webots_ros2_msgs/msg/rosidl_generator_c__visibility_control.h
[1.654s] -- Up-to-date symlink: /home/usuario/Robotica/ros2_ws/install/webots_ros2_msgs/include/webots_ros2_msgs/webots_ros2_msgs/msg/string_stamped.h
[1.655s] -- Up-to-date symlink: /home/usuario/Robotica/ros2_ws/install/webots_ros2_msgs/include/webots_ros2_msgs/webots_ros2_msgs/msg/urdf_robot.h
[1.657s] -- Up-to-date symlink: /home/usuario/Robotica/ros2_ws/install/webots_ros2_msgs/include/webots_ros2_msgs/webots_ros2_msgs/srv/detail/emitter_send_string__functions.h
[1.657s] -- Up-to-date symlink: /home/usuario/Robotica/ros2_ws/install/webots_ros2_msgs/include/webots_ros2_msgs/webots_ros2_msgs/srv/detail/emitter_send_string__struct.h
[1.658s] -- Up-to-date symlink: /home/usuario/Robotica/ros2_ws/install/webots_ros2_msgs/include/webots_ros2_msgs/webots_ros2_msgs/srv/detail/emitter_send_string__type_support.h
[1.659s] -- Up-to-date symlink: /home/usuario/Robotica/ros2_ws/install/webots_ros2_msgs/include/webots_ros2_msgs/webots_ros2_msgs/srv/detail/get_bool__functions.h
[1.659s] -- Up-to-date symlink: /home/usuario/Robotica/ros2_ws/install/webots_ros2_msgs/include/webots_ros2_msgs/webots_ros2_msgs/srv/detail/get_bool__struct.h
[1.660s] -- Up-to-date symlink: /home/usuario/Robotica/ros2_ws/install/webots_ros2_msgs/include/webots_ros2_msgs/webots_ros2_msgs/srv/detail/get_bool__type_support.h
[1.661s] -- Up-to-date symlink: /home/usuario/Robotica/ros2_ws/install/webots_ros2_msgs/include/webots_ros2_msgs/webots_ros2_msgs/srv/detail/set_string__functions.h
[1.662s] -- Up-to-date symlink: /home/usuario/Robotica/ros2_ws/install/webots_ros2_msgs/include/webots_ros2_msgs/webots_ros2_msgs/srv/detail/set_string__struct.h
[1.662s] -- Up-to-date symlink: /home/usuario/Robotica/ros2_ws/install/webots_ros2_msgs/include/webots_ros2_msgs/webots_ros2_msgs/srv/detail/set_string__type_support.h
[1.663s] -- Up-to-date symlink: /home/usuario/Robotica/ros2_ws/install/webots_ros2_msgs/include/webots_ros2_msgs/webots_ros2_msgs/srv/detail/spawn_node_from_string__functions.h
[1.664s] -- Up-to-date symlink: /home/usuario/Robotica/ros2_ws/install/webots_ros2_msgs/include/webots_ros2_msgs/webots_ros2_msgs/srv/detail/spawn_node_from_string__struct.h
[1.665s] -- Up-to-date symlink: /home/usuario/Robotica/ros2_ws/install/webots_ros2_msgs/include/webots_ros2_msgs/webots_ros2_msgs/srv/detail/spawn_node_from_string__type_support.h
[1.665s] -- Up-to-date symlink: /home/usuario/Robotica/ros2_ws/install/webots_ros2_msgs/include/webots_ros2_msgs/webots_ros2_msgs/srv/detail/spawn_urdf_robot__functions.h
[1.666s] -- Up-to-date symlink: /home/usuario/Robotica/ros2_ws/install/webots_ros2_msgs/include/webots_ros2_msgs/webots_ros2_msgs/srv/detail/spawn_urdf_robot__struct.h
[1.667s] -- Up-to-date symlink: /home/usuario/Robotica/ros2_ws/install/webots_ros2_msgs/include/webots_ros2_msgs/webots_ros2_msgs/srv/detail/spawn_urdf_robot__type_support.h
[1.667s] -- Up-to-date symlink: /home/usuario/Robotica/ros2_ws/install/webots_ros2_msgs/include/webots_ros2_msgs/webots_ros2_msgs/srv/emitter_send_string.h
[1.668s] -- Up-to-date symlink: /home/usuario/Robotica/ros2_ws/install/webots_ros2_msgs/include/webots_ros2_msgs/webots_ros2_msgs/srv/get_bool.h
[1.669s] -- Up-to-date symlink: /home/usuario/Robotica/ros2_ws/install/webots_ros2_msgs/include/webots_ros2_msgs/webots_ros2_msgs/srv/set_string.h
[1.670s] -- Up-to-date symlink: /home/usuario/Robotica/ros2_ws/install/webots_ros2_msgs/include/webots_ros2_msgs/webots_ros2_msgs/srv/spawn_node_from_string.h
[1.671s] -- Up-to-date symlink: /home/usuario/Robotica/ros2_ws/install/webots_ros2_msgs/include/webots_ros2_msgs/webots_ros2_msgs/srv/spawn_urdf_robot.h
[1.672s] -- Up-to-date symlink: /home/usuario/Robotica/ros2_ws/install/webots_ros2_msgs/share/webots_ros2_msgs/environment/library_path.sh
[1.672s] -- Up-to-date symlink: /home/usuario/Robotica/ros2_ws/install/webots_ros2_msgs/share/webots_ros2_msgs/environment/library_path.dsv
[1.674s] -- Up-to-date symlink: /home/usuario/Robotica/ros2_ws/install/webots_ros2_msgs/include/webots_ros2_msgs/webots_ros2_msgs/msg/detail/bool_stamped__rosidl_typesupport_fastrtps_c.h
[1.675s] -- Up-to-date symlink: /home/usuario/Robotica/ros2_ws/install/webots_ros2_msgs/include/webots_ros2_msgs/webots_ros2_msgs/msg/detail/camera_recognition_object__rosidl_typesupport_fastrtps_c.h
[1.675s] -- Up-to-date symlink: /home/usuario/Robotica/ros2_ws/install/webots_ros2_msgs/include/webots_ros2_msgs/webots_ros2_msgs/msg/detail/camera_recognition_objects__rosidl_typesupport_fastrtps_c.h
[1.676s] -- Up-to-date symlink: /home/usuario/Robotica/ros2_ws/install/webots_ros2_msgs/include/webots_ros2_msgs/webots_ros2_msgs/msg/detail/float_stamped__rosidl_typesupport_fastrtps_c.h
[1.677s] -- Up-to-date symlink: /home/usuario/Robotica/ros2_ws/install/webots_ros2_msgs/include/webots_ros2_msgs/webots_ros2_msgs/msg/detail/pen_ink_properties__rosidl_typesupport_fastrtps_c.h
[1.678s] -- Up-to-date symlink: /home/usuario/Robotica/ros2_ws/install/webots_ros2_msgs/include/webots_ros2_msgs/webots_ros2_msgs/msg/detail/string_stamped__rosidl_typesupport_fastrtps_c.h
[1.678s] -- Up-to-date symlink: /home/usuario/Robotica/ros2_ws/install/webots_ros2_msgs/include/webots_ros2_msgs/webots_ros2_msgs/msg/detail/urdf_robot__rosidl_typesupport_fastrtps_c.h
[1.679s] -- Up-to-date symlink: /home/usuario/Robotica/ros2_ws/install/webots_ros2_msgs/include/webots_ros2_msgs/webots_ros2_msgs/msg/rosidl_typesupport_fastrtps_c__visibility_control.h
[1.679s] -- Up-to-date symlink: /home/usuario/Robotica/ros2_ws/install/webots_ros2_msgs/include/webots_ros2_msgs/webots_ros2_msgs/srv/detail/emitter_send_string__rosidl_typesupport_fastrtps_c.h
[1.680s] -- Up-to-date symlink: /home/usuario/Robotica/ros2_ws/install/webots_ros2_msgs/include/webots_ros2_msgs/webots_ros2_msgs/srv/detail/get_bool__rosidl_typesupport_fastrtps_c.h
[1.681s] -- Up-to-date symlink: /home/usuario/Robotica/ros2_ws/install/webots_ros2_msgs/include/webots_ros2_msgs/webots_ros2_msgs/srv/detail/set_string__rosidl_typesupport_fastrtps_c.h
[1.682s] -- Up-to-date symlink: /home/usuario/Robotica/ros2_ws/install/webots_ros2_msgs/include/webots_ros2_msgs/webots_ros2_msgs/srv/detail/spawn_node_from_string__rosidl_typesupport_fastrtps_c.h
[1.683s] -- Up-to-date symlink: /home/usuario/Robotica/ros2_ws/install/webots_ros2_msgs/include/webots_ros2_msgs/webots_ros2_msgs/srv/detail/spawn_urdf_robot__rosidl_typesupport_fastrtps_c.h
[1.684s] -- Up-to-date symlink: /home/usuario/Robotica/ros2_ws/install/webots_ros2_msgs/include/webots_ros2_msgs/webots_ros2_msgs/msg/bool_stamped.hpp
[1.685s] -- Up-to-date symlink: /home/usuario/Robotica/ros2_ws/install/webots_ros2_msgs/include/webots_ros2_msgs/webots_ros2_msgs/msg/camera_recognition_object.hpp
[1.686s] -- Up-to-date symlink: /home/usuario/Robotica/ros2_ws/install/webots_ros2_msgs/include/webots_ros2_msgs/webots_ros2_msgs/msg/camera_recognition_objects.hpp
[1.689s] -- Up-to-date symlink: /home/usuario/Robotica/ros2_ws/install/webots_ros2_msgs/include/webots_ros2_msgs/webots_ros2_msgs/msg/detail/bool_stamped__builder.hpp
[1.689s] -- Up-to-date symlink: /home/usuario/Robotica/ros2_ws/install/webots_ros2_msgs/include/webots_ros2_msgs/webots_ros2_msgs/msg/detail/bool_stamped__struct.hpp
[1.690s] -- Up-to-date symlink: /home/usuario/Robotica/ros2_ws/install/webots_ros2_msgs/include/webots_ros2_msgs/webots_ros2_msgs/msg/detail/bool_stamped__traits.hpp
[1.691s] -- Up-to-date symlink: /home/usuario/Robotica/ros2_ws/install/webots_ros2_msgs/include/webots_ros2_msgs/webots_ros2_msgs/msg/detail/bool_stamped__type_support.hpp
[1.692s] -- Up-to-date symlink: /home/usuario/Robotica/ros2_ws/install/webots_ros2_msgs/include/webots_ros2_msgs/webots_ros2_msgs/msg/detail/camera_recognition_object__builder.hpp
[1.693s] -- Up-to-date symlink: /home/usuario/Robotica/ros2_ws/install/webots_ros2_msgs/include/webots_ros2_msgs/webots_ros2_msgs/msg/detail/camera_recognition_object__struct.hpp
[1.693s] -- Up-to-date symlink: /home/usuario/Robotica/ros2_ws/install/webots_ros2_msgs/include/webots_ros2_msgs/webots_ros2_msgs/msg/detail/camera_recognition_object__traits.hpp
[1.694s] -- Up-to-date symlink: /home/usuario/Robotica/ros2_ws/install/webots_ros2_msgs/include/webots_ros2_msgs/webots_ros2_msgs/msg/detail/camera_recognition_object__type_support.hpp
[1.695s] -- Up-to-date symlink: /home/usuario/Robotica/ros2_ws/install/webots_ros2_msgs/include/webots_ros2_msgs/webots_ros2_msgs/msg/detail/camera_recognition_objects__builder.hpp
[1.696s] -- Up-to-date symlink: /home/usuario/Robotica/ros2_ws/install/webots_ros2_msgs/include/webots_ros2_msgs/webots_ros2_msgs/msg/detail/camera_recognition_objects__struct.hpp
[1.696s] -- Up-to-date symlink: /home/usuario/Robotica/ros2_ws/install/webots_ros2_msgs/include/webots_ros2_msgs/webots_ros2_msgs/msg/detail/camera_recognition_objects__traits.hpp
[1.697s] -- Up-to-date symlink: /home/usuario/Robotica/ros2_ws/install/webots_ros2_msgs/include/webots_ros2_msgs/webots_ros2_msgs/msg/detail/camera_recognition_objects__type_support.hpp
[1.698s] -- Up-to-date symlink: /home/usuario/Robotica/ros2_ws/install/webots_ros2_msgs/include/webots_ros2_msgs/webots_ros2_msgs/msg/detail/float_stamped__builder.hpp
[1.699s] -- Up-to-date symlink: /home/usuario/Robotica/ros2_ws/install/webots_ros2_msgs/include/webots_ros2_msgs/webots_ros2_msgs/msg/detail/float_stamped__struct.hpp
[1.700s] -- Up-to-date symlink: /home/usuario/Robotica/ros2_ws/install/webots_ros2_msgs/include/webots_ros2_msgs/webots_ros2_msgs/msg/detail/float_stamped__traits.hpp
[1.700s] -- Up-to-date symlink: /home/usuario/Robotica/ros2_ws/install/webots_ros2_msgs/include/webots_ros2_msgs/webots_ros2_msgs/msg/detail/float_stamped__type_support.hpp
[1.702s] -- Up-to-date symlink: /home/usuario/Robotica/ros2_ws/install/webots_ros2_msgs/include/webots_ros2_msgs/webots_ros2_msgs/msg/detail/pen_ink_properties__builder.hpp
[1.702s] -- Up-to-date symlink: /home/usuario/Robotica/ros2_ws/install/webots_ros2_msgs/include/webots_ros2_msgs/webots_ros2_msgs/msg/detail/pen_ink_properties__struct.hpp
[1.703s] -- Up-to-date symlink: /home/usuario/Robotica/ros2_ws/install/webots_ros2_msgs/include/webots_ros2_msgs/webots_ros2_msgs/msg/detail/pen_ink_properties__traits.hpp
[1.704s] -- Up-to-date symlink: /home/usuario/Robotica/ros2_ws/install/webots_ros2_msgs/include/webots_ros2_msgs/webots_ros2_msgs/msg/detail/pen_ink_properties__type_support.hpp
[1.704s] -- Up-to-date symlink: /home/usuario/Robotica/ros2_ws/install/webots_ros2_msgs/include/webots_ros2_msgs/webots_ros2_msgs/msg/detail/string_stamped__builder.hpp
[1.705s] -- Up-to-date symlink: /home/usuario/Robotica/ros2_ws/install/webots_ros2_msgs/include/webots_ros2_msgs/webots_ros2_msgs/msg/detail/string_stamped__struct.hpp
[1.706s] -- Up-to-date symlink: /home/usuario/Robotica/ros2_ws/install/webots_ros2_msgs/include/webots_ros2_msgs/webots_ros2_msgs/msg/detail/string_stamped__traits.hpp
[1.706s] -- Up-to-date symlink: /home/usuario/Robotica/ros2_ws/install/webots_ros2_msgs/include/webots_ros2_msgs/webots_ros2_msgs/msg/detail/string_stamped__type_support.hpp
[1.707s] -- Up-to-date symlink: /home/usuario/Robotica/ros2_ws/install/webots_ros2_msgs/include/webots_ros2_msgs/webots_ros2_msgs/msg/detail/urdf_robot__builder.hpp
[1.708s] -- Up-to-date symlink: /home/usuario/Robotica/ros2_ws/install/webots_ros2_msgs/include/webots_ros2_msgs/webots_ros2_msgs/msg/detail/urdf_robot__struct.hpp
[1.709s] -- Up-to-date symlink: /home/usuario/Robotica/ros2_ws/install/webots_ros2_msgs/include/webots_ros2_msgs/webots_ros2_msgs/msg/detail/urdf_robot__traits.hpp
[1.709s] -- Up-to-date symlink: /home/usuario/Robotica/ros2_ws/install/webots_ros2_msgs/include/webots_ros2_msgs/webots_ros2_msgs/msg/detail/urdf_robot__type_support.hpp
[1.710s] -- Up-to-date symlink: /home/usuario/Robotica/ros2_ws/install/webots_ros2_msgs/include/webots_ros2_msgs/webots_ros2_msgs/msg/float_stamped.hpp
[1.711s] -- Up-to-date symlink: /home/usuario/Robotica/ros2_ws/install/webots_ros2_msgs/include/webots_ros2_msgs/webots_ros2_msgs/msg/pen_ink_properties.hpp
[1.711s] -- Up-to-date symlink: /home/usuario/Robotica/ros2_ws/install/webots_ros2_msgs/include/webots_ros2_msgs/webots_ros2_msgs/msg/rosidl_generator_cpp__visibility_control.hpp
[1.712s] -- Up-to-date symlink: /home/usuario/Robotica/ros2_ws/install/webots_ros2_msgs/include/webots_ros2_msgs/webots_ros2_msgs/msg/string_stamped.hpp
[1.713s] -- Up-to-date symlink: /home/usuario/Robotica/ros2_ws/install/webots_ros2_msgs/include/webots_ros2_msgs/webots_ros2_msgs/msg/urdf_robot.hpp
[1.714s] -- Up-to-date symlink: /home/usuario/Robotica/ros2_ws/install/webots_ros2_msgs/include/webots_ros2_msgs/webots_ros2_msgs/srv/detail/emitter_send_string__builder.hpp
[1.715s] -- Up-to-date symlink: /home/usuario/Robotica/ros2_ws/install/webots_ros2_msgs/include/webots_ros2_msgs/webots_ros2_msgs/srv/detail/emitter_send_string__struct.hpp
[1.715s] -- Up-to-date symlink: /home/usuario/Robotica/ros2_ws/install/webots_ros2_msgs/include/webots_ros2_msgs/webots_ros2_msgs/srv/detail/emitter_send_string__traits.hpp
[1.716s] -- Up-to-date symlink: /home/usuario/Robotica/ros2_ws/install/webots_ros2_msgs/include/webots_ros2_msgs/webots_ros2_msgs/srv/detail/emitter_send_string__type_support.hpp
[1.717s] -- Up-to-date symlink: /home/usuario/Robotica/ros2_ws/install/webots_ros2_msgs/include/webots_ros2_msgs/webots_ros2_msgs/srv/detail/get_bool__builder.hpp
[1.717s] -- Up-to-date symlink: /home/usuario/Robotica/ros2_ws/install/webots_ros2_msgs/include/webots_ros2_msgs/webots_ros2_msgs/srv/detail/get_bool__struct.hpp
[1.718s] -- Up-to-date symlink: /home/usuario/Robotica/ros2_ws/install/webots_ros2_msgs/include/webots_ros2_msgs/webots_ros2_msgs/srv/detail/get_bool__traits.hpp
[1.719s] -- Up-to-date symlink: /home/usuario/Robotica/ros2_ws/install/webots_ros2_msgs/include/webots_ros2_msgs/webots_ros2_msgs/srv/detail/get_bool__type_support.hpp
[1.719s] -- Up-to-date symlink: /home/usuario/Robotica/ros2_ws/install/webots_ros2_msgs/include/webots_ros2_msgs/webots_ros2_msgs/srv/detail/set_string__builder.hpp
[1.720s] -- Up-to-date symlink: /home/usuario/Robotica/ros2_ws/install/webots_ros2_msgs/include/webots_ros2_msgs/webots_ros2_msgs/srv/detail/set_string__struct.hpp
[1.721s] -- Up-to-date symlink: /home/usuario/Robotica/ros2_ws/install/webots_ros2_msgs/include/webots_ros2_msgs/webots_ros2_msgs/srv/detail/set_string__traits.hpp
[1.722s] -- Up-to-date symlink: /home/usuario/Robotica/ros2_ws/install/webots_ros2_msgs/include/webots_ros2_msgs/webots_ros2_msgs/srv/detail/set_string__type_support.hpp
[1.722s] -- Up-to-date symlink: /home/usuario/Robotica/ros2_ws/install/webots_ros2_msgs/include/webots_ros2_msgs/webots_ros2_msgs/srv/detail/spawn_node_from_string__builder.hpp
[1.723s] -- Up-to-date symlink: /home/usuario/Robotica/ros2_ws/install/webots_ros2_msgs/include/webots_ros2_msgs/webots_ros2_msgs/srv/detail/spawn_node_from_string__struct.hpp
[1.724s] -- Up-to-date symlink: /home/usuario/Robotica/ros2_ws/install/webots_ros2_msgs/include/webots_ros2_msgs/webots_ros2_msgs/srv/detail/spawn_node_from_string__traits.hpp
[1.725s] -- Up-to-date symlink: /home/usuario/Robotica/ros2_ws/install/webots_ros2_msgs/include/webots_ros2_msgs/webots_ros2_msgs/srv/detail/spawn_node_from_string__type_support.hpp
[1.726s] -- Up-to-date symlink: /home/usuario/Robotica/ros2_ws/install/webots_ros2_msgs/include/webots_ros2_msgs/webots_ros2_msgs/srv/detail/spawn_urdf_robot__builder.hpp
[1.727s] -- Up-to-date symlink: /home/usuario/Robotica/ros2_ws/install/webots_ros2_msgs/include/webots_ros2_msgs/webots_ros2_msgs/srv/detail/spawn_urdf_robot__struct.hpp
[1.727s] -- Up-to-date symlink: /home/usuario/Robotica/ros2_ws/install/webots_ros2_msgs/include/webots_ros2_msgs/webots_ros2_msgs/srv/detail/spawn_urdf_robot__traits.hpp
[1.728s] -- Up-to-date symlink: /home/usuario/Robotica/ros2_ws/install/webots_ros2_msgs/include/webots_ros2_msgs/webots_ros2_msgs/srv/detail/spawn_urdf_robot__type_support.hpp
[1.729s] -- Up-to-date symlink: /home/usuario/Robotica/ros2_ws/install/webots_ros2_msgs/include/webots_ros2_msgs/webots_ros2_msgs/srv/emitter_send_string.hpp
[1.729s] -- Up-to-date symlink: /home/usuario/Robotica/ros2_ws/install/webots_ros2_msgs/include/webots_ros2_msgs/webots_ros2_msgs/srv/get_bool.hpp
[1.730s] -- Up-to-date symlink: /home/usuario/Robotica/ros2_ws/install/webots_ros2_msgs/include/webots_ros2_msgs/webots_ros2_msgs/srv/set_string.hpp
[1.731s] -- Up-to-date symlink: /home/usuario/Robotica/ros2_ws/install/webots_ros2_msgs/include/webots_ros2_msgs/webots_ros2_msgs/srv/spawn_node_from_string.hpp
[1.733s] -- Up-to-date symlink: /home/usuario/Robotica/ros2_ws/install/webots_ros2_msgs/include/webots_ros2_msgs/webots_ros2_msgs/srv/spawn_urdf_robot.hpp
[1.734s] -- Up-to-date symlink: /home/usuario/Robotica/ros2_ws/install/webots_ros2_msgs/include/webots_ros2_msgs/webots_ros2_msgs/msg/detail/bool_stamped__rosidl_typesupport_fastrtps_cpp.hpp
[1.734s] -- Up-to-date symlink: /home/usuario/Robotica/ros2_ws/install/webots_ros2_msgs/include/webots_ros2_msgs/webots_ros2_msgs/msg/detail/camera_recognition_object__rosidl_typesupport_fastrtps_cpp.hpp
[1.735s] -- Up-to-date symlink: /home/usuario/Robotica/ros2_ws/install/webots_ros2_msgs/include/webots_ros2_msgs/webots_ros2_msgs/msg/detail/camera_recognition_objects__rosidl_typesupport_fastrtps_cpp.hpp
[1.736s] -- Up-to-date symlink: /home/usuario/Robotica/ros2_ws/install/webots_ros2_msgs/include/webots_ros2_msgs/webots_ros2_msgs/msg/detail/float_stamped__rosidl_typesupport_fastrtps_cpp.hpp
[1.739s] -- Up-to-date symlink: /home/usuario/Robotica/ros2_ws/install/webots_ros2_msgs/include/webots_ros2_msgs/webots_ros2_msgs/msg/detail/pen_ink_properties__rosidl_typesupport_fastrtps_cpp.hpp
[1.744s] -- Up-to-date symlink: /home/usuario/Robotica/ros2_ws/install/webots_ros2_msgs/include/webots_ros2_msgs/webots_ros2_msgs/msg/detail/string_stamped__rosidl_typesupport_fastrtps_cpp.hpp
[1.752s] -- Up-to-date symlink: /home/usuario/Robotica/ros2_ws/install/webots_ros2_msgs/include/webots_ros2_msgs/webots_ros2_msgs/msg/detail/urdf_robot__rosidl_typesupport_fastrtps_cpp.hpp
[1.752s] -- Up-to-date symlink: /home/usuario/Robotica/ros2_ws/install/webots_ros2_msgs/include/webots_ros2_msgs/webots_ros2_msgs/msg/rosidl_typesupport_fastrtps_cpp__visibility_control.h
[1.757s] -- Up-to-date symlink: /home/usuario/Robotica/ros2_ws/install/webots_ros2_msgs/include/webots_ros2_msgs/webots_ros2_msgs/srv/detail/emitter_send_string__rosidl_typesupport_fastrtps_cpp.hpp
[1.762s] -- Up-to-date symlink: /home/usuario/Robotica/ros2_ws/install/webots_ros2_msgs/include/webots_ros2_msgs/webots_ros2_msgs/srv/detail/get_bool__rosidl_typesupport_fastrtps_cpp.hpp
[1.762s] -- Up-to-date symlink: /home/usuario/Robotica/ros2_ws/install/webots_ros2_msgs/include/webots_ros2_msgs/webots_ros2_msgs/srv/detail/set_string__rosidl_typesupport_fastrtps_cpp.hpp
[1.763s] -- Up-to-date symlink: /home/usuario/Robotica/ros2_ws/install/webots_ros2_msgs/include/webots_ros2_msgs/webots_ros2_msgs/srv/detail/spawn_node_from_string__rosidl_typesupport_fastrtps_cpp.hpp
[1.764s] -- Up-to-date symlink: /home/usuario/Robotica/ros2_ws/install/webots_ros2_msgs/include/webots_ros2_msgs/webots_ros2_msgs/srv/detail/spawn_urdf_robot__rosidl_typesupport_fastrtps_cpp.hpp
[1.765s] -- Up-to-date symlink: /home/usuario/Robotica/ros2_ws/install/webots_ros2_msgs/include/webots_ros2_msgs/webots_ros2_msgs/msg/detail/bool_stamped__rosidl_typesupport_introspection_c.h
[1.766s] -- Up-to-date symlink: /home/usuario/Robotica/ros2_ws/install/webots_ros2_msgs/include/webots_ros2_msgs/webots_ros2_msgs/msg/detail/camera_recognition_object__rosidl_typesupport_introspection_c.h
[1.766s] -- Up-to-date symlink: /home/usuario/Robotica/ros2_ws/install/webots_ros2_msgs/include/webots_ros2_msgs/webots_ros2_msgs/msg/detail/camera_recognition_objects__rosidl_typesupport_introspection_c.h
[1.767s] -- Up-to-date symlink: /home/usuario/Robotica/ros2_ws/install/webots_ros2_msgs/include/webots_ros2_msgs/webots_ros2_msgs/msg/detail/float_stamped__rosidl_typesupport_introspection_c.h
[1.768s] -- Up-to-date symlink: /home/usuario/Robotica/ros2_ws/install/webots_ros2_msgs/include/webots_ros2_msgs/webots_ros2_msgs/msg/detail/pen_ink_properties__rosidl_typesupport_introspection_c.h
[1.768s] -- Up-to-date symlink: /home/usuario/Robotica/ros2_ws/install/webots_ros2_msgs/include/webots_ros2_msgs/webots_ros2_msgs/msg/detail/string_stamped__rosidl_typesupport_introspection_c.h
[1.769s] -- Up-to-date symlink: /home/usuario/Robotica/ros2_ws/install/webots_ros2_msgs/include/webots_ros2_msgs/webots_ros2_msgs/msg/detail/urdf_robot__rosidl_typesupport_introspection_c.h
[1.770s] -- Up-to-date symlink: /home/usuario/Robotica/ros2_ws/install/webots_ros2_msgs/include/webots_ros2_msgs/webots_ros2_msgs/msg/rosidl_typesupport_introspection_c__visibility_control.h
[1.771s] -- Up-to-date symlink: /home/usuario/Robotica/ros2_ws/install/webots_ros2_msgs/include/webots_ros2_msgs/webots_ros2_msgs/srv/detail/emitter_send_string__rosidl_typesupport_introspection_c.h
[1.771s] -- Up-to-date symlink: /home/usuario/Robotica/ros2_ws/install/webots_ros2_msgs/include/webots_ros2_msgs/webots_ros2_msgs/srv/detail/get_bool__rosidl_typesupport_introspection_c.h
[1.772s] -- Up-to-date symlink: /home/usuario/Robotica/ros2_ws/install/webots_ros2_msgs/include/webots_ros2_msgs/webots_ros2_msgs/srv/detail/set_string__rosidl_typesupport_introspection_c.h
[1.772s] -- Up-to-date symlink: /home/usuario/Robotica/ros2_ws/install/webots_ros2_msgs/include/webots_ros2_msgs/webots_ros2_msgs/srv/detail/spawn_node_from_string__rosidl_typesupport_introspection_c.h
[1.773s] -- Up-to-date symlink: /home/usuario/Robotica/ros2_ws/install/webots_ros2_msgs/include/webots_ros2_msgs/webots_ros2_msgs/srv/detail/spawn_urdf_robot__rosidl_typesupport_introspection_c.h
[1.775s] -- Up-to-date symlink: /home/usuario/Robotica/ros2_ws/install/webots_ros2_msgs/include/webots_ros2_msgs/webots_ros2_msgs/msg/detail/bool_stamped__rosidl_typesupport_introspection_cpp.hpp
[1.776s] -- Up-to-date symlink: /home/usuario/Robotica/ros2_ws/install/webots_ros2_msgs/include/webots_ros2_msgs/webots_ros2_msgs/msg/detail/camera_recognition_object__rosidl_typesupport_introspection_cpp.hpp
[1.776s] -- Up-to-date symlink: /home/usuario/Robotica/ros2_ws/install/webots_ros2_msgs/include/webots_ros2_msgs/webots_ros2_msgs/msg/detail/camera_recognition_objects__rosidl_typesupport_introspection_cpp.hpp
[1.778s] -- Up-to-date symlink: /home/usuario/Robotica/ros2_ws/install/webots_ros2_msgs/include/webots_ros2_msgs/webots_ros2_msgs/msg/detail/float_stamped__rosidl_typesupport_introspection_cpp.hpp
[1.778s] -- Up-to-date symlink: /home/usuario/Robotica/ros2_ws/install/webots_ros2_msgs/include/webots_ros2_msgs/webots_ros2_msgs/msg/detail/pen_ink_properties__rosidl_typesupport_introspection_cpp.hpp
[1.779s] -- Up-to-date symlink: /home/usuario/Robotica/ros2_ws/install/webots_ros2_msgs/include/webots_ros2_msgs/webots_ros2_msgs/msg/detail/string_stamped__rosidl_typesupport_introspection_cpp.hpp
[1.780s] -- Up-to-date symlink: /home/usuario/Robotica/ros2_ws/install/webots_ros2_msgs/include/webots_ros2_msgs/webots_ros2_msgs/msg/detail/urdf_robot__rosidl_typesupport_introspection_cpp.hpp
[1.781s] -- Up-to-date symlink: /home/usuario/Robotica/ros2_ws/install/webots_ros2_msgs/include/webots_ros2_msgs/webots_ros2_msgs/srv/detail/emitter_send_string__rosidl_typesupport_introspection_cpp.hpp
[1.781s] -- Up-to-date symlink: /home/usuario/Robotica/ros2_ws/install/webots_ros2_msgs/include/webots_ros2_msgs/webots_ros2_msgs/srv/detail/get_bool__rosidl_typesupport_introspection_cpp.hpp
[1.782s] -- Up-to-date symlink: /home/usuario/Robotica/ros2_ws/install/webots_ros2_msgs/include/webots_ros2_msgs/webots_ros2_msgs/srv/detail/set_string__rosidl_typesupport_introspection_cpp.hpp
[1.783s] -- Up-to-date symlink: /home/usuario/Robotica/ros2_ws/install/webots_ros2_msgs/include/webots_ros2_msgs/webots_ros2_msgs/srv/detail/spawn_node_from_string__rosidl_typesupport_introspection_cpp.hpp
[1.783s] -- Up-to-date symlink: /home/usuario/Robotica/ros2_ws/install/webots_ros2_msgs/include/webots_ros2_msgs/webots_ros2_msgs/srv/detail/spawn_urdf_robot__rosidl_typesupport_introspection_cpp.hpp
[1.784s] -- Up-to-date symlink: /home/usuario/Robotica/ros2_ws/install/webots_ros2_msgs/share/webots_ros2_msgs/environment/pythonpath.sh
[1.787s] -- Up-to-date symlink: /home/usuario/Robotica/ros2_ws/install/webots_ros2_msgs/share/webots_ros2_msgs/environment/pythonpath.dsv
[1.790s] -- Up-to-date symlink: /home/usuario/Robotica/ros2_ws/install/webots_ros2_msgs/lib/python3.12/site-packages/webots_ros2_msgs-2025.0.1-py3.12.egg-info/PKG-INFO
[1.791s] -- Up-to-date symlink: /home/usuario/Robotica/ros2_ws/install/webots_ros2_msgs/lib/python3.12/site-packages/webots_ros2_msgs-2025.0.1-py3.12.egg-info/SOURCES.txt
[1.792s] -- Up-to-date symlink: /home/usuario/Robotica/ros2_ws/install/webots_ros2_msgs/lib/python3.12/site-packages/webots_ros2_msgs-2025.0.1-py3.12.egg-info/dependency_links.txt
[1.792s] -- Up-to-date symlink: /home/usuario/Robotica/ros2_ws/install/webots_ros2_msgs/lib/python3.12/site-packages/webots_ros2_msgs-2025.0.1-py3.12.egg-info/top_level.txt
[1.795s] -- Up-to-date symlink: /home/usuario/Robotica/ros2_ws/install/webots_ros2_msgs/lib/python3.12/site-packages/webots_ros2_msgs/__init__.py
[1.796s] -- Up-to-date symlink: /home/usuario/Robotica/ros2_ws/install/webots_ros2_msgs/lib/python3.12/site-packages/webots_ros2_msgs/_webots_ros2_msgs_s.ep.rosidl_typesupport_c.c
[1.797s] -- Up-to-date symlink: /home/usuario/Robotica/ros2_ws/install/webots_ros2_msgs/lib/python3.12/site-packages/webots_ros2_msgs/_webots_ros2_msgs_s.ep.rosidl_typesupport_fastrtps_c.c
[1.797s] -- Up-to-date symlink: /home/usuario/Robotica/ros2_ws/install/webots_ros2_msgs/lib/python3.12/site-packages/webots_ros2_msgs/_webots_ros2_msgs_s.ep.rosidl_typesupport_introspection_c.c
[1.798s] -- Up-to-date symlink: /home/usuario/Robotica/ros2_ws/install/webots_ros2_msgs/lib/python3.12/site-packages/webots_ros2_msgs/msg/__init__.py
[1.799s] -- Up-to-date symlink: /home/usuario/Robotica/ros2_ws/install/webots_ros2_msgs/lib/python3.12/site-packages/webots_ros2_msgs/msg/_bool_stamped.py
[1.800s] -- Up-to-date symlink: /home/usuario/Robotica/ros2_ws/install/webots_ros2_msgs/lib/python3.12/site-packages/webots_ros2_msgs/msg/_bool_stamped_s.c
[1.800s] -- Up-to-date symlink: /home/usuario/Robotica/ros2_ws/install/webots_ros2_msgs/lib/python3.12/site-packages/webots_ros2_msgs/msg/_camera_recognition_object.py
[1.801s] -- Up-to-date symlink: /home/usuario/Robotica/ros2_ws/install/webots_ros2_msgs/lib/python3.12/site-packages/webots_ros2_msgs/msg/_camera_recognition_object_s.c
[1.802s] -- Up-to-date symlink: /home/usuario/Robotica/ros2_ws/install/webots_ros2_msgs/lib/python3.12/site-packages/webots_ros2_msgs/msg/_camera_recognition_objects.py
[1.803s] -- Up-to-date symlink: /home/usuario/Robotica/ros2_ws/install/webots_ros2_msgs/lib/python3.12/site-packages/webots_ros2_msgs/msg/_camera_recognition_objects_s.c
[1.803s] -- Up-to-date symlink: /home/usuario/Robotica/ros2_ws/install/webots_ros2_msgs/lib/python3.12/site-packages/webots_ros2_msgs/msg/_float_stamped.py
[1.804s] -- Up-to-date symlink: /home/usuario/Robotica/ros2_ws/install/webots_ros2_msgs/lib/python3.12/site-packages/webots_ros2_msgs/msg/_float_stamped_s.c
[1.805s] -- Up-to-date symlink: /home/usuario/Robotica/ros2_ws/install/webots_ros2_msgs/lib/python3.12/site-packages/webots_ros2_msgs/msg/_pen_ink_properties.py
[1.806s] -- Up-to-date symlink: /home/usuario/Robotica/ros2_ws/install/webots_ros2_msgs/lib/python3.12/site-packages/webots_ros2_msgs/msg/_pen_ink_properties_s.c
[1.807s] -- Up-to-date symlink: /home/usuario/Robotica/ros2_ws/install/webots_ros2_msgs/lib/python3.12/site-packages/webots_ros2_msgs/msg/_string_stamped.py
[1.808s] -- Up-to-date symlink: /home/usuario/Robotica/ros2_ws/install/webots_ros2_msgs/lib/python3.12/site-packages/webots_ros2_msgs/msg/_string_stamped_s.c
[1.808s] -- Up-to-date symlink: /home/usuario/Robotica/ros2_ws/install/webots_ros2_msgs/lib/python3.12/site-packages/webots_ros2_msgs/msg/_urdf_robot.py
[1.809s] -- Up-to-date symlink: /home/usuario/Robotica/ros2_ws/install/webots_ros2_msgs/lib/python3.12/site-packages/webots_ros2_msgs/msg/_urdf_robot_s.c
[1.810s] -- Up-to-date symlink: /home/usuario/Robotica/ros2_ws/install/webots_ros2_msgs/lib/python3.12/site-packages/webots_ros2_msgs/srv/__init__.py
[1.811s] -- Up-to-date symlink: /home/usuario/Robotica/ros2_ws/install/webots_ros2_msgs/lib/python3.12/site-packages/webots_ros2_msgs/srv/_emitter_send_string.py
[1.812s] -- Up-to-date symlink: /home/usuario/Robotica/ros2_ws/install/webots_ros2_msgs/lib/python3.12/site-packages/webots_ros2_msgs/srv/_emitter_send_string_s.c
[1.812s] -- Up-to-date symlink: /home/usuario/Robotica/ros2_ws/install/webots_ros2_msgs/lib/python3.12/site-packages/webots_ros2_msgs/srv/_get_bool.py
[1.813s] -- Up-to-date symlink: /home/usuario/Robotica/ros2_ws/install/webots_ros2_msgs/lib/python3.12/site-packages/webots_ros2_msgs/srv/_get_bool_s.c
[1.814s] -- Up-to-date symlink: /home/usuario/Robotica/ros2_ws/install/webots_ros2_msgs/lib/python3.12/site-packages/webots_ros2_msgs/srv/_set_string.py
[1.815s] -- Up-to-date symlink: /home/usuario/Robotica/ros2_ws/install/webots_ros2_msgs/lib/python3.12/site-packages/webots_ros2_msgs/srv/_set_string_s.c
[1.816s] -- Up-to-date symlink: /home/usuario/Robotica/ros2_ws/install/webots_ros2_msgs/lib/python3.12/site-packages/webots_ros2_msgs/srv/_spawn_node_from_string.py
[1.816s] -- Up-to-date symlink: /home/usuario/Robotica/ros2_ws/install/webots_ros2_msgs/lib/python3.12/site-packages/webots_ros2_msgs/srv/_spawn_node_from_string_s.c
[1.817s] -- Up-to-date symlink: /home/usuario/Robotica/ros2_ws/install/webots_ros2_msgs/lib/python3.12/site-packages/webots_ros2_msgs/srv/_spawn_urdf_robot.py
[1.817s] -- Up-to-date symlink: /home/usuario/Robotica/ros2_ws/install/webots_ros2_msgs/lib/python3.12/site-packages/webots_ros2_msgs/srv/_spawn_urdf_robot_s.c
[1.818s] -- Up-to-date symlink: /home/usuario/Robotica/ros2_ws/install/webots_ros2_msgs/lib/python3.12/site-packages/webots_ros2_msgs/webots_ros2_msgs_s__rosidl_typesupport_c.so
[1.819s] -- Up-to-date symlink: /home/usuario/Robotica/ros2_ws/install/webots_ros2_msgs/lib/python3.12/site-packages/webots_ros2_msgs/webots_ros2_msgs_s__rosidl_typesupport_fastrtps_c.so
[1.820s] -- Up-to-date symlink: /home/usuario/Robotica/ros2_ws/install/webots_ros2_msgs/lib/python3.12/site-packages/webots_ros2_msgs/webots_ros2_msgs_s__rosidl_typesupport_introspection_c.so
[1.821s] -- Up-to-date symlink: /home/usuario/Robotica/ros2_ws/install/webots_ros2_msgs/lib/python3.12/site-packages/webots_ros2_msgs/webots_ros2_msgs_s__rosidl_typesupport_fastrtps_c.so
[1.822s] -- Up-to-date symlink: /home/usuario/Robotica/ros2_ws/install/webots_ros2_msgs/lib/python3.12/site-packages/webots_ros2_msgs/webots_ros2_msgs_s__rosidl_typesupport_introspection_c.so
[1.823s] -- Up-to-date symlink: /home/usuario/Robotica/ros2_ws/install/webots_ros2_msgs/lib/python3.12/site-packages/webots_ros2_msgs/webots_ros2_msgs_s__rosidl_typesupport_c.so
[1.824s] -- Up-to-date symlink: /home/usuario/Robotica/ros2_ws/install/webots_ros2_msgs/share/webots_ros2_msgs/msg/BoolStamped.idl
[1.825s] -- Up-to-date symlink: /home/usuario/Robotica/ros2_ws/install/webots_ros2_msgs/share/webots_ros2_msgs/msg/FloatStamped.idl
[1.825s] -- Up-to-date symlink: /home/usuario/Robotica/ros2_ws/install/webots_ros2_msgs/share/webots_ros2_msgs/msg/StringStamped.idl
[1.826s] -- Up-to-date symlink: /home/usuario/Robotica/ros2_ws/install/webots_ros2_msgs/share/webots_ros2_msgs/msg/CameraRecognitionObject.idl
[1.827s] -- Up-to-date symlink: /home/usuario/Robotica/ros2_ws/install/webots_ros2_msgs/share/webots_ros2_msgs/msg/CameraRecognitionObjects.idl
[1.828s] -- Up-to-date symlink: /home/usuario/Robotica/ros2_ws/install/webots_ros2_msgs/share/webots_ros2_msgs/msg/UrdfRobot.idl
[1.829s] -- Up-to-date symlink: /home/usuario/Robotica/ros2_ws/install/webots_ros2_msgs/share/webots_ros2_msgs/msg/PenInkProperties.idl
[1.830s] -- Up-to-date symlink: /home/usuario/Robotica/ros2_ws/install/webots_ros2_msgs/share/webots_ros2_msgs/srv/EmitterSendString.idl
[1.831s] -- Up-to-date symlink: /home/usuario/Robotica/ros2_ws/install/webots_ros2_msgs/share/webots_ros2_msgs/srv/GetBool.idl
[1.831s] -- Up-to-date symlink: /home/usuario/Robotica/ros2_ws/install/webots_ros2_msgs/share/webots_ros2_msgs/srv/SetString.idl
[1.835s] -- Up-to-date symlink: /home/usuario/Robotica/ros2_ws/install/webots_ros2_msgs/share/webots_ros2_msgs/srv/SpawnNodeFromString.idl
[1.835s] -- Up-to-date symlink: /home/usuario/Robotica/ros2_ws/install/webots_ros2_msgs/share/webots_ros2_msgs/srv/SpawnUrdfRobot.idl
[1.836s] -- Up-to-date symlink: /home/usuario/Robotica/ros2_ws/install/webots_ros2_msgs/share/webots_ros2_msgs/msg/BoolStamped.msg
[1.837s] -- Up-to-date symlink: /home/usuario/Robotica/ros2_ws/install/webots_ros2_msgs/share/webots_ros2_msgs/msg/FloatStamped.msg
[1.838s] -- Up-to-date symlink: /home/usuario/Robotica/ros2_ws/install/webots_ros2_msgs/share/webots_ros2_msgs/msg/StringStamped.msg
[1.840s] -- Up-to-date symlink: /home/usuario/Robotica/ros2_ws/install/webots_ros2_msgs/share/webots_ros2_msgs/msg/CameraRecognitionObject.msg
[1.840s] -- Up-to-date symlink: /home/usuario/Robotica/ros2_ws/install/webots_ros2_msgs/share/webots_ros2_msgs/msg/CameraRecognitionObjects.msg
[1.841s] -- Up-to-date symlink: /home/usuario/Robotica/ros2_ws/install/webots_ros2_msgs/share/webots_ros2_msgs/msg/UrdfRobot.msg
[1.842s] -- Up-to-date symlink: /home/usuario/Robotica/ros2_ws/install/webots_ros2_msgs/share/webots_ros2_msgs/msg/PenInkProperties.msg
[1.843s] -- Up-to-date symlink: /home/usuario/Robotica/ros2_ws/install/webots_ros2_msgs/share/webots_ros2_msgs/srv/EmitterSendString.srv
[1.844s] -- Up-to-date symlink: /home/usuario/Robotica/ros2_ws/install/webots_ros2_msgs/share/webots_ros2_msgs/srv/GetBool.srv
[1.845s] -- Up-to-date symlink: /home/usuario/Robotica/ros2_ws/install/webots_ros2_msgs/share/webots_ros2_msgs/srv/SetString.srv
[1.846s] -- Up-to-date symlink: /home/usuario/Robotica/ros2_ws/install/webots_ros2_msgs/share/webots_ros2_msgs/srv/SpawnNodeFromString.srv
[1.847s] -- Up-to-date symlink: /home/usuario/Robotica/ros2_ws/install/webots_ros2_msgs/share/webots_ros2_msgs/srv/SpawnUrdfRobot.srv
[1.848s] -- Up-to-date symlink: /home/usuario/Robotica/ros2_ws/install/webots_ros2_msgs/share/ament_index/resource_index/package_run_dependencies/webots_ros2_msgs
[1.849s] -- Up-to-date symlink: /home/usuario/Robotica/ros2_ws/install/webots_ros2_msgs/share/ament_index/resource_index/parent_prefix_path/webots_ros2_msgs
[1.850s] -- Up-to-date symlink: /home/usuario/Robotica/ros2_ws/install/webots_ros2_msgs/share/webots_ros2_msgs/environment/ament_prefix_path.sh
[1.851s] -- Up-to-date symlink: /home/usuario/Robotica/ros2_ws/install/webots_ros2_msgs/share/webots_ros2_msgs/environment/ament_prefix_path.dsv
[1.851s] -- Up-to-date symlink: /home/usuario/Robotica/ros2_ws/install/webots_ros2_msgs/share/webots_ros2_msgs/environment/path.sh
[1.853s] -- Up-to-date symlink: /home/usuario/Robotica/ros2_ws/install/webots_ros2_msgs/share/webots_ros2_msgs/environment/path.dsv
[1.854s] -- Up-to-date symlink: /home/usuario/Robotica/ros2_ws/install/webots_ros2_msgs/share/webots_ros2_msgs/local_setup.bash
[1.855s] -- Up-to-date symlink: /home/usuario/Robotica/ros2_ws/install/webots_ros2_msgs/share/webots_ros2_msgs/local_setup.sh
[1.855s] -- Up-to-date symlink: /home/usuario/Robotica/ros2_ws/install/webots_ros2_msgs/share/webots_ros2_msgs/local_setup.zsh
[1.856s] -- Up-to-date symlink: /home/usuario/Robotica/ros2_ws/install/webots_ros2_msgs/share/webots_ros2_msgs/local_setup.dsv
[1.856s] -- Symlinking: /home/usuario/Robotica/ros2_ws/install/webots_ros2_msgs/share/webots_ros2_msgs/package.dsv
[1.869s] -- Up-to-date symlink: /home/usuario/Robotica/ros2_ws/install/webots_ros2_msgs/share/ament_index/resource_index/packages/webots_ros2_msgs
[1.871s] -- Up-to-date symlink: /home/usuario/Robotica/ros2_ws/install/webots_ros2_msgs/share/webots_ros2_msgs/cmake/rosidl_cmake-extras.cmake
[1.871s] -- Up-to-date symlink: /home/usuario/Robotica/ros2_ws/install/webots_ros2_msgs/share/webots_ros2_msgs/cmake/ament_cmake_export_dependencies-extras.cmake
[1.872s] -- Up-to-date symlink: /home/usuario/Robotica/ros2_ws/install/webots_ros2_msgs/share/webots_ros2_msgs/cmake/ament_cmake_export_include_directories-extras.cmake
[1.873s] -- Up-to-date symlink: /home/usuario/Robotica/ros2_ws/install/webots_ros2_msgs/share/webots_ros2_msgs/cmake/ament_cmake_export_libraries-extras.cmake
[1.873s] -- Up-to-date symlink: /home/usuario/Robotica/ros2_ws/install/webots_ros2_msgs/share/webots_ros2_msgs/cmake/ament_cmake_export_targets-extras.cmake
[1.874s] -- Up-to-date symlink: /home/usuario/Robotica/ros2_ws/install/webots_ros2_msgs/share/webots_ros2_msgs/cmake/rosidl_cmake_export_typesupport_targets-extras.cmake
[1.875s] -- Up-to-date symlink: /home/usuario/Robotica/ros2_ws/install/webots_ros2_msgs/share/webots_ros2_msgs/cmake/rosidl_cmake_export_typesupport_libraries-extras.cmake
[1.875s] -- Up-to-date symlink: /home/usuario/Robotica/ros2_ws/install/webots_ros2_msgs/share/webots_ros2_msgs/cmake/webots_ros2_msgsConfig.cmake
[1.876s] -- Up-to-date symlink: /home/usuario/Robotica/ros2_ws/install/webots_ros2_msgs/share/webots_ros2_msgs/cmake/webots_ros2_msgsConfig-version.cmake
[1.877s] -- Up-to-date symlink: /home/usuario/Robotica/ros2_ws/install/webots_ros2_msgs/share/webots_ros2_msgs/package.xml
[1.882s] -- Up-to-date: /home/usuario/Robotica/ros2_ws/install/webots_ros2_msgs/lib/libwebots_ros2_msgs__rosidl_generator_c.so
[1.884s] -- Up-to-date: /home/usuario/Robotica/ros2_ws/install/webots_ros2_msgs/lib/libwebots_ros2_msgs__rosidl_typesupport_fastrtps_c.so
[1.887s] -- Up-to-date: /home/usuario/Robotica/ros2_ws/install/webots_ros2_msgs/lib/libwebots_ros2_msgs__rosidl_typesupport_fastrtps_cpp.so
[1.888s] -- Up-to-date: /home/usuario/Robotica/ros2_ws/install/webots_ros2_msgs/lib/libwebots_ros2_msgs__rosidl_typesupport_introspection_c.so
[1.890s] -- Up-to-date: /home/usuario/Robotica/ros2_ws/install/webots_ros2_msgs/lib/libwebots_ros2_msgs__rosidl_typesupport_c.so
[1.893s] -- Up-to-date: /home/usuario/Robotica/ros2_ws/install/webots_ros2_msgs/lib/libwebots_ros2_msgs__rosidl_typesupport_introspection_cpp.so
[1.895s] -- Up-to-date: /home/usuario/Robotica/ros2_ws/install/webots_ros2_msgs/lib/libwebots_ros2_msgs__rosidl_typesupport_cpp.so
[1.964s] Listing '/home/usuario/Robotica/ros2_ws/install/webots_ros2_msgs/lib/python3.12/site-packages/webots_ros2_msgs'...
[1.964s] Listing '/home/usuario/Robotica/ros2_ws/install/webots_ros2_msgs/lib/python3.12/site-packages/webots_ros2_msgs/msg'...
[1.964s] Listing '/home/usuario/Robotica/ros2_ws/install/webots_ros2_msgs/lib/python3.12/site-packages/webots_ros2_msgs/srv'...
[1.973s] -- Up-to-date: /home/usuario/Robotica/ros2_ws/install/webots_ros2_msgs/lib/libwebots_ros2_msgs__rosidl_generator_py.so
[1.975s] -- Up-to-date: /home/usuario/Robotica/ros2_ws/install/webots_ros2_msgs/share/webots_ros2_msgs/cmake/export_webots_ros2_msgs__rosidl_generator_cExport.cmake
[1.975s] -- Up-to-date: /home/usuario/Robotica/ros2_ws/install/webots_ros2_msgs/share/webots_ros2_msgs/cmake/export_webots_ros2_msgs__rosidl_generator_cExport-noconfig.cmake
[1.977s] -- Up-to-date: /home/usuario/Robotica/ros2_ws/install/webots_ros2_msgs/share/webots_ros2_msgs/cmake/export_webots_ros2_msgs__rosidl_typesupport_fastrtps_cExport.cmake
[1.977s] -- Up-to-date: /home/usuario/Robotica/ros2_ws/install/webots_ros2_msgs/share/webots_ros2_msgs/cmake/export_webots_ros2_msgs__rosidl_typesupport_fastrtps_cExport-noconfig.cmake
[1.977s] -- Up-to-date: /home/usuario/Robotica/ros2_ws/install/webots_ros2_msgs/share/webots_ros2_msgs/cmake/export_webots_ros2_msgs__rosidl_generator_cppExport.cmake
[1.979s] -- Up-to-date: /home/usuario/Robotica/ros2_ws/install/webots_ros2_msgs/share/webots_ros2_msgs/cmake/export_webots_ros2_msgs__rosidl_typesupport_fastrtps_cppExport.cmake
[1.980s] -- Up-to-date: /home/usuario/Robotica/ros2_ws/install/webots_ros2_msgs/share/webots_ros2_msgs/cmake/export_webots_ros2_msgs__rosidl_typesupport_fastrtps_cppExport-noconfig.cmake
[1.980s] -- Up-to-date: /home/usuario/Robotica/ros2_ws/install/webots_ros2_msgs/share/webots_ros2_msgs/cmake/webots_ros2_msgs__rosidl_typesupport_introspection_cExport.cmake
[1.980s] -- Up-to-date: /home/usuario/Robotica/ros2_ws/install/webots_ros2_msgs/share/webots_ros2_msgs/cmake/webots_ros2_msgs__rosidl_typesupport_introspection_cExport-noconfig.cmake
[1.988s] -- Up-to-date: /home/usuario/Robotica/ros2_ws/install/webots_ros2_msgs/share/webots_ros2_msgs/cmake/webots_ros2_msgs__rosidl_typesupport_cExport.cmake
[1.988s] -- Up-to-date: /home/usuario/Robotica/ros2_ws/install/webots_ros2_msgs/share/webots_ros2_msgs/cmake/webots_ros2_msgs__rosidl_typesupport_cExport-noconfig.cmake
[1.989s] -- Up-to-date: /home/usuario/Robotica/ros2_ws/install/webots_ros2_msgs/share/webots_ros2_msgs/cmake/webots_ros2_msgs__rosidl_typesupport_introspection_cppExport.cmake
[1.989s] -- Up-to-date: /home/usuario/Robotica/ros2_ws/install/webots_ros2_msgs/share/webots_ros2_msgs/cmake/webots_ros2_msgs__rosidl_typesupport_introspection_cppExport-noconfig.cmake
[1.990s] -- Up-to-date: /home/usuario/Robotica/ros2_ws/install/webots_ros2_msgs/share/webots_ros2_msgs/cmake/webots_ros2_msgs__rosidl_typesupport_cppExport.cmake
[1.990s] -- Up-to-date: /home/usuario/Robotica/ros2_ws/install/webots_ros2_msgs/share/webots_ros2_msgs/cmake/webots_ros2_msgs__rosidl_typesupport_cppExport-noconfig.cmake
[1.991s] -- Up-to-date: /home/usuario/Robotica/ros2_ws/install/webots_ros2_msgs/share/webots_ros2_msgs/cmake/export_webots_ros2_msgs__rosidl_generator_pyExport.cmake
[1.992s] -- Up-to-date: /home/usuario/Robotica/ros2_ws/install/webots_ros2_msgs/share/webots_ros2_msgs/cmake/export_webots_ros2_msgs__rosidl_generator_pyExport-noconfig.cmake
[1.997s] Invoked command in '/home/usuario/Robotica/ros2_ws/build/webots_ros2_msgs' returned '0': CMAKE_PREFIX_PATH=${CMAKE_PREFIX_PATH}:/opt/ros/jazzy DEBUGINFOD_URLS=https://debuginfod.ubuntu.com /usr/bin/cmake --install /home/usuario/Robotica/ros2_ws/build/webots_ros2_msgs
